stack@devstack:/opt/devstack$ /opt/stack/heat/bin/heat-api --config-file=/etc/he at/heat.conf & echo $! >/opt/stack/status/stack/h-api.pid; fg || echo "h-api fai led to start" | tee "/opt/stack/status/stack/h-api.failure"
[1] 15012
/opt/stack/heat/bin/heat-api --config-file=/etc/heat/heat.conf
No handlers could be found for logger "heat.common.config"
2014-10-20 14:29:14.618 15012 DEBUG routes.middleware [-] Initialized with method overriding = True, and path info altering = True __init__ /usr/local/lib/python2.7/dist-packages/routes/middleware.py:41
2014-10-20 14:29:14.618 15012 INFO keystoneclient.middleware.auth_token [-] Starting keystone auth_token middleware
2014-10-20 14:29:14.618 15012 WARNING keystoneclient.middleware.auth_token [-] This middleware module is deprecated as of v0.10.0 in favor of keystonemiddleware.auth_token - please update your WSGI pipeline to reference the new middleware package.
2014-10-20 14:29:14.619 15012 WARNING keystoneclient.middleware.auth_token [-] Configuring admin URI using auth fragments. This is deprecated, use 'identity_uri' instead.
2014-10-20 14:29:14.619 15012 INFO keystoneclient.middleware.auth_token [-] Using /var/cache/heat as cache directory for signing certificate
2014-10-20 14:29:14.619 15012 WARNING keystoneclient.middleware.auth_token [-] signing_dir mode is 0755 instead of 0700
2014-10-20 14:29:14.620 15012 DEBUG heat-api [-] ******************************************************************************** log_opt_values /usr/local/lib/python2.7/dist-packages/oslo/config/cfg.py:2027
2014-10-20 14:29:14.620 15012 DEBUG heat-api [-] Configuration options gathered from: log_opt_values /usr/local/lib/python2.7/dist-packages/oslo/config/cfg.py:2028
2014-10-20 14:29:14.620 15012 DEBUG heat-api [-] command line args: ['--config-file=/etc/heat/heat.conf'] log_opt_values /usr/local/lib/python2.7/dist-packages/oslo/config/cfg.py:2029
2014-10-20 14:29:14.620 15012 DEBUG heat-api [-] config files: ['/etc/heat/heat.conf'] log_opt_values /usr/local/lib/python2.7/dist-packages/oslo/config/cfg.py:2030
2014-10-20 14:29:14.620 15012 DEBUG heat-api [-] ================================================================================ log_opt_values /usr/local/lib/python2.7/dist-packages/oslo/config/cfg.py:2031
2014-10-20 14:29:14.621 15012 DEBUG heat-api [-] allowed_rpc_exception_modules  = ['nova.exception', 'cinder.exception', 'exceptions', 'heat.common.exception'] log_opt_values /usr/local/lib/python2.7/dist-packages/oslo/config/cfg.py:2040
2014-10-20 14:29:14.621 15012 DEBUG heat-api [-] auth_encryption_key            = e78b74cf0540a76e52b34aa8aafb9cb8 log_opt_values /usr/local/lib/python2.7/dist-packages/oslo/config/cfg.py:2040
2014-10-20 14:29:14.621 15012 DEBUG heat-api [-] config_dir                     = None log_opt_values /usr/local/lib/python2.7/dist-packages/oslo/config/cfg.py:2040
2014-10-20 14:29:14.621 15012 DEBUG heat-api [-] config_file                    = ['/etc/heat/heat.conf'] log_opt_values /usr/local/lib/python2.7/dist-packages/oslo/config/cfg.py:2040
2014-10-20 14:29:14.621 15012 DEBUG heat-api [-] control_exchange               = heat log_opt_values /usr/local/lib/python2.7/dist-packages/oslo/config/cfg.py:2040
2014-10-20 14:29:14.621 15012 DEBUG heat-api [-] db_backend                     = sqlalchemy log_opt_values /usr/local/lib/python2.7/dist-packages/oslo/config/cfg.py:2040
2014-10-20 14:29:14.621 15012 DEBUG heat-api [-] debug                          = True log_opt_values /usr/local/lib/python2.7/dist-packages/oslo/config/cfg.py:2040
2014-10-20 14:29:14.622 15012 DEBUG heat-api [-] default_log_levels             = ['amqplib=WARN', 'qpid.messaging=INFO', 'keystone=INFO', 'eventlet.wsgi.server=WARN'] log_opt_values /usr/local/lib/python2.7/dist-packages/oslo/config/cfg.py:2040
2014-10-20 14:29:14.622 15012 DEBUG heat-api [-] deferred_auth_method           = trusts log_opt_values /usr/local/lib/python2.7/dist-packages/oslo/config/cfg.py:2040
2014-10-20 14:29:14.622 15012 DEBUG heat-api [-] engine_life_check_timeout      = 2 log_opt_values /usr/local/lib/python2.7/dist-packages/oslo/config/cfg.py:2040
2014-10-20 14:29:14.622 15012 DEBUG heat-api [-] environment_dir                = /etc/heat/environment.d log_opt_values /usr/local/lib/python2.7/dist-packages/oslo/config/cfg.py:2040
2014-10-20 14:29:14.622 15012 DEBUG heat-api [-] event_purge_batch_size         = 10 log_opt_values /usr/local/lib/python2.7/dist-packages/oslo/config/cfg.py:2040
2014-10-20 14:29:14.623 15012 DEBUG heat-api [-] fake_rabbit                    = False log_opt_values /usr/local/lib/python2.7/dist-packages/oslo/config/cfg.py:2040
2014-10-20 14:29:14.623 15012 DEBUG heat-api [-] fatal_deprecations             = False log_opt_values /usr/local/lib/python2.7/dist-packages/oslo/config/cfg.py:2040
2014-10-20 14:29:14.623 15012 DEBUG heat-api [-] heat_metadata_server_url       = http://10.0.2.32:8000 log_opt_values /usr/local/lib/python2.7/dist-packages/oslo/config/cfg.py:2040
2014-10-20 14:29:14.623 15012 DEBUG heat-api [-] heat_stack_user_role           = heat_stack_user log_opt_values /usr/local/lib/python2.7/dist-packages/oslo/config/cfg.py:2040
2014-10-20 14:29:14.623 15012 DEBUG heat-api [-] heat_waitcondition_server_url  = http://10.0.2.32:8000/v1/waitcondition log_opt_values /usr/local/lib/python2.7/dist-packages/oslo/config/cfg.py:2040
2014-10-20 14:29:14.623 15012 DEBUG heat-api [-] heat_watch_server_url          = http://10.0.2.32:8003 log_opt_values /usr/local/lib/python2.7/dist-packages/oslo/config/cfg.py:2040
2014-10-20 14:29:14.624 15012 DEBUG heat-api [-] host                           = devstack log_opt_values /usr/local/lib/python2.7/dist-packages/oslo/config/cfg.py:2040
2014-10-20 14:29:14.624 15012 DEBUG heat-api [-] instance_connection_https_validate_certificates = 1 log_opt_values /usr/local/lib/python2.7/dist-packages/oslo/config/cfg.py:2040
2014-10-20 14:29:14.624 15012 DEBUG heat-api [-] instance_connection_is_secure  = 0 log_opt_values /usr/local/lib/python2.7/dist-packages/oslo/config/cfg.py:2040
2014-10-20 14:29:14.624 15012 DEBUG heat-api [-] instance_driver                = heat.engine.nova log_opt_values /usr/local/lib/python2.7/dist-packages/oslo/config/cfg.py:2040
2014-10-20 14:29:14.624 15012 DEBUG heat-api [-] instance_format                = [instance: %(uuid)s]  log_opt_values /usr/local/lib/python2.7/dist-packages/oslo/config/cfg.py:2040
2014-10-20 14:29:14.625 15012 DEBUG heat-api [-] instance_user                  = ec2-user log_opt_values /usr/local/lib/python2.7/dist-packages/oslo/config/cfg.py:2040
2014-10-20 14:29:14.625 15012 DEBUG heat-api [-] instance_uuid_format           = [instance: %(uuid)s]  log_opt_values /usr/local/lib/python2.7/dist-packages/oslo/config/cfg.py:2040
2014-10-20 14:29:14.625 15012 DEBUG heat-api [-] log_config_append              = None log_opt_values /usr/local/lib/python2.7/dist-packages/oslo/config/cfg.py:2040
2014-10-20 14:29:14.625 15012 DEBUG heat-api [-] log_date_format                = %Y-%m-%d %H:%M:%S log_opt_values /usr/local/lib/python2.7/dist-packages/oslo/config/cfg.py:2040
2014-10-20 14:29:14.625 15012 DEBUG heat-api [-] log_dir                        = None log_opt_values /usr/local/lib/python2.7/dist-packages/oslo/config/cfg.py:2040
2014-10-20 14:29:14.626 15012 DEBUG heat-api [-] log_file                       = None log_opt_values /usr/local/lib/python2.7/dist-packages/oslo/config/cfg.py:2040
2014-10-20 14:29:14.626 15012 DEBUG heat-api [-] log_format                     = None log_opt_values /usr/local/lib/python2.7/dist-packages/oslo/config/cfg.py:2040
2014-10-20 14:29:14.626 15012 DEBUG heat-api [-] logging_context_format_string  = %(asctime)s.%(msecs)03d %(process)d %(levelname)s %(name)s [%(request_id)s %(user_identity)s] %(instance)s%(message)s log_opt_values /usr/local/lib/python2.7/dist-packages/oslo/config/cfg.py:2040
2014-10-20 14:29:14.626 15012 DEBUG heat-api [-] logging_debug_format_suffix    = %(funcName)s %(pathname)s:%(lineno)d log_opt_values /usr/local/lib/python2.7/dist-packages/oslo/config/cfg.py:2040
2014-10-20 14:29:14.626 15012 DEBUG heat-api [-] logging_default_format_string  = %(asctime)s.%(msecs)03d %(process)d %(levelname)s %(name)s [-] %(instance)s%(message)s log_opt_values /usr/local/lib/python2.7/dist-packages/oslo/config/cfg.py:2040
2014-10-20 14:29:14.627 15012 DEBUG heat-api [-] logging_exception_prefix       = %(asctime)s.%(msecs)03d %(process)d TRACE %(name)s %(instance)s log_opt_values /usr/local/lib/python2.7/dist-packages/oslo/config/cfg.py:2040
2014-10-20 14:29:14.627 15012 DEBUG heat-api [-] max_events_per_stack           = 1000 log_opt_values /usr/local/lib/python2.7/dist-packages/oslo/config/cfg.py:2040
2014-10-20 14:29:14.627 15012 DEBUG heat-api [-] max_json_body_size             = 1048576 log_opt_values /usr/local/lib/python2.7/dist-packages/oslo/config/cfg.py:2040
2014-10-20 14:29:14.627 15012 DEBUG heat-api [-] max_nested_stack_depth         = 3 log_opt_values /usr/local/lib/python2.7/dist-packages/oslo/config/cfg.py:2040
2014-10-20 14:29:14.627 15012 DEBUG heat-api [-] max_resources_per_stack        = 1000 log_opt_values /usr/local/lib/python2.7/dist-packages/oslo/config/cfg.py:2040
2014-10-20 14:29:14.627 15012 DEBUG heat-api [-] max_stacks_per_tenant          = 100 log_opt_values /usr/local/lib/python2.7/dist-packages/oslo/config/cfg.py:2040
2014-10-20 14:29:14.628 15012 DEBUG heat-api [-] max_template_size              = 524288 log_opt_values /usr/local/lib/python2.7/dist-packages/oslo/config/cfg.py:2040
2014-10-20 14:29:14.628 15012 DEBUG heat-api [-] memcached_servers              = None log_opt_values /usr/local/lib/python2.7/dist-packages/oslo/config/cfg.py:2040
2014-10-20 14:29:14.628 15012 DEBUG heat-api [-] onready                        = None log_opt_values /usr/local/lib/python2.7/dist-packages/oslo/config/cfg.py:2040
2014-10-20 14:29:14.628 15012 DEBUG heat-api [-] periodic_interval              = 60 log_opt_values /usr/local/lib/python2.7/dist-packages/oslo/config/cfg.py:2040
2014-10-20 14:29:14.628 15012 DEBUG heat-api [-] plugin_dirs                    = ['/usr/lib64/heat', '/usr/lib/heat'] log_opt_values /usr/local/lib/python2.7/dist-packages/oslo/config/cfg.py:2040
2014-10-20 14:29:14.629 15012 DEBUG heat-api [-] policy_default_rule            = default log_opt_values /usr/local/lib/python2.7/dist-packages/oslo/config/cfg.py:2040
2014-10-20 14:29:14.629 15012 DEBUG heat-api [-] policy_file                    = policy.json log_opt_values /usr/local/lib/python2.7/dist-packages/oslo/config/cfg.py:2040
2014-10-20 14:29:14.629 15012 DEBUG heat-api [-] publish_errors                 = False log_opt_values /usr/local/lib/python2.7/dist-packages/oslo/config/cfg.py:2040
2014-10-20 14:29:14.629 15012 DEBUG heat-api [-] region_name_for_services       = None log_opt_values /usr/local/lib/python2.7/dist-packages/oslo/config/cfg.py:2040
2014-10-20 14:29:14.629 15012 DEBUG heat-api [-] rpc_backend                    = heat.openstack.common.rpc.impl_kombu log_opt_values /usr/local/lib/python2.7/dist-packages/oslo/config/cfg.py:2040
2014-10-20 14:29:14.629 15012 DEBUG heat-api [-] rpc_cast_timeout               = 30 log_opt_values /usr/local/lib/python2.7/dist-packages/oslo/config/cfg.py:2040
2014-10-20 14:29:14.630 15012 DEBUG heat-api [-] rpc_conn_pool_size             = 30 log_opt_values /usr/local/lib/python2.7/dist-packages/oslo/config/cfg.py:2040
2014-10-20 14:29:14.630 15012 DEBUG heat-api [-] rpc_response_timeout           = 60 log_opt_values /usr/local/lib/python2.7/dist-packages/oslo/config/cfg.py:2040
2014-10-20 14:29:14.630 15012 DEBUG heat-api [-] rpc_thread_pool_size           = 64 log_opt_values /usr/local/lib/python2.7/dist-packages/oslo/config/cfg.py:2040
2014-10-20 14:29:14.631 15012 DEBUG heat-api [-] secure_proxy_ssl_header        = X-Forwarded-Proto log_opt_values /usr/local/lib/python2.7/dist-packages/oslo/config/cfg.py:2040
2014-10-20 14:29:14.631 15012 DEBUG heat-api [-] sqlite_db                      = heat.sqlite log_opt_values /usr/local/lib/python2.7/dist-packages/oslo/config/cfg.py:2040
2014-10-20 14:29:14.631 15012 DEBUG heat-api [-] sqlite_synchronous             = True log_opt_values /usr/local/lib/python2.7/dist-packages/oslo/config/cfg.py:2040
2014-10-20 14:29:14.631 15012 DEBUG heat-api [-] stack_action_timeout           = 3600 log_opt_values /usr/local/lib/python2.7/dist-packages/oslo/config/cfg.py:2040
2014-10-20 14:29:14.631 15012 DEBUG heat-api [-] stack_domain_admin             = heat_domain_admin log_opt_values /usr/local/lib/python2.7/dist-packages/oslo/config/cfg.py:2040
2014-10-20 14:29:14.632 15012 DEBUG heat-api [-] stack_domain_admin_password    = devstack log_opt_values /usr/local/lib/python2.7/dist-packages/oslo/config/cfg.py:2040
2014-10-20 14:29:14.632 15012 DEBUG heat-api [-] stack_user_domain              = 0852822bbae241468575e930cdc259f7 log_opt_values /usr/local/lib/python2.7/dist-packages/oslo/config/cfg.py:2040
2014-10-20 14:29:14.632 15012 DEBUG heat-api [-] syslog_log_facility            = LOG_USER log_opt_values /usr/local/lib/python2.7/dist-packages/oslo/config/cfg.py:2040
2014-10-20 14:29:14.632 15012 DEBUG heat-api [-] trusts_delegated_roles         = ['heat_stack_owner'] log_opt_values /usr/local/lib/python2.7/dist-packages/oslo/config/cfg.py:2040
2014-10-20 14:29:14.632 15012 DEBUG heat-api [-] use_stderr                     = True log_opt_values /usr/local/lib/python2.7/dist-packages/oslo/config/cfg.py:2040
2014-10-20 14:29:14.633 15012 DEBUG heat-api [-] use_syslog                     = False log_opt_values /usr/local/lib/python2.7/dist-packages/oslo/config/cfg.py:2040
2014-10-20 14:29:14.633 15012 DEBUG heat-api [-] verbose                        = False log_opt_values /usr/local/lib/python2.7/dist-packages/oslo/config/cfg.py:2040
2014-10-20 14:29:14.633 15012 DEBUG heat-api [-] clients_swift.ca_file          = None log_opt_values /usr/local/lib/python2.7/dist-packages/oslo/config/cfg.py:2048
2014-10-20 14:29:14.633 15012 DEBUG heat-api [-] clients_swift.cert_file        = None log_opt_values /usr/local/lib/python2.7/dist-packages/oslo/config/cfg.py:2048
2014-10-20 14:29:14.633 15012 DEBUG heat-api [-] clients_swift.endpoint_type    = publicURL log_opt_values /usr/local/lib/python2.7/dist-packages/oslo/config/cfg.py:2048
2014-10-20 14:29:14.633 15012 DEBUG heat-api [-] clients_swift.insecure         = False log_opt_values /usr/local/lib/python2.7/dist-packages/oslo/config/cfg.py:2048
2014-10-20 14:29:14.634 15012 DEBUG heat-api [-] clients_swift.key_file         = None log_opt_values /usr/local/lib/python2.7/dist-packages/oslo/config/cfg.py:2048
2014-10-20 14:29:14.634 15012 DEBUG heat-api [-] clients_neutron.ca_file        = None log_opt_values /usr/local/lib/python2.7/dist-packages/oslo/config/cfg.py:2048
2014-10-20 14:29:14.634 15012 DEBUG heat-api [-] clients_neutron.cert_file      = None log_opt_values /usr/local/lib/python2.7/dist-packages/oslo/config/cfg.py:2048
2014-10-20 14:29:14.634 15012 DEBUG heat-api [-] clients_neutron.endpoint_type  = publicURL log_opt_values /usr/local/lib/python2.7/dist-packages/oslo/config/cfg.py:2048
2014-10-20 14:29:14.634 15012 DEBUG heat-api [-] clients_neutron.insecure       = False log_opt_values /usr/local/lib/python2.7/dist-packages/oslo/config/cfg.py:2048
2014-10-20 14:29:14.635 15012 DEBUG heat-api [-] clients_neutron.key_file       = None log_opt_values /usr/local/lib/python2.7/dist-packages/oslo/config/cfg.py:2048
2014-10-20 14:29:14.635 15012 DEBUG heat-api [-] database.backend               = sqlalchemy log_opt_values /usr/local/lib/python2.7/dist-packages/oslo/config/cfg.py:2048
2014-10-20 14:29:14.635 15012 DEBUG heat-api [-] database.connection            = **** log_opt_values /usr/local/lib/python2.7/dist-packages/oslo/config/cfg.py:2048
2014-10-20 14:29:14.635 15012 DEBUG heat-api [-] database.connection_debug      = 0 log_opt_values /usr/local/lib/python2.7/dist-packages/oslo/config/cfg.py:2048
2014-10-20 14:29:14.635 15012 DEBUG heat-api [-] database.connection_trace      = False log_opt_values /usr/local/lib/python2.7/dist-packages/oslo/config/cfg.py:2048
2014-10-20 14:29:14.636 15012 DEBUG heat-api [-] database.idle_timeout          = 3600 log_opt_values /usr/local/lib/python2.7/dist-packages/oslo/config/cfg.py:2048
2014-10-20 14:29:14.636 15012 DEBUG heat-api [-] database.max_overflow          = None log_opt_values /usr/local/lib/python2.7/dist-packages/oslo/config/cfg.py:2048
2014-10-20 14:29:14.636 15012 DEBUG heat-api [-] database.max_pool_size         = None log_opt_values /usr/local/lib/python2.7/dist-packages/oslo/config/cfg.py:2048
2014-10-20 14:29:14.636 15012 DEBUG heat-api [-] database.max_retries           = 10 log_opt_values /usr/local/lib/python2.7/dist-packages/oslo/config/cfg.py:2048
2014-10-20 14:29:14.636 15012 DEBUG heat-api [-] database.min_pool_size         = 1 log_opt_values /usr/local/lib/python2.7/dist-packages/oslo/config/cfg.py:2048
2014-10-20 14:29:14.636 15012 DEBUG heat-api [-] database.pool_timeout          = None log_opt_values /usr/local/lib/python2.7/dist-packages/oslo/config/cfg.py:2048
2014-10-20 14:29:14.637 15012 DEBUG heat-api [-] database.retry_interval        = 10 log_opt_values /usr/local/lib/python2.7/dist-packages/oslo/config/cfg.py:2048
2014-10-20 14:29:14.637 15012 DEBUG heat-api [-] database.slave_connection      = **** log_opt_values /usr/local/lib/python2.7/dist-packages/oslo/config/cfg.py:2048
2014-10-20 14:29:14.637 15012 DEBUG heat-api [-] paste_deploy.api_paste_config  = api-paste.ini log_opt_values /usr/local/lib/python2.7/dist-packages/oslo/config/cfg.py:2048
2014-10-20 14:29:14.637 15012 DEBUG heat-api [-] paste_deploy.flavor            = None log_opt_values /usr/local/lib/python2.7/dist-packages/oslo/config/cfg.py:2048
2014-10-20 14:29:14.637 15012 DEBUG heat-api [-] clients_cinder.ca_file         = None log_opt_values /usr/local/lib/python2.7/dist-packages/oslo/config/cfg.py:2048
2014-10-20 14:29:14.638 15012 DEBUG heat-api [-] clients_cinder.cert_file       = None log_opt_values /usr/local/lib/python2.7/dist-packages/oslo/config/cfg.py:2048
2014-10-20 14:29:14.638 15012 DEBUG heat-api [-] clients_cinder.endpoint_type   = publicURL log_opt_values /usr/local/lib/python2.7/dist-packages/oslo/config/cfg.py:2048
2014-10-20 14:29:14.638 15012 DEBUG heat-api [-] clients_cinder.insecure        = False log_opt_values /usr/local/lib/python2.7/dist-packages/oslo/config/cfg.py:2048
2014-10-20 14:29:14.638 15012 DEBUG heat-api [-] clients_cinder.key_file        = None log_opt_values /usr/local/lib/python2.7/dist-packages/oslo/config/cfg.py:2048
2014-10-20 14:29:14.639 15012 DEBUG heat-api [-] clients.ca_file                = None log_opt_values /usr/local/lib/python2.7/dist-packages/oslo/config/cfg.py:2048
2014-10-20 14:29:14.639 15012 DEBUG heat-api [-] clients.cert_file              = None log_opt_values /usr/local/lib/python2.7/dist-packages/oslo/config/cfg.py:2048
2014-10-20 14:29:14.639 15012 DEBUG heat-api [-] clients.endpoint_type          = publicURL log_opt_values /usr/local/lib/python2.7/dist-packages/oslo/config/cfg.py:2048
2014-10-20 14:29:14.639 15012 DEBUG heat-api [-] clients.insecure               = False log_opt_values /usr/local/lib/python2.7/dist-packages/oslo/config/cfg.py:2048
2014-10-20 14:29:14.639 15012 DEBUG heat-api [-] clients.key_file               = None log_opt_values /usr/local/lib/python2.7/dist-packages/oslo/config/cfg.py:2048
2014-10-20 14:29:14.639 15012 DEBUG heat-api [-] clients_nova.ca_file           = None log_opt_values /usr/local/lib/python2.7/dist-packages/oslo/config/cfg.py:2048
2014-10-20 14:29:14.640 15012 DEBUG heat-api [-] clients_nova.cert_file         = None log_opt_values /usr/local/lib/python2.7/dist-packages/oslo/config/cfg.py:2048
2014-10-20 14:29:14.640 15012 DEBUG heat-api [-] clients_nova.endpoint_type     = publicURL log_opt_values /usr/local/lib/python2.7/dist-packages/oslo/config/cfg.py:2048
2014-10-20 14:29:14.640 15012 DEBUG heat-api [-] clients_nova.insecure          = False log_opt_values /usr/local/lib/python2.7/dist-packages/oslo/config/cfg.py:2048
2014-10-20 14:29:14.640 15012 DEBUG heat-api [-] clients_nova.key_file          = None log_opt_values /usr/local/lib/python2.7/dist-packages/oslo/config/cfg.py:2048
2014-10-20 14:29:14.640 15012 DEBUG heat-api [-] clients_ceilometer.ca_file     = None log_opt_values /usr/local/lib/python2.7/dist-packages/oslo/config/cfg.py:2048
2014-10-20 14:29:14.641 15012 DEBUG heat-api [-] clients_ceilometer.cert_file   = None log_opt_values /usr/local/lib/python2.7/dist-packages/oslo/config/cfg.py:2048
2014-10-20 14:29:14.641 15012 DEBUG heat-api [-] clients_ceilometer.endpoint_type = publicURL log_opt_values /usr/local/lib/python2.7/dist-packages/oslo/config/cfg.py:2048
2014-10-20 14:29:14.641 15012 DEBUG heat-api [-] clients_ceilometer.insecure    = False log_opt_values /usr/local/lib/python2.7/dist-packages/oslo/config/cfg.py:2048
2014-10-20 14:29:14.641 15012 DEBUG heat-api [-] clients_ceilometer.key_file    = None log_opt_values /usr/local/lib/python2.7/dist-packages/oslo/config/cfg.py:2048
2014-10-20 14:29:14.641 15012 DEBUG heat-api [-] clients_trove.ca_file          = None log_opt_values /usr/local/lib/python2.7/dist-packages/oslo/config/cfg.py:2048
2014-10-20 14:29:14.641 15012 DEBUG heat-api [-] clients_trove.cert_file        = None log_opt_values /usr/local/lib/python2.7/dist-packages/oslo/config/cfg.py:2048
2014-10-20 14:29:14.642 15012 DEBUG heat-api [-] clients_trove.endpoint_type    = publicURL log_opt_values /usr/local/lib/python2.7/dist-packages/oslo/config/cfg.py:2048
2014-10-20 14:29:14.642 15012 DEBUG heat-api [-] clients_trove.insecure         = False log_opt_values /usr/local/lib/python2.7/dist-packages/oslo/config/cfg.py:2048
2014-10-20 14:29:14.642 15012 DEBUG heat-api [-] clients_trove.key_file         = None log_opt_values /usr/local/lib/python2.7/dist-packages/oslo/config/cfg.py:2048
2014-10-20 14:29:14.642 15012 DEBUG heat-api [-] clients_heat.ca_file           = None log_opt_values /usr/local/lib/python2.7/dist-packages/oslo/config/cfg.py:2048
2014-10-20 14:29:14.643 15012 DEBUG heat-api [-] clients_heat.cert_file         = None log_opt_values /usr/local/lib/python2.7/dist-packages/oslo/config/cfg.py:2048
2014-10-20 14:29:14.643 15012 DEBUG heat-api [-] clients_heat.endpoint_type     = publicURL log_opt_values /usr/local/lib/python2.7/dist-packages/oslo/config/cfg.py:2048
2014-10-20 14:29:14.643 15012 DEBUG heat-api [-] clients_heat.insecure          = False log_opt_values /usr/local/lib/python2.7/dist-packages/oslo/config/cfg.py:2048
2014-10-20 14:29:14.643 15012 DEBUG heat-api [-] clients_heat.key_file          = None log_opt_values /usr/local/lib/python2.7/dist-packages/oslo/config/cfg.py:2048
2014-10-20 14:29:14.643 15012 DEBUG heat-api [-] clients_heat.url               = None log_opt_values /usr/local/lib/python2.7/dist-packages/oslo/config/cfg.py:2048
2014-10-20 14:29:14.644 15012 DEBUG heat-api [-] heat_api_cloudwatch.backlog    = 4096 log_opt_values /usr/local/lib/python2.7/dist-packages/oslo/config/cfg.py:2048
2014-10-20 14:29:14.644 15012 DEBUG heat-api [-] heat_api_cloudwatch.bind_host  = 0.0.0.0 log_opt_values /usr/local/lib/python2.7/dist-packages/oslo/config/cfg.py:2048
2014-10-20 14:29:14.644 15012 DEBUG heat-api [-] heat_api_cloudwatch.bind_port  = 8003 log_opt_values /usr/local/lib/python2.7/dist-packages/oslo/config/cfg.py:2048
2014-10-20 14:29:14.644 15012 DEBUG heat-api [-] heat_api_cloudwatch.cert_file  = None log_opt_values /usr/local/lib/python2.7/dist-packages/oslo/config/cfg.py:2048
2014-10-20 14:29:14.644 15012 DEBUG heat-api [-] heat_api_cloudwatch.key_file   = None log_opt_values /usr/local/lib/python2.7/dist-packages/oslo/config/cfg.py:2048
2014-10-20 14:29:14.644 15012 DEBUG heat-api [-] heat_api_cloudwatch.max_header_line = 16384 log_opt_values /usr/local/lib/python2.7/dist-packages/oslo/config/cfg.py:2048
2014-10-20 14:29:14.645 15012 DEBUG heat-api [-] heat_api_cloudwatch.workers    = 0 log_opt_values /usr/local/lib/python2.7/dist-packages/oslo/config/cfg.py:2048
2014-10-20 14:29:14.645 15012 DEBUG heat-api [-] heat_api.backlog               = 4096 log_opt_values /usr/local/lib/python2.7/dist-packages/oslo/config/cfg.py:2048
2014-10-20 14:29:14.645 15012 DEBUG heat-api [-] heat_api.bind_host             = 0.0.0.0 log_opt_values /usr/local/lib/python2.7/dist-packages/oslo/config/cfg.py:2048
2014-10-20 14:29:14.645 15012 DEBUG heat-api [-] heat_api.bind_port             = 8004 log_opt_values /usr/local/lib/python2.7/dist-packages/oslo/config/cfg.py:2048
2014-10-20 14:29:14.645 15012 DEBUG heat-api [-] heat_api.cert_file             = None log_opt_values /usr/local/lib/python2.7/dist-packages/oslo/config/cfg.py:2048
2014-10-20 14:29:14.645 15012 DEBUG heat-api [-] heat_api.key_file              = None log_opt_values /usr/local/lib/python2.7/dist-packages/oslo/config/cfg.py:2048
2014-10-20 14:29:14.646 15012 DEBUG heat-api [-] heat_api.max_header_line       = 16384 log_opt_values /usr/local/lib/python2.7/dist-packages/oslo/config/cfg.py:2048
2014-10-20 14:29:14.646 15012 DEBUG heat-api [-] heat_api.workers               = 0 log_opt_values /usr/local/lib/python2.7/dist-packages/oslo/config/cfg.py:2048
2014-10-20 14:29:14.646 15012 DEBUG heat-api [-] heat_api_cfn.backlog           = 4096 log_opt_values /usr/local/lib/python2.7/dist-packages/oslo/config/cfg.py:2048
2014-10-20 14:29:14.646 15012 DEBUG heat-api [-] heat_api_cfn.bind_host         = 0.0.0.0 log_opt_values /usr/local/lib/python2.7/dist-packages/oslo/config/cfg.py:2048
2014-10-20 14:29:14.646 15012 DEBUG heat-api [-] heat_api_cfn.bind_port         = 8000 log_opt_values /usr/local/lib/python2.7/dist-packages/oslo/config/cfg.py:2048
2014-10-20 14:29:14.646 15012 DEBUG heat-api [-] heat_api_cfn.cert_file         = None log_opt_values /usr/local/lib/python2.7/dist-packages/oslo/config/cfg.py:2048
2014-10-20 14:29:14.647 15012 DEBUG heat-api [-] heat_api_cfn.key_file          = None log_opt_values /usr/local/lib/python2.7/dist-packages/oslo/config/cfg.py:2048
2014-10-20 14:29:14.647 15012 DEBUG heat-api [-] heat_api_cfn.max_header_line   = 16384 log_opt_values /usr/local/lib/python2.7/dist-packages/oslo/config/cfg.py:2048
2014-10-20 14:29:14.647 15012 DEBUG heat-api [-] heat_api_cfn.workers           = 0 log_opt_values /usr/local/lib/python2.7/dist-packages/oslo/config/cfg.py:2048
2014-10-20 14:29:14.647 15012 DEBUG heat-api [-] keystone_authtoken.admin_password = **** log_opt_values /usr/local/lib/python2.7/dist-packages/oslo/config/cfg.py:2048
2014-10-20 14:29:14.647 15012 DEBUG heat-api [-] keystone_authtoken.admin_tenant_name = service log_opt_values /usr/local/lib/python2.7/dist-packages/oslo/config/cfg.py:2048
2014-10-20 14:29:14.647 15012 DEBUG heat-api [-] keystone_authtoken.admin_token = **** log_opt_values /usr/local/lib/python2.7/dist-packages/oslo/config/cfg.py:2048
2014-10-20 14:29:14.647 15012 DEBUG heat-api [-] keystone_authtoken.admin_user  = heat log_opt_values /usr/local/lib/python2.7/dist-packages/oslo/config/cfg.py:2048
2014-10-20 14:29:14.647 15012 DEBUG heat-api [-] keystone_authtoken.auth_admin_prefix =  log_opt_values /usr/local/lib/python2.7/dist-packages/oslo/config/cfg.py:2048
2014-10-20 14:29:14.648 15012 DEBUG heat-api [-] keystone_authtoken.auth_host   = 10.0.2.32 log_opt_values /usr/local/lib/python2.7/dist-packages/oslo/config/cfg.py:2048
2014-10-20 14:29:14.648 15012 DEBUG heat-api [-] keystone_authtoken.auth_port   = 35357 log_opt_values /usr/local/lib/python2.7/dist-packages/oslo/config/cfg.py:2048
2014-10-20 14:29:14.648 15012 DEBUG heat-api [-] keystone_authtoken.auth_protocol = http log_opt_values /usr/local/lib/python2.7/dist-packages/oslo/config/cfg.py:2048
2014-10-20 14:29:14.648 15012 DEBUG heat-api [-] keystone_authtoken.auth_uri    = http://10.0.2.32:5000/v2.0 log_opt_values /usr/local/lib/python2.7/dist-packages/oslo/config/cfg.py:2048
2014-10-20 14:29:14.648 15012 DEBUG heat-api [-] keystone_authtoken.auth_version = None log_opt_values /usr/local/lib/python2.7/dist-packages/oslo/config/cfg.py:2048
2014-10-20 14:29:14.648 15012 DEBUG heat-api [-] keystone_authtoken.cache       = None log_opt_values /usr/local/lib/python2.7/dist-packages/oslo/config/cfg.py:2048
2014-10-20 14:29:14.648 15012 DEBUG heat-api [-] keystone_authtoken.cafile      =  log_opt_values /usr/local/lib/python2.7/dist-packages/oslo/config/cfg.py:2048
2014-10-20 14:29:14.648 15012 DEBUG heat-api [-] keystone_authtoken.certfile    = None log_opt_values /usr/local/lib/python2.7/dist-packages/oslo/config/cfg.py:2048
2014-10-20 14:29:14.648 15012 DEBUG heat-api [-] keystone_authtoken.check_revocations_for_cached = False log_opt_values /usr/local/lib/python2.7/dist-packages/oslo/config/cfg.py:2048
2014-10-20 14:29:14.649 15012 DEBUG heat-api [-] keystone_authtoken.delay_auth_decision = False log_opt_values /usr/local/lib/python2.7/dist-packages/oslo/config/cfg.py:2048
2014-10-20 14:29:14.649 15012 DEBUG heat-api [-] keystone_authtoken.enforce_token_bind = permissive log_opt_values /usr/local/lib/python2.7/dist-packages/oslo/config/cfg.py:2048
2014-10-20 14:29:14.649 15012 DEBUG heat-api [-] keystone_authtoken.hash_algorithms = ['md5'] log_opt_values /usr/local/lib/python2.7/dist-packages/oslo/config/cfg.py:2048
2014-10-20 14:29:14.649 15012 DEBUG heat-api [-] keystone_authtoken.http_connect_timeout = None log_opt_values /usr/local/lib/python2.7/dist-packages/oslo/config/cfg.py:2048
2014-10-20 14:29:14.649 15012 DEBUG heat-api [-] keystone_authtoken.http_request_max_retries = 3 log_opt_values /usr/local/lib/python2.7/dist-packages/oslo/config/cfg.py:2048
2014-10-20 14:29:14.650 15012 DEBUG heat-api [-] keystone_authtoken.identity_uri = None log_opt_values /usr/local/lib/python2.7/dist-packages/oslo/config/cfg.py:2048
2014-10-20 14:29:14.650 15012 DEBUG heat-api [-] keystone_authtoken.include_service_catalog = True log_opt_values /usr/local/lib/python2.7/dist-packages/oslo/config/cfg.py:2048
2014-10-20 14:29:14.650 15012 DEBUG heat-api [-] keystone_authtoken.insecure    = False log_opt_values /usr/local/lib/python2.7/dist-packages/oslo/config/cfg.py:2048
2014-10-20 14:29:14.650 15012 DEBUG heat-api [-] keystone_authtoken.keyfile     = None log_opt_values /usr/local/lib/python2.7/dist-packages/oslo/config/cfg.py:2048
2014-10-20 14:29:14.650 15012 DEBUG heat-api [-] keystone_authtoken.memcache_secret_key = **** log_opt_values /usr/local/lib/python2.7/dist-packages/oslo/config/cfg.py:2048
2014-10-20 14:29:14.650 15012 DEBUG heat-api [-] keystone_authtoken.memcache_security_strategy = None log_opt_values /usr/local/lib/python2.7/dist-packages/oslo/config/cfg.py:2048
2014-10-20 14:29:14.650 15012 DEBUG heat-api [-] keystone_authtoken.memcached_servers = None log_opt_values /usr/local/lib/python2.7/dist-packages/oslo/config/cfg.py:2048
2014-10-20 14:29:14.651 15012 DEBUG heat-api [-] keystone_authtoken.revocation_cache_time = 10 log_opt_values /usr/local/lib/python2.7/dist-packages/oslo/config/cfg.py:2048
2014-10-20 14:29:14.651 15012 DEBUG heat-api [-] keystone_authtoken.signing_dir = /var/cache/heat log_opt_values /usr/local/lib/python2.7/dist-packages/oslo/config/cfg.py:2048
2014-10-20 14:29:14.651 15012 DEBUG heat-api [-] keystone_authtoken.token_cache_time = 300 log_opt_values /usr/local/lib/python2.7/dist-packages/oslo/config/cfg.py:2048
2014-10-20 14:29:14.651 15012 DEBUG heat-api [-] auth_password.allowed_auth_uris = [] log_opt_values /usr/local/lib/python2.7/dist-packages/oslo/config/cfg.py:2048
2014-10-20 14:29:14.651 15012 DEBUG heat-api [-] auth_password.multi_cloud      = False log_opt_values /usr/local/lib/python2.7/dist-packages/oslo/config/cfg.py:2048
2014-10-20 14:29:14.651 15012 DEBUG heat-api [-] clients_keystone.ca_file       = None log_opt_values /usr/local/lib/python2.7/dist-packages/oslo/config/cfg.py:2048
2014-10-20 14:29:14.651 15012 DEBUG heat-api [-] clients_keystone.cert_file     = None log_opt_values /usr/local/lib/python2.7/dist-packages/oslo/config/cfg.py:2048
2014-10-20 14:29:14.651 15012 DEBUG heat-api [-] clients_keystone.endpoint_type = publicURL log_opt_values /usr/local/lib/python2.7/dist-packages/oslo/config/cfg.py:2048
2014-10-20 14:29:14.652 15012 DEBUG heat-api [-] clients_keystone.insecure      = False log_opt_values /usr/local/lib/python2.7/dist-packages/oslo/config/cfg.py:2048
2014-10-20 14:29:14.652 15012 DEBUG heat-api [-] clients_keystone.key_file      = None log_opt_values /usr/local/lib/python2.7/dist-packages/oslo/config/cfg.py:2048
2014-10-20 14:29:14.652 15012 DEBUG heat-api [-] revision.heat_revision         = unknown log_opt_values /usr/local/lib/python2.7/dist-packages/oslo/config/cfg.py:2048
2014-10-20 14:29:14.652 15012 DEBUG heat-api [-] ******************************************************************************** log_opt_values /usr/local/lib/python2.7/dist-packages/oslo/config/cfg.py:2050
2014-10-20 14:29:14.652 15012 INFO heat.api [-] Starting Heat ReST API on 0.0.0.0:8004
/opt/stack/heat/bin/heat-api --config-file=/etc/heat/heat.conf
root@devstack:~# /opt/stack/heat/bin/heat-api --config-file=/etc/heat/heat.conf
No handlers could be found for logger "heat.common.config"
2014-10-20 14:34:46.065 2834 DEBUG routes.middleware [-] Initialized with method overriding = True, and path info altering = True __init__ /usr/local/lib/python2.7/dist-packages/routes/middleware.py:41
2014-10-20 14:34:46.066 2834 INFO keystoneclient.middleware.auth_token [-] Starting keystone auth_token middleware
2014-10-20 14:34:46.066 2834 WARNING keystoneclient.middleware.auth_token [-] This middleware module is deprecated as of v0.10.0 in favor of keystonemiddleware.auth_token - please update your WSGI pipeline to reference the new middleware package.
2014-10-20 14:34:46.067 2834 WARNING keystoneclient.middleware.auth_token [-] Configuring admin URI using auth fragments. This is deprecated, use 'identity_uri' instead.
2014-10-20 14:34:46.067 2834 INFO keystoneclient.middleware.auth_token [-] Using /var/cache/heat as cache directory for signing certificate
2014-10-20 14:34:46.067 2834 WARNING keystoneclient.middleware.auth_token [-] signing_dir is not owned by 0
2014-10-20 14:34:46.068 2834 WARNING keystoneclient.middleware.auth_token [-] signing_dir mode is 0755 instead of 0700
2014-10-20 14:34:46.068 2834 DEBUG heat-api [-] ******************************************************************************** log_opt_values /usr/local/lib/python2.7/dist-packages/oslo/config/cfg.py:2027
2014-10-20 14:34:46.069 2834 DEBUG heat-api [-] Configuration options gathered from: log_opt_values /usr/local/lib/python2.7/dist-packages/oslo/config/cfg.py:2028
2014-10-20 14:34:46.069 2834 DEBUG heat-api [-] command line args: ['--config-file=/etc/heat/heat.conf'] log_opt_values /usr/local/lib/python2.7/dist-packages/oslo/config/cfg.py:2029
2014-10-20 14:34:46.069 2834 DEBUG heat-api [-] config files: ['/etc/heat/heat.conf'] log_opt_values /usr/local/lib/python2.7/dist-packages/oslo/config/cfg.py:2030
2014-10-20 14:34:46.073 2834 DEBUG heat-api [-] ================================================================================ log_opt_values /usr/local/lib/python2.7/dist-packages/oslo/config/cfg.py:2031
2014-10-20 14:34:46.073 2834 DEBUG heat-api [-] allowed_rpc_exception_modules  = ['nova.exception', 'cinder.exception', 'exceptions', 'heat.common.exception'] log_opt_values /usr/local/lib/python2.7/dist-packages/oslo/config/cfg.py:2040
2014-10-20 14:34:46.074 2834 DEBUG heat-api [-] auth_encryption_key            = e78b74cf0540a76e52b34aa8aafb9cb8 log_opt_values /usr/local/lib/python2.7/dist-packages/oslo/config/cfg.py:2040
2014-10-20 14:34:46.077 2834 DEBUG heat-api [-] config_dir                     = None log_opt_values /usr/local/lib/python2.7/dist-packages/oslo/config/cfg.py:2040
2014-10-20 14:34:46.077 2834 DEBUG heat-api [-] config_file                    = ['/etc/heat/heat.conf'] log_opt_values /usr/local/lib/python2.7/dist-packages/oslo/config/cfg.py:2040
2014-10-20 14:34:46.077 2834 DEBUG heat-api [-] control_exchange               = heat log_opt_values /usr/local/lib/python2.7/dist-packages/oslo/config/cfg.py:2040
2014-10-20 14:34:46.077 2834 DEBUG heat-api [-] db_backend                     = sqlalchemy log_opt_values /usr/local/lib/python2.7/dist-packages/oslo/config/cfg.py:2040
2014-10-20 14:34:46.077 2834 DEBUG heat-api [-] debug                          = True log_opt_values /usr/local/lib/python2.7/dist-packages/oslo/config/cfg.py:2040
2014-10-20 14:34:46.077 2834 DEBUG heat-api [-] default_log_levels             = ['amqplib=WARN', 'qpid.messaging=INFO', 'keystone=INFO', 'eventlet.wsgi.server=WARN'] log_opt_values /usr/local/lib/python2.7/dist-packages/oslo/config/cfg.py:2040
2014-10-20 14:34:46.079 2834 DEBUG heat-api [-] deferred_auth_method           = trusts log_opt_values /usr/local/lib/python2.7/dist-packages/oslo/config/cfg.py:2040
2014-10-20 14:34:46.079 2834 DEBUG heat-api [-] engine_life_check_timeout      = 2 log_opt_values /usr/local/lib/python2.7/dist-packages/oslo/config/cfg.py:2040
2014-10-20 14:34:46.079 2834 DEBUG heat-api [-] environment_dir                = /etc/heat/environment.d log_opt_values /usr/local/lib/python2.7/dist-packages/oslo/config/cfg.py:2040
2014-10-20 14:34:46.080 2834 DEBUG heat-api [-] event_purge_batch_size         = 10 log_opt_values /usr/local/lib/python2.7/dist-packages/oslo/config/cfg.py:2040
2014-10-20 14:34:46.080 2834 DEBUG heat-api [-] fake_rabbit                    = False log_opt_values /usr/local/lib/python2.7/dist-packages/oslo/config/cfg.py:2040
2014-10-20 14:34:46.081 2834 DEBUG heat-api [-] fatal_deprecations             = False log_opt_values /usr/local/lib/python2.7/dist-packages/oslo/config/cfg.py:2040
2014-10-20 14:34:46.082 2834 DEBUG heat-api [-] heat_metadata_server_url       = http://10.0.2.32:8000 log_opt_values /usr/local/lib/python2.7/dist-packages/oslo/config/cfg.py:2040
2014-10-20 14:34:46.083 2834 DEBUG heat-api [-] heat_stack_user_role           = heat_stack_user log_opt_values /usr/local/lib/python2.7/dist-packages/oslo/config/cfg.py:2040
2014-10-20 14:34:46.083 2834 DEBUG heat-api [-] heat_waitcondition_server_url  = http://10.0.2.32:8000/v1/waitcondition log_opt_values /usr/local/lib/python2.7/dist-packages/oslo/config/cfg.py:2040
2014-10-20 14:34:46.083 2834 DEBUG heat-api [-] heat_watch_server_url          = http://10.0.2.32:8003 log_opt_values /usr/local/lib/python2.7/dist-packages/oslo/config/cfg.py:2040
2014-10-20 14:34:46.083 2834 DEBUG heat-api [-] host                           = devstack log_opt_values /usr/local/lib/python2.7/dist-packages/oslo/config/cfg.py:2040
2014-10-20 14:34:46.084 2834 DEBUG heat-api [-] instance_connection_https_validate_certificates = 1 log_opt_values /usr/local/lib/python2.7/dist-packages/oslo/config/cfg.py:2040
2014-10-20 14:34:46.084 2834 DEBUG heat-api [-] instance_connection_is_secure  = 0 log_opt_values /usr/local/lib/python2.7/dist-packages/oslo/config/cfg.py:2040
2014-10-20 14:34:46.084 2834 DEBUG heat-api [-] instance_driver                = heat.engine.nova log_opt_values /usr/local/lib/python2.7/dist-packages/oslo/config/cfg.py:2040
2014-10-20 14:34:46.085 2834 DEBUG heat-api [-] instance_format                = [instance: %(uuid)s]  log_opt_values /usr/local/lib/python2.7/dist-packages/oslo/config/cfg.py:2040
2014-10-20 14:34:46.085 2834 DEBUG heat-api [-] instance_user                  = ec2-user log_opt_values /usr/local/lib/python2.7/dist-packages/oslo/config/cfg.py:2040
2014-10-20 14:34:46.085 2834 DEBUG heat-api [-] instance_uuid_format           = [instance: %(uuid)s]  log_opt_values /usr/local/lib/python2.7/dist-packages/oslo/config/cfg.py:2040
2014-10-20 14:34:46.086 2834 DEBUG heat-api [-] log_config_append              = None log_opt_values /usr/local/lib/python2.7/dist-packages/oslo/config/cfg.py:2040
2014-10-20 14:34:46.087 2834 DEBUG heat-api [-] log_date_format                = %Y-%m-%d %H:%M:%S log_opt_values /usr/local/lib/python2.7/dist-packages/oslo/config/cfg.py:2040
2014-10-20 14:34:46.087 2834 DEBUG heat-api [-] log_dir                        = None log_opt_values /usr/local/lib/python2.7/dist-packages/oslo/config/cfg.py:2040
2014-10-20 14:34:46.087 2834 DEBUG heat-api [-] log_file                       = None log_opt_values /usr/local/lib/python2.7/dist-packages/oslo/config/cfg.py:2040
2014-10-20 14:34:46.088 2834 DEBUG heat-api [-] log_format                     = None log_opt_values /usr/local/lib/python2.7/dist-packages/oslo/config/cfg.py:2040
2014-10-20 14:34:46.088 2834 DEBUG heat-api [-] logging_context_format_string  = %(asctime)s.%(msecs)03d %(process)d %(levelname)s %(name)s [%(request_id)s %(user_identity)s] %(instance)s%(message)s log_opt_values /usr/local/lib/python2.7/dist-packages/oslo/config/cfg.py:2040
2014-10-20 14:34:46.088 2834 DEBUG heat-api [-] logging_debug_format_suffix    = %(funcName)s %(pathname)s:%(lineno)d log_opt_values /usr/local/lib/python2.7/dist-packages/oslo/config/cfg.py:2040
2014-10-20 14:34:46.088 2834 DEBUG heat-api [-] logging_default_format_string  = %(asctime)s.%(msecs)03d %(process)d %(levelname)s %(name)s [-] %(instance)s%(message)s log_opt_values /usr/local/lib/python2.7/dist-packages/oslo/config/cfg.py:2040
2014-10-20 14:34:46.090 2834 DEBUG heat-api [-] logging_exception_prefix       = %(asctime)s.%(msecs)03d %(process)d TRACE %(name)s %(instance)s log_opt_values /usr/local/lib/python2.7/dist-packages/oslo/config/cfg.py:2040
2014-10-20 14:34:46.090 2834 DEBUG heat-api [-] max_events_per_stack           = 1000 log_opt_values /usr/local/lib/python2.7/dist-packages/oslo/config/cfg.py:2040
2014-10-20 14:34:46.091 2834 DEBUG heat-api [-] max_json_body_size             = 1048576 log_opt_values /usr/local/lib/python2.7/dist-packages/oslo/config/cfg.py:2040
2014-10-20 14:34:46.091 2834 DEBUG heat-api [-] max_nested_stack_depth         = 3 log_opt_values /usr/local/lib/python2.7/dist-packages/oslo/config/cfg.py:2040
2014-10-20 14:34:46.091 2834 DEBUG heat-api [-] max_resources_per_stack        = 1000 log_opt_values /usr/local/lib/python2.7/dist-packages/oslo/config/cfg.py:2040
2014-10-20 14:34:46.091 2834 DEBUG heat-api [-] max_stacks_per_tenant          = 100 log_opt_values /usr/local/lib/python2.7/dist-packages/oslo/config/cfg.py:2040
2014-10-20 14:34:46.091 2834 DEBUG heat-api [-] max_template_size              = 524288 log_opt_values /usr/local/lib/python2.7/dist-packages/oslo/config/cfg.py:2040
2014-10-20 14:34:46.092 2834 DEBUG heat-api [-] memcached_servers              = None log_opt_values /usr/local/lib/python2.7/dist-packages/oslo/config/cfg.py:2040
2014-10-20 14:34:46.092 2834 DEBUG heat-api [-] onready                        = None log_opt_values /usr/local/lib/python2.7/dist-packages/oslo/config/cfg.py:2040
2014-10-20 14:34:46.092 2834 DEBUG heat-api [-] periodic_interval              = 60 log_opt_values /usr/local/lib/python2.7/dist-packages/oslo/config/cfg.py:2040
2014-10-20 14:34:46.092 2834 DEBUG heat-api [-] plugin_dirs                    = ['/usr/lib64/heat', '/usr/lib/heat'] log_opt_values /usr/local/lib/python2.7/dist-packages/oslo/config/cfg.py:2040
2014-10-20 14:34:46.092 2834 DEBUG heat-api [-] policy_default_rule            = default log_opt_values /usr/local/lib/python2.7/dist-packages/oslo/config/cfg.py:2040
2014-10-20 14:34:46.093 2834 DEBUG heat-api [-] policy_file                    = policy.json log_opt_values /usr/local/lib/python2.7/dist-packages/oslo/config/cfg.py:2040
2014-10-20 14:34:46.093 2834 DEBUG heat-api [-] publish_errors                 = False log_opt_values /usr/local/lib/python2.7/dist-packages/oslo/config/cfg.py:2040
2014-10-20 14:34:46.093 2834 DEBUG heat-api [-] region_name_for_services       = None log_opt_values /usr/local/lib/python2.7/dist-packages/oslo/config/cfg.py:2040
2014-10-20 14:34:46.093 2834 DEBUG heat-api [-] rpc_backend                    = heat.openstack.common.rpc.impl_kombu log_opt_values /usr/local/lib/python2.7/dist-packages/oslo/config/cfg.py:2040
2014-10-20 14:34:46.093 2834 DEBUG heat-api [-] rpc_cast_timeout               = 30 log_opt_values /usr/local/lib/python2.7/dist-packages/oslo/config/cfg.py:2040
2014-10-20 14:34:46.094 2834 DEBUG heat-api [-] rpc_conn_pool_size             = 30 log_opt_values /usr/local/lib/python2.7/dist-packages/oslo/config/cfg.py:2040
2014-10-20 14:34:46.095 2834 DEBUG heat-api [-] rpc_response_timeout           = 60 log_opt_values /usr/local/lib/python2.7/dist-packages/oslo/config/cfg.py:2040
2014-10-20 14:34:46.096 2834 DEBUG heat-api [-] rpc_thread_pool_size           = 64 log_opt_values /usr/local/lib/python2.7/dist-packages/oslo/config/cfg.py:2040
2014-10-20 14:34:46.096 2834 DEBUG heat-api [-] secure_proxy_ssl_header        = X-Forwarded-Proto log_opt_values /usr/local/lib/python2.7/dist-packages/oslo/config/cfg.py:2040
2014-10-20 14:34:46.096 2834 DEBUG heat-api [-] sqlite_db                      = heat.sqlite log_opt_values /usr/local/lib/python2.7/dist-packages/oslo/config/cfg.py:2040
2014-10-20 14:34:46.096 2834 DEBUG heat-api [-] sqlite_synchronous             = True log_opt_values /usr/local/lib/python2.7/dist-packages/oslo/config/cfg.py:2040
2014-10-20 14:34:46.097 2834 DEBUG heat-api [-] stack_action_timeout           = 3600 log_opt_values /usr/local/lib/python2.7/dist-packages/oslo/config/cfg.py:2040
2014-10-20 14:34:46.097 2834 DEBUG heat-api [-] stack_domain_admin             = heat_domain_admin log_opt_values /usr/local/lib/python2.7/dist-packages/oslo/config/cfg.py:2040
2014-10-20 14:34:46.097 2834 DEBUG heat-api [-] stack_domain_admin_password    = devstack log_opt_values /usr/local/lib/python2.7/dist-packages/oslo/config/cfg.py:2040
2014-10-20 14:34:46.097 2834 DEBUG heat-api [-] stack_user_domain              = 0852822bbae241468575e930cdc259f7 log_opt_values /usr/local/lib/python2.7/dist-packages/oslo/config/cfg.py:2040
2014-10-20 14:34:46.098 2834 DEBUG heat-api [-] syslog_log_facility            = LOG_USER log_opt_values /usr/local/lib/python2.7/dist-packages/oslo/config/cfg.py:2040
2014-10-20 14:34:46.098 2834 DEBUG heat-api [-] trusts_delegated_roles         = ['heat_stack_owner'] log_opt_values /usr/local/lib/python2.7/dist-packages/oslo/config/cfg.py:2040
2014-10-20 14:34:46.098 2834 DEBUG heat-api [-] use_stderr                     = True log_opt_values /usr/local/lib/python2.7/dist-packages/oslo/config/cfg.py:2040
2014-10-20 14:34:46.098 2834 DEBUG heat-api [-] use_syslog                     = False log_opt_values /usr/local/lib/python2.7/dist-packages/oslo/config/cfg.py:2040
2014-10-20 14:34:46.099 2834 DEBUG heat-api [-] verbose                        = False log_opt_values /usr/local/lib/python2.7/dist-packages/oslo/config/cfg.py:2040
2014-10-20 14:34:46.099 2834 DEBUG heat-api [-] clients_swift.ca_file          = None log_opt_values /usr/local/lib/python2.7/dist-packages/oslo/config/cfg.py:2048
2014-10-20 14:34:46.099 2834 DEBUG heat-api [-] clients_swift.cert_file        = None log_opt_values /usr/local/lib/python2.7/dist-packages/oslo/config/cfg.py:2048
2014-10-20 14:34:46.099 2834 DEBUG heat-api [-] clients_swift.endpoint_type    = publicURL log_opt_values /usr/local/lib/python2.7/dist-packages/oslo/config/cfg.py:2048
2014-10-20 14:34:46.104 2834 DEBUG heat-api [-] clients_swift.insecure         = False log_opt_values /usr/local/lib/python2.7/dist-packages/oslo/config/cfg.py:2048
2014-10-20 14:34:46.105 2834 DEBUG heat-api [-] clients_swift.key_file         = None log_opt_values /usr/local/lib/python2.7/dist-packages/oslo/config/cfg.py:2048
2014-10-20 14:34:46.107 2834 DEBUG heat-api [-] clients_neutron.ca_file        = None log_opt_values /usr/local/lib/python2.7/dist-packages/oslo/config/cfg.py:2048
2014-10-20 14:34:46.107 2834 DEBUG heat-api [-] clients_neutron.cert_file      = None log_opt_values /usr/local/lib/python2.7/dist-packages/oslo/config/cfg.py:2048
2014-10-20 14:34:46.107 2834 DEBUG heat-api [-] clients_neutron.endpoint_type  = publicURL log_opt_values /usr/local/lib/python2.7/dist-packages/oslo/config/cfg.py:2048
2014-10-20 14:34:46.107 2834 DEBUG heat-api [-] clients_neutron.insecure       = False log_opt_values /usr/local/lib/python2.7/dist-packages/oslo/config/cfg.py:2048
2014-10-20 14:34:46.107 2834 DEBUG heat-api [-] clients_neutron.key_file       = None log_opt_values /usr/local/lib/python2.7/dist-packages/oslo/config/cfg.py:2048
2014-10-20 14:34:46.108 2834 DEBUG heat-api [-] database.backend               = sqlalchemy log_opt_values /usr/local/lib/python2.7/dist-packages/oslo/config/cfg.py:2048
2014-10-20 14:34:46.108 2834 DEBUG heat-api [-] database.connection            = **** log_opt_values /usr/local/lib/python2.7/dist-packages/oslo/config/cfg.py:2048
2014-10-20 14:34:46.108 2834 DEBUG heat-api [-] database.connection_debug      = 0 log_opt_values /usr/local/lib/python2.7/dist-packages/oslo/config/cfg.py:2048
2014-10-20 14:34:46.108 2834 DEBUG heat-api [-] database.connection_trace      = False log_opt_values /usr/local/lib/python2.7/dist-packages/oslo/config/cfg.py:2048
2014-10-20 14:34:46.108 2834 DEBUG heat-api [-] database.idle_timeout          = 3600 log_opt_values /usr/local/lib/python2.7/dist-packages/oslo/config/cfg.py:2048
2014-10-20 14:34:46.109 2834 DEBUG heat-api [-] database.max_overflow          = None log_opt_values /usr/local/lib/python2.7/dist-packages/oslo/config/cfg.py:2048
2014-10-20 14:34:46.109 2834 DEBUG heat-api [-] database.max_pool_size         = None log_opt_values /usr/local/lib/python2.7/dist-packages/oslo/config/cfg.py:2048
2014-10-20 14:34:46.109 2834 DEBUG heat-api [-] database.max_retries           = 10 log_opt_values /usr/local/lib/python2.7/dist-packages/oslo/config/cfg.py:2048
2014-10-20 14:34:46.109 2834 DEBUG heat-api [-] database.min_pool_size         = 1 log_opt_values /usr/local/lib/python2.7/dist-packages/oslo/config/cfg.py:2048
2014-10-20 14:34:46.111 2834 DEBUG heat-api [-] database.pool_timeout          = None log_opt_values /usr/local/lib/python2.7/dist-packages/oslo/config/cfg.py:2048
2014-10-20 14:34:46.111 2834 DEBUG heat-api [-] database.retry_interval        = 10 log_opt_values /usr/local/lib/python2.7/dist-packages/oslo/config/cfg.py:2048
2014-10-20 14:34:46.111 2834 DEBUG heat-api [-] database.slave_connection      = **** log_opt_values /usr/local/lib/python2.7/dist-packages/oslo/config/cfg.py:2048
2014-10-20 14:34:46.112 2834 DEBUG heat-api [-] paste_deploy.api_paste_config  = api-paste.ini log_opt_values /usr/local/lib/python2.7/dist-packages/oslo/config/cfg.py:2048
2014-10-20 14:34:46.112 2834 DEBUG heat-api [-] paste_deploy.flavor            = None log_opt_values /usr/local/lib/python2.7/dist-packages/oslo/config/cfg.py:2048
2014-10-20 14:34:46.112 2834 DEBUG heat-api [-] clients_cinder.ca_file         = None log_opt_values /usr/local/lib/python2.7/dist-packages/oslo/config/cfg.py:2048
2014-10-20 14:34:46.113 2834 DEBUG heat-api [-] clients_cinder.cert_file       = None log_opt_values /usr/local/lib/python2.7/dist-packages/oslo/config/cfg.py:2048
2014-10-20 14:34:46.113 2834 DEBUG heat-api [-] clients_cinder.endpoint_type   = publicURL log_opt_values /usr/local/lib/python2.7/dist-packages/oslo/config/cfg.py:2048
2014-10-20 14:34:46.114 2834 DEBUG heat-api [-] clients_cinder.insecure        = False log_opt_values /usr/local/lib/python2.7/dist-packages/oslo/config/cfg.py:2048
2014-10-20 14:34:46.114 2834 DEBUG heat-api [-] clients_cinder.key_file        = None log_opt_values /usr/local/lib/python2.7/dist-packages/oslo/config/cfg.py:2048
2014-10-20 14:34:46.115 2834 DEBUG heat-api [-] clients.ca_file                = None log_opt_values /usr/local/lib/python2.7/dist-packages/oslo/config/cfg.py:2048
2014-10-20 14:34:46.115 2834 DEBUG heat-api [-] clients.cert_file              = None log_opt_values /usr/local/lib/python2.7/dist-packages/oslo/config/cfg.py:2048
2014-10-20 14:34:46.117 2834 DEBUG heat-api [-] clients.endpoint_type          = publicURL log_opt_values /usr/local/lib/python2.7/dist-packages/oslo/config/cfg.py:2048
2014-10-20 14:34:46.118 2834 DEBUG heat-api [-] clients.insecure               = False log_opt_values /usr/local/lib/python2.7/dist-packages/oslo/config/cfg.py:2048
2014-10-20 14:34:46.121 2834 DEBUG heat-api [-] clients.key_file               = None log_opt_values /usr/local/lib/python2.7/dist-packages/oslo/config/cfg.py:2048
2014-10-20 14:34:46.123 2834 DEBUG heat-api [-] clients_nova.ca_file           = None log_opt_values /usr/local/lib/python2.7/dist-packages/oslo/config/cfg.py:2048
2014-10-20 14:34:46.123 2834 DEBUG heat-api [-] clients_nova.cert_file         = None log_opt_values /usr/local/lib/python2.7/dist-packages/oslo/config/cfg.py:2048
2014-10-20 14:34:46.124 2834 DEBUG heat-api [-] clients_nova.endpoint_type     = publicURL log_opt_values /usr/local/lib/python2.7/dist-packages/oslo/config/cfg.py:2048
2014-10-20 14:34:46.124 2834 DEBUG heat-api [-] clients_nova.insecure          = False log_opt_values /usr/local/lib/python2.7/dist-packages/oslo/config/cfg.py:2048
2014-10-20 14:34:46.125 2834 DEBUG heat-api [-] clients_nova.key_file          = None log_opt_values /usr/local/lib/python2.7/dist-packages/oslo/config/cfg.py:2048
2014-10-20 14:34:46.125 2834 DEBUG heat-api [-] clients_ceilometer.ca_file     = None log_opt_values /usr/local/lib/python2.7/dist-packages/oslo/config/cfg.py:2048
2014-10-20 14:34:46.128 2834 DEBUG heat-api [-] clients_ceilometer.cert_file   = None log_opt_values /usr/local/lib/python2.7/dist-packages/oslo/config/cfg.py:2048
2014-10-20 14:34:46.131 2834 DEBUG heat-api [-] clients_ceilometer.endpoint_type = publicURL log_opt_values /usr/local/lib/python2.7/dist-packages/oslo/config/cfg.py:2048
2014-10-20 14:34:46.133 2834 DEBUG heat-api [-] clients_ceilometer.insecure    = False log_opt_values /usr/local/lib/python2.7/dist-packages/oslo/config/cfg.py:2048
2014-10-20 14:34:46.133 2834 DEBUG heat-api [-] clients_ceilometer.key_file    = None log_opt_values /usr/local/lib/python2.7/dist-packages/oslo/config/cfg.py:2048
2014-10-20 14:34:46.134 2834 DEBUG heat-api [-] clients_trove.ca_file          = None log_opt_values /usr/local/lib/python2.7/dist-packages/oslo/config/cfg.py:2048
2014-10-20 14:34:46.134 2834 DEBUG heat-api [-] clients_trove.cert_file        = None log_opt_values /usr/local/lib/python2.7/dist-packages/oslo/config/cfg.py:2048
2014-10-20 14:34:46.134 2834 DEBUG heat-api [-] clients_trove.endpoint_type    = publicURL log_opt_values /usr/local/lib/python2.7/dist-packages/oslo/config/cfg.py:2048
2014-10-20 14:34:46.134 2834 DEBUG heat-api [-] clients_trove.insecure         = False log_opt_values /usr/local/lib/python2.7/dist-packages/oslo/config/cfg.py:2048
2014-10-20 14:34:46.134 2834 DEBUG heat-api [-] clients_trove.key_file         = None log_opt_values /usr/local/lib/python2.7/dist-packages/oslo/config/cfg.py:2048
2014-10-20 14:34:46.135 2834 DEBUG heat-api [-] clients_heat.ca_file           = None log_opt_values /usr/local/lib/python2.7/dist-packages/oslo/config/cfg.py:2048
2014-10-20 14:34:46.135 2834 DEBUG heat-api [-] clients_heat.cert_file         = None log_opt_values /usr/local/lib/python2.7/dist-packages/oslo/config/cfg.py:2048
2014-10-20 14:34:46.135 2834 DEBUG heat-api [-] clients_heat.endpoint_type     = publicURL log_opt_values /usr/local/lib/python2.7/dist-packages/oslo/config/cfg.py:2048
2014-10-20 14:34:46.135 2834 DEBUG heat-api [-] clients_heat.insecure          = False log_opt_values /usr/local/lib/python2.7/dist-packages/oslo/config/cfg.py:2048
2014-10-20 14:34:46.136 2834 DEBUG heat-api [-] clients_heat.key_file          = None log_opt_values /usr/local/lib/python2.7/dist-packages/oslo/config/cfg.py:2048
2014-10-20 14:34:46.136 2834 DEBUG heat-api [-] clients_heat.url               = None log_opt_values /usr/local/lib/python2.7/dist-packages/oslo/config/cfg.py:2048
2014-10-20 14:34:46.136 2834 DEBUG heat-api [-] heat_api_cloudwatch.backlog    = 4096 log_opt_values /usr/local/lib/python2.7/dist-packages/oslo/config/cfg.py:2048
2014-10-20 14:34:46.136 2834 DEBUG heat-api [-] heat_api_cloudwatch.bind_host  = 0.0.0.0 log_opt_values /usr/local/lib/python2.7/dist-packages/oslo/config/cfg.py:2048
2014-10-20 14:34:46.138 2834 DEBUG heat-api [-] heat_api_cloudwatch.bind_port  = 8003 log_opt_values /usr/local/lib/python2.7/dist-packages/oslo/config/cfg.py:2048
2014-10-20 14:34:46.138 2834 DEBUG heat-api [-] heat_api_cloudwatch.cert_file  = None log_opt_values /usr/local/lib/python2.7/dist-packages/oslo/config/cfg.py:2048
2014-10-20 14:34:46.139 2834 DEBUG heat-api [-] heat_api_cloudwatch.key_file   = None log_opt_values /usr/local/lib/python2.7/dist-packages/oslo/config/cfg.py:2048
2014-10-20 14:34:46.139 2834 DEBUG heat-api [-] heat_api_cloudwatch.max_header_line = 16384 log_opt_values /usr/local/lib/python2.7/dist-packages/oslo/config/cfg.py:2048
2014-10-20 14:34:46.141 2834 DEBUG heat-api [-] heat_api_cloudwatch.workers    = 0 log_opt_values /usr/local/lib/python2.7/dist-packages/oslo/config/cfg.py:2048
2014-10-20 14:34:46.141 2834 DEBUG heat-api [-] heat_api.backlog               = 4096 log_opt_values /usr/local/lib/python2.7/dist-packages/oslo/config/cfg.py:2048
2014-10-20 14:34:46.152 2834 DEBUG heat-api [-] heat_api.bind_host             = 0.0.0.0 log_opt_values /usr/local/lib/python2.7/dist-packages/oslo/config/cfg.py:2048
2014-10-20 14:34:46.153 2834 DEBUG heat-api [-] heat_api.bind_port             = 8004 log_opt_values /usr/local/lib/python2.7/dist-packages/oslo/config/cfg.py:2048
2014-10-20 14:34:46.154 2834 DEBUG heat-api [-] heat_api.cert_file             = None log_opt_values /usr/local/lib/python2.7/dist-packages/oslo/config/cfg.py:2048
2014-10-20 14:34:46.155 2834 DEBUG heat-api [-] heat_api.key_file              = None log_opt_values /usr/local/lib/python2.7/dist-packages/oslo/config/cfg.py:2048
2014-10-20 14:34:46.156 2834 DEBUG heat-api [-] heat_api.max_header_line       = 16384 log_opt_values /usr/local/lib/python2.7/dist-packages/oslo/config/cfg.py:2048
2014-10-20 14:34:46.156 2834 DEBUG heat-api [-] heat_api.workers               = 0 log_opt_values /usr/local/lib/python2.7/dist-packages/oslo/config/cfg.py:2048
2014-10-20 14:34:46.159 2834 DEBUG heat-api [-] heat_api_cfn.backlog           = 4096 log_opt_values /usr/local/lib/python2.7/dist-packages/oslo/config/cfg.py:2048
2014-10-20 14:34:46.159 2834 DEBUG heat-api [-] heat_api_cfn.bind_host         = 0.0.0.0 log_opt_values /usr/local/lib/python2.7/dist-packages/oslo/config/cfg.py:2048
2014-10-20 14:34:46.159 2834 DEBUG heat-api [-] heat_api_cfn.bind_port         = 8000 log_opt_values /usr/local/lib/python2.7/dist-packages/oslo/config/cfg.py:2048
2014-10-20 14:34:46.160 2834 DEBUG heat-api [-] heat_api_cfn.cert_file         = None log_opt_values /usr/local/lib/python2.7/dist-packages/oslo/config/cfg.py:2048
2014-10-20 14:34:46.161 2834 DEBUG heat-api [-] heat_api_cfn.key_file          = None log_opt_values /usr/local/lib/python2.7/dist-packages/oslo/config/cfg.py:2048
2014-10-20 14:34:46.161 2834 DEBUG heat-api [-] heat_api_cfn.max_header_line   = 16384 log_opt_values /usr/local/lib/python2.7/dist-packages/oslo/config/cfg.py:2048
2014-10-20 14:34:46.161 2834 DEBUG heat-api [-] heat_api_cfn.workers           = 0 log_opt_values /usr/local/lib/python2.7/dist-packages/oslo/config/cfg.py:2048
2014-10-20 14:34:46.162 2834 DEBUG heat-api [-] keystone_authtoken.admin_password = **** log_opt_values /usr/local/lib/python2.7/dist-packages/oslo/config/cfg.py:2048
2014-10-20 14:34:46.168 2834 DEBUG heat-api [-] keystone_authtoken.admin_tenant_name = service log_opt_values /usr/local/lib/python2.7/dist-packages/oslo/config/cfg.py:2048
2014-10-20 14:34:46.168 2834 DEBUG heat-api [-] keystone_authtoken.admin_token = **** log_opt_values /usr/local/lib/python2.7/dist-packages/oslo/config/cfg.py:2048
2014-10-20 14:34:46.169 2834 DEBUG heat-api [-] keystone_authtoken.admin_user  = heat log_opt_values /usr/local/lib/python2.7/dist-packages/oslo/config/cfg.py:2048
2014-10-20 14:34:46.169 2834 DEBUG heat-api [-] keystone_authtoken.auth_admin_prefix =  log_opt_values /usr/local/lib/python2.7/dist-packages/oslo/config/cfg.py:2048
2014-10-20 14:34:46.169 2834 DEBUG heat-api [-] keystone_authtoken.auth_host   = 10.0.2.32 log_opt_values /usr/local/lib/python2.7/dist-packages/oslo/config/cfg.py:2048
2014-10-20 14:34:46.169 2834 DEBUG heat-api [-] keystone_authtoken.auth_port   = 35357 log_opt_values /usr/local/lib/python2.7/dist-packages/oslo/config/cfg.py:2048
2014-10-20 14:34:46.169 2834 DEBUG heat-api [-] keystone_authtoken.auth_protocol = http log_opt_values /usr/local/lib/python2.7/dist-packages/oslo/config/cfg.py:2048
2014-10-20 14:34:46.170 2834 DEBUG heat-api [-] keystone_authtoken.auth_uri    = http://10.0.2.32:5000/v2.0 log_opt_values /usr/local/lib/python2.7/dist-packages/oslo/config/cfg.py:2048
2014-10-20 14:34:46.174 2834 DEBUG heat-api [-] keystone_authtoken.auth_version = None log_opt_values /usr/local/lib/python2.7/dist-packages/oslo/config/cfg.py:2048
2014-10-20 14:34:46.174 2834 DEBUG heat-api [-] keystone_authtoken.cache       = None log_opt_values /usr/local/lib/python2.7/dist-packages/oslo/config/cfg.py:2048
2014-10-20 14:34:46.175 2834 DEBUG heat-api [-] keystone_authtoken.cafile      =  log_opt_values /usr/local/lib/python2.7/dist-packages/oslo/config/cfg.py:2048
2014-10-20 14:34:46.175 2834 DEBUG heat-api [-] keystone_authtoken.certfile    = None log_opt_values /usr/local/lib/python2.7/dist-packages/oslo/config/cfg.py:2048
2014-10-20 14:34:46.175 2834 DEBUG heat-api [-] keystone_authtoken.check_revocations_for_cached = False log_opt_values /usr/local/lib/python2.7/dist-packages/oslo/config/cfg.py:2048
2014-10-20 14:34:46.175 2834 DEBUG heat-api [-] keystone_authtoken.delay_auth_decision = False log_opt_values /usr/local/lib/python2.7/dist-packages/oslo/config/cfg.py:2048
2014-10-20 14:34:46.175 2834 DEBUG heat-api [-] keystone_authtoken.enforce_token_bind = permissive log_opt_values /usr/local/lib/python2.7/dist-packages/oslo/config/cfg.py:2048
2014-10-20 14:34:46.176 2834 DEBUG heat-api [-] keystone_authtoken.hash_algorithms = ['md5'] log_opt_values /usr/local/lib/python2.7/dist-packages/oslo/config/cfg.py:2048
2014-10-20 14:34:46.176 2834 DEBUG heat-api [-] keystone_authtoken.http_connect_timeout = None log_opt_values /usr/local/lib/python2.7/dist-packages/oslo/config/cfg.py:2048
2014-10-20 14:34:46.176 2834 DEBUG heat-api [-] keystone_authtoken.http_request_max_retries = 3 log_opt_values /usr/local/lib/python2.7/dist-packages/oslo/config/cfg.py:2048
2014-10-20 14:34:46.176 2834 DEBUG heat-api [-] keystone_authtoken.identity_uri = None log_opt_values /usr/local/lib/python2.7/dist-packages/oslo/config/cfg.py:2048
2014-10-20 14:34:46.176 2834 DEBUG heat-api [-] keystone_authtoken.include_service_catalog = True log_opt_values /usr/local/lib/python2.7/dist-packages/oslo/config/cfg.py:2048
2014-10-20 14:34:46.177 2834 DEBUG heat-api [-] keystone_authtoken.insecure    = False log_opt_values /usr/local/lib/python2.7/dist-packages/oslo/config/cfg.py:2048
2014-10-20 14:34:46.177 2834 DEBUG heat-api [-] keystone_authtoken.keyfile     = None log_opt_values /usr/local/lib/python2.7/dist-packages/oslo/config/cfg.py:2048
2014-10-20 14:34:46.178 2834 DEBUG heat-api [-] keystone_authtoken.memcache_secret_key = **** log_opt_values /usr/local/lib/python2.7/dist-packages/oslo/config/cfg.py:2048
2014-10-20 14:34:46.178 2834 DEBUG heat-api [-] keystone_authtoken.memcache_security_strategy = None log_opt_values /usr/local/lib/python2.7/dist-packages/oslo/config/cfg.py:2048
2014-10-20 14:34:46.182 2834 DEBUG heat-api [-] keystone_authtoken.memcached_servers = None log_opt_values /usr/local/lib/python2.7/dist-packages/oslo/config/cfg.py:2048
2014-10-20 14:34:46.182 2834 DEBUG heat-api [-] keystone_authtoken.revocation_cache_time = 10 log_opt_values /usr/local/lib/python2.7/dist-packages/oslo/config/cfg.py:2048
2014-10-20 14:34:46.184 2834 DEBUG heat-api [-] keystone_authtoken.signing_dir = /var/cache/heat log_opt_values /usr/local/lib/python2.7/dist-packages/oslo/config/cfg.py:2048
2014-10-20 14:34:46.185 2834 DEBUG heat-api [-] keystone_authtoken.token_cache_time = 300 log_opt_values /usr/local/lib/python2.7/dist-packages/oslo/config/cfg.py:2048
2014-10-20 14:34:46.185 2834 DEBUG heat-api [-] auth_password.allowed_auth_uris = [] log_opt_values /usr/local/lib/python2.7/dist-packages/oslo/config/cfg.py:2048
2014-10-20 14:34:46.187 2834 DEBUG heat-api [-] auth_password.multi_cloud      = False log_opt_values /usr/local/lib/python2.7/dist-packages/oslo/config/cfg.py:2048
2014-10-20 14:34:46.188 2834 DEBUG heat-api [-] clients_keystone.ca_file       = None log_opt_values /usr/local/lib/python2.7/dist-packages/oslo/config/cfg.py:2048
2014-10-20 14:34:46.188 2834 DEBUG heat-api [-] clients_keystone.cert_file     = None log_opt_values /usr/local/lib/python2.7/dist-packages/oslo/config/cfg.py:2048
2014-10-20 14:34:46.193 2834 DEBUG heat-api [-] clients_keystone.endpoint_type = publicURL log_opt_values /usr/local/lib/python2.7/dist-packages/oslo/config/cfg.py:2048
2014-10-20 14:34:46.195 2834 DEBUG heat-api [-] clients_keystone.insecure      = False log_opt_values /usr/local/lib/python2.7/dist-packages/oslo/config/cfg.py:2048
2014-10-20 14:34:46.195 2834 DEBUG heat-api [-] clients_keystone.key_file      = None log_opt_values /usr/local/lib/python2.7/dist-packages/oslo/config/cfg.py:2048
2014-10-20 14:34:46.196 2834 DEBUG heat-api [-] revision.heat_revision         = unknown log_opt_values /usr/local/lib/python2.7/dist-packages/oslo/config/cfg.py:2048
2014-10-20 14:34:46.196 2834 DEBUG heat-api [-] ******************************************************************************** log_opt_values /usr/local/lib/python2.7/dist-packages/oslo/config/cfg.py:2050
2014-10-20 14:34:46.196 2834 INFO heat.api [-] Starting Heat ReST API on 0.0.0.0:8004

Broadcast message from sysop@devstack
	(/dev/pts/28) at 14:50 ...

The system is going down for reboot NOW!
