stack@devstack:/opt/devstack$ /usr/local/bin/nova-objectstore --config-file /etc /nova/nova.conf & echo $! >/opt/stack/status/stack/n-obj.pid; fg || echo "n-obj  failed to start" | tee "/opt/stack/status/stack/n-obj.failure"
[1] 14725
/usr/local/bin/nova-objectstore --config-file /etc/nova/nova.conf
2014-10-20 14:28:50.968 14725 DEBUG routes.middleware [-] Initialized with method overriding = True, and path info altering = True __init__ /usr/local/lib/python2.7/dist-packages/routes/middleware.py:41
2014-10-20 14:28:50.969 14725 INFO nova.wsgi [-] S3 Objectstore listening on 0.0.0.0:3333
2014-10-20 14:28:50.970 14725 DEBUG nova.openstack.common.service [-] Full set of CONF: _wait_for_exit_or_signal /opt/stack/nova/nova/openstack/common/service.py:166
2014-10-20 14:28:50.971 14725 DEBUG nova.openstack.common.service [-] ******************************************************************************** log_opt_values /usr/local/lib/python2.7/dist-packages/oslo/config/cfg.py:2027
2014-10-20 14:28:50.971 14725 DEBUG nova.openstack.common.service [-] Configuration options gathered from: log_opt_values /usr/local/lib/python2.7/dist-packages/oslo/config/cfg.py:2028
2014-10-20 14:28:50.971 14725 DEBUG nova.openstack.common.service [-] command line args: ['--config-file', '/etc/nova/nova.conf'] log_opt_values /usr/local/lib/python2.7/dist-packages/oslo/config/cfg.py:2029
2014-10-20 14:28:50.972 14725 DEBUG nova.openstack.common.service [-] config files: ['/etc/nova/nova.conf'] log_opt_values /usr/local/lib/python2.7/dist-packages/oslo/config/cfg.py:2030
2014-10-20 14:28:50.972 14725 DEBUG nova.openstack.common.service [-] ================================================================================ log_opt_values /usr/local/lib/python2.7/dist-packages/oslo/config/cfg.py:2031
2014-10-20 14:28:50.972 14725 DEBUG nova.openstack.common.service [-] allow_migrate_to_same_host     = False log_opt_values /usr/local/lib/python2.7/dist-packages/oslo/config/cfg.py:2040
2014-10-20 14:28:50.972 14725 DEBUG nova.openstack.common.service [-] allow_resize_to_same_host      = True log_opt_values /usr/local/lib/python2.7/dist-packages/oslo/config/cfg.py:2040
2014-10-20 14:28:50.973 14725 DEBUG nova.openstack.common.service [-] allowed_direct_url_schemes     = [] log_opt_values /usr/local/lib/python2.7/dist-packages/oslo/config/cfg.py:2040
2014-10-20 14:28:50.973 14725 DEBUG nova.openstack.common.service [-] amqp_auto_delete               = False log_opt_values /usr/local/lib/python2.7/dist-packages/oslo/config/cfg.py:2040
2014-10-20 14:28:50.973 14725 DEBUG nova.openstack.common.service [-] amqp_durable_queues            = False log_opt_values /usr/local/lib/python2.7/dist-packages/oslo/config/cfg.py:2040
2014-10-20 14:28:50.973 14725 DEBUG nova.openstack.common.service [-] api_paste_config               = /etc/nova/api-paste.ini log_opt_values /usr/local/lib/python2.7/dist-packages/oslo/config/cfg.py:2040
2014-10-20 14:28:50.973 14725 DEBUG nova.openstack.common.service [-] api_rate_limit                 = False log_opt_values /usr/local/lib/python2.7/dist-packages/oslo/config/cfg.py:2040
2014-10-20 14:28:50.974 14725 DEBUG nova.openstack.common.service [-] auth_strategy                  = keystone log_opt_values /usr/local/lib/python2.7/dist-packages/oslo/config/cfg.py:2040
2014-10-20 14:28:50.974 14725 DEBUG nova.openstack.common.service [-] backdoor_port                  = None log_opt_values /usr/local/lib/python2.7/dist-packages/oslo/config/cfg.py:2040
2014-10-20 14:28:50.974 14725 DEBUG nova.openstack.common.service [-] bindir                         = /usr/local/bin log_opt_values /usr/local/lib/python2.7/dist-packages/oslo/config/cfg.py:2040
2014-10-20 14:28:50.975 14725 DEBUG nova.openstack.common.service [-] buckets_path                   = /opt/stack/data/nova/buckets log_opt_values /usr/local/lib/python2.7/dist-packages/oslo/config/cfg.py:2040
2014-10-20 14:28:50.975 14725 DEBUG nova.openstack.common.service [-] ca_file                        = cacert.pem log_opt_values /usr/local/lib/python2.7/dist-packages/oslo/config/cfg.py:2040
2014-10-20 14:28:50.975 14725 DEBUG nova.openstack.common.service [-] ca_path                        = /opt/stack/data/nova/CA log_opt_values /usr/local/lib/python2.7/dist-packages/oslo/config/cfg.py:2040
2014-10-20 14:28:50.976 14725 DEBUG nova.openstack.common.service [-] cert_manager                   = nova.cert.manager.CertManager log_opt_values /usr/local/lib/python2.7/dist-packages/oslo/config/cfg.py:2040
2014-10-20 14:28:50.976 14725 DEBUG nova.openstack.common.service [-] compute_driver                 = libvirt.LibvirtDriver log_opt_values /usr/local/lib/python2.7/dist-packages/oslo/config/cfg.py:2040
2014-10-20 14:28:50.976 14725 DEBUG nova.openstack.common.service [-] compute_manager                = nova.compute.manager.ComputeManager log_opt_values /usr/local/lib/python2.7/dist-packages/oslo/config/cfg.py:2040
2014-10-20 14:28:50.976 14725 DEBUG nova.openstack.common.service [-] compute_topic                  = compute log_opt_values /usr/local/lib/python2.7/dist-packages/oslo/config/cfg.py:2040
2014-10-20 14:28:50.976 14725 DEBUG nova.openstack.common.service [-] config_dir                     = None log_opt_values /usr/local/lib/python2.7/dist-packages/oslo/config/cfg.py:2040
2014-10-20 14:28:50.976 14725 DEBUG nova.openstack.common.service [-] config_file                    = ['/etc/nova/nova.conf'] log_opt_values /usr/local/lib/python2.7/dist-packages/oslo/config/cfg.py:2040
2014-10-20 14:28:50.977 14725 DEBUG nova.openstack.common.service [-] console_manager                = nova.console.manager.ConsoleProxyManager log_opt_values /usr/local/lib/python2.7/dist-packages/oslo/config/cfg.py:2040
2014-10-20 14:28:50.977 14725 DEBUG nova.openstack.common.service [-] consoleauth_manager            = nova.consoleauth.manager.ConsoleAuthManager log_opt_values /usr/local/lib/python2.7/dist-packages/oslo/config/cfg.py:2040
2014-10-20 14:28:50.977 14725 DEBUG nova.openstack.common.service [-] consoleauth_topic              = consoleauth log_opt_values /usr/local/lib/python2.7/dist-packages/oslo/config/cfg.py:2040
2014-10-20 14:28:50.977 14725 DEBUG nova.openstack.common.service [-] control_exchange               = nova log_opt_values /usr/local/lib/python2.7/dist-packages/oslo/config/cfg.py:2040
2014-10-20 14:28:50.978 14725 DEBUG nova.openstack.common.service [-] crl_file                       = crl.pem log_opt_values /usr/local/lib/python2.7/dist-packages/oslo/config/cfg.py:2040
2014-10-20 14:28:50.978 14725 DEBUG nova.openstack.common.service [-] db_driver                      = nova.db log_opt_values /usr/local/lib/python2.7/dist-packages/oslo/config/cfg.py:2040
2014-10-20 14:28:50.978 14725 DEBUG nova.openstack.common.service [-] debug                          = True log_opt_values /usr/local/lib/python2.7/dist-packages/oslo/config/cfg.py:2040
2014-10-20 14:28:50.979 14725 DEBUG nova.openstack.common.service [-] default_availability_zone      = nova log_opt_values /usr/local/lib/python2.7/dist-packages/oslo/config/cfg.py:2040
2014-10-20 14:28:50.979 14725 DEBUG nova.openstack.common.service [-] default_ephemeral_format       = ext4 log_opt_values /usr/local/lib/python2.7/dist-packages/oslo/config/cfg.py:2040
2014-10-20 14:28:50.979 14725 DEBUG nova.openstack.common.service [-] default_flavor                 = m1.small log_opt_values /usr/local/lib/python2.7/dist-packages/oslo/config/cfg.py:2040
2014-10-20 14:28:50.979 14725 DEBUG nova.openstack.common.service [-] default_log_levels             = ['amqp=WARN', 'amqplib=WARN', 'boto=WARN', 'qpid=WARN', 'sqlalchemy=WARN', 'suds=INFO', 'oslo.messaging=INFO', 'iso8601=WARN'] log_opt_values /usr/local/lib/python2.7/dist-packages/oslo/config/cfg.py:2040
2014-10-20 14:28:50.979 14725 DEBUG nova.openstack.common.service [-] default_notification_level     = INFO log_opt_values /usr/local/lib/python2.7/dist-packages/oslo/config/cfg.py:2040
2014-10-20 14:28:50.979 14725 DEBUG nova.openstack.common.service [-] default_publisher_id           = None log_opt_values /usr/local/lib/python2.7/dist-packages/oslo/config/cfg.py:2040
2014-10-20 14:28:50.980 14725 DEBUG nova.openstack.common.service [-] default_schedule_zone          = None log_opt_values /usr/local/lib/python2.7/dist-packages/oslo/config/cfg.py:2040
2014-10-20 14:28:50.980 14725 DEBUG nova.openstack.common.service [-] disable_process_locking        = False log_opt_values /usr/local/lib/python2.7/dist-packages/oslo/config/cfg.py:2040
2014-10-20 14:28:50.980 14725 DEBUG nova.openstack.common.service [-] ec2_listen                     = 0.0.0.0 log_opt_values /usr/local/lib/python2.7/dist-packages/oslo/config/cfg.py:2040
2014-10-20 14:28:50.980 14725 DEBUG nova.openstack.common.service [-] ec2_listen_port                = 8773 log_opt_values /usr/local/lib/python2.7/dist-packages/oslo/config/cfg.py:2040
2014-10-20 14:28:50.980 14725 DEBUG nova.openstack.common.service [-] ec2_private_dns_show_ip        = False log_opt_values /usr/local/lib/python2.7/dist-packages/oslo/config/cfg.py:2040
2014-10-20 14:28:50.981 14725 DEBUG nova.openstack.common.service [-] ec2_strict_validation          = True log_opt_values /usr/local/lib/python2.7/dist-packages/oslo/config/cfg.py:2040
2014-10-20 14:28:50.981 14725 DEBUG nova.openstack.common.service [-] ec2_timestamp_expiry           = 300 log_opt_values /usr/local/lib/python2.7/dist-packages/oslo/config/cfg.py:2040
2014-10-20 14:28:50.981 14725 DEBUG nova.openstack.common.service [-] ec2_workers                    = 4 log_opt_values /usr/local/lib/python2.7/dist-packages/oslo/config/cfg.py:2040
2014-10-20 14:28:50.981 14725 DEBUG nova.openstack.common.service [-] enable_new_services            = True log_opt_values /usr/local/lib/python2.7/dist-packages/oslo/config/cfg.py:2040
2014-10-20 14:28:50.981 14725 DEBUG nova.openstack.common.service [-] enabled_apis                   = ['ec2', 'osapi_compute', 'metadata'] log_opt_values /usr/local/lib/python2.7/dist-packages/oslo/config/cfg.py:2040
2014-10-20 14:28:50.981 14725 DEBUG nova.openstack.common.service [-] enabled_ssl_apis               = [] log_opt_values /usr/local/lib/python2.7/dist-packages/oslo/config/cfg.py:2040
2014-10-20 14:28:50.982 14725 DEBUG nova.openstack.common.service [-] fake_rabbit                    = False log_opt_values /usr/local/lib/python2.7/dist-packages/oslo/config/cfg.py:2040
2014-10-20 14:28:50.982 14725 DEBUG nova.openstack.common.service [-] fatal_deprecations             = False log_opt_values /usr/local/lib/python2.7/dist-packages/oslo/config/cfg.py:2040
2014-10-20 14:28:50.982 14725 DEBUG nova.openstack.common.service [-] fatal_exception_format_errors  = False log_opt_values /usr/local/lib/python2.7/dist-packages/oslo/config/cfg.py:2040
2014-10-20 14:28:50.982 14725 DEBUG nova.openstack.common.service [-] glance_api_insecure            = False log_opt_values /usr/local/lib/python2.7/dist-packages/oslo/config/cfg.py:2040
2014-10-20 14:28:50.983 14725 DEBUG nova.openstack.common.service [-] glance_api_servers             = ['10.0.2.32:9292'] log_opt_values /usr/local/lib/python2.7/dist-packages/oslo/config/cfg.py:2040
2014-10-20 14:28:50.983 14725 DEBUG nova.openstack.common.service [-] glance_host                    = 10.0.2.32 log_opt_values /usr/local/lib/python2.7/dist-packages/oslo/config/cfg.py:2040
2014-10-20 14:28:50.983 14725 DEBUG nova.openstack.common.service [-] glance_num_retries             = 0 log_opt_values /usr/local/lib/python2.7/dist-packages/oslo/config/cfg.py:2040
2014-10-20 14:28:50.983 14725 DEBUG nova.openstack.common.service [-] glance_port                    = 9292 log_opt_values /usr/local/lib/python2.7/dist-packages/oslo/config/cfg.py:2040
2014-10-20 14:28:50.983 14725 DEBUG nova.openstack.common.service [-] glance_protocol                = http log_opt_values /usr/local/lib/python2.7/dist-packages/oslo/config/cfg.py:2040
2014-10-20 14:28:50.984 14725 DEBUG nova.openstack.common.service [-] host                           = devstack log_opt_values /usr/local/lib/python2.7/dist-packages/oslo/config/cfg.py:2040
2014-10-20 14:28:50.984 14725 DEBUG nova.openstack.common.service [-] instance_format                = [instance: %(uuid)s]  log_opt_values /usr/local/lib/python2.7/dist-packages/oslo/config/cfg.py:2040
2014-10-20 14:28:50.984 14725 DEBUG nova.openstack.common.service [-] instance_name_template         = instance-%08x log_opt_values /usr/local/lib/python2.7/dist-packages/oslo/config/cfg.py:2040
2014-10-20 14:28:50.984 14725 DEBUG nova.openstack.common.service [-] instance_usage_audit_period    = month log_opt_values /usr/local/lib/python2.7/dist-packages/oslo/config/cfg.py:2040
2014-10-20 14:28:50.984 14725 DEBUG nova.openstack.common.service [-] instance_uuid_format           = [instance: %(uuid)s]  log_opt_values /usr/local/lib/python2.7/dist-packages/oslo/config/cfg.py:2040
2014-10-20 14:28:50.984 14725 DEBUG nova.openstack.common.service [-] internal_service_availability_zone = internal log_opt_values /usr/local/lib/python2.7/dist-packages/oslo/config/cfg.py:2040
2014-10-20 14:28:50.985 14725 DEBUG nova.openstack.common.service [-] key_file                       = private/cakey.pem log_opt_values /usr/local/lib/python2.7/dist-packages/oslo/config/cfg.py:2040
2014-10-20 14:28:50.985 14725 DEBUG nova.openstack.common.service [-] keys_path                      = /opt/stack/data/nova/keys log_opt_values /usr/local/lib/python2.7/dist-packages/oslo/config/cfg.py:2040
2014-10-20 14:28:50.986 14725 DEBUG nova.openstack.common.service [-] keystone_ec2_url               = http://localhost:5000/v2.0/ec2tokens log_opt_values /usr/local/lib/python2.7/dist-packages/oslo/config/cfg.py:2040
2014-10-20 14:28:50.986 14725 DEBUG nova.openstack.common.service [-] kombu_reconnect_delay          = 1.0 log_opt_values /usr/local/lib/python2.7/dist-packages/oslo/config/cfg.py:2040
2014-10-20 14:28:50.986 14725 DEBUG nova.openstack.common.service [-] kombu_ssl_ca_certs             =  log_opt_values /usr/local/lib/python2.7/dist-packages/oslo/config/cfg.py:2040
2014-10-20 14:28:50.986 14725 DEBUG nova.openstack.common.service [-] kombu_ssl_certfile             =  log_opt_values /usr/local/lib/python2.7/dist-packages/oslo/config/cfg.py:2040
2014-10-20 14:28:50.986 14725 DEBUG nova.openstack.common.service [-] kombu_ssl_keyfile              =  log_opt_values /usr/local/lib/python2.7/dist-packages/oslo/config/cfg.py:2040
2014-10-20 14:28:50.987 14725 DEBUG nova.openstack.common.service [-] kombu_ssl_version              =  log_opt_values /usr/local/lib/python2.7/dist-packages/oslo/config/cfg.py:2040
2014-10-20 14:28:50.987 14725 DEBUG nova.openstack.common.service [-] lock_path                      = /opt/stack/data/nova log_opt_values /usr/local/lib/python2.7/dist-packages/oslo/config/cfg.py:2040
2014-10-20 14:28:50.987 14725 DEBUG nova.openstack.common.service [-] lockout_attempts               = 5 log_opt_values /usr/local/lib/python2.7/dist-packages/oslo/config/cfg.py:2040
2014-10-20 14:28:50.987 14725 DEBUG nova.openstack.common.service [-] lockout_minutes                = 15 log_opt_values /usr/local/lib/python2.7/dist-packages/oslo/config/cfg.py:2040
2014-10-20 14:28:50.987 14725 DEBUG nova.openstack.common.service [-] lockout_window                 = 15 log_opt_values /usr/local/lib/python2.7/dist-packages/oslo/config/cfg.py:2040
2014-10-20 14:28:50.987 14725 DEBUG nova.openstack.common.service [-] log_config_append              = None log_opt_values /usr/local/lib/python2.7/dist-packages/oslo/config/cfg.py:2040
2014-10-20 14:28:50.988 14725 DEBUG nova.openstack.common.service [-] log_date_format                = %Y-%m-%d %H:%M:%S log_opt_values /usr/local/lib/python2.7/dist-packages/oslo/config/cfg.py:2040
2014-10-20 14:28:50.988 14725 DEBUG nova.openstack.common.service [-] log_dir                        = None log_opt_values /usr/local/lib/python2.7/dist-packages/oslo/config/cfg.py:2040
2014-10-20 14:28:50.988 14725 DEBUG nova.openstack.common.service [-] log_file                       = None log_opt_values /usr/local/lib/python2.7/dist-packages/oslo/config/cfg.py:2040
2014-10-20 14:28:50.988 14725 DEBUG nova.openstack.common.service [-] log_format                     = None log_opt_values /usr/local/lib/python2.7/dist-packages/oslo/config/cfg.py:2040
2014-10-20 14:28:50.988 14725 DEBUG nova.openstack.common.service [-] logging_context_format_string  = %(asctime)s.%(msecs)03d %(levelname)s %(name)s [%(request_id)s %(user_name)s %(project_name)s] %(instance)s%(message)s log_opt_values /usr/local/lib/python2.7/dist-packages/oslo/config/cfg.py:2040
2014-10-20 14:28:50.988 14725 DEBUG nova.openstack.common.service [-] logging_debug_format_suffix    = %(funcName)s %(pathname)s:%(lineno)d log_opt_values /usr/local/lib/python2.7/dist-packages/oslo/config/cfg.py:2040
2014-10-20 14:28:50.989 14725 DEBUG nova.openstack.common.service [-] logging_default_format_string  = %(asctime)s.%(msecs)03d %(process)d %(levelname)s %(name)s [-] %(instance)s%(message)s log_opt_values /usr/local/lib/python2.7/dist-packages/oslo/config/cfg.py:2040
2014-10-20 14:28:50.989 14725 DEBUG nova.openstack.common.service [-] logging_exception_prefix       = %(asctime)s.%(msecs)03d %(process)d TRACE %(name)s %(instance)s log_opt_values /usr/local/lib/python2.7/dist-packages/oslo/config/cfg.py:2040
2014-10-20 14:28:50.989 14725 DEBUG nova.openstack.common.service [-] max_age                        = 0 log_opt_values /usr/local/lib/python2.7/dist-packages/oslo/config/cfg.py:2040
2014-10-20 14:28:50.989 14725 DEBUG nova.openstack.common.service [-] max_header_line                = 16384 log_opt_values /usr/local/lib/python2.7/dist-packages/oslo/config/cfg.py:2040
2014-10-20 14:28:50.989 14725 DEBUG nova.openstack.common.service [-] max_local_block_devices        = 3 log_opt_values /usr/local/lib/python2.7/dist-packages/oslo/config/cfg.py:2040
2014-10-20 14:28:50.990 14725 DEBUG nova.openstack.common.service [-] memcached_servers              = None log_opt_values /usr/local/lib/python2.7/dist-packages/oslo/config/cfg.py:2040
2014-10-20 14:28:50.990 14725 DEBUG nova.openstack.common.service [-] metadata_listen                = 0.0.0.0 log_opt_values /usr/local/lib/python2.7/dist-packages/oslo/config/cfg.py:2040
2014-10-20 14:28:50.990 14725 DEBUG nova.openstack.common.service [-] metadata_listen_port           = 8775 log_opt_values /usr/local/lib/python2.7/dist-packages/oslo/config/cfg.py:2040
2014-10-20 14:28:50.990 14725 DEBUG nova.openstack.common.service [-] metadata_manager               = nova.api.manager.MetadataManager log_opt_values /usr/local/lib/python2.7/dist-packages/oslo/config/cfg.py:2040
2014-10-20 14:28:50.991 14725 DEBUG nova.openstack.common.service [-] metadata_workers               = 4 log_opt_values /usr/local/lib/python2.7/dist-packages/oslo/config/cfg.py:2040
2014-10-20 14:28:50.991 14725 DEBUG nova.openstack.common.service [-] migrate_max_retries            = -1 log_opt_values /usr/local/lib/python2.7/dist-packages/oslo/config/cfg.py:2040
2014-10-20 14:28:50.991 14725 DEBUG nova.openstack.common.service [-] monkey_patch                   = False log_opt_values /usr/local/lib/python2.7/dist-packages/oslo/config/cfg.py:2040
2014-10-20 14:28:50.991 14725 DEBUG nova.openstack.common.service [-] monkey_patch_modules           = ['nova.api.ec2.cloud:nova.notifications.notify_decorator', 'nova.compute.api:nova.notifications.notify_decorator'] log_opt_values /usr/local/lib/python2.7/dist-packages/oslo/config/cfg.py:2040
2014-10-20 14:28:50.991 14725 DEBUG nova.openstack.common.service [-] multi_instance_display_name_template = %(name)s-%(uuid)s log_opt_values /usr/local/lib/python2.7/dist-packages/oslo/config/cfg.py:2040
2014-10-20 14:28:50.991 14725 DEBUG nova.openstack.common.service [-] my_ip                          = 10.0.2.32 log_opt_values /usr/local/lib/python2.7/dist-packages/oslo/config/cfg.py:2040
2014-10-20 14:28:50.992 14725 DEBUG nova.openstack.common.service [-] network_api_class              = nova.network.neutronv2.api.API log_opt_values /usr/local/lib/python2.7/dist-packages/oslo/config/cfg.py:2040
2014-10-20 14:28:50.992 14725 DEBUG nova.openstack.common.service [-] network_manager                = nova.network.manager.VlanManager log_opt_values /usr/local/lib/python2.7/dist-packages/oslo/config/cfg.py:2040
2014-10-20 14:28:50.992 14725 DEBUG nova.openstack.common.service [-] non_inheritable_image_properties = ['cache_in_nova', 'bittorrent'] log_opt_values /usr/local/lib/python2.7/dist-packages/oslo/config/cfg.py:2040
2014-10-20 14:28:50.992 14725 DEBUG nova.openstack.common.service [-] notification_driver            = [] log_opt_values /usr/local/lib/python2.7/dist-packages/oslo/config/cfg.py:2040
2014-10-20 14:28:50.992 14725 DEBUG nova.openstack.common.service [-] notification_topics            = ['notifications'] log_opt_values /usr/local/lib/python2.7/dist-packages/oslo/config/cfg.py:2040
2014-10-20 14:28:50.992 14725 DEBUG nova.openstack.common.service [-] notify_api_faults              = False log_opt_values /usr/local/lib/python2.7/dist-packages/oslo/config/cfg.py:2040
2014-10-20 14:28:50.993 14725 DEBUG nova.openstack.common.service [-] notify_on_state_change         = None log_opt_values /usr/local/lib/python2.7/dist-packages/oslo/config/cfg.py:2040
2014-10-20 14:28:50.993 14725 DEBUG nova.openstack.common.service [-] null_kernel                    = nokernel log_opt_values /usr/local/lib/python2.7/dist-packages/oslo/config/cfg.py:2040
2014-10-20 14:28:50.993 14725 DEBUG nova.openstack.common.service [-] osapi_compute_listen           = 0.0.0.0 log_opt_values /usr/local/lib/python2.7/dist-packages/oslo/config/cfg.py:2040
2014-10-20 14:28:50.993 14725 DEBUG nova.openstack.common.service [-] osapi_compute_listen_port      = 8774 log_opt_values /usr/local/lib/python2.7/dist-packages/oslo/config/cfg.py:2040
2014-10-20 14:28:50.993 14725 DEBUG nova.openstack.common.service [-] osapi_compute_workers          = 4 log_opt_values /usr/local/lib/python2.7/dist-packages/oslo/config/cfg.py:2040
2014-10-20 14:28:50.994 14725 DEBUG nova.openstack.common.service [-] password_length                = 12 log_opt_values /usr/local/lib/python2.7/dist-packages/oslo/config/cfg.py:2040
2014-10-20 14:28:50.994 14725 DEBUG nova.openstack.common.service [-] pci_alias                      = [] log_opt_values /usr/local/lib/python2.7/dist-packages/oslo/config/cfg.py:2040
2014-10-20 14:28:50.994 14725 DEBUG nova.openstack.common.service [-] periodic_enable                = True log_opt_values /usr/local/lib/python2.7/dist-packages/oslo/config/cfg.py:2040
2014-10-20 14:28:50.994 14725 DEBUG nova.openstack.common.service [-] periodic_fuzzy_delay           = 60 log_opt_values /usr/local/lib/python2.7/dist-packages/oslo/config/cfg.py:2040
2014-10-20 14:28:50.995 14725 DEBUG nova.openstack.common.service [-] policy_default_rule            = default log_opt_values /usr/local/lib/python2.7/dist-packages/oslo/config/cfg.py:2040
2014-10-20 14:28:50.995 14725 DEBUG nova.openstack.common.service [-] policy_file                    = policy.json log_opt_values /usr/local/lib/python2.7/dist-packages/oslo/config/cfg.py:2040
2014-10-20 14:28:50.995 14725 DEBUG nova.openstack.common.service [-] preallocate_images             = none log_opt_values /usr/local/lib/python2.7/dist-packages/oslo/config/cfg.py:2040
2014-10-20 14:28:50.995 14725 DEBUG nova.openstack.common.service [-] project_cert_subject           = /C=US/ST=California/O=OpenStack/OU=NovaDev/CN=project-ca-%.16s-%s log_opt_values /usr/local/lib/python2.7/dist-packages/oslo/config/cfg.py:2040
2014-10-20 14:28:50.996 14725 DEBUG nova.openstack.common.service [-] publish_errors                 = False log_opt_values /usr/local/lib/python2.7/dist-packages/oslo/config/cfg.py:2040
2014-10-20 14:28:50.996 14725 DEBUG nova.openstack.common.service [-] pybasedir                      = /opt/stack/nova log_opt_values /usr/local/lib/python2.7/dist-packages/oslo/config/cfg.py:2040
2014-10-20 14:28:50.996 14725 DEBUG nova.openstack.common.service [-] quota_cores                    = 20 log_opt_values /usr/local/lib/python2.7/dist-packages/oslo/config/cfg.py:2040
2014-10-20 14:28:50.996 14725 DEBUG nova.openstack.common.service [-] quota_driver                   = nova.quota.DbQuotaDriver log_opt_values /usr/local/lib/python2.7/dist-packages/oslo/config/cfg.py:2040
2014-10-20 14:28:50.996 14725 DEBUG nova.openstack.common.service [-] quota_fixed_ips                = -1 log_opt_values /usr/local/lib/python2.7/dist-packages/oslo/config/cfg.py:2040
2014-10-20 14:28:50.997 14725 DEBUG nova.openstack.common.service [-] quota_floating_ips             = 10 log_opt_values /usr/local/lib/python2.7/dist-packages/oslo/config/cfg.py:2040
2014-10-20 14:28:50.997 14725 DEBUG nova.openstack.common.service [-] quota_injected_file_content_bytes = 10240 log_opt_values /usr/local/lib/python2.7/dist-packages/oslo/config/cfg.py:2040
2014-10-20 14:28:50.997 14725 DEBUG nova.openstack.common.service [-] quota_injected_file_path_bytes = 255 log_opt_values /usr/local/lib/python2.7/dist-packages/oslo/config/cfg.py:2040
2014-10-20 14:28:50.997 14725 DEBUG nova.openstack.common.service [-] quota_injected_files           = 5 log_opt_values /usr/local/lib/python2.7/dist-packages/oslo/config/cfg.py:2040
2014-10-20 14:28:50.997 14725 DEBUG nova.openstack.common.service [-] quota_instances                = 10 log_opt_values /usr/local/lib/python2.7/dist-packages/oslo/config/cfg.py:2040
2014-10-20 14:28:50.997 14725 DEBUG nova.openstack.common.service [-] quota_key_pairs                = 100 log_opt_values /usr/local/lib/python2.7/dist-packages/oslo/config/cfg.py:2040
2014-10-20 14:28:50.998 14725 DEBUG nova.openstack.common.service [-] quota_metadata_items           = 128 log_opt_values /usr/local/lib/python2.7/dist-packages/oslo/config/cfg.py:2040
2014-10-20 14:28:50.998 14725 DEBUG nova.openstack.common.service [-] quota_ram                      = 51200 log_opt_values /usr/local/lib/python2.7/dist-packages/oslo/config/cfg.py:2040
2014-10-20 14:28:50.998 14725 DEBUG nova.openstack.common.service [-] quota_security_group_rules     = 20 log_opt_values /usr/local/lib/python2.7/dist-packages/oslo/config/cfg.py:2040
2014-10-20 14:28:50.998 14725 DEBUG nova.openstack.common.service [-] quota_security_groups          = 10 log_opt_values /usr/local/lib/python2.7/dist-packages/oslo/config/cfg.py:2040
2014-10-20 14:28:50.998 14725 DEBUG nova.openstack.common.service [-] rabbit_ha_queues               = False log_opt_values /usr/local/lib/python2.7/dist-packages/oslo/config/cfg.py:2040
2014-10-20 14:28:50.999 14725 DEBUG nova.openstack.common.service [-] rabbit_host                    = localhost log_opt_values /usr/local/lib/python2.7/dist-packages/oslo/config/cfg.py:2040
2014-10-20 14:28:50.999 14725 DEBUG nova.openstack.common.service [-] rabbit_hosts                   = ['10.0.2.32'] log_opt_values /usr/local/lib/python2.7/dist-packages/oslo/config/cfg.py:2040
2014-10-20 14:28:50.999 14725 DEBUG nova.openstack.common.service [-] rabbit_login_method            = AMQPLAIN log_opt_values /usr/local/lib/python2.7/dist-packages/oslo/config/cfg.py:2040
2014-10-20 14:28:50.999 14725 DEBUG nova.openstack.common.service [-] rabbit_max_retries             = 0 log_opt_values /usr/local/lib/python2.7/dist-packages/oslo/config/cfg.py:2040
2014-10-20 14:28:50.999 14725 DEBUG nova.openstack.common.service [-] rabbit_password                = **** log_opt_values /usr/local/lib/python2.7/dist-packages/oslo/config/cfg.py:2040
2014-10-20 14:28:51.000 14725 DEBUG nova.openstack.common.service [-] rabbit_port                    = 5672 log_opt_values /usr/local/lib/python2.7/dist-packages/oslo/config/cfg.py:2040
2014-10-20 14:28:51.000 14725 DEBUG nova.openstack.common.service [-] rabbit_retry_backoff           = 2 log_opt_values /usr/local/lib/python2.7/dist-packages/oslo/config/cfg.py:2040
2014-10-20 14:28:51.000 14725 DEBUG nova.openstack.common.service [-] rabbit_retry_interval          = 1 log_opt_values /usr/local/lib/python2.7/dist-packages/oslo/config/cfg.py:2040
2014-10-20 14:28:51.000 14725 DEBUG nova.openstack.common.service [-] rabbit_use_ssl                 = False log_opt_values /usr/local/lib/python2.7/dist-packages/oslo/config/cfg.py:2040
2014-10-20 14:28:51.000 14725 DEBUG nova.openstack.common.service [-] rabbit_userid                  = guest log_opt_values /usr/local/lib/python2.7/dist-packages/oslo/config/cfg.py:2040
2014-10-20 14:28:51.001 14725 DEBUG nova.openstack.common.service [-] rabbit_virtual_host            = / log_opt_values /usr/local/lib/python2.7/dist-packages/oslo/config/cfg.py:2040
2014-10-20 14:28:51.001 14725 DEBUG nova.openstack.common.service [-] report_interval                = 10 log_opt_values /usr/local/lib/python2.7/dist-packages/oslo/config/cfg.py:2040
2014-10-20 14:28:51.001 14725 DEBUG nova.openstack.common.service [-] reservation_expire             = 86400 log_opt_values /usr/local/lib/python2.7/dist-packages/oslo/config/cfg.py:2040
2014-10-20 14:28:51.001 14725 DEBUG nova.openstack.common.service [-] rootwrap_config                = /etc/nova/rootwrap.conf log_opt_values /usr/local/lib/python2.7/dist-packages/oslo/config/cfg.py:2040
2014-10-20 14:28:51.001 14725 DEBUG nova.openstack.common.service [-] rpc_backend                    = nova.openstack.common.rpc.impl_kombu log_opt_values /usr/local/lib/python2.7/dist-packages/oslo/config/cfg.py:2040
2014-10-20 14:28:51.002 14725 DEBUG nova.openstack.common.service [-] rpc_conn_pool_size             = 30 log_opt_values /usr/local/lib/python2.7/dist-packages/oslo/config/cfg.py:2040
2014-10-20 14:28:51.002 14725 DEBUG nova.openstack.common.service [-] run_external_periodic_tasks    = True log_opt_values /usr/local/lib/python2.7/dist-packages/oslo/config/cfg.py:2040
2014-10-20 14:28:51.002 14725 DEBUG nova.openstack.common.service [-] s3_listen                      = 0.0.0.0 log_opt_values /usr/local/lib/python2.7/dist-packages/oslo/config/cfg.py:2040
2014-10-20 14:28:51.002 14725 DEBUG nova.openstack.common.service [-] s3_listen_port                 = 3333 log_opt_values /usr/local/lib/python2.7/dist-packages/oslo/config/cfg.py:2040
2014-10-20 14:28:51.002 14725 DEBUG nova.openstack.common.service [-] scheduler_manager              = nova.scheduler.manager.SchedulerManager log_opt_values /usr/local/lib/python2.7/dist-packages/oslo/config/cfg.py:2040
2014-10-20 14:28:51.003 14725 DEBUG nova.openstack.common.service [-] scheduler_topic                = scheduler log_opt_values /usr/local/lib/python2.7/dist-packages/oslo/config/cfg.py:2040
2014-10-20 14:28:51.003 14725 DEBUG nova.openstack.common.service [-] security_group_api             = neutron log_opt_values /usr/local/lib/python2.7/dist-packages/oslo/config/cfg.py:2040
2014-10-20 14:28:51.003 14725 DEBUG nova.openstack.common.service [-] service_down_time              = 60 log_opt_values /usr/local/lib/python2.7/dist-packages/oslo/config/cfg.py:2040
2014-10-20 14:28:51.003 14725 DEBUG nova.openstack.common.service [-] servicegroup_driver            = db log_opt_values /usr/local/lib/python2.7/dist-packages/oslo/config/cfg.py:2040
2014-10-20 14:28:51.003 14725 DEBUG nova.openstack.common.service [-] snapshot_name_template         = snapshot-%s log_opt_values /usr/local/lib/python2.7/dist-packages/oslo/config/cfg.py:2040
2014-10-20 14:28:51.004 14725 DEBUG nova.openstack.common.service [-] ssl_ca_file                    = None log_opt_values /usr/local/lib/python2.7/dist-packages/oslo/config/cfg.py:2040
2014-10-20 14:28:51.004 14725 DEBUG nova.openstack.common.service [-] ssl_cert_file                  = None log_opt_values /usr/local/lib/python2.7/dist-packages/oslo/config/cfg.py:2040
2014-10-20 14:28:51.004 14725 DEBUG nova.openstack.common.service [-] ssl_key_file                   = None log_opt_values /usr/local/lib/python2.7/dist-packages/oslo/config/cfg.py:2040
2014-10-20 14:28:51.004 14725 DEBUG nova.openstack.common.service [-] state_path                     = /opt/stack/data/nova log_opt_values /usr/local/lib/python2.7/dist-packages/oslo/config/cfg.py:2040
2014-10-20 14:28:51.004 14725 DEBUG nova.openstack.common.service [-] syslog_log_facility            = LOG_USER log_opt_values /usr/local/lib/python2.7/dist-packages/oslo/config/cfg.py:2040
2014-10-20 14:28:51.005 14725 DEBUG nova.openstack.common.service [-] tcp_keepidle                   = 600 log_opt_values /usr/local/lib/python2.7/dist-packages/oslo/config/cfg.py:2040
2014-10-20 14:28:51.005 14725 DEBUG nova.openstack.common.service [-] tempdir                        = None log_opt_values /usr/local/lib/python2.7/dist-packages/oslo/config/cfg.py:2040
2014-10-20 14:28:51.005 14725 DEBUG nova.openstack.common.service [-] transport_url                  = None log_opt_values /usr/local/lib/python2.7/dist-packages/oslo/config/cfg.py:2040
2014-10-20 14:28:51.005 14725 DEBUG nova.openstack.common.service [-] until_refresh                  = 0 log_opt_values /usr/local/lib/python2.7/dist-packages/oslo/config/cfg.py:2040
2014-10-20 14:28:51.005 14725 DEBUG nova.openstack.common.service [-] use_cow_images                 = True log_opt_values /usr/local/lib/python2.7/dist-packages/oslo/config/cfg.py:2040
2014-10-20 14:28:51.006 14725 DEBUG nova.openstack.common.service [-] use_forwarded_for              = False log_opt_values /usr/local/lib/python2.7/dist-packages/oslo/config/cfg.py:2040
2014-10-20 14:28:51.006 14725 DEBUG nova.openstack.common.service [-] use_ipv6                       = False log_opt_values /usr/local/lib/python2.7/dist-packages/oslo/config/cfg.py:2040
2014-10-20 14:28:51.006 14725 DEBUG nova.openstack.common.service [-] use_project_ca                 = False log_opt_values /usr/local/lib/python2.7/dist-packages/oslo/config/cfg.py:2040
2014-10-20 14:28:51.006 14725 DEBUG nova.openstack.common.service [-] use_stderr                     = True log_opt_values /usr/local/lib/python2.7/dist-packages/oslo/config/cfg.py:2040
2014-10-20 14:28:51.006 14725 DEBUG nova.openstack.common.service [-] use_syslog                     = False log_opt_values /usr/local/lib/python2.7/dist-packages/oslo/config/cfg.py:2040
2014-10-20 14:28:51.007 14725 DEBUG nova.openstack.common.service [-] use_syslog_rfc_format          = False log_opt_values /usr/local/lib/python2.7/dist-packages/oslo/config/cfg.py:2040
2014-10-20 14:28:51.007 14725 DEBUG nova.openstack.common.service [-] user_cert_subject              = /C=US/ST=California/O=OpenStack/OU=NovaDev/CN=%.16s-%.16s-%s log_opt_values /usr/local/lib/python2.7/dist-packages/oslo/config/cfg.py:2040
2014-10-20 14:28:51.007 14725 DEBUG nova.openstack.common.service [-] verbose                        = True log_opt_values /usr/local/lib/python2.7/dist-packages/oslo/config/cfg.py:2040
2014-10-20 14:28:51.007 14725 DEBUG nova.openstack.common.service [-] vif_plugging_is_fatal          = True log_opt_values /usr/local/lib/python2.7/dist-packages/oslo/config/cfg.py:2040
2014-10-20 14:28:51.007 14725 DEBUG nova.openstack.common.service [-] vif_plugging_timeout           = 300 log_opt_values /usr/local/lib/python2.7/dist-packages/oslo/config/cfg.py:2040
2014-10-20 14:28:51.008 14725 DEBUG nova.openstack.common.service [-] volume_api_class               = nova.volume.cinder.API log_opt_values /usr/local/lib/python2.7/dist-packages/oslo/config/cfg.py:2040
2014-10-20 14:28:51.008 14725 DEBUG nova.openstack.common.service [-] wsgi_default_pool_size         = 1000 log_opt_values /usr/local/lib/python2.7/dist-packages/oslo/config/cfg.py:2040
2014-10-20 14:28:51.008 14725 DEBUG nova.openstack.common.service [-] wsgi_log_format                = %(client_ip)s "%(request_line)s" status: %(status_code)s len: %(body_length)s time: %(wall_seconds).7f log_opt_values /usr/local/lib/python2.7/dist-packages/oslo/config/cfg.py:2040
2014-10-20 14:28:51.008 14725 DEBUG nova.openstack.common.service [-] cells.bandwidth_update_interval = 600 log_opt_values /usr/local/lib/python2.7/dist-packages/oslo/config/cfg.py:2048
2014-10-20 14:28:51.008 14725 DEBUG nova.openstack.common.service [-] cells.call_timeout             = 60 log_opt_values /usr/local/lib/python2.7/dist-packages/oslo/config/cfg.py:2048
2014-10-20 14:28:51.009 14725 DEBUG nova.openstack.common.service [-] cells.capabilities             = ['hypervisor=xenserver;kvm', 'os=linux;windows'] log_opt_values /usr/local/lib/python2.7/dist-packages/oslo/config/cfg.py:2048
2014-10-20 14:28:51.009 14725 DEBUG nova.openstack.common.service [-] cells.cell_type                = compute log_opt_values /usr/local/lib/python2.7/dist-packages/oslo/config/cfg.py:2048
2014-10-20 14:28:51.009 14725 DEBUG nova.openstack.common.service [-] cells.enable                   = False log_opt_values /usr/local/lib/python2.7/dist-packages/oslo/config/cfg.py:2048
2014-10-20 14:28:51.009 14725 DEBUG nova.openstack.common.service [-] cells.manager                  = nova.cells.manager.CellsManager log_opt_values /usr/local/lib/python2.7/dist-packages/oslo/config/cfg.py:2048
2014-10-20 14:28:51.009 14725 DEBUG nova.openstack.common.service [-] cells.mute_child_interval      = 300 log_opt_values /usr/local/lib/python2.7/dist-packages/oslo/config/cfg.py:2048
2014-10-20 14:28:51.010 14725 DEBUG nova.openstack.common.service [-] cells.name                     = nova log_opt_values /usr/local/lib/python2.7/dist-packages/oslo/config/cfg.py:2048
2014-10-20 14:28:51.010 14725 DEBUG nova.openstack.common.service [-] cells.reserve_percent          = 10.0 log_opt_values /usr/local/lib/python2.7/dist-packages/oslo/config/cfg.py:2048
2014-10-20 14:28:51.010 14725 DEBUG nova.openstack.common.service [-] cells.topic                    = cells log_opt_values /usr/local/lib/python2.7/dist-packages/oslo/config/cfg.py:2048
2014-10-20 14:28:51.010 14725 DEBUG nova.openstack.common.service [-] upgrade_levels.baseapi         = None log_opt_values /usr/local/lib/python2.7/dist-packages/oslo/config/cfg.py:2048
2014-10-20 14:28:51.011 14725 DEBUG nova.openstack.common.service [-] upgrade_levels.cells           = None log_opt_values /usr/local/lib/python2.7/dist-packages/oslo/config/cfg.py:2048
2014-10-20 14:28:51.011 14725 DEBUG nova.openstack.common.service [-] upgrade_levels.compute         = None log_opt_values /usr/local/lib/python2.7/dist-packages/oslo/config/cfg.py:2048
2014-10-20 14:28:51.011 14725 DEBUG nova.openstack.common.service [-] upgrade_levels.conductor       = None log_opt_values /usr/local/lib/python2.7/dist-packages/oslo/config/cfg.py:2048
2014-10-20 14:28:51.011 14725 DEBUG nova.openstack.common.service [-] upgrade_levels.consoleauth     = None log_opt_values /usr/local/lib/python2.7/dist-packages/oslo/config/cfg.py:2048
2014-10-20 14:28:51.011 14725 DEBUG nova.openstack.common.service [-] upgrade_levels.scheduler       = None log_opt_values /usr/local/lib/python2.7/dist-packages/oslo/config/cfg.py:2048
2014-10-20 14:28:51.012 14725 DEBUG nova.openstack.common.service [-] remote_debug.host              = None log_opt_values /usr/local/lib/python2.7/dist-packages/oslo/config/cfg.py:2048
2014-10-20 14:28:51.012 14725 DEBUG nova.openstack.common.service [-] remote_debug.port              = None log_opt_values /usr/local/lib/python2.7/dist-packages/oslo/config/cfg.py:2048
2014-10-20 14:28:51.012 14725 DEBUG nova.openstack.common.service [-] conductor.manager              = nova.conductor.manager.ConductorManager log_opt_values /usr/local/lib/python2.7/dist-packages/oslo/config/cfg.py:2048
2014-10-20 14:28:51.012 14725 DEBUG nova.openstack.common.service [-] conductor.topic                = conductor log_opt_values /usr/local/lib/python2.7/dist-packages/oslo/config/cfg.py:2048
2014-10-20 14:28:51.012 14725 DEBUG nova.openstack.common.service [-] conductor.use_local            = False log_opt_values /usr/local/lib/python2.7/dist-packages/oslo/config/cfg.py:2048
2014-10-20 14:28:51.013 14725 DEBUG nova.openstack.common.service [-] conductor.workers              = 4 log_opt_values /usr/local/lib/python2.7/dist-packages/oslo/config/cfg.py:2048
2014-10-20 14:28:51.013 14725 DEBUG nova.openstack.common.service [-] database.backend               = sqlalchemy log_opt_values /usr/local/lib/python2.7/dist-packages/oslo/config/cfg.py:2048
2014-10-20 14:28:51.013 14725 DEBUG nova.openstack.common.service [-] database.connection            = **** log_opt_values /usr/local/lib/python2.7/dist-packages/oslo/config/cfg.py:2048
2014-10-20 14:28:51.013 14725 DEBUG nova.openstack.common.service [-] database.connection_debug      = 0 log_opt_values /usr/local/lib/python2.7/dist-packages/oslo/config/cfg.py:2048
2014-10-20 14:28:51.013 14725 DEBUG nova.openstack.common.service [-] database.connection_trace      = False log_opt_values /usr/local/lib/python2.7/dist-packages/oslo/config/cfg.py:2048
2014-10-20 14:28:51.014 14725 DEBUG nova.openstack.common.service [-] database.db_inc_retry_interval = True log_opt_values /usr/local/lib/python2.7/dist-packages/oslo/config/cfg.py:2048
2014-10-20 14:28:51.014 14725 DEBUG nova.openstack.common.service [-] database.db_max_retries        = 20 log_opt_values /usr/local/lib/python2.7/dist-packages/oslo/config/cfg.py:2048
2014-10-20 14:28:51.014 14725 DEBUG nova.openstack.common.service [-] database.db_max_retry_interval = 10 log_opt_values /usr/local/lib/python2.7/dist-packages/oslo/config/cfg.py:2048
2014-10-20 14:28:51.014 14725 DEBUG nova.openstack.common.service [-] database.db_retry_interval     = 1 log_opt_values /usr/local/lib/python2.7/dist-packages/oslo/config/cfg.py:2048
2014-10-20 14:28:51.015 14725 DEBUG nova.openstack.common.service [-] database.idle_timeout          = 3600 log_opt_values /usr/local/lib/python2.7/dist-packages/oslo/config/cfg.py:2048
2014-10-20 14:28:51.015 14725 DEBUG nova.openstack.common.service [-] database.max_overflow          = None log_opt_values /usr/local/lib/python2.7/dist-packages/oslo/config/cfg.py:2048
2014-10-20 14:28:51.015 14725 DEBUG nova.openstack.common.service [-] database.max_pool_size         = None log_opt_values /usr/local/lib/python2.7/dist-packages/oslo/config/cfg.py:2048
2014-10-20 14:28:51.016 14725 DEBUG nova.openstack.common.service [-] database.max_retries           = 10 log_opt_values /usr/local/lib/python2.7/dist-packages/oslo/config/cfg.py:2048
2014-10-20 14:28:51.016 14725 DEBUG nova.openstack.common.service [-] database.min_pool_size         = 1 log_opt_values /usr/local/lib/python2.7/dist-packages/oslo/config/cfg.py:2048
2014-10-20 14:28:51.016 14725 DEBUG nova.openstack.common.service [-] database.mysql_sql_mode        = None log_opt_values /usr/local/lib/python2.7/dist-packages/oslo/config/cfg.py:2048
2014-10-20 14:28:51.016 14725 DEBUG nova.openstack.common.service [-] database.pool_timeout          = None log_opt_values /usr/local/lib/python2.7/dist-packages/oslo/config/cfg.py:2048
2014-10-20 14:28:51.016 14725 DEBUG nova.openstack.common.service [-] database.retry_interval        = 10 log_opt_values /usr/local/lib/python2.7/dist-packages/oslo/config/cfg.py:2048
2014-10-20 14:28:51.016 14725 DEBUG nova.openstack.common.service [-] database.sqlite_db             = nova.sqlite log_opt_values /usr/local/lib/python2.7/dist-packages/oslo/config/cfg.py:2048
2014-10-20 14:28:51.017 14725 DEBUG nova.openstack.common.service [-] database.sqlite_synchronous    = True log_opt_values /usr/local/lib/python2.7/dist-packages/oslo/config/cfg.py:2048
2014-10-20 14:28:51.017 14725 DEBUG nova.openstack.common.service [-] database.use_db_reconnect      = False log_opt_values /usr/local/lib/python2.7/dist-packages/oslo/config/cfg.py:2048
2014-10-20 14:28:51.017 14725 DEBUG nova.openstack.common.service [-] ******************************************************************************** log_opt_values /usr/local/lib/python2.7/dist-packages/oslo/config/cfg.py:2050
2014-10-20 14:28:51.017 14725 INFO nova.S3 Objectstore.wsgi.server [-] (14725) wsgi starting up on http://0.0.0.0:3333/
root@devstack:~# /usr/local/bin/nova-objectstore --config-file /etc/nova/nova.conf
2014-10-20 14:34:45.799 2821 DEBUG routes.middleware [-] Initialized with method overriding = True, and path info altering = True __init__ /usr/local/lib/python2.7/dist-packages/routes/middleware.py:41
2014-10-20 14:34:45.801 2821 INFO nova.wsgi [-] S3 Objectstore listening on 0.0.0.0:3333
2014-10-20 14:34:45.805 2821 DEBUG nova.openstack.common.service [-] Full set of CONF: _wait_for_exit_or_signal /opt/stack/nova/nova/openstack/common/service.py:166
2014-10-20 14:34:45.824 2821 DEBUG nova.openstack.common.service [-] ******************************************************************************** log_opt_values /usr/local/lib/python2.7/dist-packages/oslo/config/cfg.py:2027
2014-10-20 14:34:45.825 2821 DEBUG nova.openstack.common.service [-] Configuration options gathered from: log_opt_values /usr/local/lib/python2.7/dist-packages/oslo/config/cfg.py:2028
2014-10-20 14:34:45.825 2821 DEBUG nova.openstack.common.service [-] command line args: ['--config-file', '/etc/nova/nova.conf'] log_opt_values /usr/local/lib/python2.7/dist-packages/oslo/config/cfg.py:2029
2014-10-20 14:34:45.827 2821 DEBUG nova.openstack.common.service [-] config files: ['/etc/nova/nova.conf'] log_opt_values /usr/local/lib/python2.7/dist-packages/oslo/config/cfg.py:2030
2014-10-20 14:34:45.828 2821 DEBUG nova.openstack.common.service [-] ================================================================================ log_opt_values /usr/local/lib/python2.7/dist-packages/oslo/config/cfg.py:2031
2014-10-20 14:34:45.828 2821 DEBUG nova.openstack.common.service [-] allow_migrate_to_same_host     = False log_opt_values /usr/local/lib/python2.7/dist-packages/oslo/config/cfg.py:2040
2014-10-20 14:34:45.831 2821 DEBUG nova.openstack.common.service [-] allow_resize_to_same_host      = True log_opt_values /usr/local/lib/python2.7/dist-packages/oslo/config/cfg.py:2040
2014-10-20 14:34:45.831 2821 DEBUG nova.openstack.common.service [-] allowed_direct_url_schemes     = [] log_opt_values /usr/local/lib/python2.7/dist-packages/oslo/config/cfg.py:2040
2014-10-20 14:34:45.831 2821 DEBUG nova.openstack.common.service [-] amqp_auto_delete               = False log_opt_values /usr/local/lib/python2.7/dist-packages/oslo/config/cfg.py:2040
2014-10-20 14:34:45.831 2821 DEBUG nova.openstack.common.service [-] amqp_durable_queues            = False log_opt_values /usr/local/lib/python2.7/dist-packages/oslo/config/cfg.py:2040
2014-10-20 14:34:45.832 2821 DEBUG nova.openstack.common.service [-] api_paste_config               = /etc/nova/api-paste.ini log_opt_values /usr/local/lib/python2.7/dist-packages/oslo/config/cfg.py:2040
2014-10-20 14:34:45.832 2821 DEBUG nova.openstack.common.service [-] api_rate_limit                 = False log_opt_values /usr/local/lib/python2.7/dist-packages/oslo/config/cfg.py:2040
2014-10-20 14:34:45.832 2821 DEBUG nova.openstack.common.service [-] auth_strategy                  = keystone log_opt_values /usr/local/lib/python2.7/dist-packages/oslo/config/cfg.py:2040
2014-10-20 14:34:45.832 2821 DEBUG nova.openstack.common.service [-] backdoor_port                  = None log_opt_values /usr/local/lib/python2.7/dist-packages/oslo/config/cfg.py:2040
2014-10-20 14:34:45.832 2821 DEBUG nova.openstack.common.service [-] bindir                         = /usr/local/bin log_opt_values /usr/local/lib/python2.7/dist-packages/oslo/config/cfg.py:2040
2014-10-20 14:34:45.833 2821 DEBUG nova.openstack.common.service [-] buckets_path                   = /opt/stack/data/nova/buckets log_opt_values /usr/local/lib/python2.7/dist-packages/oslo/config/cfg.py:2040
2014-10-20 14:34:45.833 2821 DEBUG nova.openstack.common.service [-] ca_file                        = cacert.pem log_opt_values /usr/local/lib/python2.7/dist-packages/oslo/config/cfg.py:2040
2014-10-20 14:34:45.833 2821 DEBUG nova.openstack.common.service [-] ca_path                        = /opt/stack/data/nova/CA log_opt_values /usr/local/lib/python2.7/dist-packages/oslo/config/cfg.py:2040
2014-10-20 14:34:45.834 2821 DEBUG nova.openstack.common.service [-] cert_manager                   = nova.cert.manager.CertManager log_opt_values /usr/local/lib/python2.7/dist-packages/oslo/config/cfg.py:2040
2014-10-20 14:34:45.835 2821 DEBUG nova.openstack.common.service [-] compute_driver                 = libvirt.LibvirtDriver log_opt_values /usr/local/lib/python2.7/dist-packages/oslo/config/cfg.py:2040
2014-10-20 14:34:45.835 2821 DEBUG nova.openstack.common.service [-] compute_manager                = nova.compute.manager.ComputeManager log_opt_values /usr/local/lib/python2.7/dist-packages/oslo/config/cfg.py:2040
2014-10-20 14:34:45.835 2821 DEBUG nova.openstack.common.service [-] compute_topic                  = compute log_opt_values /usr/local/lib/python2.7/dist-packages/oslo/config/cfg.py:2040
2014-10-20 14:34:45.835 2821 DEBUG nova.openstack.common.service [-] config_dir                     = None log_opt_values /usr/local/lib/python2.7/dist-packages/oslo/config/cfg.py:2040
2014-10-20 14:34:45.836 2821 DEBUG nova.openstack.common.service [-] config_file                    = ['/etc/nova/nova.conf'] log_opt_values /usr/local/lib/python2.7/dist-packages/oslo/config/cfg.py:2040
2014-10-20 14:34:45.836 2821 DEBUG nova.openstack.common.service [-] console_manager                = nova.console.manager.ConsoleProxyManager log_opt_values /usr/local/lib/python2.7/dist-packages/oslo/config/cfg.py:2040
2014-10-20 14:34:45.836 2821 DEBUG nova.openstack.common.service [-] consoleauth_manager            = nova.consoleauth.manager.ConsoleAuthManager log_opt_values /usr/local/lib/python2.7/dist-packages/oslo/config/cfg.py:2040
2014-10-20 14:34:45.836 2821 DEBUG nova.openstack.common.service [-] consoleauth_topic              = consoleauth log_opt_values /usr/local/lib/python2.7/dist-packages/oslo/config/cfg.py:2040
2014-10-20 14:34:45.836 2821 DEBUG nova.openstack.common.service [-] control_exchange               = nova log_opt_values /usr/local/lib/python2.7/dist-packages/oslo/config/cfg.py:2040
2014-10-20 14:34:45.837 2821 DEBUG nova.openstack.common.service [-] crl_file                       = crl.pem log_opt_values /usr/local/lib/python2.7/dist-packages/oslo/config/cfg.py:2040
2014-10-20 14:34:45.837 2821 DEBUG nova.openstack.common.service [-] db_driver                      = nova.db log_opt_values /usr/local/lib/python2.7/dist-packages/oslo/config/cfg.py:2040
2014-10-20 14:34:45.837 2821 DEBUG nova.openstack.common.service [-] debug                          = True log_opt_values /usr/local/lib/python2.7/dist-packages/oslo/config/cfg.py:2040
2014-10-20 14:34:45.837 2821 DEBUG nova.openstack.common.service [-] default_availability_zone      = nova log_opt_values /usr/local/lib/python2.7/dist-packages/oslo/config/cfg.py:2040
2014-10-20 14:34:45.838 2821 DEBUG nova.openstack.common.service [-] default_ephemeral_format       = ext4 log_opt_values /usr/local/lib/python2.7/dist-packages/oslo/config/cfg.py:2040
2014-10-20 14:34:45.838 2821 DEBUG nova.openstack.common.service [-] default_flavor                 = m1.small log_opt_values /usr/local/lib/python2.7/dist-packages/oslo/config/cfg.py:2040
2014-10-20 14:34:45.838 2821 DEBUG nova.openstack.common.service [-] default_log_levels             = ['amqp=WARN', 'amqplib=WARN', 'boto=WARN', 'qpid=WARN', 'sqlalchemy=WARN', 'suds=INFO', 'oslo.messaging=INFO', 'iso8601=WARN'] log_opt_values /usr/local/lib/python2.7/dist-packages/oslo/config/cfg.py:2040
2014-10-20 14:34:45.839 2821 DEBUG nova.openstack.common.service [-] default_notification_level     = INFO log_opt_values /usr/local/lib/python2.7/dist-packages/oslo/config/cfg.py:2040
2014-10-20 14:34:45.839 2821 DEBUG nova.openstack.common.service [-] default_publisher_id           = None log_opt_values /usr/local/lib/python2.7/dist-packages/oslo/config/cfg.py:2040
2014-10-20 14:34:45.839 2821 DEBUG nova.openstack.common.service [-] default_schedule_zone          = None log_opt_values /usr/local/lib/python2.7/dist-packages/oslo/config/cfg.py:2040
2014-10-20 14:34:45.839 2821 DEBUG nova.openstack.common.service [-] disable_process_locking        = False log_opt_values /usr/local/lib/python2.7/dist-packages/oslo/config/cfg.py:2040
2014-10-20 14:34:45.839 2821 DEBUG nova.openstack.common.service [-] ec2_listen                     = 0.0.0.0 log_opt_values /usr/local/lib/python2.7/dist-packages/oslo/config/cfg.py:2040
2014-10-20 14:34:45.839 2821 DEBUG nova.openstack.common.service [-] ec2_listen_port                = 8773 log_opt_values /usr/local/lib/python2.7/dist-packages/oslo/config/cfg.py:2040
2014-10-20 14:34:45.840 2821 DEBUG nova.openstack.common.service [-] ec2_private_dns_show_ip        = False log_opt_values /usr/local/lib/python2.7/dist-packages/oslo/config/cfg.py:2040
2014-10-20 14:34:45.840 2821 DEBUG nova.openstack.common.service [-] ec2_strict_validation          = True log_opt_values /usr/local/lib/python2.7/dist-packages/oslo/config/cfg.py:2040
2014-10-20 14:34:45.840 2821 DEBUG nova.openstack.common.service [-] ec2_timestamp_expiry           = 300 log_opt_values /usr/local/lib/python2.7/dist-packages/oslo/config/cfg.py:2040
2014-10-20 14:34:45.840 2821 DEBUG nova.openstack.common.service [-] ec2_workers                    = 4 log_opt_values /usr/local/lib/python2.7/dist-packages/oslo/config/cfg.py:2040
2014-10-20 14:34:45.840 2821 DEBUG nova.openstack.common.service [-] enable_new_services            = True log_opt_values /usr/local/lib/python2.7/dist-packages/oslo/config/cfg.py:2040
2014-10-20 14:34:45.841 2821 DEBUG nova.openstack.common.service [-] enabled_apis                   = ['ec2', 'osapi_compute', 'metadata'] log_opt_values /usr/local/lib/python2.7/dist-packages/oslo/config/cfg.py:2040
2014-10-20 14:34:45.841 2821 DEBUG nova.openstack.common.service [-] enabled_ssl_apis               = [] log_opt_values /usr/local/lib/python2.7/dist-packages/oslo/config/cfg.py:2040
2014-10-20 14:34:45.841 2821 DEBUG nova.openstack.common.service [-] fake_rabbit                    = False log_opt_values /usr/local/lib/python2.7/dist-packages/oslo/config/cfg.py:2040
2014-10-20 14:34:45.842 2821 DEBUG nova.openstack.common.service [-] fatal_deprecations             = False log_opt_values /usr/local/lib/python2.7/dist-packages/oslo/config/cfg.py:2040
2014-10-20 14:34:45.842 2821 DEBUG nova.openstack.common.service [-] fatal_exception_format_errors  = False log_opt_values /usr/local/lib/python2.7/dist-packages/oslo/config/cfg.py:2040
2014-10-20 14:34:45.842 2821 DEBUG nova.openstack.common.service [-] glance_api_insecure            = False log_opt_values /usr/local/lib/python2.7/dist-packages/oslo/config/cfg.py:2040
2014-10-20 14:34:45.849 2821 DEBUG nova.openstack.common.service [-] glance_api_servers             = ['10.0.2.32:9292'] log_opt_values /usr/local/lib/python2.7/dist-packages/oslo/config/cfg.py:2040
2014-10-20 14:34:45.850 2821 DEBUG nova.openstack.common.service [-] glance_host                    = 10.0.2.32 log_opt_values /usr/local/lib/python2.7/dist-packages/oslo/config/cfg.py:2040
2014-10-20 14:34:45.850 2821 DEBUG nova.openstack.common.service [-] glance_num_retries             = 0 log_opt_values /usr/local/lib/python2.7/dist-packages/oslo/config/cfg.py:2040
2014-10-20 14:34:45.850 2821 DEBUG nova.openstack.common.service [-] glance_port                    = 9292 log_opt_values /usr/local/lib/python2.7/dist-packages/oslo/config/cfg.py:2040
2014-10-20 14:34:45.850 2821 DEBUG nova.openstack.common.service [-] glance_protocol                = http log_opt_values /usr/local/lib/python2.7/dist-packages/oslo/config/cfg.py:2040
2014-10-20 14:34:45.851 2821 DEBUG nova.openstack.common.service [-] host                           = devstack log_opt_values /usr/local/lib/python2.7/dist-packages/oslo/config/cfg.py:2040
2014-10-20 14:34:45.851 2821 DEBUG nova.openstack.common.service [-] instance_format                = [instance: %(uuid)s]  log_opt_values /usr/local/lib/python2.7/dist-packages/oslo/config/cfg.py:2040
2014-10-20 14:34:45.851 2821 DEBUG nova.openstack.common.service [-] instance_name_template         = instance-%08x log_opt_values /usr/local/lib/python2.7/dist-packages/oslo/config/cfg.py:2040
2014-10-20 14:34:45.851 2821 DEBUG nova.openstack.common.service [-] instance_usage_audit_period    = month log_opt_values /usr/local/lib/python2.7/dist-packages/oslo/config/cfg.py:2040
2014-10-20 14:34:45.852 2821 DEBUG nova.openstack.common.service [-] instance_uuid_format           = [instance: %(uuid)s]  log_opt_values /usr/local/lib/python2.7/dist-packages/oslo/config/cfg.py:2040
2014-10-20 14:34:45.852 2821 DEBUG nova.openstack.common.service [-] internal_service_availability_zone = internal log_opt_values /usr/local/lib/python2.7/dist-packages/oslo/config/cfg.py:2040
2014-10-20 14:34:45.852 2821 DEBUG nova.openstack.common.service [-] key_file                       = private/cakey.pem log_opt_values /usr/local/lib/python2.7/dist-packages/oslo/config/cfg.py:2040
2014-10-20 14:34:45.852 2821 DEBUG nova.openstack.common.service [-] keys_path                      = /opt/stack/data/nova/keys log_opt_values /usr/local/lib/python2.7/dist-packages/oslo/config/cfg.py:2040
2014-10-20 14:34:45.852 2821 DEBUG nova.openstack.common.service [-] keystone_ec2_url               = http://localhost:5000/v2.0/ec2tokens log_opt_values /usr/local/lib/python2.7/dist-packages/oslo/config/cfg.py:2040
2014-10-20 14:34:45.853 2821 DEBUG nova.openstack.common.service [-] kombu_reconnect_delay          = 1.0 log_opt_values /usr/local/lib/python2.7/dist-packages/oslo/config/cfg.py:2040
2014-10-20 14:34:45.853 2821 DEBUG nova.openstack.common.service [-] kombu_ssl_ca_certs             =  log_opt_values /usr/local/lib/python2.7/dist-packages/oslo/config/cfg.py:2040
2014-10-20 14:34:45.853 2821 DEBUG nova.openstack.common.service [-] kombu_ssl_certfile             =  log_opt_values /usr/local/lib/python2.7/dist-packages/oslo/config/cfg.py:2040
2014-10-20 14:34:45.853 2821 DEBUG nova.openstack.common.service [-] kombu_ssl_keyfile              =  log_opt_values /usr/local/lib/python2.7/dist-packages/oslo/config/cfg.py:2040
2014-10-20 14:34:45.854 2821 DEBUG nova.openstack.common.service [-] kombu_ssl_version              =  log_opt_values /usr/local/lib/python2.7/dist-packages/oslo/config/cfg.py:2040
2014-10-20 14:34:45.855 2821 DEBUG nova.openstack.common.service [-] lock_path                      = /opt/stack/data/nova log_opt_values /usr/local/lib/python2.7/dist-packages/oslo/config/cfg.py:2040
2014-10-20 14:34:45.856 2821 DEBUG nova.openstack.common.service [-] lockout_attempts               = 5 log_opt_values /usr/local/lib/python2.7/dist-packages/oslo/config/cfg.py:2040
2014-10-20 14:34:45.856 2821 DEBUG nova.openstack.common.service [-] lockout_minutes                = 15 log_opt_values /usr/local/lib/python2.7/dist-packages/oslo/config/cfg.py:2040
2014-10-20 14:34:45.856 2821 DEBUG nova.openstack.common.service [-] lockout_window                 = 15 log_opt_values /usr/local/lib/python2.7/dist-packages/oslo/config/cfg.py:2040
2014-10-20 14:34:45.856 2821 DEBUG nova.openstack.common.service [-] log_config_append              = None log_opt_values /usr/local/lib/python2.7/dist-packages/oslo/config/cfg.py:2040
2014-10-20 14:34:45.857 2821 DEBUG nova.openstack.common.service [-] log_date_format                = %Y-%m-%d %H:%M:%S log_opt_values /usr/local/lib/python2.7/dist-packages/oslo/config/cfg.py:2040
2014-10-20 14:34:45.857 2821 DEBUG nova.openstack.common.service [-] log_dir                        = None log_opt_values /usr/local/lib/python2.7/dist-packages/oslo/config/cfg.py:2040
2014-10-20 14:34:45.857 2821 DEBUG nova.openstack.common.service [-] log_file                       = None log_opt_values /usr/local/lib/python2.7/dist-packages/oslo/config/cfg.py:2040
2014-10-20 14:34:45.857 2821 DEBUG nova.openstack.common.service [-] log_format                     = None log_opt_values /usr/local/lib/python2.7/dist-packages/oslo/config/cfg.py:2040
2014-10-20 14:34:45.857 2821 DEBUG nova.openstack.common.service [-] logging_context_format_string  = %(asctime)s.%(msecs)03d %(levelname)s %(name)s [%(request_id)s %(user_name)s %(project_name)s] %(instance)s%(message)s log_opt_values /usr/local/lib/python2.7/dist-packages/oslo/config/cfg.py:2040
2014-10-20 14:34:45.857 2821 DEBUG nova.openstack.common.service [-] logging_debug_format_suffix    = %(funcName)s %(pathname)s:%(lineno)d log_opt_values /usr/local/lib/python2.7/dist-packages/oslo/config/cfg.py:2040
2014-10-20 14:34:45.858 2821 DEBUG nova.openstack.common.service [-] logging_default_format_string  = %(asctime)s.%(msecs)03d %(process)d %(levelname)s %(name)s [-] %(instance)s%(message)s log_opt_values /usr/local/lib/python2.7/dist-packages/oslo/config/cfg.py:2040
2014-10-20 14:34:45.858 2821 DEBUG nova.openstack.common.service [-] logging_exception_prefix       = %(asctime)s.%(msecs)03d %(process)d TRACE %(name)s %(instance)s log_opt_values /usr/local/lib/python2.7/dist-packages/oslo/config/cfg.py:2040
2014-10-20 14:34:45.858 2821 DEBUG nova.openstack.common.service [-] max_age                        = 0 log_opt_values /usr/local/lib/python2.7/dist-packages/oslo/config/cfg.py:2040
2014-10-20 14:34:45.858 2821 DEBUG nova.openstack.common.service [-] max_header_line                = 16384 log_opt_values /usr/local/lib/python2.7/dist-packages/oslo/config/cfg.py:2040
2014-10-20 14:34:45.859 2821 DEBUG nova.openstack.common.service [-] max_local_block_devices        = 3 log_opt_values /usr/local/lib/python2.7/dist-packages/oslo/config/cfg.py:2040
2014-10-20 14:34:45.859 2821 DEBUG nova.openstack.common.service [-] memcached_servers              = None log_opt_values /usr/local/lib/python2.7/dist-packages/oslo/config/cfg.py:2040
2014-10-20 14:34:45.859 2821 DEBUG nova.openstack.common.service [-] metadata_listen                = 0.0.0.0 log_opt_values /usr/local/lib/python2.7/dist-packages/oslo/config/cfg.py:2040
2014-10-20 14:34:45.859 2821 DEBUG nova.openstack.common.service [-] metadata_listen_port           = 8775 log_opt_values /usr/local/lib/python2.7/dist-packages/oslo/config/cfg.py:2040
2014-10-20 14:34:45.859 2821 DEBUG nova.openstack.common.service [-] metadata_manager               = nova.api.manager.MetadataManager log_opt_values /usr/local/lib/python2.7/dist-packages/oslo/config/cfg.py:2040
2014-10-20 14:34:45.860 2821 DEBUG nova.openstack.common.service [-] metadata_workers               = 4 log_opt_values /usr/local/lib/python2.7/dist-packages/oslo/config/cfg.py:2040
2014-10-20 14:34:45.860 2821 DEBUG nova.openstack.common.service [-] migrate_max_retries            = -1 log_opt_values /usr/local/lib/python2.7/dist-packages/oslo/config/cfg.py:2040
2014-10-20 14:34:45.860 2821 DEBUG nova.openstack.common.service [-] monkey_patch                   = False log_opt_values /usr/local/lib/python2.7/dist-packages/oslo/config/cfg.py:2040
2014-10-20 14:34:45.863 2821 DEBUG nova.openstack.common.service [-] monkey_patch_modules           = ['nova.api.ec2.cloud:nova.notifications.notify_decorator', 'nova.compute.api:nova.notifications.notify_decorator'] log_opt_values /usr/local/lib/python2.7/dist-packages/oslo/config/cfg.py:2040
2014-10-20 14:34:45.863 2821 DEBUG nova.openstack.common.service [-] multi_instance_display_name_template = %(name)s-%(uuid)s log_opt_values /usr/local/lib/python2.7/dist-packages/oslo/config/cfg.py:2040
2014-10-20 14:34:45.863 2821 DEBUG nova.openstack.common.service [-] my_ip                          = 10.0.2.32 log_opt_values /usr/local/lib/python2.7/dist-packages/oslo/config/cfg.py:2040
2014-10-20 14:34:45.863 2821 DEBUG nova.openstack.common.service [-] network_api_class              = nova.network.neutronv2.api.API log_opt_values /usr/local/lib/python2.7/dist-packages/oslo/config/cfg.py:2040
2014-10-20 14:34:45.864 2821 DEBUG nova.openstack.common.service [-] network_manager                = nova.network.manager.VlanManager log_opt_values /usr/local/lib/python2.7/dist-packages/oslo/config/cfg.py:2040
2014-10-20 14:34:45.864 2821 DEBUG nova.openstack.common.service [-] non_inheritable_image_properties = ['cache_in_nova', 'bittorrent'] log_opt_values /usr/local/lib/python2.7/dist-packages/oslo/config/cfg.py:2040
2014-10-20 14:34:45.864 2821 DEBUG nova.openstack.common.service [-] notification_driver            = [] log_opt_values /usr/local/lib/python2.7/dist-packages/oslo/config/cfg.py:2040
2014-10-20 14:34:45.865 2821 DEBUG nova.openstack.common.service [-] notification_topics            = ['notifications'] log_opt_values /usr/local/lib/python2.7/dist-packages/oslo/config/cfg.py:2040
2014-10-20 14:34:45.865 2821 DEBUG nova.openstack.common.service [-] notify_api_faults              = False log_opt_values /usr/local/lib/python2.7/dist-packages/oslo/config/cfg.py:2040
2014-10-20 14:34:45.865 2821 DEBUG nova.openstack.common.service [-] notify_on_state_change         = None log_opt_values /usr/local/lib/python2.7/dist-packages/oslo/config/cfg.py:2040
2014-10-20 14:34:45.865 2821 DEBUG nova.openstack.common.service [-] null_kernel                    = nokernel log_opt_values /usr/local/lib/python2.7/dist-packages/oslo/config/cfg.py:2040
2014-10-20 14:34:45.865 2821 DEBUG nova.openstack.common.service [-] osapi_compute_listen           = 0.0.0.0 log_opt_values /usr/local/lib/python2.7/dist-packages/oslo/config/cfg.py:2040
2014-10-20 14:34:45.866 2821 DEBUG nova.openstack.common.service [-] osapi_compute_listen_port      = 8774 log_opt_values /usr/local/lib/python2.7/dist-packages/oslo/config/cfg.py:2040
2014-10-20 14:34:45.866 2821 DEBUG nova.openstack.common.service [-] osapi_compute_workers          = 4 log_opt_values /usr/local/lib/python2.7/dist-packages/oslo/config/cfg.py:2040
2014-10-20 14:34:45.866 2821 DEBUG nova.openstack.common.service [-] password_length                = 12 log_opt_values /usr/local/lib/python2.7/dist-packages/oslo/config/cfg.py:2040
2014-10-20 14:34:45.866 2821 DEBUG nova.openstack.common.service [-] pci_alias                      = [] log_opt_values /usr/local/lib/python2.7/dist-packages/oslo/config/cfg.py:2040
2014-10-20 14:34:45.867 2821 DEBUG nova.openstack.common.service [-] periodic_enable                = True log_opt_values /usr/local/lib/python2.7/dist-packages/oslo/config/cfg.py:2040
2014-10-20 14:34:45.867 2821 DEBUG nova.openstack.common.service [-] periodic_fuzzy_delay           = 60 log_opt_values /usr/local/lib/python2.7/dist-packages/oslo/config/cfg.py:2040
2014-10-20 14:34:45.867 2821 DEBUG nova.openstack.common.service [-] policy_default_rule            = default log_opt_values /usr/local/lib/python2.7/dist-packages/oslo/config/cfg.py:2040
2014-10-20 14:34:45.867 2821 DEBUG nova.openstack.common.service [-] policy_file                    = policy.json log_opt_values /usr/local/lib/python2.7/dist-packages/oslo/config/cfg.py:2040
2014-10-20 14:34:45.867 2821 DEBUG nova.openstack.common.service [-] preallocate_images             = none log_opt_values /usr/local/lib/python2.7/dist-packages/oslo/config/cfg.py:2040
2014-10-20 14:34:45.867 2821 DEBUG nova.openstack.common.service [-] project_cert_subject           = /C=US/ST=California/O=OpenStack/OU=NovaDev/CN=project-ca-%.16s-%s log_opt_values /usr/local/lib/python2.7/dist-packages/oslo/config/cfg.py:2040
2014-10-20 14:34:45.868 2821 DEBUG nova.openstack.common.service [-] publish_errors                 = False log_opt_values /usr/local/lib/python2.7/dist-packages/oslo/config/cfg.py:2040
2014-10-20 14:34:45.868 2821 DEBUG nova.openstack.common.service [-] pybasedir                      = /opt/stack/nova log_opt_values /usr/local/lib/python2.7/dist-packages/oslo/config/cfg.py:2040
2014-10-20 14:34:45.868 2821 DEBUG nova.openstack.common.service [-] quota_cores                    = 20 log_opt_values /usr/local/lib/python2.7/dist-packages/oslo/config/cfg.py:2040
2014-10-20 14:34:45.868 2821 DEBUG nova.openstack.common.service [-] quota_driver                   = nova.quota.DbQuotaDriver log_opt_values /usr/local/lib/python2.7/dist-packages/oslo/config/cfg.py:2040
2014-10-20 14:34:45.869 2821 DEBUG nova.openstack.common.service [-] quota_fixed_ips                = -1 log_opt_values /usr/local/lib/python2.7/dist-packages/oslo/config/cfg.py:2040
2014-10-20 14:34:45.869 2821 DEBUG nova.openstack.common.service [-] quota_floating_ips             = 10 log_opt_values /usr/local/lib/python2.7/dist-packages/oslo/config/cfg.py:2040
2014-10-20 14:34:45.870 2821 DEBUG nova.openstack.common.service [-] quota_injected_file_content_bytes = 10240 log_opt_values /usr/local/lib/python2.7/dist-packages/oslo/config/cfg.py:2040
2014-10-20 14:34:45.870 2821 DEBUG nova.openstack.common.service [-] quota_injected_file_path_bytes = 255 log_opt_values /usr/local/lib/python2.7/dist-packages/oslo/config/cfg.py:2040
2014-10-20 14:34:45.870 2821 DEBUG nova.openstack.common.service [-] quota_injected_files           = 5 log_opt_values /usr/local/lib/python2.7/dist-packages/oslo/config/cfg.py:2040
2014-10-20 14:34:45.870 2821 DEBUG nova.openstack.common.service [-] quota_instances                = 10 log_opt_values /usr/local/lib/python2.7/dist-packages/oslo/config/cfg.py:2040
2014-10-20 14:34:45.871 2821 DEBUG nova.openstack.common.service [-] quota_key_pairs                = 100 log_opt_values /usr/local/lib/python2.7/dist-packages/oslo/config/cfg.py:2040
2014-10-20 14:34:45.871 2821 DEBUG nova.openstack.common.service [-] quota_metadata_items           = 128 log_opt_values /usr/local/lib/python2.7/dist-packages/oslo/config/cfg.py:2040
2014-10-20 14:34:45.871 2821 DEBUG nova.openstack.common.service [-] quota_ram                      = 51200 log_opt_values /usr/local/lib/python2.7/dist-packages/oslo/config/cfg.py:2040
2014-10-20 14:34:45.871 2821 DEBUG nova.openstack.common.service [-] quota_security_group_rules     = 20 log_opt_values /usr/local/lib/python2.7/dist-packages/oslo/config/cfg.py:2040
2014-10-20 14:34:45.871 2821 DEBUG nova.openstack.common.service [-] quota_security_groups          = 10 log_opt_values /usr/local/lib/python2.7/dist-packages/oslo/config/cfg.py:2040
2014-10-20 14:34:45.872 2821 DEBUG nova.openstack.common.service [-] rabbit_ha_queues               = False log_opt_values /usr/local/lib/python2.7/dist-packages/oslo/config/cfg.py:2040
2014-10-20 14:34:45.872 2821 DEBUG nova.openstack.common.service [-] rabbit_host                    = localhost log_opt_values /usr/local/lib/python2.7/dist-packages/oslo/config/cfg.py:2040
2014-10-20 14:34:45.872 2821 DEBUG nova.openstack.common.service [-] rabbit_hosts                   = ['10.0.2.32'] log_opt_values /usr/local/lib/python2.7/dist-packages/oslo/config/cfg.py:2040
2014-10-20 14:34:45.872 2821 DEBUG nova.openstack.common.service [-] rabbit_login_method            = AMQPLAIN log_opt_values /usr/local/lib/python2.7/dist-packages/oslo/config/cfg.py:2040
2014-10-20 14:34:45.872 2821 DEBUG nova.openstack.common.service [-] rabbit_max_retries             = 0 log_opt_values /usr/local/lib/python2.7/dist-packages/oslo/config/cfg.py:2040
2014-10-20 14:34:45.873 2821 DEBUG nova.openstack.common.service [-] rabbit_password                = **** log_opt_values /usr/local/lib/python2.7/dist-packages/oslo/config/cfg.py:2040
2014-10-20 14:34:45.873 2821 DEBUG nova.openstack.common.service [-] rabbit_port                    = 5672 log_opt_values /usr/local/lib/python2.7/dist-packages/oslo/config/cfg.py:2040
2014-10-20 14:34:45.873 2821 DEBUG nova.openstack.common.service [-] rabbit_retry_backoff           = 2 log_opt_values /usr/local/lib/python2.7/dist-packages/oslo/config/cfg.py:2040
2014-10-20 14:34:45.873 2821 DEBUG nova.openstack.common.service [-] rabbit_retry_interval          = 1 log_opt_values /usr/local/lib/python2.7/dist-packages/oslo/config/cfg.py:2040
2014-10-20 14:34:45.875 2821 DEBUG nova.openstack.common.service [-] rabbit_use_ssl                 = False log_opt_values /usr/local/lib/python2.7/dist-packages/oslo/config/cfg.py:2040
2014-10-20 14:34:45.875 2821 DEBUG nova.openstack.common.service [-] rabbit_userid                  = guest log_opt_values /usr/local/lib/python2.7/dist-packages/oslo/config/cfg.py:2040
2014-10-20 14:34:45.875 2821 DEBUG nova.openstack.common.service [-] rabbit_virtual_host            = / log_opt_values /usr/local/lib/python2.7/dist-packages/oslo/config/cfg.py:2040
2014-10-20 14:34:45.875 2821 DEBUG nova.openstack.common.service [-] report_interval                = 10 log_opt_values /usr/local/lib/python2.7/dist-packages/oslo/config/cfg.py:2040
2014-10-20 14:34:45.877 2821 DEBUG nova.openstack.common.service [-] reservation_expire             = 86400 log_opt_values /usr/local/lib/python2.7/dist-packages/oslo/config/cfg.py:2040
2014-10-20 14:34:45.877 2821 DEBUG nova.openstack.common.service [-] rootwrap_config                = /etc/nova/rootwrap.conf log_opt_values /usr/local/lib/python2.7/dist-packages/oslo/config/cfg.py:2040
2014-10-20 14:34:45.877 2821 DEBUG nova.openstack.common.service [-] rpc_backend                    = nova.openstack.common.rpc.impl_kombu log_opt_values /usr/local/lib/python2.7/dist-packages/oslo/config/cfg.py:2040
2014-10-20 14:34:45.877 2821 DEBUG nova.openstack.common.service [-] rpc_conn_pool_size             = 30 log_opt_values /usr/local/lib/python2.7/dist-packages/oslo/config/cfg.py:2040
2014-10-20 14:34:45.878 2821 DEBUG nova.openstack.common.service [-] run_external_periodic_tasks    = True log_opt_values /usr/local/lib/python2.7/dist-packages/oslo/config/cfg.py:2040
2014-10-20 14:34:45.878 2821 DEBUG nova.openstack.common.service [-] s3_listen                      = 0.0.0.0 log_opt_values /usr/local/lib/python2.7/dist-packages/oslo/config/cfg.py:2040
2014-10-20 14:34:45.879 2821 DEBUG nova.openstack.common.service [-] s3_listen_port                 = 3333 log_opt_values /usr/local/lib/python2.7/dist-packages/oslo/config/cfg.py:2040
2014-10-20 14:34:45.879 2821 DEBUG nova.openstack.common.service [-] scheduler_manager              = nova.scheduler.manager.SchedulerManager log_opt_values /usr/local/lib/python2.7/dist-packages/oslo/config/cfg.py:2040
2014-10-20 14:34:45.880 2821 DEBUG nova.openstack.common.service [-] scheduler_topic                = scheduler log_opt_values /usr/local/lib/python2.7/dist-packages/oslo/config/cfg.py:2040
2014-10-20 14:34:45.881 2821 DEBUG nova.openstack.common.service [-] security_group_api             = neutron log_opt_values /usr/local/lib/python2.7/dist-packages/oslo/config/cfg.py:2040
2014-10-20 14:34:45.881 2821 DEBUG nova.openstack.common.service [-] service_down_time              = 60 log_opt_values /usr/local/lib/python2.7/dist-packages/oslo/config/cfg.py:2040
2014-10-20 14:34:45.881 2821 DEBUG nova.openstack.common.service [-] servicegroup_driver            = db log_opt_values /usr/local/lib/python2.7/dist-packages/oslo/config/cfg.py:2040
2014-10-20 14:34:45.882 2821 DEBUG nova.openstack.common.service [-] snapshot_name_template         = snapshot-%s log_opt_values /usr/local/lib/python2.7/dist-packages/oslo/config/cfg.py:2040
2014-10-20 14:34:45.883 2821 DEBUG nova.openstack.common.service [-] ssl_ca_file                    = None log_opt_values /usr/local/lib/python2.7/dist-packages/oslo/config/cfg.py:2040
2014-10-20 14:34:45.883 2821 DEBUG nova.openstack.common.service [-] ssl_cert_file                  = None log_opt_values /usr/local/lib/python2.7/dist-packages/oslo/config/cfg.py:2040
2014-10-20 14:34:45.883 2821 DEBUG nova.openstack.common.service [-] ssl_key_file                   = None log_opt_values /usr/local/lib/python2.7/dist-packages/oslo/config/cfg.py:2040
2014-10-20 14:34:45.883 2821 DEBUG nova.openstack.common.service [-] state_path                     = /opt/stack/data/nova log_opt_values /usr/local/lib/python2.7/dist-packages/oslo/config/cfg.py:2040
2014-10-20 14:34:45.884 2821 DEBUG nova.openstack.common.service [-] syslog_log_facility            = LOG_USER log_opt_values /usr/local/lib/python2.7/dist-packages/oslo/config/cfg.py:2040
2014-10-20 14:34:45.884 2821 DEBUG nova.openstack.common.service [-] tcp_keepidle                   = 600 log_opt_values /usr/local/lib/python2.7/dist-packages/oslo/config/cfg.py:2040
2014-10-20 14:34:45.884 2821 DEBUG nova.openstack.common.service [-] tempdir                        = None log_opt_values /usr/local/lib/python2.7/dist-packages/oslo/config/cfg.py:2040
2014-10-20 14:34:45.884 2821 DEBUG nova.openstack.common.service [-] transport_url                  = None log_opt_values /usr/local/lib/python2.7/dist-packages/oslo/config/cfg.py:2040
2014-10-20 14:34:45.884 2821 DEBUG nova.openstack.common.service [-] until_refresh                  = 0 log_opt_values /usr/local/lib/python2.7/dist-packages/oslo/config/cfg.py:2040
2014-10-20 14:34:45.885 2821 DEBUG nova.openstack.common.service [-] use_cow_images                 = True log_opt_values /usr/local/lib/python2.7/dist-packages/oslo/config/cfg.py:2040
2014-10-20 14:34:45.885 2821 DEBUG nova.openstack.common.service [-] use_forwarded_for              = False log_opt_values /usr/local/lib/python2.7/dist-packages/oslo/config/cfg.py:2040
2014-10-20 14:34:45.885 2821 DEBUG nova.openstack.common.service [-] use_ipv6                       = False log_opt_values /usr/local/lib/python2.7/dist-packages/oslo/config/cfg.py:2040
2014-10-20 14:34:45.885 2821 DEBUG nova.openstack.common.service [-] use_project_ca                 = False log_opt_values /usr/local/lib/python2.7/dist-packages/oslo/config/cfg.py:2040
2014-10-20 14:34:45.885 2821 DEBUG nova.openstack.common.service [-] use_stderr                     = True log_opt_values /usr/local/lib/python2.7/dist-packages/oslo/config/cfg.py:2040
2014-10-20 14:34:45.886 2821 DEBUG nova.openstack.common.service [-] use_syslog                     = False log_opt_values /usr/local/lib/python2.7/dist-packages/oslo/config/cfg.py:2040
2014-10-20 14:34:45.886 2821 DEBUG nova.openstack.common.service [-] use_syslog_rfc_format          = False log_opt_values /usr/local/lib/python2.7/dist-packages/oslo/config/cfg.py:2040
2014-10-20 14:34:45.886 2821 DEBUG nova.openstack.common.service [-] user_cert_subject              = /C=US/ST=California/O=OpenStack/OU=NovaDev/CN=%.16s-%.16s-%s log_opt_values /usr/local/lib/python2.7/dist-packages/oslo/config/cfg.py:2040
2014-10-20 14:34:45.886 2821 DEBUG nova.openstack.common.service [-] verbose                        = True log_opt_values /usr/local/lib/python2.7/dist-packages/oslo/config/cfg.py:2040
2014-10-20 14:34:45.887 2821 DEBUG nova.openstack.common.service [-] vif_plugging_is_fatal          = True log_opt_values /usr/local/lib/python2.7/dist-packages/oslo/config/cfg.py:2040
2014-10-20 14:34:45.887 2821 DEBUG nova.openstack.common.service [-] vif_plugging_timeout           = 300 log_opt_values /usr/local/lib/python2.7/dist-packages/oslo/config/cfg.py:2040
2014-10-20 14:34:45.887 2821 DEBUG nova.openstack.common.service [-] volume_api_class               = nova.volume.cinder.API log_opt_values /usr/local/lib/python2.7/dist-packages/oslo/config/cfg.py:2040
2014-10-20 14:34:45.887 2821 DEBUG nova.openstack.common.service [-] wsgi_default_pool_size         = 1000 log_opt_values /usr/local/lib/python2.7/dist-packages/oslo/config/cfg.py:2040
2014-10-20 14:34:45.887 2821 DEBUG nova.openstack.common.service [-] wsgi_log_format                = %(client_ip)s "%(request_line)s" status: %(status_code)s len: %(body_length)s time: %(wall_seconds).7f log_opt_values /usr/local/lib/python2.7/dist-packages/oslo/config/cfg.py:2040
2014-10-20 14:34:45.888 2821 DEBUG nova.openstack.common.service [-] cells.bandwidth_update_interval = 600 log_opt_values /usr/local/lib/python2.7/dist-packages/oslo/config/cfg.py:2048
2014-10-20 14:34:45.888 2821 DEBUG nova.openstack.common.service [-] cells.call_timeout             = 60 log_opt_values /usr/local/lib/python2.7/dist-packages/oslo/config/cfg.py:2048
2014-10-20 14:34:45.888 2821 DEBUG nova.openstack.common.service [-] cells.capabilities             = ['hypervisor=xenserver;kvm', 'os=linux;windows'] log_opt_values /usr/local/lib/python2.7/dist-packages/oslo/config/cfg.py:2048
2014-10-20 14:34:45.888 2821 DEBUG nova.openstack.common.service [-] cells.cell_type                = compute log_opt_values /usr/local/lib/python2.7/dist-packages/oslo/config/cfg.py:2048
2014-10-20 14:34:45.888 2821 DEBUG nova.openstack.common.service [-] cells.enable                   = False log_opt_values /usr/local/lib/python2.7/dist-packages/oslo/config/cfg.py:2048
2014-10-20 14:34:45.889 2821 DEBUG nova.openstack.common.service [-] cells.manager                  = nova.cells.manager.CellsManager log_opt_values /usr/local/lib/python2.7/dist-packages/oslo/config/cfg.py:2048
2014-10-20 14:34:45.889 2821 DEBUG nova.openstack.common.service [-] cells.mute_child_interval      = 300 log_opt_values /usr/local/lib/python2.7/dist-packages/oslo/config/cfg.py:2048
2014-10-20 14:34:45.889 2821 DEBUG nova.openstack.common.service [-] cells.name                     = nova log_opt_values /usr/local/lib/python2.7/dist-packages/oslo/config/cfg.py:2048
2014-10-20 14:34:45.889 2821 DEBUG nova.openstack.common.service [-] cells.reserve_percent          = 10.0 log_opt_values /usr/local/lib/python2.7/dist-packages/oslo/config/cfg.py:2048
2014-10-20 14:34:45.889 2821 DEBUG nova.openstack.common.service [-] cells.topic                    = cells log_opt_values /usr/local/lib/python2.7/dist-packages/oslo/config/cfg.py:2048
2014-10-20 14:34:45.890 2821 DEBUG nova.openstack.common.service [-] upgrade_levels.baseapi         = None log_opt_values /usr/local/lib/python2.7/dist-packages/oslo/config/cfg.py:2048
2014-10-20 14:34:45.891 2821 DEBUG nova.openstack.common.service [-] upgrade_levels.cells           = None log_opt_values /usr/local/lib/python2.7/dist-packages/oslo/config/cfg.py:2048
2014-10-20 14:34:45.891 2821 DEBUG nova.openstack.common.service [-] upgrade_levels.compute         = None log_opt_values /usr/local/lib/python2.7/dist-packages/oslo/config/cfg.py:2048
2014-10-20 14:34:45.891 2821 DEBUG nova.openstack.common.service [-] upgrade_levels.conductor       = None log_opt_values /usr/local/lib/python2.7/dist-packages/oslo/config/cfg.py:2048
2014-10-20 14:34:45.891 2821 DEBUG nova.openstack.common.service [-] upgrade_levels.consoleauth     = None log_opt_values /usr/local/lib/python2.7/dist-packages/oslo/config/cfg.py:2048
2014-10-20 14:34:45.892 2821 DEBUG nova.openstack.common.service [-] upgrade_levels.scheduler       = None log_opt_values /usr/local/lib/python2.7/dist-packages/oslo/config/cfg.py:2048
2014-10-20 14:34:45.892 2821 DEBUG nova.openstack.common.service [-] remote_debug.host              = None log_opt_values /usr/local/lib/python2.7/dist-packages/oslo/config/cfg.py:2048
2014-10-20 14:34:45.892 2821 DEBUG nova.openstack.common.service [-] remote_debug.port              = None log_opt_values /usr/local/lib/python2.7/dist-packages/oslo/config/cfg.py:2048
2014-10-20 14:34:45.892 2821 DEBUG nova.openstack.common.service [-] conductor.manager              = nova.conductor.manager.ConductorManager log_opt_values /usr/local/lib/python2.7/dist-packages/oslo/config/cfg.py:2048
2014-10-20 14:34:45.892 2821 DEBUG nova.openstack.common.service [-] conductor.topic                = conductor log_opt_values /usr/local/lib/python2.7/dist-packages/oslo/config/cfg.py:2048
2014-10-20 14:34:45.893 2821 DEBUG nova.openstack.common.service [-] conductor.use_local            = False log_opt_values /usr/local/lib/python2.7/dist-packages/oslo/config/cfg.py:2048
2014-10-20 14:34:45.893 2821 DEBUG nova.openstack.common.service [-] conductor.workers              = 4 log_opt_values /usr/local/lib/python2.7/dist-packages/oslo/config/cfg.py:2048
2014-10-20 14:34:45.893 2821 DEBUG nova.openstack.common.service [-] database.backend               = sqlalchemy log_opt_values /usr/local/lib/python2.7/dist-packages/oslo/config/cfg.py:2048
2014-10-20 14:34:45.893 2821 DEBUG nova.openstack.common.service [-] database.connection            = **** log_opt_values /usr/local/lib/python2.7/dist-packages/oslo/config/cfg.py:2048
2014-10-20 14:34:45.893 2821 DEBUG nova.openstack.common.service [-] database.connection_debug      = 0 log_opt_values /usr/local/lib/python2.7/dist-packages/oslo/config/cfg.py:2048
2014-10-20 14:34:45.894 2821 DEBUG nova.openstack.common.service [-] database.connection_trace      = False log_opt_values /usr/local/lib/python2.7/dist-packages/oslo/config/cfg.py:2048
2014-10-20 14:34:45.894 2821 DEBUG nova.openstack.common.service [-] database.db_inc_retry_interval = True log_opt_values /usr/local/lib/python2.7/dist-packages/oslo/config/cfg.py:2048
2014-10-20 14:34:45.894 2821 DEBUG nova.openstack.common.service [-] database.db_max_retries        = 20 log_opt_values /usr/local/lib/python2.7/dist-packages/oslo/config/cfg.py:2048
2014-10-20 14:34:45.895 2821 DEBUG nova.openstack.common.service [-] database.db_max_retry_interval = 10 log_opt_values /usr/local/lib/python2.7/dist-packages/oslo/config/cfg.py:2048
2014-10-20 14:34:45.895 2821 DEBUG nova.openstack.common.service [-] database.db_retry_interval     = 1 log_opt_values /usr/local/lib/python2.7/dist-packages/oslo/config/cfg.py:2048
2014-10-20 14:34:45.895 2821 DEBUG nova.openstack.common.service [-] database.idle_timeout          = 3600 log_opt_values /usr/local/lib/python2.7/dist-packages/oslo/config/cfg.py:2048
2014-10-20 14:34:45.895 2821 DEBUG nova.openstack.common.service [-] database.max_overflow          = None log_opt_values /usr/local/lib/python2.7/dist-packages/oslo/config/cfg.py:2048
2014-10-20 14:34:45.895 2821 DEBUG nova.openstack.common.service [-] database.max_pool_size         = None log_opt_values /usr/local/lib/python2.7/dist-packages/oslo/config/cfg.py:2048
2014-10-20 14:34:45.896 2821 DEBUG nova.openstack.common.service [-] database.max_retries           = 10 log_opt_values /usr/local/lib/python2.7/dist-packages/oslo/config/cfg.py:2048
2014-10-20 14:34:45.896 2821 DEBUG nova.openstack.common.service [-] database.min_pool_size         = 1 log_opt_values /usr/local/lib/python2.7/dist-packages/oslo/config/cfg.py:2048
2014-10-20 14:34:45.896 2821 DEBUG nova.openstack.common.service [-] database.mysql_sql_mode        = None log_opt_values /usr/local/lib/python2.7/dist-packages/oslo/config/cfg.py:2048
2014-10-20 14:34:45.896 2821 DEBUG nova.openstack.common.service [-] database.pool_timeout          = None log_opt_values /usr/local/lib/python2.7/dist-packages/oslo/config/cfg.py:2048
2014-10-20 14:34:45.896 2821 DEBUG nova.openstack.common.service [-] database.retry_interval        = 10 log_opt_values /usr/local/lib/python2.7/dist-packages/oslo/config/cfg.py:2048
2014-10-20 14:34:45.897 2821 DEBUG nova.openstack.common.service [-] database.sqlite_db             = nova.sqlite log_opt_values /usr/local/lib/python2.7/dist-packages/oslo/config/cfg.py:2048
2014-10-20 14:34:45.897 2821 DEBUG nova.openstack.common.service [-] database.sqlite_synchronous    = True log_opt_values /usr/local/lib/python2.7/dist-packages/oslo/config/cfg.py:2048
2014-10-20 14:34:45.897 2821 DEBUG nova.openstack.common.service [-] database.use_db_reconnect      = False log_opt_values /usr/local/lib/python2.7/dist-packages/oslo/config/cfg.py:2048
2014-10-20 14:34:45.897 2821 DEBUG nova.openstack.common.service [-] ******************************************************************************** log_opt_values /usr/local/lib/python2.7/dist-packages/oslo/config/cfg.py:2050
2014-10-20 14:34:45.899 2821 INFO nova.S3 Objectstore.wsgi.server [-] (2821) wsgi starting up on http://0.0.0.0:3333/

Broadcast message from sysop@devstack
	(/dev/pts/28) at 14:50 ...

The system is going down for reboot NOW!
