stack@devstack:/opt/devstack$ /opt/stack/heat/bin/heat-api-cloudwatch --config-f ile=/etc/heat/heat.conf & echo $! >/opt/stack/status/stack/h-api-cw.pid; fg || e cho "h-api-cw failed to start" | tee "/opt/stack/status/stack/h-api-cw.failure"
[1] 15081
/opt/stack/heat/bin/heat-api-cloudwatch --config-file=/etc/heat/heat.conf
No handlers could be found for logger "heat.common.config"
2014-10-20 14:29:20.769 15081 DEBUG routes.middleware [-] Initialized with method overriding = True, and path info altering = True __init__ /usr/local/lib/python2.7/dist-packages/routes/middleware.py:41
2014-10-20 14:29:20.770 15081 INFO keystoneclient.middleware.auth_token [-] Starting keystone auth_token middleware
2014-10-20 14:29:20.771 15081 WARNING keystoneclient.middleware.auth_token [-] This middleware module is deprecated as of v0.10.0 in favor of keystonemiddleware.auth_token - please update your WSGI pipeline to reference the new middleware package.
2014-10-20 14:29:20.771 15081 WARNING keystoneclient.middleware.auth_token [-] Configuring admin URI using auth fragments. This is deprecated, use 'identity_uri' instead.
2014-10-20 14:29:20.771 15081 INFO keystoneclient.middleware.auth_token [-] Using /var/cache/heat as cache directory for signing certificate
2014-10-20 14:29:20.771 15081 WARNING keystoneclient.middleware.auth_token [-] signing_dir mode is 0755 instead of 0700
2014-10-20 14:29:20.772 15081 DEBUG heat-api-cloudwatch [-] ******************************************************************************** log_opt_values /usr/local/lib/python2.7/dist-packages/oslo/config/cfg.py:2027
2014-10-20 14:29:20.772 15081 DEBUG heat-api-cloudwatch [-] Configuration options gathered from: log_opt_values /usr/local/lib/python2.7/dist-packages/oslo/config/cfg.py:2028
2014-10-20 14:29:20.773 15081 DEBUG heat-api-cloudwatch [-] command line args: ['--config-file=/etc/heat/heat.conf'] log_opt_values /usr/local/lib/python2.7/dist-packages/oslo/config/cfg.py:2029
2014-10-20 14:29:20.773 15081 DEBUG heat-api-cloudwatch [-] config files: ['/etc/heat/heat.conf'] log_opt_values /usr/local/lib/python2.7/dist-packages/oslo/config/cfg.py:2030
2014-10-20 14:29:20.773 15081 DEBUG heat-api-cloudwatch [-] ================================================================================ log_opt_values /usr/local/lib/python2.7/dist-packages/oslo/config/cfg.py:2031
2014-10-20 14:29:20.773 15081 DEBUG heat-api-cloudwatch [-] allowed_rpc_exception_modules  = ['nova.exception', 'cinder.exception', 'exceptions', 'heat.common.exception'] log_opt_values /usr/local/lib/python2.7/dist-packages/oslo/config/cfg.py:2040
2014-10-20 14:29:20.773 15081 DEBUG heat-api-cloudwatch [-] auth_encryption_key            = e78b74cf0540a76e52b34aa8aafb9cb8 log_opt_values /usr/local/lib/python2.7/dist-packages/oslo/config/cfg.py:2040
2014-10-20 14:29:20.773 15081 DEBUG heat-api-cloudwatch [-] config_dir                     = None log_opt_values /usr/local/lib/python2.7/dist-packages/oslo/config/cfg.py:2040
2014-10-20 14:29:20.774 15081 DEBUG heat-api-cloudwatch [-] config_file                    = ['/etc/heat/heat.conf'] log_opt_values /usr/local/lib/python2.7/dist-packages/oslo/config/cfg.py:2040
2014-10-20 14:29:20.774 15081 DEBUG heat-api-cloudwatch [-] control_exchange               = heat log_opt_values /usr/local/lib/python2.7/dist-packages/oslo/config/cfg.py:2040
2014-10-20 14:29:20.774 15081 DEBUG heat-api-cloudwatch [-] db_backend                     = sqlalchemy log_opt_values /usr/local/lib/python2.7/dist-packages/oslo/config/cfg.py:2040
2014-10-20 14:29:20.774 15081 DEBUG heat-api-cloudwatch [-] debug                          = True log_opt_values /usr/local/lib/python2.7/dist-packages/oslo/config/cfg.py:2040
2014-10-20 14:29:20.774 15081 DEBUG heat-api-cloudwatch [-] default_log_levels             = ['amqplib=WARN', 'qpid.messaging=INFO', 'keystone=INFO', 'eventlet.wsgi.server=WARN'] log_opt_values /usr/local/lib/python2.7/dist-packages/oslo/config/cfg.py:2040
2014-10-20 14:29:20.775 15081 DEBUG heat-api-cloudwatch [-] deferred_auth_method           = trusts log_opt_values /usr/local/lib/python2.7/dist-packages/oslo/config/cfg.py:2040
2014-10-20 14:29:20.775 15081 DEBUG heat-api-cloudwatch [-] engine_life_check_timeout      = 2 log_opt_values /usr/local/lib/python2.7/dist-packages/oslo/config/cfg.py:2040
2014-10-20 14:29:20.775 15081 DEBUG heat-api-cloudwatch [-] environment_dir                = /etc/heat/environment.d log_opt_values /usr/local/lib/python2.7/dist-packages/oslo/config/cfg.py:2040
2014-10-20 14:29:20.775 15081 DEBUG heat-api-cloudwatch [-] event_purge_batch_size         = 10 log_opt_values /usr/local/lib/python2.7/dist-packages/oslo/config/cfg.py:2040
2014-10-20 14:29:20.775 15081 DEBUG heat-api-cloudwatch [-] fake_rabbit                    = False log_opt_values /usr/local/lib/python2.7/dist-packages/oslo/config/cfg.py:2040
2014-10-20 14:29:20.776 15081 DEBUG heat-api-cloudwatch [-] fatal_deprecations             = False log_opt_values /usr/local/lib/python2.7/dist-packages/oslo/config/cfg.py:2040
2014-10-20 14:29:20.776 15081 DEBUG heat-api-cloudwatch [-] heat_metadata_server_url       = http://10.0.2.32:8000 log_opt_values /usr/local/lib/python2.7/dist-packages/oslo/config/cfg.py:2040
2014-10-20 14:29:20.776 15081 DEBUG heat-api-cloudwatch [-] heat_stack_user_role           = heat_stack_user log_opt_values /usr/local/lib/python2.7/dist-packages/oslo/config/cfg.py:2040
2014-10-20 14:29:20.776 15081 DEBUG heat-api-cloudwatch [-] heat_waitcondition_server_url  = http://10.0.2.32:8000/v1/waitcondition log_opt_values /usr/local/lib/python2.7/dist-packages/oslo/config/cfg.py:2040
2014-10-20 14:29:20.776 15081 DEBUG heat-api-cloudwatch [-] heat_watch_server_url          = http://10.0.2.32:8003 log_opt_values /usr/local/lib/python2.7/dist-packages/oslo/config/cfg.py:2040
2014-10-20 14:29:20.776 15081 DEBUG heat-api-cloudwatch [-] host                           = devstack log_opt_values /usr/local/lib/python2.7/dist-packages/oslo/config/cfg.py:2040
2014-10-20 14:29:20.777 15081 DEBUG heat-api-cloudwatch [-] instance_connection_https_validate_certificates = 1 log_opt_values /usr/local/lib/python2.7/dist-packages/oslo/config/cfg.py:2040
2014-10-20 14:29:20.777 15081 DEBUG heat-api-cloudwatch [-] instance_connection_is_secure  = 0 log_opt_values /usr/local/lib/python2.7/dist-packages/oslo/config/cfg.py:2040
2014-10-20 14:29:20.777 15081 DEBUG heat-api-cloudwatch [-] instance_driver                = heat.engine.nova log_opt_values /usr/local/lib/python2.7/dist-packages/oslo/config/cfg.py:2040
2014-10-20 14:29:20.777 15081 DEBUG heat-api-cloudwatch [-] instance_format                = [instance: %(uuid)s]  log_opt_values /usr/local/lib/python2.7/dist-packages/oslo/config/cfg.py:2040
2014-10-20 14:29:20.777 15081 DEBUG heat-api-cloudwatch [-] instance_user                  = ec2-user log_opt_values /usr/local/lib/python2.7/dist-packages/oslo/config/cfg.py:2040
2014-10-20 14:29:20.778 15081 DEBUG heat-api-cloudwatch [-] instance_uuid_format           = [instance: %(uuid)s]  log_opt_values /usr/local/lib/python2.7/dist-packages/oslo/config/cfg.py:2040
2014-10-20 14:29:20.778 15081 DEBUG heat-api-cloudwatch [-] log_config_append              = None log_opt_values /usr/local/lib/python2.7/dist-packages/oslo/config/cfg.py:2040
2014-10-20 14:29:20.778 15081 DEBUG heat-api-cloudwatch [-] log_date_format                = %Y-%m-%d %H:%M:%S log_opt_values /usr/local/lib/python2.7/dist-packages/oslo/config/cfg.py:2040
2014-10-20 14:29:20.778 15081 DEBUG heat-api-cloudwatch [-] log_dir                        = None log_opt_values /usr/local/lib/python2.7/dist-packages/oslo/config/cfg.py:2040
2014-10-20 14:29:20.779 15081 DEBUG heat-api-cloudwatch [-] log_file                       = None log_opt_values /usr/local/lib/python2.7/dist-packages/oslo/config/cfg.py:2040
2014-10-20 14:29:20.779 15081 DEBUG heat-api-cloudwatch [-] log_format                     = None log_opt_values /usr/local/lib/python2.7/dist-packages/oslo/config/cfg.py:2040
2014-10-20 14:29:20.779 15081 DEBUG heat-api-cloudwatch [-] logging_context_format_string  = %(asctime)s.%(msecs)03d %(process)d %(levelname)s %(name)s [%(request_id)s %(user_identity)s] %(instance)s%(message)s log_opt_values /usr/local/lib/python2.7/dist-packages/oslo/config/cfg.py:2040
2014-10-20 14:29:20.779 15081 DEBUG heat-api-cloudwatch [-] logging_debug_format_suffix    = %(funcName)s %(pathname)s:%(lineno)d log_opt_values /usr/local/lib/python2.7/dist-packages/oslo/config/cfg.py:2040
2014-10-20 14:29:20.779 15081 DEBUG heat-api-cloudwatch [-] logging_default_format_string  = %(asctime)s.%(msecs)03d %(process)d %(levelname)s %(name)s [-] %(instance)s%(message)s log_opt_values /usr/local/lib/python2.7/dist-packages/oslo/config/cfg.py:2040
2014-10-20 14:29:20.780 15081 DEBUG heat-api-cloudwatch [-] logging_exception_prefix       = %(asctime)s.%(msecs)03d %(process)d TRACE %(name)s %(instance)s log_opt_values /usr/local/lib/python2.7/dist-packages/oslo/config/cfg.py:2040
2014-10-20 14:29:20.780 15081 DEBUG heat-api-cloudwatch [-] max_events_per_stack           = 1000 log_opt_values /usr/local/lib/python2.7/dist-packages/oslo/config/cfg.py:2040
2014-10-20 14:29:20.780 15081 DEBUG heat-api-cloudwatch [-] max_json_body_size             = 1048576 log_opt_values /usr/local/lib/python2.7/dist-packages/oslo/config/cfg.py:2040
2014-10-20 14:29:20.780 15081 DEBUG heat-api-cloudwatch [-] max_nested_stack_depth         = 3 log_opt_values /usr/local/lib/python2.7/dist-packages/oslo/config/cfg.py:2040
2014-10-20 14:29:20.780 15081 DEBUG heat-api-cloudwatch [-] max_resources_per_stack        = 1000 log_opt_values /usr/local/lib/python2.7/dist-packages/oslo/config/cfg.py:2040
2014-10-20 14:29:20.780 15081 DEBUG heat-api-cloudwatch [-] max_stacks_per_tenant          = 100 log_opt_values /usr/local/lib/python2.7/dist-packages/oslo/config/cfg.py:2040
2014-10-20 14:29:20.781 15081 DEBUG heat-api-cloudwatch [-] max_template_size              = 524288 log_opt_values /usr/local/lib/python2.7/dist-packages/oslo/config/cfg.py:2040
2014-10-20 14:29:20.781 15081 DEBUG heat-api-cloudwatch [-] memcached_servers              = None log_opt_values /usr/local/lib/python2.7/dist-packages/oslo/config/cfg.py:2040
2014-10-20 14:29:20.781 15081 DEBUG heat-api-cloudwatch [-] onready                        = None log_opt_values /usr/local/lib/python2.7/dist-packages/oslo/config/cfg.py:2040
2014-10-20 14:29:20.781 15081 DEBUG heat-api-cloudwatch [-] periodic_interval              = 60 log_opt_values /usr/local/lib/python2.7/dist-packages/oslo/config/cfg.py:2040
2014-10-20 14:29:20.781 15081 DEBUG heat-api-cloudwatch [-] plugin_dirs                    = ['/usr/lib64/heat', '/usr/lib/heat'] log_opt_values /usr/local/lib/python2.7/dist-packages/oslo/config/cfg.py:2040
2014-10-20 14:29:20.782 15081 DEBUG heat-api-cloudwatch [-] policy_default_rule            = default log_opt_values /usr/local/lib/python2.7/dist-packages/oslo/config/cfg.py:2040
2014-10-20 14:29:20.782 15081 DEBUG heat-api-cloudwatch [-] policy_file                    = policy.json log_opt_values /usr/local/lib/python2.7/dist-packages/oslo/config/cfg.py:2040
2014-10-20 14:29:20.782 15081 DEBUG heat-api-cloudwatch [-] publish_errors                 = False log_opt_values /usr/local/lib/python2.7/dist-packages/oslo/config/cfg.py:2040
2014-10-20 14:29:20.782 15081 DEBUG heat-api-cloudwatch [-] region_name_for_services       = None log_opt_values /usr/local/lib/python2.7/dist-packages/oslo/config/cfg.py:2040
2014-10-20 14:29:20.783 15081 DEBUG heat-api-cloudwatch [-] rpc_backend                    = heat.openstack.common.rpc.impl_kombu log_opt_values /usr/local/lib/python2.7/dist-packages/oslo/config/cfg.py:2040
2014-10-20 14:29:20.784 15081 DEBUG heat-api-cloudwatch [-] rpc_cast_timeout               = 30 log_opt_values /usr/local/lib/python2.7/dist-packages/oslo/config/cfg.py:2040
2014-10-20 14:29:20.784 15081 DEBUG heat-api-cloudwatch [-] rpc_conn_pool_size             = 30 log_opt_values /usr/local/lib/python2.7/dist-packages/oslo/config/cfg.py:2040
2014-10-20 14:29:20.784 15081 DEBUG heat-api-cloudwatch [-] rpc_response_timeout           = 60 log_opt_values /usr/local/lib/python2.7/dist-packages/oslo/config/cfg.py:2040
2014-10-20 14:29:20.784 15081 DEBUG heat-api-cloudwatch [-] rpc_thread_pool_size           = 64 log_opt_values /usr/local/lib/python2.7/dist-packages/oslo/config/cfg.py:2040
2014-10-20 14:29:20.784 15081 DEBUG heat-api-cloudwatch [-] secure_proxy_ssl_header        = X-Forwarded-Proto log_opt_values /usr/local/lib/python2.7/dist-packages/oslo/config/cfg.py:2040
2014-10-20 14:29:20.785 15081 DEBUG heat-api-cloudwatch [-] sqlite_db                      = heat.sqlite log_opt_values /usr/local/lib/python2.7/dist-packages/oslo/config/cfg.py:2040
2014-10-20 14:29:20.785 15081 DEBUG heat-api-cloudwatch [-] sqlite_synchronous             = True log_opt_values /usr/local/lib/python2.7/dist-packages/oslo/config/cfg.py:2040
2014-10-20 14:29:20.785 15081 DEBUG heat-api-cloudwatch [-] stack_action_timeout           = 3600 log_opt_values /usr/local/lib/python2.7/dist-packages/oslo/config/cfg.py:2040
2014-10-20 14:29:20.785 15081 DEBUG heat-api-cloudwatch [-] stack_domain_admin             = heat_domain_admin log_opt_values /usr/local/lib/python2.7/dist-packages/oslo/config/cfg.py:2040
2014-10-20 14:29:20.785 15081 DEBUG heat-api-cloudwatch [-] stack_domain_admin_password    = devstack log_opt_values /usr/local/lib/python2.7/dist-packages/oslo/config/cfg.py:2040
2014-10-20 14:29:20.785 15081 DEBUG heat-api-cloudwatch [-] stack_user_domain              = 0852822bbae241468575e930cdc259f7 log_opt_values /usr/local/lib/python2.7/dist-packages/oslo/config/cfg.py:2040
2014-10-20 14:29:20.786 15081 DEBUG heat-api-cloudwatch [-] syslog_log_facility            = LOG_USER log_opt_values /usr/local/lib/python2.7/dist-packages/oslo/config/cfg.py:2040
2014-10-20 14:29:20.786 15081 DEBUG heat-api-cloudwatch [-] trusts_delegated_roles         = ['heat_stack_owner'] log_opt_values /usr/local/lib/python2.7/dist-packages/oslo/config/cfg.py:2040
2014-10-20 14:29:20.786 15081 DEBUG heat-api-cloudwatch [-] use_stderr                     = True log_opt_values /usr/local/lib/python2.7/dist-packages/oslo/config/cfg.py:2040
2014-10-20 14:29:20.786 15081 DEBUG heat-api-cloudwatch [-] use_syslog                     = False log_opt_values /usr/local/lib/python2.7/dist-packages/oslo/config/cfg.py:2040
2014-10-20 14:29:20.786 15081 DEBUG heat-api-cloudwatch [-] verbose                        = False log_opt_values /usr/local/lib/python2.7/dist-packages/oslo/config/cfg.py:2040
2014-10-20 14:29:20.787 15081 DEBUG heat-api-cloudwatch [-] clients_swift.ca_file          = None log_opt_values /usr/local/lib/python2.7/dist-packages/oslo/config/cfg.py:2048
2014-10-20 14:29:20.787 15081 DEBUG heat-api-cloudwatch [-] clients_swift.cert_file        = None log_opt_values /usr/local/lib/python2.7/dist-packages/oslo/config/cfg.py:2048
2014-10-20 14:29:20.787 15081 DEBUG heat-api-cloudwatch [-] clients_swift.endpoint_type    = publicURL log_opt_values /usr/local/lib/python2.7/dist-packages/oslo/config/cfg.py:2048
2014-10-20 14:29:20.787 15081 DEBUG heat-api-cloudwatch [-] clients_swift.insecure         = False log_opt_values /usr/local/lib/python2.7/dist-packages/oslo/config/cfg.py:2048
2014-10-20 14:29:20.787 15081 DEBUG heat-api-cloudwatch [-] clients_swift.key_file         = None log_opt_values /usr/local/lib/python2.7/dist-packages/oslo/config/cfg.py:2048
2014-10-20 14:29:20.787 15081 DEBUG heat-api-cloudwatch [-] clients_neutron.ca_file        = None log_opt_values /usr/local/lib/python2.7/dist-packages/oslo/config/cfg.py:2048
2014-10-20 14:29:20.788 15081 DEBUG heat-api-cloudwatch [-] clients_neutron.cert_file      = None log_opt_values /usr/local/lib/python2.7/dist-packages/oslo/config/cfg.py:2048
2014-10-20 14:29:20.788 15081 DEBUG heat-api-cloudwatch [-] clients_neutron.endpoint_type  = publicURL log_opt_values /usr/local/lib/python2.7/dist-packages/oslo/config/cfg.py:2048
2014-10-20 14:29:20.788 15081 DEBUG heat-api-cloudwatch [-] clients_neutron.insecure       = False log_opt_values /usr/local/lib/python2.7/dist-packages/oslo/config/cfg.py:2048
2014-10-20 14:29:20.788 15081 DEBUG heat-api-cloudwatch [-] clients_neutron.key_file       = None log_opt_values /usr/local/lib/python2.7/dist-packages/oslo/config/cfg.py:2048
2014-10-20 14:29:20.788 15081 DEBUG heat-api-cloudwatch [-] database.backend               = sqlalchemy log_opt_values /usr/local/lib/python2.7/dist-packages/oslo/config/cfg.py:2048
2014-10-20 14:29:20.789 15081 DEBUG heat-api-cloudwatch [-] database.connection            = **** log_opt_values /usr/local/lib/python2.7/dist-packages/oslo/config/cfg.py:2048
2014-10-20 14:29:20.789 15081 DEBUG heat-api-cloudwatch [-] database.connection_debug      = 0 log_opt_values /usr/local/lib/python2.7/dist-packages/oslo/config/cfg.py:2048
2014-10-20 14:29:20.789 15081 DEBUG heat-api-cloudwatch [-] database.connection_trace      = False log_opt_values /usr/local/lib/python2.7/dist-packages/oslo/config/cfg.py:2048
2014-10-20 14:29:20.789 15081 DEBUG heat-api-cloudwatch [-] database.idle_timeout          = 3600 log_opt_values /usr/local/lib/python2.7/dist-packages/oslo/config/cfg.py:2048
2014-10-20 14:29:20.789 15081 DEBUG heat-api-cloudwatch [-] database.max_overflow          = None log_opt_values /usr/local/lib/python2.7/dist-packages/oslo/config/cfg.py:2048
2014-10-20 14:29:20.789 15081 DEBUG heat-api-cloudwatch [-] database.max_pool_size         = None log_opt_values /usr/local/lib/python2.7/dist-packages/oslo/config/cfg.py:2048
2014-10-20 14:29:20.790 15081 DEBUG heat-api-cloudwatch [-] database.max_retries           = 10 log_opt_values /usr/local/lib/python2.7/dist-packages/oslo/config/cfg.py:2048
2014-10-20 14:29:20.790 15081 DEBUG heat-api-cloudwatch [-] database.min_pool_size         = 1 log_opt_values /usr/local/lib/python2.7/dist-packages/oslo/config/cfg.py:2048
2014-10-20 14:29:20.790 15081 DEBUG heat-api-cloudwatch [-] database.pool_timeout          = None log_opt_values /usr/local/lib/python2.7/dist-packages/oslo/config/cfg.py:2048
2014-10-20 14:29:20.790 15081 DEBUG heat-api-cloudwatch [-] database.retry_interval        = 10 log_opt_values /usr/local/lib/python2.7/dist-packages/oslo/config/cfg.py:2048
2014-10-20 14:29:20.790 15081 DEBUG heat-api-cloudwatch [-] database.slave_connection      = **** log_opt_values /usr/local/lib/python2.7/dist-packages/oslo/config/cfg.py:2048
2014-10-20 14:29:20.791 15081 DEBUG heat-api-cloudwatch [-] paste_deploy.api_paste_config  = api-paste.ini log_opt_values /usr/local/lib/python2.7/dist-packages/oslo/config/cfg.py:2048
2014-10-20 14:29:20.791 15081 DEBUG heat-api-cloudwatch [-] paste_deploy.flavor            = None log_opt_values /usr/local/lib/python2.7/dist-packages/oslo/config/cfg.py:2048
2014-10-20 14:29:20.791 15081 DEBUG heat-api-cloudwatch [-] clients_cinder.ca_file         = None log_opt_values /usr/local/lib/python2.7/dist-packages/oslo/config/cfg.py:2048
2014-10-20 14:29:20.791 15081 DEBUG heat-api-cloudwatch [-] clients_cinder.cert_file       = None log_opt_values /usr/local/lib/python2.7/dist-packages/oslo/config/cfg.py:2048
2014-10-20 14:29:20.791 15081 DEBUG heat-api-cloudwatch [-] clients_cinder.endpoint_type   = publicURL log_opt_values /usr/local/lib/python2.7/dist-packages/oslo/config/cfg.py:2048
2014-10-20 14:29:20.791 15081 DEBUG heat-api-cloudwatch [-] clients_cinder.insecure        = False log_opt_values /usr/local/lib/python2.7/dist-packages/oslo/config/cfg.py:2048
2014-10-20 14:29:20.791 15081 DEBUG heat-api-cloudwatch [-] clients_cinder.key_file        = None log_opt_values /usr/local/lib/python2.7/dist-packages/oslo/config/cfg.py:2048
2014-10-20 14:29:20.792 15081 DEBUG heat-api-cloudwatch [-] clients.ca_file                = None log_opt_values /usr/local/lib/python2.7/dist-packages/oslo/config/cfg.py:2048
2014-10-20 14:29:20.792 15081 DEBUG heat-api-cloudwatch [-] clients.cert_file              = None log_opt_values /usr/local/lib/python2.7/dist-packages/oslo/config/cfg.py:2048
2014-10-20 14:29:20.792 15081 DEBUG heat-api-cloudwatch [-] clients.endpoint_type          = publicURL log_opt_values /usr/local/lib/python2.7/dist-packages/oslo/config/cfg.py:2048
2014-10-20 14:29:20.792 15081 DEBUG heat-api-cloudwatch [-] clients.insecure               = False log_opt_values /usr/local/lib/python2.7/dist-packages/oslo/config/cfg.py:2048
2014-10-20 14:29:20.792 15081 DEBUG heat-api-cloudwatch [-] clients.key_file               = None log_opt_values /usr/local/lib/python2.7/dist-packages/oslo/config/cfg.py:2048
2014-10-20 14:29:20.792 15081 DEBUG heat-api-cloudwatch [-] clients_nova.ca_file           = None log_opt_values /usr/local/lib/python2.7/dist-packages/oslo/config/cfg.py:2048
2014-10-20 14:29:20.793 15081 DEBUG heat-api-cloudwatch [-] clients_nova.cert_file         = None log_opt_values /usr/local/lib/python2.7/dist-packages/oslo/config/cfg.py:2048
2014-10-20 14:29:20.793 15081 DEBUG heat-api-cloudwatch [-] clients_nova.endpoint_type     = publicURL log_opt_values /usr/local/lib/python2.7/dist-packages/oslo/config/cfg.py:2048
2014-10-20 14:29:20.793 15081 DEBUG heat-api-cloudwatch [-] clients_nova.insecure          = False log_opt_values /usr/local/lib/python2.7/dist-packages/oslo/config/cfg.py:2048
2014-10-20 14:29:20.793 15081 DEBUG heat-api-cloudwatch [-] clients_nova.key_file          = None log_opt_values /usr/local/lib/python2.7/dist-packages/oslo/config/cfg.py:2048
2014-10-20 14:29:20.793 15081 DEBUG heat-api-cloudwatch [-] clients_ceilometer.ca_file     = None log_opt_values /usr/local/lib/python2.7/dist-packages/oslo/config/cfg.py:2048
2014-10-20 14:29:20.793 15081 DEBUG heat-api-cloudwatch [-] clients_ceilometer.cert_file   = None log_opt_values /usr/local/lib/python2.7/dist-packages/oslo/config/cfg.py:2048
2014-10-20 14:29:20.794 15081 DEBUG heat-api-cloudwatch [-] clients_ceilometer.endpoint_type = publicURL log_opt_values /usr/local/lib/python2.7/dist-packages/oslo/config/cfg.py:2048
2014-10-20 14:29:20.794 15081 DEBUG heat-api-cloudwatch [-] clients_ceilometer.insecure    = False log_opt_values /usr/local/lib/python2.7/dist-packages/oslo/config/cfg.py:2048
2014-10-20 14:29:20.794 15081 DEBUG heat-api-cloudwatch [-] clients_ceilometer.key_file    = None log_opt_values /usr/local/lib/python2.7/dist-packages/oslo/config/cfg.py:2048
2014-10-20 14:29:20.794 15081 DEBUG heat-api-cloudwatch [-] clients_trove.ca_file          = None log_opt_values /usr/local/lib/python2.7/dist-packages/oslo/config/cfg.py:2048
2014-10-20 14:29:20.794 15081 DEBUG heat-api-cloudwatch [-] clients_trove.cert_file        = None log_opt_values /usr/local/lib/python2.7/dist-packages/oslo/config/cfg.py:2048
2014-10-20 14:29:20.794 15081 DEBUG heat-api-cloudwatch [-] clients_trove.endpoint_type    = publicURL log_opt_values /usr/local/lib/python2.7/dist-packages/oslo/config/cfg.py:2048
2014-10-20 14:29:20.795 15081 DEBUG heat-api-cloudwatch [-] clients_trove.insecure         = False log_opt_values /usr/local/lib/python2.7/dist-packages/oslo/config/cfg.py:2048
2014-10-20 14:29:20.795 15081 DEBUG heat-api-cloudwatch [-] clients_trove.key_file         = None log_opt_values /usr/local/lib/python2.7/dist-packages/oslo/config/cfg.py:2048
2014-10-20 14:29:20.795 15081 DEBUG heat-api-cloudwatch [-] ec2authtoken.allowed_auth_uris = [] log_opt_values /usr/local/lib/python2.7/dist-packages/oslo/config/cfg.py:2048
2014-10-20 14:29:20.795 15081 DEBUG heat-api-cloudwatch [-] ec2authtoken.auth_uri          = http://10.0.2.32:5000/v2.0 log_opt_values /usr/local/lib/python2.7/dist-packages/oslo/config/cfg.py:2048
2014-10-20 14:29:20.795 15081 DEBUG heat-api-cloudwatch [-] ec2authtoken.multi_cloud       = False log_opt_values /usr/local/lib/python2.7/dist-packages/oslo/config/cfg.py:2048
2014-10-20 14:29:20.795 15081 DEBUG heat-api-cloudwatch [-] clients_heat.ca_file           = None log_opt_values /usr/local/lib/python2.7/dist-packages/oslo/config/cfg.py:2048
2014-10-20 14:29:20.796 15081 DEBUG heat-api-cloudwatch [-] clients_heat.cert_file         = None log_opt_values /usr/local/lib/python2.7/dist-packages/oslo/config/cfg.py:2048
2014-10-20 14:29:20.796 15081 DEBUG heat-api-cloudwatch [-] clients_heat.endpoint_type     = publicURL log_opt_values /usr/local/lib/python2.7/dist-packages/oslo/config/cfg.py:2048
2014-10-20 14:29:20.796 15081 DEBUG heat-api-cloudwatch [-] clients_heat.insecure          = False log_opt_values /usr/local/lib/python2.7/dist-packages/oslo/config/cfg.py:2048
2014-10-20 14:29:20.796 15081 DEBUG heat-api-cloudwatch [-] clients_heat.key_file          = None log_opt_values /usr/local/lib/python2.7/dist-packages/oslo/config/cfg.py:2048
2014-10-20 14:29:20.796 15081 DEBUG heat-api-cloudwatch [-] clients_heat.url               = None log_opt_values /usr/local/lib/python2.7/dist-packages/oslo/config/cfg.py:2048
2014-10-20 14:29:20.796 15081 DEBUG heat-api-cloudwatch [-] heat_api_cloudwatch.backlog    = 4096 log_opt_values /usr/local/lib/python2.7/dist-packages/oslo/config/cfg.py:2048
2014-10-20 14:29:20.797 15081 DEBUG heat-api-cloudwatch [-] heat_api_cloudwatch.bind_host  = 0.0.0.0 log_opt_values /usr/local/lib/python2.7/dist-packages/oslo/config/cfg.py:2048
2014-10-20 14:29:20.797 15081 DEBUG heat-api-cloudwatch [-] heat_api_cloudwatch.bind_port  = 8003 log_opt_values /usr/local/lib/python2.7/dist-packages/oslo/config/cfg.py:2048
2014-10-20 14:29:20.797 15081 DEBUG heat-api-cloudwatch [-] heat_api_cloudwatch.cert_file  = None log_opt_values /usr/local/lib/python2.7/dist-packages/oslo/config/cfg.py:2048
2014-10-20 14:29:20.797 15081 DEBUG heat-api-cloudwatch [-] heat_api_cloudwatch.key_file   = None log_opt_values /usr/local/lib/python2.7/dist-packages/oslo/config/cfg.py:2048
2014-10-20 14:29:20.797 15081 DEBUG heat-api-cloudwatch [-] heat_api_cloudwatch.max_header_line = 16384 log_opt_values /usr/local/lib/python2.7/dist-packages/oslo/config/cfg.py:2048
2014-10-20 14:29:20.798 15081 DEBUG heat-api-cloudwatch [-] heat_api_cloudwatch.workers    = 0 log_opt_values /usr/local/lib/python2.7/dist-packages/oslo/config/cfg.py:2048
2014-10-20 14:29:20.798 15081 DEBUG heat-api-cloudwatch [-] heat_api.backlog               = 4096 log_opt_values /usr/local/lib/python2.7/dist-packages/oslo/config/cfg.py:2048
2014-10-20 14:29:20.798 15081 DEBUG heat-api-cloudwatch [-] heat_api.bind_host             = 0.0.0.0 log_opt_values /usr/local/lib/python2.7/dist-packages/oslo/config/cfg.py:2048
2014-10-20 14:29:20.798 15081 DEBUG heat-api-cloudwatch [-] heat_api.bind_port             = 8004 log_opt_values /usr/local/lib/python2.7/dist-packages/oslo/config/cfg.py:2048
2014-10-20 14:29:20.798 15081 DEBUG heat-api-cloudwatch [-] heat_api.cert_file             = None log_opt_values /usr/local/lib/python2.7/dist-packages/oslo/config/cfg.py:2048
2014-10-20 14:29:20.799 15081 DEBUG heat-api-cloudwatch [-] heat_api.key_file              = None log_opt_values /usr/local/lib/python2.7/dist-packages/oslo/config/cfg.py:2048
2014-10-20 14:29:20.799 15081 DEBUG heat-api-cloudwatch [-] heat_api.max_header_line       = 16384 log_opt_values /usr/local/lib/python2.7/dist-packages/oslo/config/cfg.py:2048
2014-10-20 14:29:20.799 15081 DEBUG heat-api-cloudwatch [-] heat_api.workers               = 0 log_opt_values /usr/local/lib/python2.7/dist-packages/oslo/config/cfg.py:2048
2014-10-20 14:29:20.799 15081 DEBUG heat-api-cloudwatch [-] heat_api_cfn.backlog           = 4096 log_opt_values /usr/local/lib/python2.7/dist-packages/oslo/config/cfg.py:2048
2014-10-20 14:29:20.799 15081 DEBUG heat-api-cloudwatch [-] heat_api_cfn.bind_host         = 0.0.0.0 log_opt_values /usr/local/lib/python2.7/dist-packages/oslo/config/cfg.py:2048
2014-10-20 14:29:20.800 15081 DEBUG heat-api-cloudwatch [-] heat_api_cfn.bind_port         = 8000 log_opt_values /usr/local/lib/python2.7/dist-packages/oslo/config/cfg.py:2048
2014-10-20 14:29:20.800 15081 DEBUG heat-api-cloudwatch [-] heat_api_cfn.cert_file         = None log_opt_values /usr/local/lib/python2.7/dist-packages/oslo/config/cfg.py:2048
2014-10-20 14:29:20.800 15081 DEBUG heat-api-cloudwatch [-] heat_api_cfn.key_file          = None log_opt_values /usr/local/lib/python2.7/dist-packages/oslo/config/cfg.py:2048
2014-10-20 14:29:20.800 15081 DEBUG heat-api-cloudwatch [-] heat_api_cfn.max_header_line   = 16384 log_opt_values /usr/local/lib/python2.7/dist-packages/oslo/config/cfg.py:2048
2014-10-20 14:29:20.800 15081 DEBUG heat-api-cloudwatch [-] heat_api_cfn.workers           = 0 log_opt_values /usr/local/lib/python2.7/dist-packages/oslo/config/cfg.py:2048
2014-10-20 14:29:20.800 15081 DEBUG heat-api-cloudwatch [-] keystone_authtoken.admin_password = **** log_opt_values /usr/local/lib/python2.7/dist-packages/oslo/config/cfg.py:2048
2014-10-20 14:29:20.801 15081 DEBUG heat-api-cloudwatch [-] keystone_authtoken.admin_tenant_name = service log_opt_values /usr/local/lib/python2.7/dist-packages/oslo/config/cfg.py:2048
2014-10-20 14:29:20.801 15081 DEBUG heat-api-cloudwatch [-] keystone_authtoken.admin_token = **** log_opt_values /usr/local/lib/python2.7/dist-packages/oslo/config/cfg.py:2048
2014-10-20 14:29:20.801 15081 DEBUG heat-api-cloudwatch [-] keystone_authtoken.admin_user  = heat log_opt_values /usr/local/lib/python2.7/dist-packages/oslo/config/cfg.py:2048
2014-10-20 14:29:20.801 15081 DEBUG heat-api-cloudwatch [-] keystone_authtoken.auth_admin_prefix =  log_opt_values /usr/local/lib/python2.7/dist-packages/oslo/config/cfg.py:2048
2014-10-20 14:29:20.801 15081 DEBUG heat-api-cloudwatch [-] keystone_authtoken.auth_host   = 10.0.2.32 log_opt_values /usr/local/lib/python2.7/dist-packages/oslo/config/cfg.py:2048
2014-10-20 14:29:20.801 15081 DEBUG heat-api-cloudwatch [-] keystone_authtoken.auth_port   = 35357 log_opt_values /usr/local/lib/python2.7/dist-packages/oslo/config/cfg.py:2048
2014-10-20 14:29:20.802 15081 DEBUG heat-api-cloudwatch [-] keystone_authtoken.auth_protocol = http log_opt_values /usr/local/lib/python2.7/dist-packages/oslo/config/cfg.py:2048
2014-10-20 14:29:20.802 15081 DEBUG heat-api-cloudwatch [-] keystone_authtoken.auth_uri    = http://10.0.2.32:5000/v2.0 log_opt_values /usr/local/lib/python2.7/dist-packages/oslo/config/cfg.py:2048
2014-10-20 14:29:20.802 15081 DEBUG heat-api-cloudwatch [-] keystone_authtoken.auth_version = None log_opt_values /usr/local/lib/python2.7/dist-packages/oslo/config/cfg.py:2048
2014-10-20 14:29:20.802 15081 DEBUG heat-api-cloudwatch [-] keystone_authtoken.cache       = None log_opt_values /usr/local/lib/python2.7/dist-packages/oslo/config/cfg.py:2048
2014-10-20 14:29:20.802 15081 DEBUG heat-api-cloudwatch [-] keystone_authtoken.cafile      =  log_opt_values /usr/local/lib/python2.7/dist-packages/oslo/config/cfg.py:2048
2014-10-20 14:29:20.802 15081 DEBUG heat-api-cloudwatch [-] keystone_authtoken.certfile    = None log_opt_values /usr/local/lib/python2.7/dist-packages/oslo/config/cfg.py:2048
2014-10-20 14:29:20.802 15081 DEBUG heat-api-cloudwatch [-] keystone_authtoken.check_revocations_for_cached = False log_opt_values /usr/local/lib/python2.7/dist-packages/oslo/config/cfg.py:2048
2014-10-20 14:29:20.803 15081 DEBUG heat-api-cloudwatch [-] keystone_authtoken.delay_auth_decision = False log_opt_values /usr/local/lib/python2.7/dist-packages/oslo/config/cfg.py:2048
2014-10-20 14:29:20.803 15081 DEBUG heat-api-cloudwatch [-] keystone_authtoken.enforce_token_bind = permissive log_opt_values /usr/local/lib/python2.7/dist-packages/oslo/config/cfg.py:2048
2014-10-20 14:29:20.803 15081 DEBUG heat-api-cloudwatch [-] keystone_authtoken.hash_algorithms = ['md5'] log_opt_values /usr/local/lib/python2.7/dist-packages/oslo/config/cfg.py:2048
2014-10-20 14:29:20.803 15081 DEBUG heat-api-cloudwatch [-] keystone_authtoken.http_connect_timeout = None log_opt_values /usr/local/lib/python2.7/dist-packages/oslo/config/cfg.py:2048
2014-10-20 14:29:20.803 15081 DEBUG heat-api-cloudwatch [-] keystone_authtoken.http_request_max_retries = 3 log_opt_values /usr/local/lib/python2.7/dist-packages/oslo/config/cfg.py:2048
2014-10-20 14:29:20.803 15081 DEBUG heat-api-cloudwatch [-] keystone_authtoken.identity_uri = None log_opt_values /usr/local/lib/python2.7/dist-packages/oslo/config/cfg.py:2048
2014-10-20 14:29:20.804 15081 DEBUG heat-api-cloudwatch [-] keystone_authtoken.include_service_catalog = True log_opt_values /usr/local/lib/python2.7/dist-packages/oslo/config/cfg.py:2048
2014-10-20 14:29:20.804 15081 DEBUG heat-api-cloudwatch [-] keystone_authtoken.insecure    = False log_opt_values /usr/local/lib/python2.7/dist-packages/oslo/config/cfg.py:2048
2014-10-20 14:29:20.804 15081 DEBUG heat-api-cloudwatch [-] keystone_authtoken.keyfile     = None log_opt_values /usr/local/lib/python2.7/dist-packages/oslo/config/cfg.py:2048
2014-10-20 14:29:20.804 15081 DEBUG heat-api-cloudwatch [-] keystone_authtoken.memcache_secret_key = **** log_opt_values /usr/local/lib/python2.7/dist-packages/oslo/config/cfg.py:2048
2014-10-20 14:29:20.804 15081 DEBUG heat-api-cloudwatch [-] keystone_authtoken.memcache_security_strategy = None log_opt_values /usr/local/lib/python2.7/dist-packages/oslo/config/cfg.py:2048
2014-10-20 14:29:20.804 15081 DEBUG heat-api-cloudwatch [-] keystone_authtoken.memcached_servers = None log_opt_values /usr/local/lib/python2.7/dist-packages/oslo/config/cfg.py:2048
2014-10-20 14:29:20.805 15081 DEBUG heat-api-cloudwatch [-] keystone_authtoken.revocation_cache_time = 10 log_opt_values /usr/local/lib/python2.7/dist-packages/oslo/config/cfg.py:2048
2014-10-20 14:29:20.805 15081 DEBUG heat-api-cloudwatch [-] keystone_authtoken.signing_dir = /var/cache/heat log_opt_values /usr/local/lib/python2.7/dist-packages/oslo/config/cfg.py:2048
2014-10-20 14:29:20.805 15081 DEBUG heat-api-cloudwatch [-] keystone_authtoken.token_cache_time = 300 log_opt_values /usr/local/lib/python2.7/dist-packages/oslo/config/cfg.py:2048
2014-10-20 14:29:20.805 15081 DEBUG heat-api-cloudwatch [-] auth_password.allowed_auth_uris = [] log_opt_values /usr/local/lib/python2.7/dist-packages/oslo/config/cfg.py:2048
2014-10-20 14:29:20.805 15081 DEBUG heat-api-cloudwatch [-] auth_password.multi_cloud      = False log_opt_values /usr/local/lib/python2.7/dist-packages/oslo/config/cfg.py:2048
2014-10-20 14:29:20.805 15081 DEBUG heat-api-cloudwatch [-] clients_keystone.ca_file       = None log_opt_values /usr/local/lib/python2.7/dist-packages/oslo/config/cfg.py:2048
2014-10-20 14:29:20.806 15081 DEBUG heat-api-cloudwatch [-] clients_keystone.cert_file     = None log_opt_values /usr/local/lib/python2.7/dist-packages/oslo/config/cfg.py:2048
2014-10-20 14:29:20.806 15081 DEBUG heat-api-cloudwatch [-] clients_keystone.endpoint_type = publicURL log_opt_values /usr/local/lib/python2.7/dist-packages/oslo/config/cfg.py:2048
2014-10-20 14:29:20.806 15081 DEBUG heat-api-cloudwatch [-] clients_keystone.insecure      = False log_opt_values /usr/local/lib/python2.7/dist-packages/oslo/config/cfg.py:2048
2014-10-20 14:29:20.806 15081 DEBUG heat-api-cloudwatch [-] clients_keystone.key_file      = None log_opt_values /usr/local/lib/python2.7/dist-packages/oslo/config/cfg.py:2048
2014-10-20 14:29:20.807 15081 DEBUG heat-api-cloudwatch [-] revision.heat_revision         = unknown log_opt_values /usr/local/lib/python2.7/dist-packages/oslo/config/cfg.py:2048
2014-10-20 14:29:20.807 15081 DEBUG heat-api-cloudwatch [-] ******************************************************************************** log_opt_values /usr/local/lib/python2.7/dist-packages/oslo/config/cfg.py:2050
2014-10-20 14:29:20.807 15081 INFO heat.api.cloudwatch [-] Starting Heat CloudWatch API on 0.0.0.0:8003
/opt/stack/heat/bin/heat-api-cloudwatch --config-file=/etc/heat/heat.conf
root@devstack:~# /opt/stack/heat/bin/heat-api-cloudwatch --config-file=/etc/heat/heat.conf
No handlers could be found for logger "heat.common.config"
2014-10-20 14:34:46.067 2841 DEBUG routes.middleware [-] Initialized with method overriding = True, and path info altering = True __init__ /usr/local/lib/python2.7/dist-packages/routes/middleware.py:41
2014-10-20 14:34:46.076 2841 INFO keystoneclient.middleware.auth_token [-] Starting keystone auth_token middleware
2014-10-20 14:34:46.076 2841 WARNING keystoneclient.middleware.auth_token [-] This middleware module is deprecated as of v0.10.0 in favor of keystonemiddleware.auth_token - please update your WSGI pipeline to reference the new middleware package.
2014-10-20 14:34:46.076 2841 WARNING keystoneclient.middleware.auth_token [-] Configuring admin URI using auth fragments. This is deprecated, use 'identity_uri' instead.
2014-10-20 14:34:46.077 2841 INFO keystoneclient.middleware.auth_token [-] Using /var/cache/heat as cache directory for signing certificate
2014-10-20 14:34:46.078 2841 WARNING keystoneclient.middleware.auth_token [-] signing_dir is not owned by 0
2014-10-20 14:34:46.078 2841 WARNING keystoneclient.middleware.auth_token [-] signing_dir mode is 0755 instead of 0700
2014-10-20 14:34:46.079 2841 DEBUG heat-api-cloudwatch [-] ******************************************************************************** log_opt_values /usr/local/lib/python2.7/dist-packages/oslo/config/cfg.py:2027
2014-10-20 14:34:46.079 2841 DEBUG heat-api-cloudwatch [-] Configuration options gathered from: log_opt_values /usr/local/lib/python2.7/dist-packages/oslo/config/cfg.py:2028
2014-10-20 14:34:46.080 2841 DEBUG heat-api-cloudwatch [-] command line args: ['--config-file=/etc/heat/heat.conf'] log_opt_values /usr/local/lib/python2.7/dist-packages/oslo/config/cfg.py:2029
2014-10-20 14:34:46.080 2841 DEBUG heat-api-cloudwatch [-] config files: ['/etc/heat/heat.conf'] log_opt_values /usr/local/lib/python2.7/dist-packages/oslo/config/cfg.py:2030
2014-10-20 14:34:46.081 2841 DEBUG heat-api-cloudwatch [-] ================================================================================ log_opt_values /usr/local/lib/python2.7/dist-packages/oslo/config/cfg.py:2031
2014-10-20 14:34:46.082 2841 DEBUG heat-api-cloudwatch [-] allowed_rpc_exception_modules  = ['nova.exception', 'cinder.exception', 'exceptions', 'heat.common.exception'] log_opt_values /usr/local/lib/python2.7/dist-packages/oslo/config/cfg.py:2040
2014-10-20 14:34:46.082 2841 DEBUG heat-api-cloudwatch [-] auth_encryption_key            = e78b74cf0540a76e52b34aa8aafb9cb8 log_opt_values /usr/local/lib/python2.7/dist-packages/oslo/config/cfg.py:2040
2014-10-20 14:34:46.083 2841 DEBUG heat-api-cloudwatch [-] config_dir                     = None log_opt_values /usr/local/lib/python2.7/dist-packages/oslo/config/cfg.py:2040
2014-10-20 14:34:46.083 2841 DEBUG heat-api-cloudwatch [-] config_file                    = ['/etc/heat/heat.conf'] log_opt_values /usr/local/lib/python2.7/dist-packages/oslo/config/cfg.py:2040
2014-10-20 14:34:46.084 2841 DEBUG heat-api-cloudwatch [-] control_exchange               = heat log_opt_values /usr/local/lib/python2.7/dist-packages/oslo/config/cfg.py:2040
2014-10-20 14:34:46.084 2841 DEBUG heat-api-cloudwatch [-] db_backend                     = sqlalchemy log_opt_values /usr/local/lib/python2.7/dist-packages/oslo/config/cfg.py:2040
2014-10-20 14:34:46.085 2841 DEBUG heat-api-cloudwatch [-] debug                          = True log_opt_values /usr/local/lib/python2.7/dist-packages/oslo/config/cfg.py:2040
2014-10-20 14:34:46.085 2841 DEBUG heat-api-cloudwatch [-] default_log_levels             = ['amqplib=WARN', 'qpid.messaging=INFO', 'keystone=INFO', 'eventlet.wsgi.server=WARN'] log_opt_values /usr/local/lib/python2.7/dist-packages/oslo/config/cfg.py:2040
2014-10-20 14:34:46.085 2841 DEBUG heat-api-cloudwatch [-] deferred_auth_method           = trusts log_opt_values /usr/local/lib/python2.7/dist-packages/oslo/config/cfg.py:2040
2014-10-20 14:34:46.087 2841 DEBUG heat-api-cloudwatch [-] engine_life_check_timeout      = 2 log_opt_values /usr/local/lib/python2.7/dist-packages/oslo/config/cfg.py:2040
2014-10-20 14:34:46.087 2841 DEBUG heat-api-cloudwatch [-] environment_dir                = /etc/heat/environment.d log_opt_values /usr/local/lib/python2.7/dist-packages/oslo/config/cfg.py:2040
2014-10-20 14:34:46.088 2841 DEBUG heat-api-cloudwatch [-] event_purge_batch_size         = 10 log_opt_values /usr/local/lib/python2.7/dist-packages/oslo/config/cfg.py:2040
2014-10-20 14:34:46.088 2841 DEBUG heat-api-cloudwatch [-] fake_rabbit                    = False log_opt_values /usr/local/lib/python2.7/dist-packages/oslo/config/cfg.py:2040
2014-10-20 14:34:46.090 2841 DEBUG heat-api-cloudwatch [-] fatal_deprecations             = False log_opt_values /usr/local/lib/python2.7/dist-packages/oslo/config/cfg.py:2040
2014-10-20 14:34:46.091 2841 DEBUG heat-api-cloudwatch [-] heat_metadata_server_url       = http://10.0.2.32:8000 log_opt_values /usr/local/lib/python2.7/dist-packages/oslo/config/cfg.py:2040
2014-10-20 14:34:46.091 2841 DEBUG heat-api-cloudwatch [-] heat_stack_user_role           = heat_stack_user log_opt_values /usr/local/lib/python2.7/dist-packages/oslo/config/cfg.py:2040
2014-10-20 14:34:46.092 2841 DEBUG heat-api-cloudwatch [-] heat_waitcondition_server_url  = http://10.0.2.32:8000/v1/waitcondition log_opt_values /usr/local/lib/python2.7/dist-packages/oslo/config/cfg.py:2040
2014-10-20 14:34:46.092 2841 DEBUG heat-api-cloudwatch [-] heat_watch_server_url          = http://10.0.2.32:8003 log_opt_values /usr/local/lib/python2.7/dist-packages/oslo/config/cfg.py:2040
2014-10-20 14:34:46.093 2841 DEBUG heat-api-cloudwatch [-] host                           = devstack log_opt_values /usr/local/lib/python2.7/dist-packages/oslo/config/cfg.py:2040
2014-10-20 14:34:46.093 2841 DEBUG heat-api-cloudwatch [-] instance_connection_https_validate_certificates = 1 log_opt_values /usr/local/lib/python2.7/dist-packages/oslo/config/cfg.py:2040
2014-10-20 14:34:46.094 2841 DEBUG heat-api-cloudwatch [-] instance_connection_is_secure  = 0 log_opt_values /usr/local/lib/python2.7/dist-packages/oslo/config/cfg.py:2040
2014-10-20 14:34:46.096 2841 DEBUG heat-api-cloudwatch [-] instance_driver                = heat.engine.nova log_opt_values /usr/local/lib/python2.7/dist-packages/oslo/config/cfg.py:2040
2014-10-20 14:34:46.096 2841 DEBUG heat-api-cloudwatch [-] instance_format                = [instance: %(uuid)s]  log_opt_values /usr/local/lib/python2.7/dist-packages/oslo/config/cfg.py:2040
2014-10-20 14:34:46.097 2841 DEBUG heat-api-cloudwatch [-] instance_user                  = ec2-user log_opt_values /usr/local/lib/python2.7/dist-packages/oslo/config/cfg.py:2040
2014-10-20 14:34:46.097 2841 DEBUG heat-api-cloudwatch [-] instance_uuid_format           = [instance: %(uuid)s]  log_opt_values /usr/local/lib/python2.7/dist-packages/oslo/config/cfg.py:2040
2014-10-20 14:34:46.098 2841 DEBUG heat-api-cloudwatch [-] log_config_append              = None log_opt_values /usr/local/lib/python2.7/dist-packages/oslo/config/cfg.py:2040
2014-10-20 14:34:46.098 2841 DEBUG heat-api-cloudwatch [-] log_date_format                = %Y-%m-%d %H:%M:%S log_opt_values /usr/local/lib/python2.7/dist-packages/oslo/config/cfg.py:2040
2014-10-20 14:34:46.099 2841 DEBUG heat-api-cloudwatch [-] log_dir                        = None log_opt_values /usr/local/lib/python2.7/dist-packages/oslo/config/cfg.py:2040
2014-10-20 14:34:46.099 2841 DEBUG heat-api-cloudwatch [-] log_file                       = None log_opt_values /usr/local/lib/python2.7/dist-packages/oslo/config/cfg.py:2040
2014-10-20 14:34:46.099 2841 DEBUG heat-api-cloudwatch [-] log_format                     = None log_opt_values /usr/local/lib/python2.7/dist-packages/oslo/config/cfg.py:2040
2014-10-20 14:34:46.100 2841 DEBUG heat-api-cloudwatch [-] logging_context_format_string  = %(asctime)s.%(msecs)03d %(process)d %(levelname)s %(name)s [%(request_id)s %(user_identity)s] %(instance)s%(message)s log_opt_values /usr/local/lib/python2.7/dist-packages/oslo/config/cfg.py:2040
2014-10-20 14:34:46.107 2841 DEBUG heat-api-cloudwatch [-] logging_debug_format_suffix    = %(funcName)s %(pathname)s:%(lineno)d log_opt_values /usr/local/lib/python2.7/dist-packages/oslo/config/cfg.py:2040
2014-10-20 14:34:46.108 2841 DEBUG heat-api-cloudwatch [-] logging_default_format_string  = %(asctime)s.%(msecs)03d %(process)d %(levelname)s %(name)s [-] %(instance)s%(message)s log_opt_values /usr/local/lib/python2.7/dist-packages/oslo/config/cfg.py:2040
2014-10-20 14:34:46.108 2841 DEBUG heat-api-cloudwatch [-] logging_exception_prefix       = %(asctime)s.%(msecs)03d %(process)d TRACE %(name)s %(instance)s log_opt_values /usr/local/lib/python2.7/dist-packages/oslo/config/cfg.py:2040
2014-10-20 14:34:46.108 2841 DEBUG heat-api-cloudwatch [-] max_events_per_stack           = 1000 log_opt_values /usr/local/lib/python2.7/dist-packages/oslo/config/cfg.py:2040
2014-10-20 14:34:46.109 2841 DEBUG heat-api-cloudwatch [-] max_json_body_size             = 1048576 log_opt_values /usr/local/lib/python2.7/dist-packages/oslo/config/cfg.py:2040
2014-10-20 14:34:46.109 2841 DEBUG heat-api-cloudwatch [-] max_nested_stack_depth         = 3 log_opt_values /usr/local/lib/python2.7/dist-packages/oslo/config/cfg.py:2040
2014-10-20 14:34:46.109 2841 DEBUG heat-api-cloudwatch [-] max_resources_per_stack        = 1000 log_opt_values /usr/local/lib/python2.7/dist-packages/oslo/config/cfg.py:2040
2014-10-20 14:34:46.111 2841 DEBUG heat-api-cloudwatch [-] max_stacks_per_tenant          = 100 log_opt_values /usr/local/lib/python2.7/dist-packages/oslo/config/cfg.py:2040
2014-10-20 14:34:46.118 2841 DEBUG heat-api-cloudwatch [-] max_template_size              = 524288 log_opt_values /usr/local/lib/python2.7/dist-packages/oslo/config/cfg.py:2040
2014-10-20 14:34:46.118 2841 DEBUG heat-api-cloudwatch [-] memcached_servers              = None log_opt_values /usr/local/lib/python2.7/dist-packages/oslo/config/cfg.py:2040
2014-10-20 14:34:46.119 2841 DEBUG heat-api-cloudwatch [-] onready                        = None log_opt_values /usr/local/lib/python2.7/dist-packages/oslo/config/cfg.py:2040
2014-10-20 14:34:46.119 2841 DEBUG heat-api-cloudwatch [-] periodic_interval              = 60 log_opt_values /usr/local/lib/python2.7/dist-packages/oslo/config/cfg.py:2040
2014-10-20 14:34:46.119 2841 DEBUG heat-api-cloudwatch [-] plugin_dirs                    = ['/usr/lib64/heat', '/usr/lib/heat'] log_opt_values /usr/local/lib/python2.7/dist-packages/oslo/config/cfg.py:2040
2014-10-20 14:34:46.119 2841 DEBUG heat-api-cloudwatch [-] policy_default_rule            = default log_opt_values /usr/local/lib/python2.7/dist-packages/oslo/config/cfg.py:2040
2014-10-20 14:34:46.120 2841 DEBUG heat-api-cloudwatch [-] policy_file                    = policy.json log_opt_values /usr/local/lib/python2.7/dist-packages/oslo/config/cfg.py:2040
2014-10-20 14:34:46.120 2841 DEBUG heat-api-cloudwatch [-] publish_errors                 = False log_opt_values /usr/local/lib/python2.7/dist-packages/oslo/config/cfg.py:2040
2014-10-20 14:34:46.120 2841 DEBUG heat-api-cloudwatch [-] region_name_for_services       = None log_opt_values /usr/local/lib/python2.7/dist-packages/oslo/config/cfg.py:2040
2014-10-20 14:34:46.120 2841 DEBUG heat-api-cloudwatch [-] rpc_backend                    = heat.openstack.common.rpc.impl_kombu log_opt_values /usr/local/lib/python2.7/dist-packages/oslo/config/cfg.py:2040
2014-10-20 14:34:46.120 2841 DEBUG heat-api-cloudwatch [-] rpc_cast_timeout               = 30 log_opt_values /usr/local/lib/python2.7/dist-packages/oslo/config/cfg.py:2040
2014-10-20 14:34:46.121 2841 DEBUG heat-api-cloudwatch [-] rpc_conn_pool_size             = 30 log_opt_values /usr/local/lib/python2.7/dist-packages/oslo/config/cfg.py:2040
2014-10-20 14:34:46.121 2841 DEBUG heat-api-cloudwatch [-] rpc_response_timeout           = 60 log_opt_values /usr/local/lib/python2.7/dist-packages/oslo/config/cfg.py:2040
2014-10-20 14:34:46.121 2841 DEBUG heat-api-cloudwatch [-] rpc_thread_pool_size           = 64 log_opt_values /usr/local/lib/python2.7/dist-packages/oslo/config/cfg.py:2040
2014-10-20 14:34:46.121 2841 DEBUG heat-api-cloudwatch [-] secure_proxy_ssl_header        = X-Forwarded-Proto log_opt_values /usr/local/lib/python2.7/dist-packages/oslo/config/cfg.py:2040
2014-10-20 14:34:46.121 2841 DEBUG heat-api-cloudwatch [-] sqlite_db                      = heat.sqlite log_opt_values /usr/local/lib/python2.7/dist-packages/oslo/config/cfg.py:2040
2014-10-20 14:34:46.123 2841 DEBUG heat-api-cloudwatch [-] sqlite_synchronous             = True log_opt_values /usr/local/lib/python2.7/dist-packages/oslo/config/cfg.py:2040
2014-10-20 14:34:46.123 2841 DEBUG heat-api-cloudwatch [-] stack_action_timeout           = 3600 log_opt_values /usr/local/lib/python2.7/dist-packages/oslo/config/cfg.py:2040
2014-10-20 14:34:46.123 2841 DEBUG heat-api-cloudwatch [-] stack_domain_admin             = heat_domain_admin log_opt_values /usr/local/lib/python2.7/dist-packages/oslo/config/cfg.py:2040
2014-10-20 14:34:46.124 2841 DEBUG heat-api-cloudwatch [-] stack_domain_admin_password    = devstack log_opt_values /usr/local/lib/python2.7/dist-packages/oslo/config/cfg.py:2040
2014-10-20 14:34:46.124 2841 DEBUG heat-api-cloudwatch [-] stack_user_domain              = 0852822bbae241468575e930cdc259f7 log_opt_values /usr/local/lib/python2.7/dist-packages/oslo/config/cfg.py:2040
2014-10-20 14:34:46.124 2841 DEBUG heat-api-cloudwatch [-] syslog_log_facility            = LOG_USER log_opt_values /usr/local/lib/python2.7/dist-packages/oslo/config/cfg.py:2040
2014-10-20 14:34:46.124 2841 DEBUG heat-api-cloudwatch [-] trusts_delegated_roles         = ['heat_stack_owner'] log_opt_values /usr/local/lib/python2.7/dist-packages/oslo/config/cfg.py:2040
2014-10-20 14:34:46.124 2841 DEBUG heat-api-cloudwatch [-] use_stderr                     = True log_opt_values /usr/local/lib/python2.7/dist-packages/oslo/config/cfg.py:2040
2014-10-20 14:34:46.125 2841 DEBUG heat-api-cloudwatch [-] use_syslog                     = False log_opt_values /usr/local/lib/python2.7/dist-packages/oslo/config/cfg.py:2040
2014-10-20 14:34:46.125 2841 DEBUG heat-api-cloudwatch [-] verbose                        = False log_opt_values /usr/local/lib/python2.7/dist-packages/oslo/config/cfg.py:2040
2014-10-20 14:34:46.125 2841 DEBUG heat-api-cloudwatch [-] clients_swift.ca_file          = None log_opt_values /usr/local/lib/python2.7/dist-packages/oslo/config/cfg.py:2048
2014-10-20 14:34:46.125 2841 DEBUG heat-api-cloudwatch [-] clients_swift.cert_file        = None log_opt_values /usr/local/lib/python2.7/dist-packages/oslo/config/cfg.py:2048
2014-10-20 14:34:46.127 2841 DEBUG heat-api-cloudwatch [-] clients_swift.endpoint_type    = publicURL log_opt_values /usr/local/lib/python2.7/dist-packages/oslo/config/cfg.py:2048
2014-10-20 14:34:46.127 2841 DEBUG heat-api-cloudwatch [-] clients_swift.insecure         = False log_opt_values /usr/local/lib/python2.7/dist-packages/oslo/config/cfg.py:2048
2014-10-20 14:34:46.128 2841 DEBUG heat-api-cloudwatch [-] clients_swift.key_file         = None log_opt_values /usr/local/lib/python2.7/dist-packages/oslo/config/cfg.py:2048
2014-10-20 14:34:46.128 2841 DEBUG heat-api-cloudwatch [-] clients_neutron.ca_file        = None log_opt_values /usr/local/lib/python2.7/dist-packages/oslo/config/cfg.py:2048
2014-10-20 14:34:46.128 2841 DEBUG heat-api-cloudwatch [-] clients_neutron.cert_file      = None log_opt_values /usr/local/lib/python2.7/dist-packages/oslo/config/cfg.py:2048
2014-10-20 14:34:46.128 2841 DEBUG heat-api-cloudwatch [-] clients_neutron.endpoint_type  = publicURL log_opt_values /usr/local/lib/python2.7/dist-packages/oslo/config/cfg.py:2048
2014-10-20 14:34:46.139 2841 DEBUG heat-api-cloudwatch [-] clients_neutron.insecure       = False log_opt_values /usr/local/lib/python2.7/dist-packages/oslo/config/cfg.py:2048
2014-10-20 14:34:46.140 2841 DEBUG heat-api-cloudwatch [-] clients_neutron.key_file       = None log_opt_values /usr/local/lib/python2.7/dist-packages/oslo/config/cfg.py:2048
2014-10-20 14:34:46.140 2841 DEBUG heat-api-cloudwatch [-] database.backend               = sqlalchemy log_opt_values /usr/local/lib/python2.7/dist-packages/oslo/config/cfg.py:2048
2014-10-20 14:34:46.140 2841 DEBUG heat-api-cloudwatch [-] database.connection            = **** log_opt_values /usr/local/lib/python2.7/dist-packages/oslo/config/cfg.py:2048
2014-10-20 14:34:46.140 2841 DEBUG heat-api-cloudwatch [-] database.connection_debug      = 0 log_opt_values /usr/local/lib/python2.7/dist-packages/oslo/config/cfg.py:2048
2014-10-20 14:34:46.140 2841 DEBUG heat-api-cloudwatch [-] database.connection_trace      = False log_opt_values /usr/local/lib/python2.7/dist-packages/oslo/config/cfg.py:2048
2014-10-20 14:34:46.141 2841 DEBUG heat-api-cloudwatch [-] database.idle_timeout          = 3600 log_opt_values /usr/local/lib/python2.7/dist-packages/oslo/config/cfg.py:2048
2014-10-20 14:34:46.141 2841 DEBUG heat-api-cloudwatch [-] database.max_overflow          = None log_opt_values /usr/local/lib/python2.7/dist-packages/oslo/config/cfg.py:2048
2014-10-20 14:34:46.141 2841 DEBUG heat-api-cloudwatch [-] database.max_pool_size         = None log_opt_values /usr/local/lib/python2.7/dist-packages/oslo/config/cfg.py:2048
2014-10-20 14:34:46.141 2841 DEBUG heat-api-cloudwatch [-] database.max_retries           = 10 log_opt_values /usr/local/lib/python2.7/dist-packages/oslo/config/cfg.py:2048
2014-10-20 14:34:46.143 2841 DEBUG heat-api-cloudwatch [-] database.min_pool_size         = 1 log_opt_values /usr/local/lib/python2.7/dist-packages/oslo/config/cfg.py:2048
2014-10-20 14:34:46.143 2841 DEBUG heat-api-cloudwatch [-] database.pool_timeout          = None log_opt_values /usr/local/lib/python2.7/dist-packages/oslo/config/cfg.py:2048
2014-10-20 14:34:46.144 2841 DEBUG heat-api-cloudwatch [-] database.retry_interval        = 10 log_opt_values /usr/local/lib/python2.7/dist-packages/oslo/config/cfg.py:2048
2014-10-20 14:34:46.144 2841 DEBUG heat-api-cloudwatch [-] database.slave_connection      = **** log_opt_values /usr/local/lib/python2.7/dist-packages/oslo/config/cfg.py:2048
2014-10-20 14:34:46.144 2841 DEBUG heat-api-cloudwatch [-] paste_deploy.api_paste_config  = api-paste.ini log_opt_values /usr/local/lib/python2.7/dist-packages/oslo/config/cfg.py:2048
2014-10-20 14:34:46.144 2841 DEBUG heat-api-cloudwatch [-] paste_deploy.flavor            = None log_opt_values /usr/local/lib/python2.7/dist-packages/oslo/config/cfg.py:2048
2014-10-20 14:34:46.144 2841 DEBUG heat-api-cloudwatch [-] clients_cinder.ca_file         = None log_opt_values /usr/local/lib/python2.7/dist-packages/oslo/config/cfg.py:2048
2014-10-20 14:34:46.145 2841 DEBUG heat-api-cloudwatch [-] clients_cinder.cert_file       = None log_opt_values /usr/local/lib/python2.7/dist-packages/oslo/config/cfg.py:2048
2014-10-20 14:34:46.145 2841 DEBUG heat-api-cloudwatch [-] clients_cinder.endpoint_type   = publicURL log_opt_values /usr/local/lib/python2.7/dist-packages/oslo/config/cfg.py:2048
2014-10-20 14:34:46.145 2841 DEBUG heat-api-cloudwatch [-] clients_cinder.insecure        = False log_opt_values /usr/local/lib/python2.7/dist-packages/oslo/config/cfg.py:2048
2014-10-20 14:34:46.145 2841 DEBUG heat-api-cloudwatch [-] clients_cinder.key_file        = None log_opt_values /usr/local/lib/python2.7/dist-packages/oslo/config/cfg.py:2048
2014-10-20 14:34:46.145 2841 DEBUG heat-api-cloudwatch [-] clients.ca_file                = None log_opt_values /usr/local/lib/python2.7/dist-packages/oslo/config/cfg.py:2048
2014-10-20 14:34:46.146 2841 DEBUG heat-api-cloudwatch [-] clients.cert_file              = None log_opt_values /usr/local/lib/python2.7/dist-packages/oslo/config/cfg.py:2048
2014-10-20 14:34:46.146 2841 DEBUG heat-api-cloudwatch [-] clients.endpoint_type          = publicURL log_opt_values /usr/local/lib/python2.7/dist-packages/oslo/config/cfg.py:2048
2014-10-20 14:34:46.147 2841 DEBUG heat-api-cloudwatch [-] clients.insecure               = False log_opt_values /usr/local/lib/python2.7/dist-packages/oslo/config/cfg.py:2048
2014-10-20 14:34:46.147 2841 DEBUG heat-api-cloudwatch [-] clients.key_file               = None log_opt_values /usr/local/lib/python2.7/dist-packages/oslo/config/cfg.py:2048
2014-10-20 14:34:46.147 2841 DEBUG heat-api-cloudwatch [-] clients_nova.ca_file           = None log_opt_values /usr/local/lib/python2.7/dist-packages/oslo/config/cfg.py:2048
2014-10-20 14:34:46.148 2841 DEBUG heat-api-cloudwatch [-] clients_nova.cert_file         = None log_opt_values /usr/local/lib/python2.7/dist-packages/oslo/config/cfg.py:2048
2014-10-20 14:34:46.148 2841 DEBUG heat-api-cloudwatch [-] clients_nova.endpoint_type     = publicURL log_opt_values /usr/local/lib/python2.7/dist-packages/oslo/config/cfg.py:2048
2014-10-20 14:34:46.148 2841 DEBUG heat-api-cloudwatch [-] clients_nova.insecure          = False log_opt_values /usr/local/lib/python2.7/dist-packages/oslo/config/cfg.py:2048
2014-10-20 14:34:46.148 2841 DEBUG heat-api-cloudwatch [-] clients_nova.key_file          = None log_opt_values /usr/local/lib/python2.7/dist-packages/oslo/config/cfg.py:2048
2014-10-20 14:34:46.148 2841 DEBUG heat-api-cloudwatch [-] clients_ceilometer.ca_file     = None log_opt_values /usr/local/lib/python2.7/dist-packages/oslo/config/cfg.py:2048
2014-10-20 14:34:46.150 2841 DEBUG heat-api-cloudwatch [-] clients_ceilometer.cert_file   = None log_opt_values /usr/local/lib/python2.7/dist-packages/oslo/config/cfg.py:2048
2014-10-20 14:34:46.150 2841 DEBUG heat-api-cloudwatch [-] clients_ceilometer.endpoint_type = publicURL log_opt_values /usr/local/lib/python2.7/dist-packages/oslo/config/cfg.py:2048
2014-10-20 14:34:46.151 2841 DEBUG heat-api-cloudwatch [-] clients_ceilometer.insecure    = False log_opt_values /usr/local/lib/python2.7/dist-packages/oslo/config/cfg.py:2048
2014-10-20 14:34:46.152 2841 DEBUG heat-api-cloudwatch [-] clients_ceilometer.key_file    = None log_opt_values /usr/local/lib/python2.7/dist-packages/oslo/config/cfg.py:2048
2014-10-20 14:34:46.152 2841 DEBUG heat-api-cloudwatch [-] clients_trove.ca_file          = None log_opt_values /usr/local/lib/python2.7/dist-packages/oslo/config/cfg.py:2048
2014-10-20 14:34:46.152 2841 DEBUG heat-api-cloudwatch [-] clients_trove.cert_file        = None log_opt_values /usr/local/lib/python2.7/dist-packages/oslo/config/cfg.py:2048
2014-10-20 14:34:46.152 2841 DEBUG heat-api-cloudwatch [-] clients_trove.endpoint_type    = publicURL log_opt_values /usr/local/lib/python2.7/dist-packages/oslo/config/cfg.py:2048
2014-10-20 14:34:46.152 2841 DEBUG heat-api-cloudwatch [-] clients_trove.insecure         = False log_opt_values /usr/local/lib/python2.7/dist-packages/oslo/config/cfg.py:2048
2014-10-20 14:34:46.153 2841 DEBUG heat-api-cloudwatch [-] clients_trove.key_file         = None log_opt_values /usr/local/lib/python2.7/dist-packages/oslo/config/cfg.py:2048
2014-10-20 14:34:46.154 2841 DEBUG heat-api-cloudwatch [-] ec2authtoken.allowed_auth_uris = [] log_opt_values /usr/local/lib/python2.7/dist-packages/oslo/config/cfg.py:2048
2014-10-20 14:34:46.154 2841 DEBUG heat-api-cloudwatch [-] ec2authtoken.auth_uri          = http://10.0.2.32:5000/v2.0 log_opt_values /usr/local/lib/python2.7/dist-packages/oslo/config/cfg.py:2048
2014-10-20 14:34:46.155 2841 DEBUG heat-api-cloudwatch [-] ec2authtoken.multi_cloud       = False log_opt_values /usr/local/lib/python2.7/dist-packages/oslo/config/cfg.py:2048
2014-10-20 14:34:46.155 2841 DEBUG heat-api-cloudwatch [-] clients_heat.ca_file           = None log_opt_values /usr/local/lib/python2.7/dist-packages/oslo/config/cfg.py:2048
2014-10-20 14:34:46.155 2841 DEBUG heat-api-cloudwatch [-] clients_heat.cert_file         = None log_opt_values /usr/local/lib/python2.7/dist-packages/oslo/config/cfg.py:2048
2014-10-20 14:34:46.155 2841 DEBUG heat-api-cloudwatch [-] clients_heat.endpoint_type     = publicURL log_opt_values /usr/local/lib/python2.7/dist-packages/oslo/config/cfg.py:2048
2014-10-20 14:34:46.155 2841 DEBUG heat-api-cloudwatch [-] clients_heat.insecure          = False log_opt_values /usr/local/lib/python2.7/dist-packages/oslo/config/cfg.py:2048
2014-10-20 14:34:46.156 2841 DEBUG heat-api-cloudwatch [-] clients_heat.key_file          = None log_opt_values /usr/local/lib/python2.7/dist-packages/oslo/config/cfg.py:2048
2014-10-20 14:34:46.156 2841 DEBUG heat-api-cloudwatch [-] clients_heat.url               = None log_opt_values /usr/local/lib/python2.7/dist-packages/oslo/config/cfg.py:2048
2014-10-20 14:34:46.156 2841 DEBUG heat-api-cloudwatch [-] heat_api_cloudwatch.backlog    = 4096 log_opt_values /usr/local/lib/python2.7/dist-packages/oslo/config/cfg.py:2048
2014-10-20 14:34:46.156 2841 DEBUG heat-api-cloudwatch [-] heat_api_cloudwatch.bind_host  = 0.0.0.0 log_opt_values /usr/local/lib/python2.7/dist-packages/oslo/config/cfg.py:2048
2014-10-20 14:34:46.156 2841 DEBUG heat-api-cloudwatch [-] heat_api_cloudwatch.bind_port  = 8003 log_opt_values /usr/local/lib/python2.7/dist-packages/oslo/config/cfg.py:2048
2014-10-20 14:34:46.157 2841 DEBUG heat-api-cloudwatch [-] heat_api_cloudwatch.cert_file  = None log_opt_values /usr/local/lib/python2.7/dist-packages/oslo/config/cfg.py:2048
2014-10-20 14:34:46.157 2841 DEBUG heat-api-cloudwatch [-] heat_api_cloudwatch.key_file   = None log_opt_values /usr/local/lib/python2.7/dist-packages/oslo/config/cfg.py:2048
2014-10-20 14:34:46.157 2841 DEBUG heat-api-cloudwatch [-] heat_api_cloudwatch.max_header_line = 16384 log_opt_values /usr/local/lib/python2.7/dist-packages/oslo/config/cfg.py:2048
2014-10-20 14:34:46.157 2841 DEBUG heat-api-cloudwatch [-] heat_api_cloudwatch.workers    = 0 log_opt_values /usr/local/lib/python2.7/dist-packages/oslo/config/cfg.py:2048
2014-10-20 14:34:46.157 2841 DEBUG heat-api-cloudwatch [-] heat_api.backlog               = 4096 log_opt_values /usr/local/lib/python2.7/dist-packages/oslo/config/cfg.py:2048
2014-10-20 14:34:46.159 2841 DEBUG heat-api-cloudwatch [-] heat_api.bind_host             = 0.0.0.0 log_opt_values /usr/local/lib/python2.7/dist-packages/oslo/config/cfg.py:2048
2014-10-20 14:34:46.159 2841 DEBUG heat-api-cloudwatch [-] heat_api.bind_port             = 8004 log_opt_values /usr/local/lib/python2.7/dist-packages/oslo/config/cfg.py:2048
2014-10-20 14:34:46.159 2841 DEBUG heat-api-cloudwatch [-] heat_api.cert_file             = None log_opt_values /usr/local/lib/python2.7/dist-packages/oslo/config/cfg.py:2048
2014-10-20 14:34:46.159 2841 DEBUG heat-api-cloudwatch [-] heat_api.key_file              = None log_opt_values /usr/local/lib/python2.7/dist-packages/oslo/config/cfg.py:2048
2014-10-20 14:34:46.159 2841 DEBUG heat-api-cloudwatch [-] heat_api.max_header_line       = 16384 log_opt_values /usr/local/lib/python2.7/dist-packages/oslo/config/cfg.py:2048
2014-10-20 14:34:46.159 2841 DEBUG heat-api-cloudwatch [-] heat_api.workers               = 0 log_opt_values /usr/local/lib/python2.7/dist-packages/oslo/config/cfg.py:2048
2014-10-20 14:34:46.160 2841 DEBUG heat-api-cloudwatch [-] heat_api_cfn.backlog           = 4096 log_opt_values /usr/local/lib/python2.7/dist-packages/oslo/config/cfg.py:2048
2014-10-20 14:34:46.161 2841 DEBUG heat-api-cloudwatch [-] heat_api_cfn.bind_host         = 0.0.0.0 log_opt_values /usr/local/lib/python2.7/dist-packages/oslo/config/cfg.py:2048
2014-10-20 14:34:46.161 2841 DEBUG heat-api-cloudwatch [-] heat_api_cfn.bind_port         = 8000 log_opt_values /usr/local/lib/python2.7/dist-packages/oslo/config/cfg.py:2048
2014-10-20 14:34:46.161 2841 DEBUG heat-api-cloudwatch [-] heat_api_cfn.cert_file         = None log_opt_values /usr/local/lib/python2.7/dist-packages/oslo/config/cfg.py:2048
2014-10-20 14:34:46.163 2841 DEBUG heat-api-cloudwatch [-] heat_api_cfn.key_file          = None log_opt_values /usr/local/lib/python2.7/dist-packages/oslo/config/cfg.py:2048
2014-10-20 14:34:46.164 2841 DEBUG heat-api-cloudwatch [-] heat_api_cfn.max_header_line   = 16384 log_opt_values /usr/local/lib/python2.7/dist-packages/oslo/config/cfg.py:2048
2014-10-20 14:34:46.164 2841 DEBUG heat-api-cloudwatch [-] heat_api_cfn.workers           = 0 log_opt_values /usr/local/lib/python2.7/dist-packages/oslo/config/cfg.py:2048
2014-10-20 14:34:46.164 2841 DEBUG heat-api-cloudwatch [-] keystone_authtoken.admin_password = **** log_opt_values /usr/local/lib/python2.7/dist-packages/oslo/config/cfg.py:2048
2014-10-20 14:34:46.165 2841 DEBUG heat-api-cloudwatch [-] keystone_authtoken.admin_tenant_name = service log_opt_values /usr/local/lib/python2.7/dist-packages/oslo/config/cfg.py:2048
2014-10-20 14:34:46.165 2841 DEBUG heat-api-cloudwatch [-] keystone_authtoken.admin_token = **** log_opt_values /usr/local/lib/python2.7/dist-packages/oslo/config/cfg.py:2048
2014-10-20 14:34:46.168 2841 DEBUG heat-api-cloudwatch [-] keystone_authtoken.admin_user  = heat log_opt_values /usr/local/lib/python2.7/dist-packages/oslo/config/cfg.py:2048
2014-10-20 14:34:46.168 2841 DEBUG heat-api-cloudwatch [-] keystone_authtoken.auth_admin_prefix =  log_opt_values /usr/local/lib/python2.7/dist-packages/oslo/config/cfg.py:2048
2014-10-20 14:34:46.169 2841 DEBUG heat-api-cloudwatch [-] keystone_authtoken.auth_host   = 10.0.2.32 log_opt_values /usr/local/lib/python2.7/dist-packages/oslo/config/cfg.py:2048
2014-10-20 14:34:46.169 2841 DEBUG heat-api-cloudwatch [-] keystone_authtoken.auth_port   = 35357 log_opt_values /usr/local/lib/python2.7/dist-packages/oslo/config/cfg.py:2048
2014-10-20 14:34:46.169 2841 DEBUG heat-api-cloudwatch [-] keystone_authtoken.auth_protocol = http log_opt_values /usr/local/lib/python2.7/dist-packages/oslo/config/cfg.py:2048
2014-10-20 14:34:46.169 2841 DEBUG heat-api-cloudwatch [-] keystone_authtoken.auth_uri    = http://10.0.2.32:5000/v2.0 log_opt_values /usr/local/lib/python2.7/dist-packages/oslo/config/cfg.py:2048
2014-10-20 14:34:46.170 2841 DEBUG heat-api-cloudwatch [-] keystone_authtoken.auth_version = None log_opt_values /usr/local/lib/python2.7/dist-packages/oslo/config/cfg.py:2048
2014-10-20 14:34:46.170 2841 DEBUG heat-api-cloudwatch [-] keystone_authtoken.cache       = None log_opt_values /usr/local/lib/python2.7/dist-packages/oslo/config/cfg.py:2048
2014-10-20 14:34:46.171 2841 DEBUG heat-api-cloudwatch [-] keystone_authtoken.cafile      =  log_opt_values /usr/local/lib/python2.7/dist-packages/oslo/config/cfg.py:2048
2014-10-20 14:34:46.171 2841 DEBUG heat-api-cloudwatch [-] keystone_authtoken.certfile    = None log_opt_values /usr/local/lib/python2.7/dist-packages/oslo/config/cfg.py:2048
2014-10-20 14:34:46.171 2841 DEBUG heat-api-cloudwatch [-] keystone_authtoken.check_revocations_for_cached = False log_opt_values /usr/local/lib/python2.7/dist-packages/oslo/config/cfg.py:2048
2014-10-20 14:34:46.171 2841 DEBUG heat-api-cloudwatch [-] keystone_authtoken.delay_auth_decision = False log_opt_values /usr/local/lib/python2.7/dist-packages/oslo/config/cfg.py:2048
2014-10-20 14:34:46.171 2841 DEBUG heat-api-cloudwatch [-] keystone_authtoken.enforce_token_bind = permissive log_opt_values /usr/local/lib/python2.7/dist-packages/oslo/config/cfg.py:2048
2014-10-20 14:34:46.171 2841 DEBUG heat-api-cloudwatch [-] keystone_authtoken.hash_algorithms = ['md5'] log_opt_values /usr/local/lib/python2.7/dist-packages/oslo/config/cfg.py:2048
2014-10-20 14:34:46.172 2841 DEBUG heat-api-cloudwatch [-] keystone_authtoken.http_connect_timeout = None log_opt_values /usr/local/lib/python2.7/dist-packages/oslo/config/cfg.py:2048
2014-10-20 14:34:46.172 2841 DEBUG heat-api-cloudwatch [-] keystone_authtoken.http_request_max_retries = 3 log_opt_values /usr/local/lib/python2.7/dist-packages/oslo/config/cfg.py:2048
2014-10-20 14:34:46.172 2841 DEBUG heat-api-cloudwatch [-] keystone_authtoken.identity_uri = None log_opt_values /usr/local/lib/python2.7/dist-packages/oslo/config/cfg.py:2048
2014-10-20 14:34:46.172 2841 DEBUG heat-api-cloudwatch [-] keystone_authtoken.include_service_catalog = True log_opt_values /usr/local/lib/python2.7/dist-packages/oslo/config/cfg.py:2048
2014-10-20 14:34:46.172 2841 DEBUG heat-api-cloudwatch [-] keystone_authtoken.insecure    = False log_opt_values /usr/local/lib/python2.7/dist-packages/oslo/config/cfg.py:2048
2014-10-20 14:34:46.172 2841 DEBUG heat-api-cloudwatch [-] keystone_authtoken.keyfile     = None log_opt_values /usr/local/lib/python2.7/dist-packages/oslo/config/cfg.py:2048
2014-10-20 14:34:46.172 2841 DEBUG heat-api-cloudwatch [-] keystone_authtoken.memcache_secret_key = **** log_opt_values /usr/local/lib/python2.7/dist-packages/oslo/config/cfg.py:2048
2014-10-20 14:34:46.173 2841 DEBUG heat-api-cloudwatch [-] keystone_authtoken.memcache_security_strategy = None log_opt_values /usr/local/lib/python2.7/dist-packages/oslo/config/cfg.py:2048
2014-10-20 14:34:46.173 2841 DEBUG heat-api-cloudwatch [-] keystone_authtoken.memcached_servers = None log_opt_values /usr/local/lib/python2.7/dist-packages/oslo/config/cfg.py:2048
2014-10-20 14:34:46.173 2841 DEBUG heat-api-cloudwatch [-] keystone_authtoken.revocation_cache_time = 10 log_opt_values /usr/local/lib/python2.7/dist-packages/oslo/config/cfg.py:2048
2014-10-20 14:34:46.173 2841 DEBUG heat-api-cloudwatch [-] keystone_authtoken.signing_dir = /var/cache/heat log_opt_values /usr/local/lib/python2.7/dist-packages/oslo/config/cfg.py:2048
2014-10-20 14:34:46.173 2841 DEBUG heat-api-cloudwatch [-] keystone_authtoken.token_cache_time = 300 log_opt_values /usr/local/lib/python2.7/dist-packages/oslo/config/cfg.py:2048
2014-10-20 14:34:46.173 2841 DEBUG heat-api-cloudwatch [-] auth_password.allowed_auth_uris = [] log_opt_values /usr/local/lib/python2.7/dist-packages/oslo/config/cfg.py:2048
2014-10-20 14:34:46.174 2841 DEBUG heat-api-cloudwatch [-] auth_password.multi_cloud      = False log_opt_values /usr/local/lib/python2.7/dist-packages/oslo/config/cfg.py:2048
2014-10-20 14:34:46.174 2841 DEBUG heat-api-cloudwatch [-] clients_keystone.ca_file       = None log_opt_values /usr/local/lib/python2.7/dist-packages/oslo/config/cfg.py:2048
2014-10-20 14:34:46.174 2841 DEBUG heat-api-cloudwatch [-] clients_keystone.cert_file     = None log_opt_values /usr/local/lib/python2.7/dist-packages/oslo/config/cfg.py:2048
2014-10-20 14:34:46.175 2841 DEBUG heat-api-cloudwatch [-] clients_keystone.endpoint_type = publicURL log_opt_values /usr/local/lib/python2.7/dist-packages/oslo/config/cfg.py:2048
2014-10-20 14:34:46.175 2841 DEBUG heat-api-cloudwatch [-] clients_keystone.insecure      = False log_opt_values /usr/local/lib/python2.7/dist-packages/oslo/config/cfg.py:2048
2014-10-20 14:34:46.175 2841 DEBUG heat-api-cloudwatch [-] clients_keystone.key_file      = None log_opt_values /usr/local/lib/python2.7/dist-packages/oslo/config/cfg.py:2048
2014-10-20 14:34:46.175 2841 DEBUG heat-api-cloudwatch [-] revision.heat_revision         = unknown log_opt_values /usr/local/lib/python2.7/dist-packages/oslo/config/cfg.py:2048
2014-10-20 14:34:46.175 2841 DEBUG heat-api-cloudwatch [-] ******************************************************************************** log_opt_values /usr/local/lib/python2.7/dist-packages/oslo/config/cfg.py:2050
2014-10-20 14:34:46.176 2841 INFO heat.api.cloudwatch [-] Starting Heat CloudWatch API on 0.0.0.0:8003

Broadcast message from sysop@devstack
	(/dev/pts/28) at 14:50 ...

The system is going down for reboot NOW!
