python /usr/local/bin/neutron-metadata-agent --con fig-file /etc/neutron/neutron.conf --config-file=/etc/neutron/metadata_agent.ini  & echo $! >/opt/stack/status/stack/q-meta.pid; fg || echo "q-meta failed to sta rt" | tee "/opt/stack/status/stack/q-meta.failure"
[1] 13234
python /usr/local/bin/neutron-metadata-agent --config-file /etc/neutron/neutron.conf --config-file=/etc/neutron/metadata_agent.ini
2014-10-20 14:28:11.777 13234 INFO neutron.common.config [-] Logging enabled!
2014-10-20 14:28:11.778 13234 DEBUG neutron.agent.metadata.agent [-] ******************************************************************************** log_opt_values /usr/local/lib/python2.7/dist-packages/oslo/config/cfg.py:2027
2014-10-20 14:28:11.778 13234 DEBUG neutron.agent.metadata.agent [-] Configuration options gathered from: log_opt_values /usr/local/lib/python2.7/dist-packages/oslo/config/cfg.py:2028
2014-10-20 14:28:11.778 13234 DEBUG neutron.agent.metadata.agent [-] command line args: ['--config-file', '/etc/neutron/neutron.conf', '--config-file=/etc/neutron/metadata_agent.ini'] log_opt_values /usr/local/lib/python2.7/dist-packages/oslo/config/cfg.py:2029
2014-10-20 14:28:11.779 13234 DEBUG neutron.agent.metadata.agent [-] config files: ['/etc/neutron/neutron.conf', '/etc/neutron/metadata_agent.ini'] log_opt_values /usr/local/lib/python2.7/dist-packages/oslo/config/cfg.py:2030
2014-10-20 14:28:11.779 13234 DEBUG neutron.agent.metadata.agent [-] ================================================================================ log_opt_values /usr/local/lib/python2.7/dist-packages/oslo/config/cfg.py:2031
2014-10-20 14:28:11.779 13234 DEBUG neutron.agent.metadata.agent [-] admin_password                 = **** log_opt_values /usr/local/lib/python2.7/dist-packages/oslo/config/cfg.py:2040
2014-10-20 14:28:11.779 13234 DEBUG neutron.agent.metadata.agent [-] admin_tenant_name              = service log_opt_values /usr/local/lib/python2.7/dist-packages/oslo/config/cfg.py:2040
2014-10-20 14:28:11.779 13234 DEBUG neutron.agent.metadata.agent [-] admin_user                     = neutron log_opt_values /usr/local/lib/python2.7/dist-packages/oslo/config/cfg.py:2040
2014-10-20 14:28:11.780 13234 DEBUG neutron.agent.metadata.agent [-] allow_bulk                     = True log_opt_values /usr/local/lib/python2.7/dist-packages/oslo/config/cfg.py:2040
2014-10-20 14:28:11.780 13234 DEBUG neutron.agent.metadata.agent [-] allow_overlapping_ips          = True log_opt_values /usr/local/lib/python2.7/dist-packages/oslo/config/cfg.py:2040
2014-10-20 14:28:11.780 13234 DEBUG neutron.agent.metadata.agent [-] allow_pagination               = False log_opt_values /usr/local/lib/python2.7/dist-packages/oslo/config/cfg.py:2040
2014-10-20 14:28:11.780 13234 DEBUG neutron.agent.metadata.agent [-] allow_sorting                  = False log_opt_values /usr/local/lib/python2.7/dist-packages/oslo/config/cfg.py:2040
2014-10-20 14:28:11.780 13234 DEBUG neutron.agent.metadata.agent [-] allowed_rpc_exception_modules  = ['nova.exception', 'cinder.exception', 'exceptions'] log_opt_values /usr/local/lib/python2.7/dist-packages/oslo/config/cfg.py:2040
2014-10-20 14:28:11.780 13234 DEBUG neutron.agent.metadata.agent [-] api_extensions_path            =  log_opt_values /usr/local/lib/python2.7/dist-packages/oslo/config/cfg.py:2040
2014-10-20 14:28:11.781 13234 DEBUG neutron.agent.metadata.agent [-] api_paste_config               = api-paste.ini log_opt_values /usr/local/lib/python2.7/dist-packages/oslo/config/cfg.py:2040
2014-10-20 14:28:11.781 13234 DEBUG neutron.agent.metadata.agent [-] auth_ca_cert                   = None log_opt_values /usr/local/lib/python2.7/dist-packages/oslo/config/cfg.py:2040
2014-10-20 14:28:11.781 13234 DEBUG neutron.agent.metadata.agent [-] auth_insecure                  = False log_opt_values /usr/local/lib/python2.7/dist-packages/oslo/config/cfg.py:2040
2014-10-20 14:28:11.781 13234 DEBUG neutron.agent.metadata.agent [-] auth_region                    = RegionOne log_opt_values /usr/local/lib/python2.7/dist-packages/oslo/config/cfg.py:2040
2014-10-20 14:28:11.781 13234 DEBUG neutron.agent.metadata.agent [-] auth_strategy                  = keystone log_opt_values /usr/local/lib/python2.7/dist-packages/oslo/config/cfg.py:2040
2014-10-20 14:28:11.782 13234 DEBUG neutron.agent.metadata.agent [-] auth_url                       = http://10.0.2.32:5000/v2.0 log_opt_values /usr/local/lib/python2.7/dist-packages/oslo/config/cfg.py:2040
2014-10-20 14:28:11.782 13234 DEBUG neutron.agent.metadata.agent [-] backdoor_port                  = None log_opt_values /usr/local/lib/python2.7/dist-packages/oslo/config/cfg.py:2040
2014-10-20 14:28:11.782 13234 DEBUG neutron.agent.metadata.agent [-] backlog                        = 4096 log_opt_values /usr/local/lib/python2.7/dist-packages/oslo/config/cfg.py:2040
2014-10-20 14:28:11.782 13234 DEBUG neutron.agent.metadata.agent [-] base_mac                       = fa:16:3e:00:00:00 log_opt_values /usr/local/lib/python2.7/dist-packages/oslo/config/cfg.py:2040
2014-10-20 14:28:11.783 13234 DEBUG neutron.agent.metadata.agent [-] bind_host                      = 0.0.0.0 log_opt_values /usr/local/lib/python2.7/dist-packages/oslo/config/cfg.py:2040
2014-10-20 14:28:11.783 13234 DEBUG neutron.agent.metadata.agent [-] bind_port                      = 9696 log_opt_values /usr/local/lib/python2.7/dist-packages/oslo/config/cfg.py:2040
2014-10-20 14:28:11.783 13234 DEBUG neutron.agent.metadata.agent [-] cache_url                      =  log_opt_values /usr/local/lib/python2.7/dist-packages/oslo/config/cfg.py:2040
2014-10-20 14:28:11.783 13234 DEBUG neutron.agent.metadata.agent [-] config_dir                     = None log_opt_values /usr/local/lib/python2.7/dist-packages/oslo/config/cfg.py:2040
2014-10-20 14:28:11.783 13234 DEBUG neutron.agent.metadata.agent [-] config_file                    = ['/etc/neutron/neutron.conf', '/etc/neutron/metadata_agent.ini'] log_opt_values /usr/local/lib/python2.7/dist-packages/oslo/config/cfg.py:2040
2014-10-20 14:28:11.783 13234 DEBUG neutron.agent.metadata.agent [-] control_exchange               = neutron log_opt_values /usr/local/lib/python2.7/dist-packages/oslo/config/cfg.py:2040
2014-10-20 14:28:11.784 13234 DEBUG neutron.agent.metadata.agent [-] core_plugin                    = neutron.plugins.ml2.plugin.Ml2Plugin log_opt_values /usr/local/lib/python2.7/dist-packages/oslo/config/cfg.py:2040
2014-10-20 14:28:11.784 13234 DEBUG neutron.agent.metadata.agent [-] debug                          = True log_opt_values /usr/local/lib/python2.7/dist-packages/oslo/config/cfg.py:2040
2014-10-20 14:28:11.784 13234 DEBUG neutron.agent.metadata.agent [-] default_log_levels             = ['amqp=WARN', 'amqplib=WARN', 'boto=WARN', 'qpid=WARN', 'sqlalchemy=WARN', 'suds=INFO', 'iso8601=WARN'] log_opt_values /usr/local/lib/python2.7/dist-packages/oslo/config/cfg.py:2040
2014-10-20 14:28:11.784 13234 DEBUG neutron.agent.metadata.agent [-] dhcp_agent_notification        = True log_opt_values /usr/local/lib/python2.7/dist-packages/oslo/config/cfg.py:2040
2014-10-20 14:28:11.784 13234 DEBUG neutron.agent.metadata.agent [-] dhcp_lease_duration            = 86400 log_opt_values /usr/local/lib/python2.7/dist-packages/oslo/config/cfg.py:2040
2014-10-20 14:28:11.785 13234 DEBUG neutron.agent.metadata.agent [-] disable_process_locking        = False log_opt_values /usr/local/lib/python2.7/dist-packages/oslo/config/cfg.py:2040
2014-10-20 14:28:11.785 13234 DEBUG neutron.agent.metadata.agent [-] endpoint_type                  = adminURL log_opt_values /usr/local/lib/python2.7/dist-packages/oslo/config/cfg.py:2040
2014-10-20 14:28:11.785 13234 DEBUG neutron.agent.metadata.agent [-] fake_rabbit                    = False log_opt_values /usr/local/lib/python2.7/dist-packages/oslo/config/cfg.py:2040
2014-10-20 14:28:11.785 13234 DEBUG neutron.agent.metadata.agent [-] fatal_deprecations             = False log_opt_values /usr/local/lib/python2.7/dist-packages/oslo/config/cfg.py:2040
2014-10-20 14:28:11.785 13234 DEBUG neutron.agent.metadata.agent [-] force_gateway_on_subnet        = False log_opt_values /usr/local/lib/python2.7/dist-packages/oslo/config/cfg.py:2040
2014-10-20 14:28:11.785 13234 DEBUG neutron.agent.metadata.agent [-] host                           = devstack log_opt_values /usr/local/lib/python2.7/dist-packages/oslo/config/cfg.py:2040
2014-10-20 14:28:11.786 13234 DEBUG neutron.agent.metadata.agent [-] instance_format                = [instance: %(uuid)s]  log_opt_values /usr/local/lib/python2.7/dist-packages/oslo/config/cfg.py:2040
2014-10-20 14:28:11.786 13234 DEBUG neutron.agent.metadata.agent [-] instance_uuid_format           = [instance: %(uuid)s]  log_opt_values /usr/local/lib/python2.7/dist-packages/oslo/config/cfg.py:2040
2014-10-20 14:28:11.786 13234 DEBUG neutron.agent.metadata.agent [-] lock_path                      = /opt/stack/data/neutron/lock log_opt_values /usr/local/lib/python2.7/dist-packages/oslo/config/cfg.py:2040
2014-10-20 14:28:11.786 13234 DEBUG neutron.agent.metadata.agent [-] log_config_append              = None log_opt_values /usr/local/lib/python2.7/dist-packages/oslo/config/cfg.py:2040
2014-10-20 14:28:11.786 13234 DEBUG neutron.agent.metadata.agent [-] log_date_format                = %Y-%m-%d %H:%M:%S log_opt_values /usr/local/lib/python2.7/dist-packages/oslo/config/cfg.py:2040
2014-10-20 14:28:11.787 13234 DEBUG neutron.agent.metadata.agent [-] log_dir                        = None log_opt_values /usr/local/lib/python2.7/dist-packages/oslo/config/cfg.py:2040
2014-10-20 14:28:11.787 13234 DEBUG neutron.agent.metadata.agent [-] log_file                       = None log_opt_values /usr/local/lib/python2.7/dist-packages/oslo/config/cfg.py:2040
2014-10-20 14:28:11.787 13234 DEBUG neutron.agent.metadata.agent [-] log_format                     = None log_opt_values /usr/local/lib/python2.7/dist-packages/oslo/config/cfg.py:2040
2014-10-20 14:28:11.787 13234 DEBUG neutron.agent.metadata.agent [-] logging_context_format_string  = %(asctime)s.%(msecs)03d %(process)d %(levelname)s %(name)s [%(request_id)s %(user_identity)s] %(instance)s%(message)s log_opt_values /usr/local/lib/python2.7/dist-packages/oslo/config/cfg.py:2040
2014-10-20 14:28:11.787 13234 DEBUG neutron.agent.metadata.agent [-] logging_debug_format_suffix    = %(funcName)s %(pathname)s:%(lineno)d log_opt_values /usr/local/lib/python2.7/dist-packages/oslo/config/cfg.py:2040
2014-10-20 14:28:11.787 13234 DEBUG neutron.agent.metadata.agent [-] logging_default_format_string  = %(asctime)s.%(msecs)03d %(process)d %(levelname)s %(name)s [-] %(instance)s%(message)s log_opt_values /usr/local/lib/python2.7/dist-packages/oslo/config/cfg.py:2040
2014-10-20 14:28:11.787 13234 DEBUG neutron.agent.metadata.agent [-] logging_exception_prefix       = %(asctime)s.%(msecs)03d %(process)d TRACE %(name)s %(instance)s log_opt_values /usr/local/lib/python2.7/dist-packages/oslo/config/cfg.py:2040
2014-10-20 14:28:11.788 13234 DEBUG neutron.agent.metadata.agent [-] mac_generation_retries         = 16 log_opt_values /usr/local/lib/python2.7/dist-packages/oslo/config/cfg.py:2040
2014-10-20 14:28:11.788 13234 DEBUG neutron.agent.metadata.agent [-] max_dns_nameservers            = 5 log_opt_values /usr/local/lib/python2.7/dist-packages/oslo/config/cfg.py:2040
2014-10-20 14:28:11.788 13234 DEBUG neutron.agent.metadata.agent [-] max_fixed_ips_per_port         = 5 log_opt_values /usr/local/lib/python2.7/dist-packages/oslo/config/cfg.py:2040
2014-10-20 14:28:11.788 13234 DEBUG neutron.agent.metadata.agent [-] max_header_line                = 16384 log_opt_values /usr/local/lib/python2.7/dist-packages/oslo/config/cfg.py:2040
2014-10-20 14:28:11.788 13234 DEBUG neutron.agent.metadata.agent [-] max_subnet_host_routes         = 20 log_opt_values /usr/local/lib/python2.7/dist-packages/oslo/config/cfg.py:2040
2014-10-20 14:28:11.788 13234 DEBUG neutron.agent.metadata.agent [-] metadata_backlog               = 128 log_opt_values /usr/local/lib/python2.7/dist-packages/oslo/config/cfg.py:2040
2014-10-20 14:28:11.789 13234 DEBUG neutron.agent.metadata.agent [-] metadata_proxy_shared_secret   = **** log_opt_values /usr/local/lib/python2.7/dist-packages/oslo/config/cfg.py:2040
2014-10-20 14:28:11.789 13234 DEBUG neutron.agent.metadata.agent [-] metadata_proxy_socket          = /opt/stack/data/neutron/metadata_proxy log_opt_values /usr/local/lib/python2.7/dist-packages/oslo/config/cfg.py:2040
2014-10-20 14:28:11.789 13234 DEBUG neutron.agent.metadata.agent [-] metadata_workers               = 0 log_opt_values /usr/local/lib/python2.7/dist-packages/oslo/config/cfg.py:2040
2014-10-20 14:28:11.789 13234 DEBUG neutron.agent.metadata.agent [-] notify_nova_on_port_data_changes = True log_opt_values /usr/local/lib/python2.7/dist-packages/oslo/config/cfg.py:2040
2014-10-20 14:28:11.789 13234 DEBUG neutron.agent.metadata.agent [-] notify_nova_on_port_status_changes = True log_opt_values /usr/local/lib/python2.7/dist-packages/oslo/config/cfg.py:2040
2014-10-20 14:28:11.789 13234 DEBUG neutron.agent.metadata.agent [-] nova_admin_auth_url            = http://10.0.2.32:35357/v2.0 log_opt_values /usr/local/lib/python2.7/dist-packages/oslo/config/cfg.py:2040
2014-10-20 14:28:11.789 13234 DEBUG neutron.agent.metadata.agent [-] nova_admin_password            = **** log_opt_values /usr/local/lib/python2.7/dist-packages/oslo/config/cfg.py:2040
2014-10-20 14:28:11.790 13234 DEBUG neutron.agent.metadata.agent [-] nova_admin_tenant_id           = 0c165cbde6854aee987cd2cd4dfcbe48 log_opt_values /usr/local/lib/python2.7/dist-packages/oslo/config/cfg.py:2040
2014-10-20 14:28:11.790 13234 DEBUG neutron.agent.metadata.agent [-] nova_admin_username            = nova log_opt_values /usr/local/lib/python2.7/dist-packages/oslo/config/cfg.py:2040
2014-10-20 14:28:11.790 13234 DEBUG neutron.agent.metadata.agent [-] nova_metadata_ip               = 10.0.2.32 log_opt_values /usr/local/lib/python2.7/dist-packages/oslo/config/cfg.py:2040
2014-10-20 14:28:11.790 13234 DEBUG neutron.agent.metadata.agent [-] nova_metadata_port             = 8775 log_opt_values /usr/local/lib/python2.7/dist-packages/oslo/config/cfg.py:2040
2014-10-20 14:28:11.790 13234 DEBUG neutron.agent.metadata.agent [-] nova_region_name               = None log_opt_values /usr/local/lib/python2.7/dist-packages/oslo/config/cfg.py:2040
2014-10-20 14:28:11.790 13234 DEBUG neutron.agent.metadata.agent [-] nova_url                       = http://10.0.2.32:8774/v2 log_opt_values /usr/local/lib/python2.7/dist-packages/oslo/config/cfg.py:2040
2014-10-20 14:28:11.791 13234 DEBUG neutron.agent.metadata.agent [-] pagination_max_limit           = -1 log_opt_values /usr/local/lib/python2.7/dist-packages/oslo/config/cfg.py:2040
2014-10-20 14:28:11.791 13234 DEBUG neutron.agent.metadata.agent [-] policy_file                    = /etc/neutron/policy.json log_opt_values /usr/local/lib/python2.7/dist-packages/oslo/config/cfg.py:2040
2014-10-20 14:28:11.791 13234 DEBUG neutron.agent.metadata.agent [-] publish_errors                 = False log_opt_values /usr/local/lib/python2.7/dist-packages/oslo/config/cfg.py:2040
2014-10-20 14:28:11.791 13234 DEBUG neutron.agent.metadata.agent [-] retry_until_window             = 30 log_opt_values /usr/local/lib/python2.7/dist-packages/oslo/config/cfg.py:2040
2014-10-20 14:28:11.791 13234 DEBUG neutron.agent.metadata.agent [-] rpc_backend                    = neutron.openstack.common.rpc.impl_kombu log_opt_values /usr/local/lib/python2.7/dist-packages/oslo/config/cfg.py:2040
2014-10-20 14:28:11.792 13234 DEBUG neutron.agent.metadata.agent [-] rpc_cast_timeout               = 30 log_opt_values /usr/local/lib/python2.7/dist-packages/oslo/config/cfg.py:2040
2014-10-20 14:28:11.792 13234 DEBUG neutron.agent.metadata.agent [-] rpc_conn_pool_size             = 30 log_opt_values /usr/local/lib/python2.7/dist-packages/oslo/config/cfg.py:2040
2014-10-20 14:28:11.792 13234 DEBUG neutron.agent.metadata.agent [-] rpc_response_timeout           = 60 log_opt_values /usr/local/lib/python2.7/dist-packages/oslo/config/cfg.py:2040
2014-10-20 14:28:11.792 13234 DEBUG neutron.agent.metadata.agent [-] rpc_thread_pool_size           = 64 log_opt_values /usr/local/lib/python2.7/dist-packages/oslo/config/cfg.py:2040
2014-10-20 14:28:11.793 13234 DEBUG neutron.agent.metadata.agent [-] run_external_periodic_tasks    = True log_opt_values /usr/local/lib/python2.7/dist-packages/oslo/config/cfg.py:2040
2014-10-20 14:28:11.793 13234 DEBUG neutron.agent.metadata.agent [-] send_events_interval           = 2 log_opt_values /usr/local/lib/python2.7/dist-packages/oslo/config/cfg.py:2040
2014-10-20 14:28:11.793 13234 DEBUG neutron.agent.metadata.agent [-] service_plugins                = ['neutron.services.l3_router.l3_router_plugin.L3RouterPlugin'] log_opt_values /usr/local/lib/python2.7/dist-packages/oslo/config/cfg.py:2040
2014-10-20 14:28:11.793 13234 DEBUG neutron.agent.metadata.agent [-] sqlite_db                      =  log_opt_values /usr/local/lib/python2.7/dist-packages/oslo/config/cfg.py:2040
2014-10-20 14:28:11.793 13234 DEBUG neutron.agent.metadata.agent [-] sqlite_synchronous             = True log_opt_values /usr/local/lib/python2.7/dist-packages/oslo/config/cfg.py:2040
2014-10-20 14:28:11.794 13234 DEBUG neutron.agent.metadata.agent [-] ssl_ca_file                    = None log_opt_values /usr/local/lib/python2.7/dist-packages/oslo/config/cfg.py:2040
2014-10-20 14:28:11.794 13234 DEBUG neutron.agent.metadata.agent [-] ssl_cert_file                  = None log_opt_values /usr/local/lib/python2.7/dist-packages/oslo/config/cfg.py:2040
2014-10-20 14:28:11.794 13234 DEBUG neutron.agent.metadata.agent [-] ssl_key_file                   = None log_opt_values /usr/local/lib/python2.7/dist-packages/oslo/config/cfg.py:2040
2014-10-20 14:28:11.794 13234 DEBUG neutron.agent.metadata.agent [-] state_path                     = /opt/stack/data/neutron log_opt_values /usr/local/lib/python2.7/dist-packages/oslo/config/cfg.py:2040
2014-10-20 14:28:11.794 13234 DEBUG neutron.agent.metadata.agent [-] syslog_log_facility            = LOG_USER log_opt_values /usr/local/lib/python2.7/dist-packages/oslo/config/cfg.py:2040
2014-10-20 14:28:11.795 13234 DEBUG neutron.agent.metadata.agent [-] tcp_keepidle                   = 600 log_opt_values /usr/local/lib/python2.7/dist-packages/oslo/config/cfg.py:2040
2014-10-20 14:28:11.795 13234 DEBUG neutron.agent.metadata.agent [-] use_ssl                        = False log_opt_values /usr/local/lib/python2.7/dist-packages/oslo/config/cfg.py:2040
2014-10-20 14:28:11.795 13234 DEBUG neutron.agent.metadata.agent [-] use_stderr                     = True log_opt_values /usr/local/lib/python2.7/dist-packages/oslo/config/cfg.py:2040
2014-10-20 14:28:11.795 13234 DEBUG neutron.agent.metadata.agent [-] use_syslog                     = False log_opt_values /usr/local/lib/python2.7/dist-packages/oslo/config/cfg.py:2040
2014-10-20 14:28:11.795 13234 DEBUG neutron.agent.metadata.agent [-] verbose                        = True log_opt_values /usr/local/lib/python2.7/dist-packages/oslo/config/cfg.py:2040
2014-10-20 14:28:11.796 13234 DEBUG neutron.agent.metadata.agent [-] AGENT.report_interval          = 30.0 log_opt_values /usr/local/lib/python2.7/dist-packages/oslo/config/cfg.py:2048
2014-10-20 14:28:11.796 13234 DEBUG neutron.agent.metadata.agent [-] database.connection            = **** log_opt_values /usr/local/lib/python2.7/dist-packages/oslo/config/cfg.py:2048
2014-10-20 14:28:11.796 13234 DEBUG neutron.agent.metadata.agent [-] database.connection_debug      = 0 log_opt_values /usr/local/lib/python2.7/dist-packages/oslo/config/cfg.py:2048
2014-10-20 14:28:11.796 13234 DEBUG neutron.agent.metadata.agent [-] database.connection_trace      = False log_opt_values /usr/local/lib/python2.7/dist-packages/oslo/config/cfg.py:2048
2014-10-20 14:28:11.796 13234 DEBUG neutron.agent.metadata.agent [-] database.idle_timeout          = 3600 log_opt_values /usr/local/lib/python2.7/dist-packages/oslo/config/cfg.py:2048
2014-10-20 14:28:11.797 13234 DEBUG neutron.agent.metadata.agent [-] database.max_overflow          = 20 log_opt_values /usr/local/lib/python2.7/dist-packages/oslo/config/cfg.py:2048
2014-10-20 14:28:11.797 13234 DEBUG neutron.agent.metadata.agent [-] database.max_pool_size         = 10 log_opt_values /usr/local/lib/python2.7/dist-packages/oslo/config/cfg.py:2048
2014-10-20 14:28:11.797 13234 DEBUG neutron.agent.metadata.agent [-] database.max_retries           = 10 log_opt_values /usr/local/lib/python2.7/dist-packages/oslo/config/cfg.py:2048
2014-10-20 14:28:11.797 13234 DEBUG neutron.agent.metadata.agent [-] database.min_pool_size         = 1 log_opt_values /usr/local/lib/python2.7/dist-packages/oslo/config/cfg.py:2048
2014-10-20 14:28:11.797 13234 DEBUG neutron.agent.metadata.agent [-] database.pool_timeout          = 10 log_opt_values /usr/local/lib/python2.7/dist-packages/oslo/config/cfg.py:2048
2014-10-20 14:28:11.798 13234 DEBUG neutron.agent.metadata.agent [-] database.retry_interval        = 10 log_opt_values /usr/local/lib/python2.7/dist-packages/oslo/config/cfg.py:2048
2014-10-20 14:28:11.798 13234 DEBUG neutron.agent.metadata.agent [-] database.slave_connection      = **** log_opt_values /usr/local/lib/python2.7/dist-packages/oslo/config/cfg.py:2048
2014-10-20 14:28:11.798 13234 DEBUG neutron.agent.metadata.agent [-] ******************************************************************************** log_opt_values /usr/local/lib/python2.7/dist-packages/oslo/config/cfg.py:2050
2014-10-20 14:28:11.799 13234 DEBUG neutron.common.utils [-] Reloading cached file /etc/neutron/policy.json read_cached_file /opt/stack/neutron/neutron/common/utils.py:113
2014-10-20 14:28:11.799 13234 DEBUG neutron.policy [-] Loading policies from file: /etc/neutron/policy.json _set_rules /opt/stack/neutron/neutron/policy.py:92
2014-10-20 14:28:11.869 13234 DEBUG neutron.openstack.common.rpc.amqp [req-55f17aa9-b3ed-4b2b-91f4-a3d417f45419 None] Making synchronous call on q-plugin ... multicall /opt/stack/neutron/neutron/openstack/common/rpc/amqp.py:554
2014-10-20 14:28:11.870 13234 DEBUG neutron.openstack.common.rpc.amqp [req-55f17aa9-b3ed-4b2b-91f4-a3d417f45419 None] MSG_ID is 1de8fd5a83ad4f13952d5d14e5bb0a94 multicall /opt/stack/neutron/neutron/openstack/common/rpc/amqp.py:557
2014-10-20 14:28:11.870 13234 DEBUG neutron.openstack.common.rpc.amqp [req-55f17aa9-b3ed-4b2b-91f4-a3d417f45419 None] UNIQUE_ID is e1e5d95ccd4142989897a5dc4ceb385a. _add_unique_id /opt/stack/neutron/neutron/openstack/common/rpc/amqp.py:342
2014-10-20 14:28:11.877 13234 INFO eventlet.wsgi.server [req-55f17aa9-b3ed-4b2b-91f4-a3d417f45419 None] (13234) wsgi starting up on http:///:o/

2014-10-20 14:28:11.882 13234 INFO neutron.openstack.common.rpc.common [req-55f17aa9-b3ed-4b2b-91f4-a3d417f45419 None] Connected to AMQP server on 10.0.2.32:5672
2014-10-20 14:28:11.885 13234 DEBUG neutron.openstack.common.rpc.amqp [req-55f17aa9-b3ed-4b2b-91f4-a3d417f45419 None] Pool creating new connection create /opt/stack/neutron/neutron/openstack/common/rpc/amqp.py:75
2014-10-20 14:28:11.895 13234 INFO neutron.openstack.common.rpc.common [req-55f17aa9-b3ed-4b2b-91f4-a3d417f45419 None] Connected to AMQP server on 10.0.2.32:5672
2014-10-20 14:28:41.827 13234 DEBUG neutron.openstack.common.rpc.amqp [req-55f17aa9-b3ed-4b2b-91f4-a3d417f45419 None] Making asynchronous cast on q-plugin... cast /opt/stack/neutron/neutron/openstack/common/rpc/amqp.py:583
2014-10-20 14:28:41.828 13234 DEBUG neutron.openstack.common.rpc.amqp [req-55f17aa9-b3ed-4b2b-91f4-a3d417f45419 None] UNIQUE_ID is 9ce06fa94d5b4223bb586af5e639fd21. _add_unique_id /opt/stack/neutron/neutron/openstack/common/rpc/amqp.py:342
2014-10-20 14:29:11.857 13234 DEBUG neutron.openstack.common.rpc.amqp [req-55f17aa9-b3ed-4b2b-91f4-a3d417f45419 None] Making asynchronous cast on q-plugin... cast /opt/stack/neutron/neutron/openstack/common/rpc/amqp.py:583
2014-10-20 14:29:11.857 13234 DEBUG neutron.openstack.common.rpc.amqp [req-55f17aa9-b3ed-4b2b-91f4-a3d417f45419 None] UNIQUE_ID is 3c9155fd9b574b18b15d9be4b0550b58. _add_unique_id /opt/stack/neutron/neutron/openstack/common/rpc/amqp.py:342
2014-10-20 14:29:41.870 13234 DEBUG neutron.openstack.common.rpc.amqp [req-55f17aa9-b3ed-4b2b-91f4-a3d417f45419 None] Making asynchronous cast on q-plugin... cast /opt/stack/neutron/neutron/openstack/common/rpc/amqp.py:583
2014-10-20 14:29:41.871 13234 DEBUG neutron.openstack.common.rpc.amqp [req-55f17aa9-b3ed-4b2b-91f4-a3d417f45419 None] UNIQUE_ID is 33aef0defa5f4dbf8134e6dabf1cc922. _add_unique_id /opt/stack/neutron/neutron/openstack/common/rpc/amqp.py:342
2014-10-20 14:30:11.874 13234 DEBUG neutron.openstack.common.rpc.amqp [req-55f17aa9-b3ed-4b2b-91f4-a3d417f45419 None] Making asynchronous cast on q-plugin... cast /opt/stack/neutron/neutron/openstack/common/rpc/amqp.py:583
2014-10-20 14:30:11.875 13234 DEBUG neutron.openstack.common.rpc.amqp [req-55f17aa9-b3ed-4b2b-91f4-a3d417f45419 None] UNIQUE_ID is a56c05da537e4a089dc8fc65213aa528. _add_unique_id /opt/stack/neutron/neutron/openstack/common/rpc/amqp.py:342
2014-10-20 14:30:41.884 13234 DEBUG neutron.openstack.common.rpc.amqp [req-55f17aa9-b3ed-4b2b-91f4-a3d417f45419 None] Making asynchronous cast on q-plugin... cast /opt/stack/neutron/neutron/openstack/common/rpc/amqp.py:583
2014-10-20 14:30:41.884 13234 DEBUG neutron.openstack.common.rpc.amqp [req-55f17aa9-b3ed-4b2b-91f4-a3d417f45419 None] UNIQUE_ID is 651e606240434341b6eb5a4630386f1d. _add_unique_id /opt/stack/neutron/neutron/openstack/common/rpc/amqp.py:342
2014-10-20 14:31:06.468 13234 ERROR neutron.openstack.common.rpc.common [req-55f17aa9-b3ed-4b2b-91f4-a3d417f45419 None] Failed to consume message from queue: [Errno 104] Connection reset by peer
2014-10-20 14:31:06.468 13234 TRACE neutron.openstack.common.rpc.common Traceback (most recent call last):
2014-10-20 14:31:06.468 13234 TRACE neutron.openstack.common.rpc.common   File "/opt/stack/neutron/neutron/openstack/common/rpc/impl_kombu.py", line 579, in ensure
2014-10-20 14:31:06.468 13234 TRACE neutron.openstack.common.rpc.common     return method(*args, **kwargs)
2014-10-20 14:31:06.468 13234 TRACE neutron.openstack.common.rpc.common   File "/opt/stack/neutron/neutron/openstack/common/rpc/impl_kombu.py", line 659, in _consume
2014-10-20 14:31:06.468 13234 TRACE neutron.openstack.common.rpc.common     return self.connection.drain_events(timeout=timeout)
2014-10-20 14:31:06.468 13234 TRACE neutron.openstack.common.rpc.common   File "/usr/lib/python2.7/dist-packages/kombu/connection.py", line 279, in drain_events
2014-10-20 14:31:06.468 13234 TRACE neutron.openstack.common.rpc.common     return self.transport.drain_events(self.connection, **kwargs)
2014-10-20 14:31:06.468 13234 TRACE neutron.openstack.common.rpc.common   File "/usr/lib/python2.7/dist-packages/kombu/transport/pyamqp.py", line 90, in drain_events
2014-10-20 14:31:06.468 13234 TRACE neutron.openstack.common.rpc.common     return connection.drain_events(**kwargs)
2014-10-20 14:31:06.468 13234 TRACE neutron.openstack.common.rpc.common   File "/usr/lib/python2.7/dist-packages/amqp/connection.py", line 303, in drain_events
2014-10-20 14:31:06.468 13234 TRACE neutron.openstack.common.rpc.common     return amqp_method(channel, args)
2014-10-20 14:31:06.468 13234 TRACE neutron.openstack.common.rpc.common   File "/usr/lib/python2.7/dist-packages/amqp/connection.py", line 506, in _close
2014-10-20 14:31:06.468 13234 TRACE neutron.openstack.common.rpc.common     self._x_close_ok()
2014-10-20 14:31:06.468 13234 TRACE neutron.openstack.common.rpc.common   File "/usr/lib/python2.7/dist-packages/amqp/connection.py", line 534, in _x_close_ok
2014-10-20 14:31:06.468 13234 TRACE neutron.openstack.common.rpc.common     self._send_method((10, 51))
2014-10-20 14:31:06.468 13234 TRACE neutron.openstack.common.rpc.common   File "/usr/lib/python2.7/dist-packages/amqp/abstract_channel.py", line 62, in _send_method
2014-10-20 14:31:06.468 13234 TRACE neutron.openstack.common.rpc.common     self.channel_id, method_sig, args, content,
2014-10-20 14:31:06.468 13234 TRACE neutron.openstack.common.rpc.common   File "/usr/lib/python2.7/dist-packages/amqp/method_framing.py", line 227, in write_method
2014-10-20 14:31:06.468 13234 TRACE neutron.openstack.common.rpc.common     write_frame(1, channel, payload)
2014-10-20 14:31:06.468 13234 TRACE neutron.openstack.common.rpc.common   File "/usr/lib/python2.7/dist-packages/amqp/transport.py", line 183, in write_frame
2014-10-20 14:31:06.468 13234 TRACE neutron.openstack.common.rpc.common     frame_type, channel, size, payload, 0xce,
2014-10-20 14:31:06.468 13234 TRACE neutron.openstack.common.rpc.common   File "/usr/lib/python2.7/dist-packages/eventlet/greenio.py", line 307, in sendall
2014-10-20 14:31:06.468 13234 TRACE neutron.openstack.common.rpc.common     tail = self.send(data, flags)
2014-10-20 14:31:06.468 13234 TRACE neutron.openstack.common.rpc.common   File "/usr/lib/python2.7/dist-packages/eventlet/greenio.py", line 293, in send
2014-10-20 14:31:06.468 13234 TRACE neutron.openstack.common.rpc.common     total_sent += fd.send(data[total_sent:], flags)
2014-10-20 14:31:06.468 13234 TRACE neutron.openstack.common.rpc.common error: [Errno 104] Connection reset by peer
2014-10-20 14:31:06.468 13234 TRACE neutron.openstack.common.rpc.common 
2014-10-20 14:31:06.472 13234 INFO neutron.openstack.common.rpc.common [req-55f17aa9-b3ed-4b2b-91f4-a3d417f45419 None] Reconnecting to AMQP server on 10.0.2.32:5672
2014-10-20 14:31:06.480 13234 ERROR neutron.openstack.common.rpc.common [req-55f17aa9-b3ed-4b2b-91f4-a3d417f45419 None] AMQP server on 10.0.2.32:5672 is unreachable: [Errno 111] ECONNREFUSED. Trying again in 1 seconds.
2014-10-20 14:31:07.481 13234 INFO neutron.openstack.common.rpc.common [req-55f17aa9-b3ed-4b2b-91f4-a3d417f45419 None] Reconnecting to AMQP server on 10.0.2.32:5672
2014-10-20 14:31:07.487 13234 ERROR neutron.openstack.common.rpc.common [req-55f17aa9-b3ed-4b2b-91f4-a3d417f45419 None] AMQP server on 10.0.2.32:5672 is unreachable: [Errno 111] ECONNREFUSED. Trying again in 3 seconds.
2014-10-20 14:31:10.489 13234 INFO neutron.openstack.common.rpc.common [req-55f17aa9-b3ed-4b2b-91f4-a3d417f45419 None] Reconnecting to AMQP server on 10.0.2.32:5672
2014-10-20 14:31:10.496 13234 ERROR neutron.openstack.common.rpc.common [req-55f17aa9-b3ed-4b2b-91f4-a3d417f45419 None] AMQP server on 10.0.2.32:5672 is unreachable: [Errno 111] ECONNREFUSED. Trying again in 5 seconds.
2014-10-20 14:31:11.884 13234 DEBUG neutron.openstack.common.rpc.amqp [req-55f17aa9-b3ed-4b2b-91f4-a3d417f45419 None] Making asynchronous cast on q-plugin... cast /opt/stack/neutron/neutron/openstack/common/rpc/amqp.py:583
2014-10-20 14:31:11.885 13234 DEBUG neutron.openstack.common.rpc.amqp [req-55f17aa9-b3ed-4b2b-91f4-a3d417f45419 None] UNIQUE_ID is 173dbb90626c41d5807509931187d16e. _add_unique_id /opt/stack/neutron/neutron/openstack/common/rpc/amqp.py:342
2014-10-20 14:31:11.885 13234 ERROR neutron.openstack.common.rpc.common [req-55f17aa9-b3ed-4b2b-91f4-a3d417f45419 None] Failed to publish message to topic 'q-plugin': [Errno 104] Connection reset by peer
2014-10-20 14:31:11.885 13234 TRACE neutron.openstack.common.rpc.common Traceback (most recent call last):
2014-10-20 14:31:11.885 13234 TRACE neutron.openstack.common.rpc.common   File "/opt/stack/neutron/neutron/openstack/common/rpc/impl_kombu.py", line 579, in ensure
2014-10-20 14:31:11.885 13234 TRACE neutron.openstack.common.rpc.common     return method(*args, **kwargs)
2014-10-20 14:31:11.885 13234 TRACE neutron.openstack.common.rpc.common   File "/opt/stack/neutron/neutron/openstack/common/rpc/impl_kombu.py", line 690, in _publish
2014-10-20 14:31:11.885 13234 TRACE neutron.openstack.common.rpc.common     publisher = cls(self.conf, self.channel, topic, **kwargs)
2014-10-20 14:31:11.885 13234 TRACE neutron.openstack.common.rpc.common   File "/opt/stack/neutron/neutron/openstack/common/rpc/impl_kombu.py", line 368, in __init__
2014-10-20 14:31:11.885 13234 TRACE neutron.openstack.common.rpc.common     **options)
2014-10-20 14:31:11.885 13234 TRACE neutron.openstack.common.rpc.common   File "/opt/stack/neutron/neutron/openstack/common/rpc/impl_kombu.py", line 315, in __init__
2014-10-20 14:31:11.885 13234 TRACE neutron.openstack.common.rpc.common     self.reconnect(channel)
2014-10-20 14:31:11.885 13234 TRACE neutron.openstack.common.rpc.common   File "/opt/stack/neutron/neutron/openstack/common/rpc/impl_kombu.py", line 323, in reconnect
2014-10-20 14:31:11.885 13234 TRACE neutron.openstack.common.rpc.common     routing_key=self.routing_key)
2014-10-20 14:31:11.885 13234 TRACE neutron.openstack.common.rpc.common   File "/usr/lib/python2.7/dist-packages/kombu/messaging.py", line 82, in __init__
2014-10-20 14:31:11.885 13234 TRACE neutron.openstack.common.rpc.common     self.revive(self._channel)
2014-10-20 14:31:11.885 13234 TRACE neutron.openstack.common.rpc.common   File "/usr/lib/python2.7/dist-packages/kombu/messaging.py", line 216, in revive
2014-10-20 14:31:11.885 13234 TRACE neutron.openstack.common.rpc.common     self.declare()
2014-10-20 14:31:11.885 13234 TRACE neutron.openstack.common.rpc.common   File "/usr/lib/python2.7/dist-packages/kombu/messaging.py", line 102, in declare
2014-10-20 14:31:11.885 13234 TRACE neutron.openstack.common.rpc.common     self.exchange.declare()
2014-10-20 14:31:11.885 13234 TRACE neutron.openstack.common.rpc.common   File "/usr/lib/python2.7/dist-packages/kombu/entity.py", line 166, in declare
2014-10-20 14:31:11.885 13234 TRACE neutron.openstack.common.rpc.common     nowait=nowait, passive=passive,
2014-10-20 14:31:11.885 13234 TRACE neutron.openstack.common.rpc.common   File "/usr/lib/python2.7/dist-packages/amqp/channel.py", line 604, in exchange_declare
2014-10-20 14:31:11.885 13234 TRACE neutron.openstack.common.rpc.common     self._send_method((40, 10), args)
2014-10-20 14:31:11.885 13234 TRACE neutron.openstack.common.rpc.common   File "/usr/lib/python2.7/dist-packages/amqp/abstract_channel.py", line 62, in _send_method
2014-10-20 14:31:11.885 13234 TRACE neutron.openstack.common.rpc.common     self.channel_id, method_sig, args, content,
2014-10-20 14:31:11.885 13234 TRACE neutron.openstack.common.rpc.common   File "/usr/lib/python2.7/dist-packages/amqp/method_framing.py", line 227, in write_method
2014-10-20 14:31:11.885 13234 TRACE neutron.openstack.common.rpc.common     write_frame(1, channel, payload)
2014-10-20 14:31:11.885 13234 TRACE neutron.openstack.common.rpc.common   File "/usr/lib/python2.7/dist-packages/amqp/transport.py", line 183, in write_frame
2014-10-20 14:31:11.885 13234 TRACE neutron.openstack.common.rpc.common     frame_type, channel, size, payload, 0xce,
2014-10-20 14:31:11.885 13234 TRACE neutron.openstack.common.rpc.common   File "/usr/lib/python2.7/dist-packages/eventlet/greenio.py", line 307, in sendall
2014-10-20 14:31:11.885 13234 TRACE neutron.openstack.common.rpc.common     tail = self.send(data, flags)
2014-10-20 14:31:11.885 13234 TRACE neutron.openstack.common.rpc.common   File "/usr/lib/python2.7/dist-packages/eventlet/greenio.py", line 293, in send
2014-10-20 14:31:11.885 13234 TRACE neutron.openstack.common.rpc.common     total_sent += fd.send(data[total_sent:], flags)
2014-10-20 14:31:11.885 13234 TRACE neutron.openstack.common.rpc.common error: [Errno 104] Connection reset by peer
2014-10-20 14:31:11.885 13234 TRACE neutron.openstack.common.rpc.common 
2014-10-20 14:31:11.888 13234 INFO neutron.openstack.common.rpc.common [req-55f17aa9-b3ed-4b2b-91f4-a3d417f45419 None] Reconnecting to AMQP server on 10.0.2.32:5672
2014-10-20 14:31:11.892 13234 ERROR neutron.openstack.common.rpc.common [req-55f17aa9-b3ed-4b2b-91f4-a3d417f45419 None] AMQP server on 10.0.2.32:5672 is unreachable: [Errno 111] ECONNREFUSED. Trying again in 1 seconds.
2014-10-20 14:31:12.892 13234 INFO neutron.openstack.common.rpc.common [req-55f17aa9-b3ed-4b2b-91f4-a3d417f45419 None] Reconnecting to AMQP server on 10.0.2.32:5672
2014-10-20 14:31:12.896 13234 ERROR neutron.openstack.common.rpc.common [req-55f17aa9-b3ed-4b2b-91f4-a3d417f45419 None] AMQP server on 10.0.2.32:5672 is unreachable: [Errno 111] ECONNREFUSED. Trying again in 3 seconds.
root@devstack:~# python /usr/local/bin/neutron-metadata-agent --config-file /etc/neutron/neutron.conf --config-file=/etc/neutron/metadata_agent.ini
2014-10-20 14:34:45.636 2835 INFO neutron.common.config [-] Logging enabled!
2014-10-20 14:34:45.643 2835 DEBUG neutron.agent.metadata.agent [-] ******************************************************************************** log_opt_values /usr/local/lib/python2.7/dist-packages/oslo/config/cfg.py:2027
2014-10-20 14:34:45.643 2835 DEBUG neutron.agent.metadata.agent [-] Configuration options gathered from: log_opt_values /usr/local/lib/python2.7/dist-packages/oslo/config/cfg.py:2028
2014-10-20 14:34:45.643 2835 DEBUG neutron.agent.metadata.agent [-] command line args: ['--config-file', '/etc/neutron/neutron.conf', '--config-file=/etc/neutron/metadata_agent.ini'] log_opt_values /usr/local/lib/python2.7/dist-packages/oslo/config/cfg.py:2029
2014-10-20 14:34:45.643 2835 DEBUG neutron.agent.metadata.agent [-] config files: ['/etc/neutron/neutron.conf', '/etc/neutron/metadata_agent.ini'] log_opt_values /usr/local/lib/python2.7/dist-packages/oslo/config/cfg.py:2030
2014-10-20 14:34:45.643 2835 DEBUG neutron.agent.metadata.agent [-] ================================================================================ log_opt_values /usr/local/lib/python2.7/dist-packages/oslo/config/cfg.py:2031
2014-10-20 14:34:45.644 2835 DEBUG neutron.agent.metadata.agent [-] admin_password                 = **** log_opt_values /usr/local/lib/python2.7/dist-packages/oslo/config/cfg.py:2040
2014-10-20 14:34:45.649 2835 DEBUG neutron.agent.metadata.agent [-] admin_tenant_name              = service log_opt_values /usr/local/lib/python2.7/dist-packages/oslo/config/cfg.py:2040
2014-10-20 14:34:45.649 2835 DEBUG neutron.agent.metadata.agent [-] admin_user                     = neutron log_opt_values /usr/local/lib/python2.7/dist-packages/oslo/config/cfg.py:2040
2014-10-20 14:34:45.649 2835 DEBUG neutron.agent.metadata.agent [-] allow_bulk                     = True log_opt_values /usr/local/lib/python2.7/dist-packages/oslo/config/cfg.py:2040
2014-10-20 14:34:45.649 2835 DEBUG neutron.agent.metadata.agent [-] allow_overlapping_ips          = True log_opt_values /usr/local/lib/python2.7/dist-packages/oslo/config/cfg.py:2040
2014-10-20 14:34:45.651 2835 DEBUG neutron.agent.metadata.agent [-] allow_pagination               = False log_opt_values /usr/local/lib/python2.7/dist-packages/oslo/config/cfg.py:2040
2014-10-20 14:34:45.651 2835 DEBUG neutron.agent.metadata.agent [-] allow_sorting                  = False log_opt_values /usr/local/lib/python2.7/dist-packages/oslo/config/cfg.py:2040
2014-10-20 14:34:45.651 2835 DEBUG neutron.agent.metadata.agent [-] allowed_rpc_exception_modules  = ['nova.exception', 'cinder.exception', 'exceptions'] log_opt_values /usr/local/lib/python2.7/dist-packages/oslo/config/cfg.py:2040
2014-10-20 14:34:45.652 2835 DEBUG neutron.agent.metadata.agent [-] api_extensions_path            =  log_opt_values /usr/local/lib/python2.7/dist-packages/oslo/config/cfg.py:2040
2014-10-20 14:34:45.652 2835 DEBUG neutron.agent.metadata.agent [-] api_paste_config               = api-paste.ini log_opt_values /usr/local/lib/python2.7/dist-packages/oslo/config/cfg.py:2040
2014-10-20 14:34:45.652 2835 DEBUG neutron.agent.metadata.agent [-] auth_ca_cert                   = None log_opt_values /usr/local/lib/python2.7/dist-packages/oslo/config/cfg.py:2040
2014-10-20 14:34:45.652 2835 DEBUG neutron.agent.metadata.agent [-] auth_insecure                  = False log_opt_values /usr/local/lib/python2.7/dist-packages/oslo/config/cfg.py:2040
2014-10-20 14:34:45.653 2835 DEBUG neutron.agent.metadata.agent [-] auth_region                    = RegionOne log_opt_values /usr/local/lib/python2.7/dist-packages/oslo/config/cfg.py:2040
2014-10-20 14:34:45.653 2835 DEBUG neutron.agent.metadata.agent [-] auth_strategy                  = keystone log_opt_values /usr/local/lib/python2.7/dist-packages/oslo/config/cfg.py:2040
2014-10-20 14:34:45.653 2835 DEBUG neutron.agent.metadata.agent [-] auth_url                       = http://10.0.2.32:5000/v2.0 log_opt_values /usr/local/lib/python2.7/dist-packages/oslo/config/cfg.py:2040
2014-10-20 14:34:45.653 2835 DEBUG neutron.agent.metadata.agent [-] backdoor_port                  = None log_opt_values /usr/local/lib/python2.7/dist-packages/oslo/config/cfg.py:2040
2014-10-20 14:34:45.664 2835 DEBUG neutron.agent.metadata.agent [-] backlog                        = 4096 log_opt_values /usr/local/lib/python2.7/dist-packages/oslo/config/cfg.py:2040
2014-10-20 14:34:45.664 2835 DEBUG neutron.agent.metadata.agent [-] base_mac                       = fa:16:3e:00:00:00 log_opt_values /usr/local/lib/python2.7/dist-packages/oslo/config/cfg.py:2040
2014-10-20 14:34:45.664 2835 DEBUG neutron.agent.metadata.agent [-] bind_host                      = 0.0.0.0 log_opt_values /usr/local/lib/python2.7/dist-packages/oslo/config/cfg.py:2040
2014-10-20 14:34:45.665 2835 DEBUG neutron.agent.metadata.agent [-] bind_port                      = 9696 log_opt_values /usr/local/lib/python2.7/dist-packages/oslo/config/cfg.py:2040
2014-10-20 14:34:45.665 2835 DEBUG neutron.agent.metadata.agent [-] cache_url                      =  log_opt_values /usr/local/lib/python2.7/dist-packages/oslo/config/cfg.py:2040
2014-10-20 14:34:45.665 2835 DEBUG neutron.agent.metadata.agent [-] config_dir                     = None log_opt_values /usr/local/lib/python2.7/dist-packages/oslo/config/cfg.py:2040
2014-10-20 14:34:45.665 2835 DEBUG neutron.agent.metadata.agent [-] config_file                    = ['/etc/neutron/neutron.conf', '/etc/neutron/metadata_agent.ini'] log_opt_values /usr/local/lib/python2.7/dist-packages/oslo/config/cfg.py:2040
2014-10-20 14:34:45.665 2835 DEBUG neutron.agent.metadata.agent [-] control_exchange               = neutron log_opt_values /usr/local/lib/python2.7/dist-packages/oslo/config/cfg.py:2040
2014-10-20 14:34:45.666 2835 DEBUG neutron.agent.metadata.agent [-] core_plugin                    = neutron.plugins.ml2.plugin.Ml2Plugin log_opt_values /usr/local/lib/python2.7/dist-packages/oslo/config/cfg.py:2040
2014-10-20 14:34:45.666 2835 DEBUG neutron.agent.metadata.agent [-] debug                          = True log_opt_values /usr/local/lib/python2.7/dist-packages/oslo/config/cfg.py:2040
2014-10-20 14:34:45.666 2835 DEBUG neutron.agent.metadata.agent [-] default_log_levels             = ['amqp=WARN', 'amqplib=WARN', 'boto=WARN', 'qpid=WARN', 'sqlalchemy=WARN', 'suds=INFO', 'iso8601=WARN'] log_opt_values /usr/local/lib/python2.7/dist-packages/oslo/config/cfg.py:2040
2014-10-20 14:34:45.667 2835 DEBUG neutron.agent.metadata.agent [-] dhcp_agent_notification        = True log_opt_values /usr/local/lib/python2.7/dist-packages/oslo/config/cfg.py:2040
2014-10-20 14:34:45.667 2835 DEBUG neutron.agent.metadata.agent [-] dhcp_lease_duration            = 86400 log_opt_values /usr/local/lib/python2.7/dist-packages/oslo/config/cfg.py:2040
2014-10-20 14:34:45.667 2835 DEBUG neutron.agent.metadata.agent [-] disable_process_locking        = False log_opt_values /usr/local/lib/python2.7/dist-packages/oslo/config/cfg.py:2040
2014-10-20 14:34:45.668 2835 DEBUG neutron.agent.metadata.agent [-] endpoint_type                  = adminURL log_opt_values /usr/local/lib/python2.7/dist-packages/oslo/config/cfg.py:2040
2014-10-20 14:34:45.668 2835 DEBUG neutron.agent.metadata.agent [-] fake_rabbit                    = False log_opt_values /usr/local/lib/python2.7/dist-packages/oslo/config/cfg.py:2040
2014-10-20 14:34:45.668 2835 DEBUG neutron.agent.metadata.agent [-] fatal_deprecations             = False log_opt_values /usr/local/lib/python2.7/dist-packages/oslo/config/cfg.py:2040
2014-10-20 14:34:45.668 2835 DEBUG neutron.agent.metadata.agent [-] force_gateway_on_subnet        = False log_opt_values /usr/local/lib/python2.7/dist-packages/oslo/config/cfg.py:2040
2014-10-20 14:34:45.669 2835 DEBUG neutron.agent.metadata.agent [-] host                           = devstack log_opt_values /usr/local/lib/python2.7/dist-packages/oslo/config/cfg.py:2040
2014-10-20 14:34:45.669 2835 DEBUG neutron.agent.metadata.agent [-] instance_format                = [instance: %(uuid)s]  log_opt_values /usr/local/lib/python2.7/dist-packages/oslo/config/cfg.py:2040
2014-10-20 14:34:45.669 2835 DEBUG neutron.agent.metadata.agent [-] instance_uuid_format           = [instance: %(uuid)s]  log_opt_values /usr/local/lib/python2.7/dist-packages/oslo/config/cfg.py:2040
2014-10-20 14:34:45.669 2835 DEBUG neutron.agent.metadata.agent [-] lock_path                      = /opt/stack/data/neutron/lock log_opt_values /usr/local/lib/python2.7/dist-packages/oslo/config/cfg.py:2040
2014-10-20 14:34:45.670 2835 DEBUG neutron.agent.metadata.agent [-] log_config_append              = None log_opt_values /usr/local/lib/python2.7/dist-packages/oslo/config/cfg.py:2040
2014-10-20 14:34:45.670 2835 DEBUG neutron.agent.metadata.agent [-] log_date_format                = %Y-%m-%d %H:%M:%S log_opt_values /usr/local/lib/python2.7/dist-packages/oslo/config/cfg.py:2040
2014-10-20 14:34:45.671 2835 DEBUG neutron.agent.metadata.agent [-] log_dir                        = None log_opt_values /usr/local/lib/python2.7/dist-packages/oslo/config/cfg.py:2040
2014-10-20 14:34:45.671 2835 DEBUG neutron.agent.metadata.agent [-] log_file                       = None log_opt_values /usr/local/lib/python2.7/dist-packages/oslo/config/cfg.py:2040
2014-10-20 14:34:45.671 2835 DEBUG neutron.agent.metadata.agent [-] log_format                     = None log_opt_values /usr/local/lib/python2.7/dist-packages/oslo/config/cfg.py:2040
2014-10-20 14:34:45.671 2835 DEBUG neutron.agent.metadata.agent [-] logging_context_format_string  = %(asctime)s.%(msecs)03d %(process)d %(levelname)s %(name)s [%(request_id)s %(user_identity)s] %(instance)s%(message)s log_opt_values /usr/local/lib/python2.7/dist-packages/oslo/config/cfg.py:2040
2014-10-20 14:34:45.671 2835 DEBUG neutron.agent.metadata.agent [-] logging_debug_format_suffix    = %(funcName)s %(pathname)s:%(lineno)d log_opt_values /usr/local/lib/python2.7/dist-packages/oslo/config/cfg.py:2040
2014-10-20 14:34:45.673 2835 DEBUG neutron.agent.metadata.agent [-] logging_default_format_string  = %(asctime)s.%(msecs)03d %(process)d %(levelname)s %(name)s [-] %(instance)s%(message)s log_opt_values /usr/local/lib/python2.7/dist-packages/oslo/config/cfg.py:2040
2014-10-20 14:34:45.673 2835 DEBUG neutron.agent.metadata.agent [-] logging_exception_prefix       = %(asctime)s.%(msecs)03d %(process)d TRACE %(name)s %(instance)s log_opt_values /usr/local/lib/python2.7/dist-packages/oslo/config/cfg.py:2040
2014-10-20 14:34:45.675 2835 DEBUG neutron.agent.metadata.agent [-] mac_generation_retries         = 16 log_opt_values /usr/local/lib/python2.7/dist-packages/oslo/config/cfg.py:2040
2014-10-20 14:34:45.675 2835 DEBUG neutron.agent.metadata.agent [-] max_dns_nameservers            = 5 log_opt_values /usr/local/lib/python2.7/dist-packages/oslo/config/cfg.py:2040
2014-10-20 14:34:45.675 2835 DEBUG neutron.agent.metadata.agent [-] max_fixed_ips_per_port         = 5 log_opt_values /usr/local/lib/python2.7/dist-packages/oslo/config/cfg.py:2040
2014-10-20 14:34:45.675 2835 DEBUG neutron.agent.metadata.agent [-] max_header_line                = 16384 log_opt_values /usr/local/lib/python2.7/dist-packages/oslo/config/cfg.py:2040
2014-10-20 14:34:45.676 2835 DEBUG neutron.agent.metadata.agent [-] max_subnet_host_routes         = 20 log_opt_values /usr/local/lib/python2.7/dist-packages/oslo/config/cfg.py:2040
2014-10-20 14:34:45.676 2835 DEBUG neutron.agent.metadata.agent [-] metadata_backlog               = 128 log_opt_values /usr/local/lib/python2.7/dist-packages/oslo/config/cfg.py:2040
2014-10-20 14:34:45.679 2835 DEBUG neutron.agent.metadata.agent [-] metadata_proxy_shared_secret   = **** log_opt_values /usr/local/lib/python2.7/dist-packages/oslo/config/cfg.py:2040
2014-10-20 14:34:45.679 2835 DEBUG neutron.agent.metadata.agent [-] metadata_proxy_socket          = /opt/stack/data/neutron/metadata_proxy log_opt_values /usr/local/lib/python2.7/dist-packages/oslo/config/cfg.py:2040
2014-10-20 14:34:45.679 2835 DEBUG neutron.agent.metadata.agent [-] metadata_workers               = 0 log_opt_values /usr/local/lib/python2.7/dist-packages/oslo/config/cfg.py:2040
2014-10-20 14:34:45.680 2835 DEBUG neutron.agent.metadata.agent [-] notify_nova_on_port_data_changes = True log_opt_values /usr/local/lib/python2.7/dist-packages/oslo/config/cfg.py:2040
2014-10-20 14:34:45.680 2835 DEBUG neutron.agent.metadata.agent [-] notify_nova_on_port_status_changes = True log_opt_values /usr/local/lib/python2.7/dist-packages/oslo/config/cfg.py:2040
2014-10-20 14:34:45.680 2835 DEBUG neutron.agent.metadata.agent [-] nova_admin_auth_url            = http://10.0.2.32:35357/v2.0 log_opt_values /usr/local/lib/python2.7/dist-packages/oslo/config/cfg.py:2040
2014-10-20 14:34:45.680 2835 DEBUG neutron.agent.metadata.agent [-] nova_admin_password            = **** log_opt_values /usr/local/lib/python2.7/dist-packages/oslo/config/cfg.py:2040
2014-10-20 14:34:45.680 2835 DEBUG neutron.agent.metadata.agent [-] nova_admin_tenant_id           = 0c165cbde6854aee987cd2cd4dfcbe48 log_opt_values /usr/local/lib/python2.7/dist-packages/oslo/config/cfg.py:2040
2014-10-20 14:34:45.681 2835 DEBUG neutron.agent.metadata.agent [-] nova_admin_username            = nova log_opt_values /usr/local/lib/python2.7/dist-packages/oslo/config/cfg.py:2040
2014-10-20 14:34:45.681 2835 DEBUG neutron.agent.metadata.agent [-] nova_metadata_ip               = 10.0.2.32 log_opt_values /usr/local/lib/python2.7/dist-packages/oslo/config/cfg.py:2040
2014-10-20 14:34:45.681 2835 DEBUG neutron.agent.metadata.agent [-] nova_metadata_port             = 8775 log_opt_values /usr/local/lib/python2.7/dist-packages/oslo/config/cfg.py:2040
2014-10-20 14:34:45.681 2835 DEBUG neutron.agent.metadata.agent [-] nova_region_name               = None log_opt_values /usr/local/lib/python2.7/dist-packages/oslo/config/cfg.py:2040
2014-10-20 14:34:45.681 2835 DEBUG neutron.agent.metadata.agent [-] nova_url                       = http://10.0.2.32:8774/v2 log_opt_values /usr/local/lib/python2.7/dist-packages/oslo/config/cfg.py:2040
2014-10-20 14:34:45.682 2835 DEBUG neutron.agent.metadata.agent [-] pagination_max_limit           = -1 log_opt_values /usr/local/lib/python2.7/dist-packages/oslo/config/cfg.py:2040
2014-10-20 14:34:45.682 2835 DEBUG neutron.agent.metadata.agent [-] policy_file                    = /etc/neutron/policy.json log_opt_values /usr/local/lib/python2.7/dist-packages/oslo/config/cfg.py:2040
2014-10-20 14:34:45.682 2835 DEBUG neutron.agent.metadata.agent [-] publish_errors                 = False log_opt_values /usr/local/lib/python2.7/dist-packages/oslo/config/cfg.py:2040
2014-10-20 14:34:45.682 2835 DEBUG neutron.agent.metadata.agent [-] retry_until_window             = 30 log_opt_values /usr/local/lib/python2.7/dist-packages/oslo/config/cfg.py:2040
2014-10-20 14:34:45.682 2835 DEBUG neutron.agent.metadata.agent [-] rpc_backend                    = neutron.openstack.common.rpc.impl_kombu log_opt_values /usr/local/lib/python2.7/dist-packages/oslo/config/cfg.py:2040
2014-10-20 14:34:45.683 2835 DEBUG neutron.agent.metadata.agent [-] rpc_cast_timeout               = 30 log_opt_values /usr/local/lib/python2.7/dist-packages/oslo/config/cfg.py:2040
2014-10-20 14:34:45.683 2835 DEBUG neutron.agent.metadata.agent [-] rpc_conn_pool_size             = 30 log_opt_values /usr/local/lib/python2.7/dist-packages/oslo/config/cfg.py:2040
2014-10-20 14:34:45.683 2835 DEBUG neutron.agent.metadata.agent [-] rpc_response_timeout           = 60 log_opt_values /usr/local/lib/python2.7/dist-packages/oslo/config/cfg.py:2040
2014-10-20 14:34:45.683 2835 DEBUG neutron.agent.metadata.agent [-] rpc_thread_pool_size           = 64 log_opt_values /usr/local/lib/python2.7/dist-packages/oslo/config/cfg.py:2040
2014-10-20 14:34:45.683 2835 DEBUG neutron.agent.metadata.agent [-] run_external_periodic_tasks    = True log_opt_values /usr/local/lib/python2.7/dist-packages/oslo/config/cfg.py:2040
2014-10-20 14:34:45.683 2835 DEBUG neutron.agent.metadata.agent [-] send_events_interval           = 2 log_opt_values /usr/local/lib/python2.7/dist-packages/oslo/config/cfg.py:2040
2014-10-20 14:34:45.684 2835 DEBUG neutron.agent.metadata.agent [-] service_plugins                = ['neutron.services.l3_router.l3_router_plugin.L3RouterPlugin'] log_opt_values /usr/local/lib/python2.7/dist-packages/oslo/config/cfg.py:2040
2014-10-20 14:34:45.684 2835 DEBUG neutron.agent.metadata.agent [-] sqlite_db                      =  log_opt_values /usr/local/lib/python2.7/dist-packages/oslo/config/cfg.py:2040
2014-10-20 14:34:45.684 2835 DEBUG neutron.agent.metadata.agent [-] sqlite_synchronous             = True log_opt_values /usr/local/lib/python2.7/dist-packages/oslo/config/cfg.py:2040
2014-10-20 14:34:45.684 2835 DEBUG neutron.agent.metadata.agent [-] ssl_ca_file                    = None log_opt_values /usr/local/lib/python2.7/dist-packages/oslo/config/cfg.py:2040
2014-10-20 14:34:45.685 2835 DEBUG neutron.agent.metadata.agent [-] ssl_cert_file                  = None log_opt_values /usr/local/lib/python2.7/dist-packages/oslo/config/cfg.py:2040
2014-10-20 14:34:45.685 2835 DEBUG neutron.agent.metadata.agent [-] ssl_key_file                   = None log_opt_values /usr/local/lib/python2.7/dist-packages/oslo/config/cfg.py:2040
2014-10-20 14:34:45.685 2835 DEBUG neutron.agent.metadata.agent [-] state_path                     = /opt/stack/data/neutron log_opt_values /usr/local/lib/python2.7/dist-packages/oslo/config/cfg.py:2040
2014-10-20 14:34:45.685 2835 DEBUG neutron.agent.metadata.agent [-] syslog_log_facility            = LOG_USER log_opt_values /usr/local/lib/python2.7/dist-packages/oslo/config/cfg.py:2040
2014-10-20 14:34:45.686 2835 DEBUG neutron.agent.metadata.agent [-] tcp_keepidle                   = 600 log_opt_values /usr/local/lib/python2.7/dist-packages/oslo/config/cfg.py:2040
2014-10-20 14:34:45.686 2835 DEBUG neutron.agent.metadata.agent [-] use_ssl                        = False log_opt_values /usr/local/lib/python2.7/dist-packages/oslo/config/cfg.py:2040
2014-10-20 14:34:45.687 2835 DEBUG neutron.agent.metadata.agent [-] use_stderr                     = True log_opt_values /usr/local/lib/python2.7/dist-packages/oslo/config/cfg.py:2040
2014-10-20 14:34:45.687 2835 DEBUG neutron.agent.metadata.agent [-] use_syslog                     = False log_opt_values /usr/local/lib/python2.7/dist-packages/oslo/config/cfg.py:2040
2014-10-20 14:34:45.687 2835 DEBUG neutron.agent.metadata.agent [-] verbose                        = True log_opt_values /usr/local/lib/python2.7/dist-packages/oslo/config/cfg.py:2040
2014-10-20 14:34:45.687 2835 DEBUG neutron.agent.metadata.agent [-] AGENT.report_interval          = 30.0 log_opt_values /usr/local/lib/python2.7/dist-packages/oslo/config/cfg.py:2048
2014-10-20 14:34:45.687 2835 DEBUG neutron.agent.metadata.agent [-] database.connection            = **** log_opt_values /usr/local/lib/python2.7/dist-packages/oslo/config/cfg.py:2048
2014-10-20 14:34:45.688 2835 DEBUG neutron.agent.metadata.agent [-] database.connection_debug      = 0 log_opt_values /usr/local/lib/python2.7/dist-packages/oslo/config/cfg.py:2048
2014-10-20 14:34:45.688 2835 DEBUG neutron.agent.metadata.agent [-] database.connection_trace      = False log_opt_values /usr/local/lib/python2.7/dist-packages/oslo/config/cfg.py:2048
2014-10-20 14:34:45.688 2835 DEBUG neutron.agent.metadata.agent [-] database.idle_timeout          = 3600 log_opt_values /usr/local/lib/python2.7/dist-packages/oslo/config/cfg.py:2048
2014-10-20 14:34:45.688 2835 DEBUG neutron.agent.metadata.agent [-] database.max_overflow          = 20 log_opt_values /usr/local/lib/python2.7/dist-packages/oslo/config/cfg.py:2048
2014-10-20 14:34:45.688 2835 DEBUG neutron.agent.metadata.agent [-] database.max_pool_size         = 10 log_opt_values /usr/local/lib/python2.7/dist-packages/oslo/config/cfg.py:2048
2014-10-20 14:34:45.689 2835 DEBUG neutron.agent.metadata.agent [-] database.max_retries           = 10 log_opt_values /usr/local/lib/python2.7/dist-packages/oslo/config/cfg.py:2048
2014-10-20 14:34:45.689 2835 DEBUG neutron.agent.metadata.agent [-] database.min_pool_size         = 1 log_opt_values /usr/local/lib/python2.7/dist-packages/oslo/config/cfg.py:2048
2014-10-20 14:34:45.689 2835 DEBUG neutron.agent.metadata.agent [-] database.pool_timeout          = 10 log_opt_values /usr/local/lib/python2.7/dist-packages/oslo/config/cfg.py:2048
2014-10-20 14:34:45.689 2835 DEBUG neutron.agent.metadata.agent [-] database.retry_interval        = 10 log_opt_values /usr/local/lib/python2.7/dist-packages/oslo/config/cfg.py:2048
2014-10-20 14:34:45.689 2835 DEBUG neutron.agent.metadata.agent [-] database.slave_connection      = **** log_opt_values /usr/local/lib/python2.7/dist-packages/oslo/config/cfg.py:2048
2014-10-20 14:34:45.690 2835 DEBUG neutron.agent.metadata.agent [-] ******************************************************************************** log_opt_values /usr/local/lib/python2.7/dist-packages/oslo/config/cfg.py:2050
2014-10-20 14:34:45.691 2835 DEBUG neutron.common.utils [-] Reloading cached file /etc/neutron/policy.json read_cached_file /opt/stack/neutron/neutron/common/utils.py:113
2014-10-20 14:34:45.691 2835 DEBUG neutron.policy [-] Loading policies from file: /etc/neutron/policy.json _set_rules /opt/stack/neutron/neutron/policy.py:92
2014-10-20 14:34:46.065 2835 DEBUG neutron.openstack.common.rpc.amqp [req-7cef965e-cda9-4c5b-8b93-014b1c268d61 None] Making synchronous call on q-plugin ... multicall /opt/stack/neutron/neutron/openstack/common/rpc/amqp.py:554
2014-10-20 14:34:46.075 2835 DEBUG neutron.openstack.common.rpc.amqp [req-7cef965e-cda9-4c5b-8b93-014b1c268d61 None] MSG_ID is 028292de9c2049709b06873e440947ac multicall /opt/stack/neutron/neutron/openstack/common/rpc/amqp.py:557
2014-10-20 14:34:46.075 2835 DEBUG neutron.openstack.common.rpc.amqp [req-7cef965e-cda9-4c5b-8b93-014b1c268d61 None] UNIQUE_ID is 67397d39ebb041a483fc03b198f626c1. _add_unique_id /opt/stack/neutron/neutron/openstack/common/rpc/amqp.py:342
2014-10-20 14:34:46.103 2835 INFO eventlet.wsgi.server [req-7cef965e-cda9-4c5b-8b93-014b1c268d61 None] (2835) wsgi starting up on http:///:o/

2014-10-20 14:34:46.118 2835 INFO neutron.openstack.common.rpc.common [req-7cef965e-cda9-4c5b-8b93-014b1c268d61 None] Connected to AMQP server on 10.0.2.32:5672
2014-10-20 14:34:46.133 2835 DEBUG neutron.openstack.common.rpc.amqp [req-7cef965e-cda9-4c5b-8b93-014b1c268d61 None] Pool creating new connection create /opt/stack/neutron/neutron/openstack/common/rpc/amqp.py:75
2014-10-20 14:34:46.169 2835 INFO neutron.openstack.common.rpc.common [req-7cef965e-cda9-4c5b-8b93-014b1c268d61 None] Connected to AMQP server on 10.0.2.32:5672
2014-10-20 14:35:46.230 2835 ERROR neutron.agent.metadata.agent [req-7cef965e-cda9-4c5b-8b93-014b1c268d61 None] Failed reporting state!
2014-10-20 14:35:46.230 2835 TRACE neutron.agent.metadata.agent Traceback (most recent call last):
2014-10-20 14:35:46.230 2835 TRACE neutron.agent.metadata.agent   File "/opt/stack/neutron/neutron/agent/metadata/agent.py", line 339, in _report_state
2014-10-20 14:35:46.230 2835 TRACE neutron.agent.metadata.agent     use_call=self.agent_state.get('start_flag'))
2014-10-20 14:35:46.230 2835 TRACE neutron.agent.metadata.agent   File "/opt/stack/neutron/neutron/agent/rpc.py", line 72, in report_state
2014-10-20 14:35:46.230 2835 TRACE neutron.agent.metadata.agent     return self.call(context, msg, topic=self.topic)
2014-10-20 14:35:46.230 2835 TRACE neutron.agent.metadata.agent   File "/opt/stack/neutron/neutron/openstack/common/rpc/proxy.py", line 129, in call
2014-10-20 14:35:46.230 2835 TRACE neutron.agent.metadata.agent     exc.info, real_topic, msg.get('method'))
2014-10-20 14:35:46.230 2835 TRACE neutron.agent.metadata.agent Timeout: Timeout while waiting on RPC response - topic: "q-plugin", RPC method: "report_state" info: "<unknown>"
2014-10-20 14:35:46.230 2835 TRACE neutron.agent.metadata.agent 
2014-10-20 14:35:46.231 2835 WARNING neutron.openstack.common.loopingcall [req-7cef965e-cda9-4c5b-8b93-014b1c268d61 None] task run outlasted interval by 30.533929 sec
2014-10-20 14:35:46.231 2835 DEBUG neutron.openstack.common.rpc.amqp [req-7cef965e-cda9-4c5b-8b93-014b1c268d61 None] Making synchronous call on q-plugin ... multicall /opt/stack/neutron/neutron/openstack/common/rpc/amqp.py:554
2014-10-20 14:35:46.231 2835 DEBUG neutron.openstack.common.rpc.amqp [req-7cef965e-cda9-4c5b-8b93-014b1c268d61 None] MSG_ID is 1400e01b469343d8bce24ff7bb3fd8c9 multicall /opt/stack/neutron/neutron/openstack/common/rpc/amqp.py:557
2014-10-20 14:35:46.232 2835 DEBUG neutron.openstack.common.rpc.amqp [req-7cef965e-cda9-4c5b-8b93-014b1c268d61 None] UNIQUE_ID is 102e3a02f5b54981aa7109912b6e05d0. _add_unique_id /opt/stack/neutron/neutron/openstack/common/rpc/amqp.py:342
2014-10-20 14:36:16.233 2835 DEBUG neutron.openstack.common.rpc.amqp [req-7cef965e-cda9-4c5b-8b93-014b1c268d61 None] Making asynchronous cast on q-plugin... cast /opt/stack/neutron/neutron/openstack/common/rpc/amqp.py:583
2014-10-20 14:36:16.234 2835 DEBUG neutron.openstack.common.rpc.amqp [req-7cef965e-cda9-4c5b-8b93-014b1c268d61 None] UNIQUE_ID is ddf9f204c70d462f8d9bc97bbd5baece. _add_unique_id /opt/stack/neutron/neutron/openstack/common/rpc/amqp.py:342
2014-10-20 14:36:46.250 2835 DEBUG neutron.openstack.common.rpc.amqp [req-7cef965e-cda9-4c5b-8b93-014b1c268d61 None] Making asynchronous cast on q-plugin... cast /opt/stack/neutron/neutron/openstack/common/rpc/amqp.py:583
2014-10-20 14:36:46.251 2835 DEBUG neutron.openstack.common.rpc.amqp [req-7cef965e-cda9-4c5b-8b93-014b1c268d61 None] UNIQUE_ID is c6f2c489198042ebb4e449ad45e15821. _add_unique_id /opt/stack/neutron/neutron/openstack/common/rpc/amqp.py:342
2014-10-20 14:37:16.277 2835 DEBUG neutron.openstack.common.rpc.amqp [req-7cef965e-cda9-4c5b-8b93-014b1c268d61 None] Making asynchronous cast on q-plugin... cast /opt/stack/neutron/neutron/openstack/common/rpc/amqp.py:583
2014-10-20 14:37:16.277 2835 DEBUG neutron.openstack.common.rpc.amqp [req-7cef965e-cda9-4c5b-8b93-014b1c268d61 None] UNIQUE_ID is 2b147c89ff0143fcb50ab246bbb656ae. _add_unique_id /opt/stack/neutron/neutron/openstack/common/rpc/amqp.py:342
2014-10-20 14:37:46.277 2835 DEBUG neutron.openstack.common.rpc.amqp [req-7cef965e-cda9-4c5b-8b93-014b1c268d61 None] Making asynchronous cast on q-plugin... cast /opt/stack/neutron/neutron/openstack/common/rpc/amqp.py:583
2014-10-20 14:37:46.277 2835 DEBUG neutron.openstack.common.rpc.amqp [req-7cef965e-cda9-4c5b-8b93-014b1c268d61 None] UNIQUE_ID is ca8d4c5fb21843b1ba48994530383719. _add_unique_id /opt/stack/neutron/neutron/openstack/common/rpc/amqp.py:342
2014-10-20 14:38:16.302 2835 DEBUG neutron.openstack.common.rpc.amqp [req-7cef965e-cda9-4c5b-8b93-014b1c268d61 None] Making asynchronous cast on q-plugin... cast /opt/stack/neutron/neutron/openstack/common/rpc/amqp.py:583
2014-10-20 14:38:16.302 2835 DEBUG neutron.openstack.common.rpc.amqp [req-7cef965e-cda9-4c5b-8b93-014b1c268d61 None] UNIQUE_ID is ecd7e99404f144d5bda7f6873ed168e6. _add_unique_id /opt/stack/neutron/neutron/openstack/common/rpc/amqp.py:342
2014-10-20 14:38:46.324 2835 DEBUG neutron.openstack.common.rpc.amqp [req-7cef965e-cda9-4c5b-8b93-014b1c268d61 None] Making asynchronous cast on q-plugin... cast /opt/stack/neutron/neutron/openstack/common/rpc/amqp.py:583
2014-10-20 14:38:46.324 2835 DEBUG neutron.openstack.common.rpc.amqp [req-7cef965e-cda9-4c5b-8b93-014b1c268d61 None] UNIQUE_ID is 11d58e3c6a6e4fcba175697658abcb61. _add_unique_id /opt/stack/neutron/neutron/openstack/common/rpc/amqp.py:342
2014-10-20 14:39:16.342 2835 DEBUG neutron.openstack.common.rpc.amqp [req-7cef965e-cda9-4c5b-8b93-014b1c268d61 None] Making asynchronous cast on q-plugin... cast /opt/stack/neutron/neutron/openstack/common/rpc/amqp.py:583
2014-10-20 14:39:16.342 2835 DEBUG neutron.openstack.common.rpc.amqp [req-7cef965e-cda9-4c5b-8b93-014b1c268d61 None] UNIQUE_ID is 35d0d65c30624bd8bab12fc41fe4f3ee. _add_unique_id /opt/stack/neutron/neutron/openstack/common/rpc/amqp.py:342
2014-10-20 14:39:46.360 2835 DEBUG neutron.openstack.common.rpc.amqp [req-7cef965e-cda9-4c5b-8b93-014b1c268d61 None] Making asynchronous cast on q-plugin... cast /opt/stack/neutron/neutron/openstack/common/rpc/amqp.py:583
2014-10-20 14:39:46.360 2835 DEBUG neutron.openstack.common.rpc.amqp [req-7cef965e-cda9-4c5b-8b93-014b1c268d61 None] UNIQUE_ID is 56c5903c48ed443ebfcdc2704390783d. _add_unique_id /opt/stack/neutron/neutron/openstack/common/rpc/amqp.py:342
2014-10-20 14:40:16.370 2835 DEBUG neutron.openstack.common.rpc.amqp [req-7cef965e-cda9-4c5b-8b93-014b1c268d61 None] Making asynchronous cast on q-plugin... cast /opt/stack/neutron/neutron/openstack/common/rpc/amqp.py:583
2014-10-20 14:40:16.371 2835 DEBUG neutron.openstack.common.rpc.amqp [req-7cef965e-cda9-4c5b-8b93-014b1c268d61 None] UNIQUE_ID is ed903cd4ff4c43cd83bc30f6f6bf3690. _add_unique_id /opt/stack/neutron/neutron/openstack/common/rpc/amqp.py:342
2014-10-20 14:40:46.396 2835 DEBUG neutron.openstack.common.rpc.amqp [req-7cef965e-cda9-4c5b-8b93-014b1c268d61 None] Making asynchronous cast on q-plugin... cast /opt/stack/neutron/neutron/openstack/common/rpc/amqp.py:583
2014-10-20 14:40:46.396 2835 DEBUG neutron.openstack.common.rpc.amqp [req-7cef965e-cda9-4c5b-8b93-014b1c268d61 None] UNIQUE_ID is 1b20e08993654927a72dafd81bd9e1f4. _add_unique_id /opt/stack/neutron/neutron/openstack/common/rpc/amqp.py:342
2014-10-20 14:41:16.404 2835 DEBUG neutron.openstack.common.rpc.amqp [req-7cef965e-cda9-4c5b-8b93-014b1c268d61 None] Making asynchronous cast on q-plugin... cast /opt/stack/neutron/neutron/openstack/common/rpc/amqp.py:583
2014-10-20 14:41:16.405 2835 DEBUG neutron.openstack.common.rpc.amqp [req-7cef965e-cda9-4c5b-8b93-014b1c268d61 None] UNIQUE_ID is a1032e4675864b4399e64a61b06607c7. _add_unique_id /opt/stack/neutron/neutron/openstack/common/rpc/amqp.py:342
2014-10-20 14:41:46.430 2835 DEBUG neutron.openstack.common.rpc.amqp [req-7cef965e-cda9-4c5b-8b93-014b1c268d61 None] Making asynchronous cast on q-plugin... cast /opt/stack/neutron/neutron/openstack/common/rpc/amqp.py:583
2014-10-20 14:41:46.430 2835 DEBUG neutron.openstack.common.rpc.amqp [req-7cef965e-cda9-4c5b-8b93-014b1c268d61 None] UNIQUE_ID is ad28385b6521451194e88c3b5a165a7d. _add_unique_id /opt/stack/neutron/neutron/openstack/common/rpc/amqp.py:342
2014-10-20 14:42:16.441 2835 DEBUG neutron.openstack.common.rpc.amqp [req-7cef965e-cda9-4c5b-8b93-014b1c268d61 None] Making asynchronous cast on q-plugin... cast /opt/stack/neutron/neutron/openstack/common/rpc/amqp.py:583
2014-10-20 14:42:16.442 2835 DEBUG neutron.openstack.common.rpc.amqp [req-7cef965e-cda9-4c5b-8b93-014b1c268d61 None] UNIQUE_ID is 2b74d5008d324a6bb2d06b74217075ed. _add_unique_id /opt/stack/neutron/neutron/openstack/common/rpc/amqp.py:342
2014-10-20 14:42:46.454 2835 DEBUG neutron.openstack.common.rpc.amqp [req-7cef965e-cda9-4c5b-8b93-014b1c268d61 None] Making asynchronous cast on q-plugin... cast /opt/stack/neutron/neutron/openstack/common/rpc/amqp.py:583
2014-10-20 14:42:46.454 2835 DEBUG neutron.openstack.common.rpc.amqp [req-7cef965e-cda9-4c5b-8b93-014b1c268d61 None] UNIQUE_ID is 084d7ffc35674326b39e6b7ffcbff826. _add_unique_id /opt/stack/neutron/neutron/openstack/common/rpc/amqp.py:342
2014-10-20 14:43:16.482 2835 DEBUG neutron.openstack.common.rpc.amqp [req-7cef965e-cda9-4c5b-8b93-014b1c268d61 None] Making asynchronous cast on q-plugin... cast /opt/stack/neutron/neutron/openstack/common/rpc/amqp.py:583
2014-10-20 14:43:16.482 2835 DEBUG neutron.openstack.common.rpc.amqp [req-7cef965e-cda9-4c5b-8b93-014b1c268d61 None] UNIQUE_ID is 151424c63616411e9389004267b4d8f6. _add_unique_id /opt/stack/neutron/neutron/openstack/common/rpc/amqp.py:342
2014-10-20 14:43:46.512 2835 DEBUG neutron.openstack.common.rpc.amqp [req-7cef965e-cda9-4c5b-8b93-014b1c268d61 None] Making asynchronous cast on q-plugin... cast /opt/stack/neutron/neutron/openstack/common/rpc/amqp.py:583
2014-10-20 14:43:46.512 2835 DEBUG neutron.openstack.common.rpc.amqp [req-7cef965e-cda9-4c5b-8b93-014b1c268d61 None] UNIQUE_ID is 54a7b128aac74103960b2c4ac48eb318. _add_unique_id /opt/stack/neutron/neutron/openstack/common/rpc/amqp.py:342
2014-10-20 14:44:16.529 2835 DEBUG neutron.openstack.common.rpc.amqp [req-7cef965e-cda9-4c5b-8b93-014b1c268d61 None] Making asynchronous cast on q-plugin... cast /opt/stack/neutron/neutron/openstack/common/rpc/amqp.py:583
2014-10-20 14:44:16.530 2835 DEBUG neutron.openstack.common.rpc.amqp [req-7cef965e-cda9-4c5b-8b93-014b1c268d61 None] UNIQUE_ID is 532a920c15b444f6ac41945ad748caa0. _add_unique_id /opt/stack/neutron/neutron/openstack/common/rpc/amqp.py:342
2014-10-20 14:44:46.551 2835 DEBUG neutron.openstack.common.rpc.amqp [req-7cef965e-cda9-4c5b-8b93-014b1c268d61 None] Making asynchronous cast on q-plugin... cast /opt/stack/neutron/neutron/openstack/common/rpc/amqp.py:583
2014-10-20 14:44:46.551 2835 DEBUG neutron.openstack.common.rpc.amqp [req-7cef965e-cda9-4c5b-8b93-014b1c268d61 None] UNIQUE_ID is 375d5bff06be4c5bb8e027a9929e33a4. _add_unique_id /opt/stack/neutron/neutron/openstack/common/rpc/amqp.py:342
2014-10-20 14:45:16.575 2835 DEBUG neutron.openstack.common.rpc.amqp [req-7cef965e-cda9-4c5b-8b93-014b1c268d61 None] Making asynchronous cast on q-plugin... cast /opt/stack/neutron/neutron/openstack/common/rpc/amqp.py:583
2014-10-20 14:45:16.576 2835 DEBUG neutron.openstack.common.rpc.amqp [req-7cef965e-cda9-4c5b-8b93-014b1c268d61 None] UNIQUE_ID is 5efe1957416340979dc96c33c1929073. _add_unique_id /opt/stack/neutron/neutron/openstack/common/rpc/amqp.py:342
2014-10-20 14:45:46.600 2835 DEBUG neutron.openstack.common.rpc.amqp [req-7cef965e-cda9-4c5b-8b93-014b1c268d61 None] Making asynchronous cast on q-plugin... cast /opt/stack/neutron/neutron/openstack/common/rpc/amqp.py:583
2014-10-20 14:45:46.600 2835 DEBUG neutron.openstack.common.rpc.amqp [req-7cef965e-cda9-4c5b-8b93-014b1c268d61 None] UNIQUE_ID is 31829bceb1474ec49edcc45624c9cdfc. _add_unique_id /opt/stack/neutron/neutron/openstack/common/rpc/amqp.py:342
2014-10-20 14:46:16.625 2835 DEBUG neutron.openstack.common.rpc.amqp [req-7cef965e-cda9-4c5b-8b93-014b1c268d61 None] Making asynchronous cast on q-plugin... cast /opt/stack/neutron/neutron/openstack/common/rpc/amqp.py:583
2014-10-20 14:46:16.626 2835 DEBUG neutron.openstack.common.rpc.amqp [req-7cef965e-cda9-4c5b-8b93-014b1c268d61 None] UNIQUE_ID is e8ec8d5983da42a08dae3fcd37493d88. _add_unique_id /opt/stack/neutron/neutron/openstack/common/rpc/amqp.py:342
2014-10-20 14:46:46.654 2835 DEBUG neutron.openstack.common.rpc.amqp [req-7cef965e-cda9-4c5b-8b93-014b1c268d61 None] Making asynchronous cast on q-plugin... cast /opt/stack/neutron/neutron/openstack/common/rpc/amqp.py:583
2014-10-20 14:46:46.654 2835 DEBUG neutron.openstack.common.rpc.amqp [req-7cef965e-cda9-4c5b-8b93-014b1c268d61 None] UNIQUE_ID is 1e1359f4e1634eb5b2d0d2470720c648. _add_unique_id /opt/stack/neutron/neutron/openstack/common/rpc/amqp.py:342
2014-10-20 14:47:16.683 2835 DEBUG neutron.openstack.common.rpc.amqp [req-7cef965e-cda9-4c5b-8b93-014b1c268d61 None] Making asynchronous cast on q-plugin... cast /opt/stack/neutron/neutron/openstack/common/rpc/amqp.py:583
2014-10-20 14:47:16.683 2835 DEBUG neutron.openstack.common.rpc.amqp [req-7cef965e-cda9-4c5b-8b93-014b1c268d61 None] UNIQUE_ID is f6461b9dbd864a968be31deae00aa5a3. _add_unique_id /opt/stack/neutron/neutron/openstack/common/rpc/amqp.py:342
2014-10-20 14:47:46.710 2835 DEBUG neutron.openstack.common.rpc.amqp [req-7cef965e-cda9-4c5b-8b93-014b1c268d61 None] Making asynchronous cast on q-plugin... cast /opt/stack/neutron/neutron/openstack/common/rpc/amqp.py:583
2014-10-20 14:47:46.710 2835 DEBUG neutron.openstack.common.rpc.amqp [req-7cef965e-cda9-4c5b-8b93-014b1c268d61 None] UNIQUE_ID is cc3f57e0873f4cb9864201d8810456cf. _add_unique_id /opt/stack/neutron/neutron/openstack/common/rpc/amqp.py:342
2014-10-20 14:48:16.715 2835 DEBUG neutron.openstack.common.rpc.amqp [req-7cef965e-cda9-4c5b-8b93-014b1c268d61 None] Making asynchronous cast on q-plugin... cast /opt/stack/neutron/neutron/openstack/common/rpc/amqp.py:583
2014-10-20 14:48:16.716 2835 DEBUG neutron.openstack.common.rpc.amqp [req-7cef965e-cda9-4c5b-8b93-014b1c268d61 None] UNIQUE_ID is 2c49040e82cc41819dab676638b5f5d8. _add_unique_id /opt/stack/neutron/neutron/openstack/common/rpc/amqp.py:342
2014-10-20 14:48:46.741 2835 DEBUG neutron.openstack.common.rpc.amqp [req-7cef965e-cda9-4c5b-8b93-014b1c268d61 None] Making asynchronous cast on q-plugin... cast /opt/stack/neutron/neutron/openstack/common/rpc/amqp.py:583
2014-10-20 14:48:46.742 2835 DEBUG neutron.openstack.common.rpc.amqp [req-7cef965e-cda9-4c5b-8b93-014b1c268d61 None] UNIQUE_ID is 6be4c834875b49879d334d35e069b4d6. _add_unique_id /opt/stack/neutron/neutron/openstack/common/rpc/amqp.py:342
2014-10-20 14:49:16.770 2835 DEBUG neutron.openstack.common.rpc.amqp [req-7cef965e-cda9-4c5b-8b93-014b1c268d61 None] Making asynchronous cast on q-plugin... cast /opt/stack/neutron/neutron/openstack/common/rpc/amqp.py:583
2014-10-20 14:49:16.770 2835 DEBUG neutron.openstack.common.rpc.amqp [req-7cef965e-cda9-4c5b-8b93-014b1c268d61 None] UNIQUE_ID is f2b06edfad5f43fc9701b225fca09286. _add_unique_id /opt/stack/neutron/neutron/openstack/common/rpc/amqp.py:342
2014-10-20 14:49:46.798 2835 DEBUG neutron.openstack.common.rpc.amqp [req-7cef965e-cda9-4c5b-8b93-014b1c268d61 None] Making asynchronous cast on q-plugin... cast /opt/stack/neutron/neutron/openstack/common/rpc/amqp.py:583
2014-10-20 14:49:46.798 2835 DEBUG neutron.openstack.common.rpc.amqp [req-7cef965e-cda9-4c5b-8b93-014b1c268d61 None] UNIQUE_ID is 9623fc5a85bc4c0ab201977b8faabb07. _add_unique_id /opt/stack/neutron/neutron/openstack/common/rpc/amqp.py:342

Broadcast message from sysop@devstack
	(/dev/pts/28) at 14:50 ...

The system is going down for reboot NOW!
2014-10-20 14:50:16.828 2835 DEBUG neutron.openstack.common.rpc.amqp [req-7cef965e-cda9-4c5b-8b93-014b1c268d61 None] Making asynchronous cast on q-plugin... cast /opt/stack/neutron/neutron/openstack/common/rpc/amqp.py:583
2014-10-20 14:50:16.828 2835 DEBUG neutron.openstack.common.rpc.amqp [req-7cef965e-cda9-4c5b-8b93-014b1c268d61 None] UNIQUE_ID is 0a5ae9ac95034855872a6839c702ca98. _add_unique_id /opt/stack/neutron/neutron/openstack/common/rpc/amqp.py:342
2014-10-20 14:50:18.652 2835 ERROR neutron.openstack.common.rpc.common [req-7cef965e-cda9-4c5b-8b93-014b1c268d61 None] Failed to consume message from queue: [Errno 104] Connection reset by peer
2014-10-20 14:50:18.652 2835 TRACE neutron.openstack.common.rpc.common Traceback (most recent call last):
2014-10-20 14:50:18.652 2835 TRACE neutron.openstack.common.rpc.common   File "/opt/stack/neutron/neutron/openstack/common/rpc/impl_kombu.py", line 579, in ensure
2014-10-20 14:50:18.652 2835 TRACE neutron.openstack.common.rpc.common     return method(*args, **kwargs)
2014-10-20 14:50:18.652 2835 TRACE neutron.openstack.common.rpc.common   File "/opt/stack/neutron/neutron/openstack/common/rpc/impl_kombu.py", line 659, in _consume
2014-10-20 14:50:18.652 2835 TRACE neutron.openstack.common.rpc.common     return self.connection.drain_events(timeout=timeout)
2014-10-20 14:50:18.652 2835 TRACE neutron.openstack.common.rpc.common   File "/usr/lib/python2.7/dist-packages/kombu/connection.py", line 279, in drain_events
2014-10-20 14:50:18.652 2835 TRACE neutron.openstack.common.rpc.common     return self.transport.drain_events(self.connection, **kwargs)
2014-10-20 14:50:18.652 2835 TRACE neutron.openstack.common.rpc.common   File "/usr/lib/python2.7/dist-packages/kombu/transport/pyamqp.py", line 90, in drain_events
2014-10-20 14:50:18.652 2835 TRACE neutron.openstack.common.rpc.common     return connection.drain_events(**kwargs)
2014-10-20 14:50:18.652 2835 TRACE neutron.openstack.common.rpc.common   File "/usr/lib/python2.7/dist-packages/amqp/connection.py", line 303, in drain_events
2014-10-20 14:50:18.652 2835 TRACE neutron.openstack.common.rpc.common     return amqp_method(channel, args)
2014-10-20 14:50:18.652 2835 TRACE neutron.openstack.common.rpc.common   File "/usr/lib/python2.7/dist-packages/amqp/connection.py", line 506, in _close
2014-10-20 14:50:18.652 2835 TRACE neutron.openstack.common.rpc.common     self._x_close_ok()
2014-10-20 14:50:18.652 2835 TRACE neutron.openstack.common.rpc.common   File "/usr/lib/python2.7/dist-packages/amqp/connection.py", line 534, in _x_close_ok
2014-10-20 14:50:18.652 2835 TRACE neutron.openstack.common.rpc.common     self._send_method((10, 51))
2014-10-20 14:50:18.652 2835 TRACE neutron.openstack.common.rpc.common   File "/usr/lib/python2.7/dist-packages/amqp/abstract_channel.py", line 62, in _send_method
2014-10-20 14:50:18.652 2835 TRACE neutron.openstack.common.rpc.common     self.channel_id, method_sig, args, content,
2014-10-20 14:50:18.652 2835 TRACE neutron.openstack.common.rpc.common   File "/usr/lib/python2.7/dist-packages/amqp/method_framing.py", line 227, in write_method
2014-10-20 14:50:18.652 2835 TRACE neutron.openstack.common.rpc.common     write_frame(1, channel, payload)
2014-10-20 14:50:18.652 2835 TRACE neutron.openstack.common.rpc.common   File "/usr/lib/python2.7/dist-packages/amqp/transport.py", line 183, in write_frame
2014-10-20 14:50:18.652 2835 TRACE neutron.openstack.common.rpc.common     frame_type, channel, size, payload, 0xce,
2014-10-20 14:50:18.652 2835 TRACE neutron.openstack.common.rpc.common   File "/usr/lib/python2.7/dist-packages/eventlet/greenio.py", line 307, in sendall
2014-10-20 14:50:18.652 2835 TRACE neutron.openstack.common.rpc.common     tail = self.send(data, flags)
2014-10-20 14:50:18.652 2835 TRACE neutron.openstack.common.rpc.common   File "/usr/lib/python2.7/dist-packages/eventlet/greenio.py", line 293, in send
2014-10-20 14:50:18.652 2835 TRACE neutron.openstack.common.rpc.common     total_sent += fd.send(data[total_sent:], flags)
2014-10-20 14:50:18.652 2835 TRACE neutron.openstack.common.rpc.common error: [Errno 104] Connection reset by peer
2014-10-20 14:50:18.652 2835 TRACE neutron.openstack.common.rpc.common 
2014-10-20 14:50:18.655 2835 INFO neutron.openstack.common.rpc.common [req-7cef965e-cda9-4c5b-8b93-014b1c268d61 None] Reconnecting to AMQP server on 10.0.2.32:5672
2014-10-20 14:50:18.661 2835 ERROR neutron.openstack.common.rpc.common [req-7cef965e-cda9-4c5b-8b93-014b1c268d61 None] AMQP server on 10.0.2.32:5672 is unreachable: [Errno 111] ECONNREFUSED. Trying again in 1 seconds.
2014-10-20 14:50:19.673 2835 INFO neutron.openstack.common.rpc.common [req-7cef965e-cda9-4c5b-8b93-014b1c268d61 None] Reconnecting to AMQP server on 10.0.2.32:5672
2014-10-20 14:50:19.680 2835 ERROR neutron.openstack.common.rpc.common [req-7cef965e-cda9-4c5b-8b93-014b1c268d61 None] AMQP server on 10.0.2.32:5672 is unreachable: [Errno 111] ECONNREFUSED. Trying again in 3 seconds.
2014-10-20 14:50:22.683 2835 INFO neutron.openstack.common.rpc.common [req-7cef965e-cda9-4c5b-8b93-014b1c268d61 None] Reconnecting to AMQP server on 10.0.2.32:5672
2014-10-20 14:50:22.687 2835 ERROR neutron.openstack.common.rpc.common [req-7cef965e-cda9-4c5b-8b93-014b1c268d61 None] AMQP server on 10.0.2.32:5672 is unreachable: [Errno 111] ECONNREFUSED. Trying again in 5 seconds.
