/opt/stack/heat/bin/heat-api-cfn --config-file=/et c/heat/heat.conf & echo $! >/opt/stack/status/stack/h-api-cfn.pid; fg || echo "h -api-cfn failed to start" | tee "/opt/stack/status/stack/h-api-cfn.failure"
[1] 15050
/opt/stack/heat/bin/heat-api-cfn --config-file=/etc/heat/heat.conf
No handlers could be found for logger "heat.common.config"
2014-10-20 14:29:17.686 15050 DEBUG routes.middleware [-] Initialized with method overriding = True, and path info altering = True __init__ /usr/local/lib/python2.7/dist-packages/routes/middleware.py:41
2014-10-20 14:29:17.687 15050 INFO keystoneclient.middleware.auth_token [-] Starting keystone auth_token middleware
2014-10-20 14:29:17.688 15050 WARNING keystoneclient.middleware.auth_token [-] This middleware module is deprecated as of v0.10.0 in favor of keystonemiddleware.auth_token - please update your WSGI pipeline to reference the new middleware package.
2014-10-20 14:29:17.688 15050 WARNING keystoneclient.middleware.auth_token [-] Configuring admin URI using auth fragments. This is deprecated, use 'identity_uri' instead.
2014-10-20 14:29:17.688 15050 INFO keystoneclient.middleware.auth_token [-] Using /var/cache/heat as cache directory for signing certificate
2014-10-20 14:29:17.688 15050 WARNING keystoneclient.middleware.auth_token [-] signing_dir mode is 0755 instead of 0700
2014-10-20 14:29:17.689 15050 DEBUG heat-api-cfn [-] ******************************************************************************** log_opt_values /usr/local/lib/python2.7/dist-packages/oslo/config/cfg.py:2027
2014-10-20 14:29:17.689 15050 DEBUG heat-api-cfn [-] Configuration options gathered from: log_opt_values /usr/local/lib/python2.7/dist-packages/oslo/config/cfg.py:2028
2014-10-20 14:29:17.689 15050 DEBUG heat-api-cfn [-] command line args: ['--config-file=/etc/heat/heat.conf'] log_opt_values /usr/local/lib/python2.7/dist-packages/oslo/config/cfg.py:2029
2014-10-20 14:29:17.689 15050 DEBUG heat-api-cfn [-] config files: ['/etc/heat/heat.conf'] log_opt_values /usr/local/lib/python2.7/dist-packages/oslo/config/cfg.py:2030
2014-10-20 14:29:17.689 15050 DEBUG heat-api-cfn [-] ================================================================================ log_opt_values /usr/local/lib/python2.7/dist-packages/oslo/config/cfg.py:2031
2014-10-20 14:29:17.690 15050 DEBUG heat-api-cfn [-] allowed_rpc_exception_modules  = ['nova.exception', 'cinder.exception', 'exceptions', 'heat.common.exception'] log_opt_values /usr/local/lib/python2.7/dist-packages/oslo/config/cfg.py:2040
2014-10-20 14:29:17.690 15050 DEBUG heat-api-cfn [-] auth_encryption_key            = e78b74cf0540a76e52b34aa8aafb9cb8 log_opt_values /usr/local/lib/python2.7/dist-packages/oslo/config/cfg.py:2040
2014-10-20 14:29:17.690 15050 DEBUG heat-api-cfn [-] config_dir                     = None log_opt_values /usr/local/lib/python2.7/dist-packages/oslo/config/cfg.py:2040
2014-10-20 14:29:17.690 15050 DEBUG heat-api-cfn [-] config_file                    = ['/etc/heat/heat.conf'] log_opt_values /usr/local/lib/python2.7/dist-packages/oslo/config/cfg.py:2040
2014-10-20 14:29:17.690 15050 DEBUG heat-api-cfn [-] control_exchange               = heat log_opt_values /usr/local/lib/python2.7/dist-packages/oslo/config/cfg.py:2040
2014-10-20 14:29:17.691 15050 DEBUG heat-api-cfn [-] db_backend                     = sqlalchemy log_opt_values /usr/local/lib/python2.7/dist-packages/oslo/config/cfg.py:2040
2014-10-20 14:29:17.691 15050 DEBUG heat-api-cfn [-] debug                          = True log_opt_values /usr/local/lib/python2.7/dist-packages/oslo/config/cfg.py:2040
2014-10-20 14:29:17.691 15050 DEBUG heat-api-cfn [-] default_log_levels             = ['amqplib=WARN', 'qpid.messaging=INFO', 'keystone=INFO', 'eventlet.wsgi.server=WARN'] log_opt_values /usr/local/lib/python2.7/dist-packages/oslo/config/cfg.py:2040
2014-10-20 14:29:17.691 15050 DEBUG heat-api-cfn [-] deferred_auth_method           = trusts log_opt_values /usr/local/lib/python2.7/dist-packages/oslo/config/cfg.py:2040
2014-10-20 14:29:17.691 15050 DEBUG heat-api-cfn [-] engine_life_check_timeout      = 2 log_opt_values /usr/local/lib/python2.7/dist-packages/oslo/config/cfg.py:2040
2014-10-20 14:29:17.691 15050 DEBUG heat-api-cfn [-] environment_dir                = /etc/heat/environment.d log_opt_values /usr/local/lib/python2.7/dist-packages/oslo/config/cfg.py:2040
2014-10-20 14:29:17.692 15050 DEBUG heat-api-cfn [-] event_purge_batch_size         = 10 log_opt_values /usr/local/lib/python2.7/dist-packages/oslo/config/cfg.py:2040
2014-10-20 14:29:17.692 15050 DEBUG heat-api-cfn [-] fake_rabbit                    = False log_opt_values /usr/local/lib/python2.7/dist-packages/oslo/config/cfg.py:2040
2014-10-20 14:29:17.692 15050 DEBUG heat-api-cfn [-] fatal_deprecations             = False log_opt_values /usr/local/lib/python2.7/dist-packages/oslo/config/cfg.py:2040
2014-10-20 14:29:17.692 15050 DEBUG heat-api-cfn [-] heat_metadata_server_url       = http://10.0.2.32:8000 log_opt_values /usr/local/lib/python2.7/dist-packages/oslo/config/cfg.py:2040
2014-10-20 14:29:17.692 15050 DEBUG heat-api-cfn [-] heat_stack_user_role           = heat_stack_user log_opt_values /usr/local/lib/python2.7/dist-packages/oslo/config/cfg.py:2040
2014-10-20 14:29:17.692 15050 DEBUG heat-api-cfn [-] heat_waitcondition_server_url  = http://10.0.2.32:8000/v1/waitcondition log_opt_values /usr/local/lib/python2.7/dist-packages/oslo/config/cfg.py:2040
2014-10-20 14:29:17.692 15050 DEBUG heat-api-cfn [-] heat_watch_server_url          = http://10.0.2.32:8003 log_opt_values /usr/local/lib/python2.7/dist-packages/oslo/config/cfg.py:2040
2014-10-20 14:29:17.693 15050 DEBUG heat-api-cfn [-] host                           = devstack log_opt_values /usr/local/lib/python2.7/dist-packages/oslo/config/cfg.py:2040
2014-10-20 14:29:17.693 15050 DEBUG heat-api-cfn [-] instance_connection_https_validate_certificates = 1 log_opt_values /usr/local/lib/python2.7/dist-packages/oslo/config/cfg.py:2040
2014-10-20 14:29:17.693 15050 DEBUG heat-api-cfn [-] instance_connection_is_secure  = 0 log_opt_values /usr/local/lib/python2.7/dist-packages/oslo/config/cfg.py:2040
2014-10-20 14:29:17.693 15050 DEBUG heat-api-cfn [-] instance_driver                = heat.engine.nova log_opt_values /usr/local/lib/python2.7/dist-packages/oslo/config/cfg.py:2040
2014-10-20 14:29:17.693 15050 DEBUG heat-api-cfn [-] instance_format                = [instance: %(uuid)s]  log_opt_values /usr/local/lib/python2.7/dist-packages/oslo/config/cfg.py:2040
2014-10-20 14:29:17.694 15050 DEBUG heat-api-cfn [-] instance_user                  = ec2-user log_opt_values /usr/local/lib/python2.7/dist-packages/oslo/config/cfg.py:2040
2014-10-20 14:29:17.694 15050 DEBUG heat-api-cfn [-] instance_uuid_format           = [instance: %(uuid)s]  log_opt_values /usr/local/lib/python2.7/dist-packages/oslo/config/cfg.py:2040
2014-10-20 14:29:17.694 15050 DEBUG heat-api-cfn [-] log_config_append              = None log_opt_values /usr/local/lib/python2.7/dist-packages/oslo/config/cfg.py:2040
2014-10-20 14:29:17.694 15050 DEBUG heat-api-cfn [-] log_date_format                = %Y-%m-%d %H:%M:%S log_opt_values /usr/local/lib/python2.7/dist-packages/oslo/config/cfg.py:2040
2014-10-20 14:29:17.694 15050 DEBUG heat-api-cfn [-] log_dir                        = None log_opt_values /usr/local/lib/python2.7/dist-packages/oslo/config/cfg.py:2040
2014-10-20 14:29:17.695 15050 DEBUG heat-api-cfn [-] log_file                       = None log_opt_values /usr/local/lib/python2.7/dist-packages/oslo/config/cfg.py:2040
2014-10-20 14:29:17.695 15050 DEBUG heat-api-cfn [-] log_format                     = None log_opt_values /usr/local/lib/python2.7/dist-packages/oslo/config/cfg.py:2040
2014-10-20 14:29:17.695 15050 DEBUG heat-api-cfn [-] logging_context_format_string  = %(asctime)s.%(msecs)03d %(process)d %(levelname)s %(name)s [%(request_id)s %(user_identity)s] %(instance)s%(message)s log_opt_values /usr/local/lib/python2.7/dist-packages/oslo/config/cfg.py:2040
2014-10-20 14:29:17.695 15050 DEBUG heat-api-cfn [-] logging_debug_format_suffix    = %(funcName)s %(pathname)s:%(lineno)d log_opt_values /usr/local/lib/python2.7/dist-packages/oslo/config/cfg.py:2040
2014-10-20 14:29:17.695 15050 DEBUG heat-api-cfn [-] logging_default_format_string  = %(asctime)s.%(msecs)03d %(process)d %(levelname)s %(name)s [-] %(instance)s%(message)s log_opt_values /usr/local/lib/python2.7/dist-packages/oslo/config/cfg.py:2040
2014-10-20 14:29:17.695 15050 DEBUG heat-api-cfn [-] logging_exception_prefix       = %(asctime)s.%(msecs)03d %(process)d TRACE %(name)s %(instance)s log_opt_values /usr/local/lib/python2.7/dist-packages/oslo/config/cfg.py:2040
2014-10-20 14:29:17.695 15050 DEBUG heat-api-cfn [-] max_events_per_stack           = 1000 log_opt_values /usr/local/lib/python2.7/dist-packages/oslo/config/cfg.py:2040
2014-10-20 14:29:17.696 15050 DEBUG heat-api-cfn [-] max_json_body_size             = 1048576 log_opt_values /usr/local/lib/python2.7/dist-packages/oslo/config/cfg.py:2040
2014-10-20 14:29:17.696 15050 DEBUG heat-api-cfn [-] max_nested_stack_depth         = 3 log_opt_values /usr/local/lib/python2.7/dist-packages/oslo/config/cfg.py:2040
2014-10-20 14:29:17.696 15050 DEBUG heat-api-cfn [-] max_resources_per_stack        = 1000 log_opt_values /usr/local/lib/python2.7/dist-packages/oslo/config/cfg.py:2040
2014-10-20 14:29:17.696 15050 DEBUG heat-api-cfn [-] max_stacks_per_tenant          = 100 log_opt_values /usr/local/lib/python2.7/dist-packages/oslo/config/cfg.py:2040
2014-10-20 14:29:17.696 15050 DEBUG heat-api-cfn [-] max_template_size              = 524288 log_opt_values /usr/local/lib/python2.7/dist-packages/oslo/config/cfg.py:2040
2014-10-20 14:29:17.696 15050 DEBUG heat-api-cfn [-] memcached_servers              = None log_opt_values /usr/local/lib/python2.7/dist-packages/oslo/config/cfg.py:2040
2014-10-20 14:29:17.697 15050 DEBUG heat-api-cfn [-] onready                        = None log_opt_values /usr/local/lib/python2.7/dist-packages/oslo/config/cfg.py:2040
2014-10-20 14:29:17.697 15050 DEBUG heat-api-cfn [-] periodic_interval              = 60 log_opt_values /usr/local/lib/python2.7/dist-packages/oslo/config/cfg.py:2040
2014-10-20 14:29:17.697 15050 DEBUG heat-api-cfn [-] plugin_dirs                    = ['/usr/lib64/heat', '/usr/lib/heat'] log_opt_values /usr/local/lib/python2.7/dist-packages/oslo/config/cfg.py:2040
2014-10-20 14:29:17.697 15050 DEBUG heat-api-cfn [-] policy_default_rule            = default log_opt_values /usr/local/lib/python2.7/dist-packages/oslo/config/cfg.py:2040
2014-10-20 14:29:17.697 15050 DEBUG heat-api-cfn [-] policy_file                    = policy.json log_opt_values /usr/local/lib/python2.7/dist-packages/oslo/config/cfg.py:2040
2014-10-20 14:29:17.697 15050 DEBUG heat-api-cfn [-] publish_errors                 = False log_opt_values /usr/local/lib/python2.7/dist-packages/oslo/config/cfg.py:2040
2014-10-20 14:29:17.698 15050 DEBUG heat-api-cfn [-] region_name_for_services       = None log_opt_values /usr/local/lib/python2.7/dist-packages/oslo/config/cfg.py:2040
2014-10-20 14:29:17.698 15050 DEBUG heat-api-cfn [-] rpc_backend                    = heat.openstack.common.rpc.impl_kombu log_opt_values /usr/local/lib/python2.7/dist-packages/oslo/config/cfg.py:2040
2014-10-20 14:29:17.698 15050 DEBUG heat-api-cfn [-] rpc_cast_timeout               = 30 log_opt_values /usr/local/lib/python2.7/dist-packages/oslo/config/cfg.py:2040
2014-10-20 14:29:17.698 15050 DEBUG heat-api-cfn [-] rpc_conn_pool_size             = 30 log_opt_values /usr/local/lib/python2.7/dist-packages/oslo/config/cfg.py:2040
2014-10-20 14:29:17.698 15050 DEBUG heat-api-cfn [-] rpc_response_timeout           = 60 log_opt_values /usr/local/lib/python2.7/dist-packages/oslo/config/cfg.py:2040
2014-10-20 14:29:17.698 15050 DEBUG heat-api-cfn [-] rpc_thread_pool_size           = 64 log_opt_values /usr/local/lib/python2.7/dist-packages/oslo/config/cfg.py:2040
2014-10-20 14:29:17.699 15050 DEBUG heat-api-cfn [-] sqlite_db                      = heat.sqlite log_opt_values /usr/local/lib/python2.7/dist-packages/oslo/config/cfg.py:2040
2014-10-20 14:29:17.699 15050 DEBUG heat-api-cfn [-] sqlite_synchronous             = True log_opt_values /usr/local/lib/python2.7/dist-packages/oslo/config/cfg.py:2040
2014-10-20 14:29:17.699 15050 DEBUG heat-api-cfn [-] stack_action_timeout           = 3600 log_opt_values /usr/local/lib/python2.7/dist-packages/oslo/config/cfg.py:2040
2014-10-20 14:29:17.699 15050 DEBUG heat-api-cfn [-] stack_domain_admin             = heat_domain_admin log_opt_values /usr/local/lib/python2.7/dist-packages/oslo/config/cfg.py:2040
2014-10-20 14:29:17.699 15050 DEBUG heat-api-cfn [-] stack_domain_admin_password    = devstack log_opt_values /usr/local/lib/python2.7/dist-packages/oslo/config/cfg.py:2040
2014-10-20 14:29:17.699 15050 DEBUG heat-api-cfn [-] stack_user_domain              = 0852822bbae241468575e930cdc259f7 log_opt_values /usr/local/lib/python2.7/dist-packages/oslo/config/cfg.py:2040
2014-10-20 14:29:17.700 15050 DEBUG heat-api-cfn [-] syslog_log_facility            = LOG_USER log_opt_values /usr/local/lib/python2.7/dist-packages/oslo/config/cfg.py:2040
2014-10-20 14:29:17.700 15050 DEBUG heat-api-cfn [-] trusts_delegated_roles         = ['heat_stack_owner'] log_opt_values /usr/local/lib/python2.7/dist-packages/oslo/config/cfg.py:2040
2014-10-20 14:29:17.700 15050 DEBUG heat-api-cfn [-] use_stderr                     = True log_opt_values /usr/local/lib/python2.7/dist-packages/oslo/config/cfg.py:2040
2014-10-20 14:29:17.700 15050 DEBUG heat-api-cfn [-] use_syslog                     = False log_opt_values /usr/local/lib/python2.7/dist-packages/oslo/config/cfg.py:2040
2014-10-20 14:29:17.700 15050 DEBUG heat-api-cfn [-] verbose                        = False log_opt_values /usr/local/lib/python2.7/dist-packages/oslo/config/cfg.py:2040
2014-10-20 14:29:17.700 15050 DEBUG heat-api-cfn [-] clients_swift.ca_file          = None log_opt_values /usr/local/lib/python2.7/dist-packages/oslo/config/cfg.py:2048
2014-10-20 14:29:17.701 15050 DEBUG heat-api-cfn [-] clients_swift.cert_file        = None log_opt_values /usr/local/lib/python2.7/dist-packages/oslo/config/cfg.py:2048
2014-10-20 14:29:17.701 15050 DEBUG heat-api-cfn [-] clients_swift.endpoint_type    = publicURL log_opt_values /usr/local/lib/python2.7/dist-packages/oslo/config/cfg.py:2048
2014-10-20 14:29:17.701 15050 DEBUG heat-api-cfn [-] clients_swift.insecure         = False log_opt_values /usr/local/lib/python2.7/dist-packages/oslo/config/cfg.py:2048
2014-10-20 14:29:17.701 15050 DEBUG heat-api-cfn [-] clients_swift.key_file         = None log_opt_values /usr/local/lib/python2.7/dist-packages/oslo/config/cfg.py:2048
2014-10-20 14:29:17.701 15050 DEBUG heat-api-cfn [-] clients_neutron.ca_file        = None log_opt_values /usr/local/lib/python2.7/dist-packages/oslo/config/cfg.py:2048
2014-10-20 14:29:17.701 15050 DEBUG heat-api-cfn [-] clients_neutron.cert_file      = None log_opt_values /usr/local/lib/python2.7/dist-packages/oslo/config/cfg.py:2048
2014-10-20 14:29:17.702 15050 DEBUG heat-api-cfn [-] clients_neutron.endpoint_type  = publicURL log_opt_values /usr/local/lib/python2.7/dist-packages/oslo/config/cfg.py:2048
2014-10-20 14:29:17.702 15050 DEBUG heat-api-cfn [-] clients_neutron.insecure       = False log_opt_values /usr/local/lib/python2.7/dist-packages/oslo/config/cfg.py:2048
2014-10-20 14:29:17.703 15050 DEBUG heat-api-cfn [-] clients_neutron.key_file       = None log_opt_values /usr/local/lib/python2.7/dist-packages/oslo/config/cfg.py:2048
2014-10-20 14:29:17.704 15050 DEBUG heat-api-cfn [-] database.backend               = sqlalchemy log_opt_values /usr/local/lib/python2.7/dist-packages/oslo/config/cfg.py:2048
2014-10-20 14:29:17.704 15050 DEBUG heat-api-cfn [-] database.connection            = **** log_opt_values /usr/local/lib/python2.7/dist-packages/oslo/config/cfg.py:2048
2014-10-20 14:29:17.704 15050 DEBUG heat-api-cfn [-] database.connection_debug      = 0 log_opt_values /usr/local/lib/python2.7/dist-packages/oslo/config/cfg.py:2048
2014-10-20 14:29:17.704 15050 DEBUG heat-api-cfn [-] database.connection_trace      = False log_opt_values /usr/local/lib/python2.7/dist-packages/oslo/config/cfg.py:2048
2014-10-20 14:29:17.704 15050 DEBUG heat-api-cfn [-] database.idle_timeout          = 3600 log_opt_values /usr/local/lib/python2.7/dist-packages/oslo/config/cfg.py:2048
2014-10-20 14:29:17.705 15050 DEBUG heat-api-cfn [-] database.max_overflow          = None log_opt_values /usr/local/lib/python2.7/dist-packages/oslo/config/cfg.py:2048
2014-10-20 14:29:17.705 15050 DEBUG heat-api-cfn [-] database.max_pool_size         = None log_opt_values /usr/local/lib/python2.7/dist-packages/oslo/config/cfg.py:2048
2014-10-20 14:29:17.705 15050 DEBUG heat-api-cfn [-] database.max_retries           = 10 log_opt_values /usr/local/lib/python2.7/dist-packages/oslo/config/cfg.py:2048
2014-10-20 14:29:17.705 15050 DEBUG heat-api-cfn [-] database.min_pool_size         = 1 log_opt_values /usr/local/lib/python2.7/dist-packages/oslo/config/cfg.py:2048
2014-10-20 14:29:17.705 15050 DEBUG heat-api-cfn [-] database.pool_timeout          = None log_opt_values /usr/local/lib/python2.7/dist-packages/oslo/config/cfg.py:2048
2014-10-20 14:29:17.705 15050 DEBUG heat-api-cfn [-] database.retry_interval        = 10 log_opt_values /usr/local/lib/python2.7/dist-packages/oslo/config/cfg.py:2048
2014-10-20 14:29:17.706 15050 DEBUG heat-api-cfn [-] database.slave_connection      = **** log_opt_values /usr/local/lib/python2.7/dist-packages/oslo/config/cfg.py:2048
2014-10-20 14:29:17.706 15050 DEBUG heat-api-cfn [-] paste_deploy.api_paste_config  = api-paste.ini log_opt_values /usr/local/lib/python2.7/dist-packages/oslo/config/cfg.py:2048
2014-10-20 14:29:17.706 15050 DEBUG heat-api-cfn [-] paste_deploy.flavor            = None log_opt_values /usr/local/lib/python2.7/dist-packages/oslo/config/cfg.py:2048
2014-10-20 14:29:17.706 15050 DEBUG heat-api-cfn [-] clients_cinder.ca_file         = None log_opt_values /usr/local/lib/python2.7/dist-packages/oslo/config/cfg.py:2048
2014-10-20 14:29:17.706 15050 DEBUG heat-api-cfn [-] clients_cinder.cert_file       = None log_opt_values /usr/local/lib/python2.7/dist-packages/oslo/config/cfg.py:2048
2014-10-20 14:29:17.706 15050 DEBUG heat-api-cfn [-] clients_cinder.endpoint_type   = publicURL log_opt_values /usr/local/lib/python2.7/dist-packages/oslo/config/cfg.py:2048
2014-10-20 14:29:17.707 15050 DEBUG heat-api-cfn [-] clients_cinder.insecure        = False log_opt_values /usr/local/lib/python2.7/dist-packages/oslo/config/cfg.py:2048
2014-10-20 14:29:17.707 15050 DEBUG heat-api-cfn [-] clients_cinder.key_file        = None log_opt_values /usr/local/lib/python2.7/dist-packages/oslo/config/cfg.py:2048
2014-10-20 14:29:17.707 15050 DEBUG heat-api-cfn [-] clients.ca_file                = None log_opt_values /usr/local/lib/python2.7/dist-packages/oslo/config/cfg.py:2048
2014-10-20 14:29:17.707 15050 DEBUG heat-api-cfn [-] clients.cert_file              = None log_opt_values /usr/local/lib/python2.7/dist-packages/oslo/config/cfg.py:2048
2014-10-20 14:29:17.707 15050 DEBUG heat-api-cfn [-] clients.endpoint_type          = publicURL log_opt_values /usr/local/lib/python2.7/dist-packages/oslo/config/cfg.py:2048
2014-10-20 14:29:17.708 15050 DEBUG heat-api-cfn [-] clients.insecure               = False log_opt_values /usr/local/lib/python2.7/dist-packages/oslo/config/cfg.py:2048
2014-10-20 14:29:17.708 15050 DEBUG heat-api-cfn [-] clients.key_file               = None log_opt_values /usr/local/lib/python2.7/dist-packages/oslo/config/cfg.py:2048
2014-10-20 14:29:17.708 15050 DEBUG heat-api-cfn [-] clients_nova.ca_file           = None log_opt_values /usr/local/lib/python2.7/dist-packages/oslo/config/cfg.py:2048
2014-10-20 14:29:17.708 15050 DEBUG heat-api-cfn [-] clients_nova.cert_file         = None log_opt_values /usr/local/lib/python2.7/dist-packages/oslo/config/cfg.py:2048
2014-10-20 14:29:17.708 15050 DEBUG heat-api-cfn [-] clients_nova.endpoint_type     = publicURL log_opt_values /usr/local/lib/python2.7/dist-packages/oslo/config/cfg.py:2048
2014-10-20 14:29:17.708 15050 DEBUG heat-api-cfn [-] clients_nova.insecure          = False log_opt_values /usr/local/lib/python2.7/dist-packages/oslo/config/cfg.py:2048
2014-10-20 14:29:17.709 15050 DEBUG heat-api-cfn [-] clients_nova.key_file          = None log_opt_values /usr/local/lib/python2.7/dist-packages/oslo/config/cfg.py:2048
2014-10-20 14:29:17.709 15050 DEBUG heat-api-cfn [-] clients_ceilometer.ca_file     = None log_opt_values /usr/local/lib/python2.7/dist-packages/oslo/config/cfg.py:2048
2014-10-20 14:29:17.709 15050 DEBUG heat-api-cfn [-] clients_ceilometer.cert_file   = None log_opt_values /usr/local/lib/python2.7/dist-packages/oslo/config/cfg.py:2048
2014-10-20 14:29:17.709 15050 DEBUG heat-api-cfn [-] clients_ceilometer.endpoint_type = publicURL log_opt_values /usr/local/lib/python2.7/dist-packages/oslo/config/cfg.py:2048
2014-10-20 14:29:17.709 15050 DEBUG heat-api-cfn [-] clients_ceilometer.insecure    = False log_opt_values /usr/local/lib/python2.7/dist-packages/oslo/config/cfg.py:2048
2014-10-20 14:29:17.709 15050 DEBUG heat-api-cfn [-] clients_ceilometer.key_file    = None log_opt_values /usr/local/lib/python2.7/dist-packages/oslo/config/cfg.py:2048
2014-10-20 14:29:17.709 15050 DEBUG heat-api-cfn [-] clients_trove.ca_file          = None log_opt_values /usr/local/lib/python2.7/dist-packages/oslo/config/cfg.py:2048
2014-10-20 14:29:17.710 15050 DEBUG heat-api-cfn [-] clients_trove.cert_file        = None log_opt_values /usr/local/lib/python2.7/dist-packages/oslo/config/cfg.py:2048
2014-10-20 14:29:17.710 15050 DEBUG heat-api-cfn [-] clients_trove.endpoint_type    = publicURL log_opt_values /usr/local/lib/python2.7/dist-packages/oslo/config/cfg.py:2048
2014-10-20 14:29:17.710 15050 DEBUG heat-api-cfn [-] clients_trove.insecure         = False log_opt_values /usr/local/lib/python2.7/dist-packages/oslo/config/cfg.py:2048
2014-10-20 14:29:17.710 15050 DEBUG heat-api-cfn [-] clients_trove.key_file         = None log_opt_values /usr/local/lib/python2.7/dist-packages/oslo/config/cfg.py:2048
2014-10-20 14:29:17.710 15050 DEBUG heat-api-cfn [-] ec2authtoken.allowed_auth_uris = [] log_opt_values /usr/local/lib/python2.7/dist-packages/oslo/config/cfg.py:2048
2014-10-20 14:29:17.711 15050 DEBUG heat-api-cfn [-] ec2authtoken.auth_uri          = http://10.0.2.32:5000/v2.0 log_opt_values /usr/local/lib/python2.7/dist-packages/oslo/config/cfg.py:2048
2014-10-20 14:29:17.711 15050 DEBUG heat-api-cfn [-] ec2authtoken.multi_cloud       = False log_opt_values /usr/local/lib/python2.7/dist-packages/oslo/config/cfg.py:2048
2014-10-20 14:29:17.711 15050 DEBUG heat-api-cfn [-] clients_heat.ca_file           = None log_opt_values /usr/local/lib/python2.7/dist-packages/oslo/config/cfg.py:2048
2014-10-20 14:29:17.711 15050 DEBUG heat-api-cfn [-] clients_heat.cert_file         = None log_opt_values /usr/local/lib/python2.7/dist-packages/oslo/config/cfg.py:2048
2014-10-20 14:29:17.711 15050 DEBUG heat-api-cfn [-] clients_heat.endpoint_type     = publicURL log_opt_values /usr/local/lib/python2.7/dist-packages/oslo/config/cfg.py:2048
2014-10-20 14:29:17.711 15050 DEBUG heat-api-cfn [-] clients_heat.insecure          = False log_opt_values /usr/local/lib/python2.7/dist-packages/oslo/config/cfg.py:2048
2014-10-20 14:29:17.712 15050 DEBUG heat-api-cfn [-] clients_heat.key_file          = None log_opt_values /usr/local/lib/python2.7/dist-packages/oslo/config/cfg.py:2048
2014-10-20 14:29:17.712 15050 DEBUG heat-api-cfn [-] clients_heat.url               = None log_opt_values /usr/local/lib/python2.7/dist-packages/oslo/config/cfg.py:2048
2014-10-20 14:29:17.712 15050 DEBUG heat-api-cfn [-] heat_api_cloudwatch.backlog    = 4096 log_opt_values /usr/local/lib/python2.7/dist-packages/oslo/config/cfg.py:2048
2014-10-20 14:29:17.712 15050 DEBUG heat-api-cfn [-] heat_api_cloudwatch.bind_host  = 0.0.0.0 log_opt_values /usr/local/lib/python2.7/dist-packages/oslo/config/cfg.py:2048
2014-10-20 14:29:17.712 15050 DEBUG heat-api-cfn [-] heat_api_cloudwatch.bind_port  = 8003 log_opt_values /usr/local/lib/python2.7/dist-packages/oslo/config/cfg.py:2048
2014-10-20 14:29:17.713 15050 DEBUG heat-api-cfn [-] heat_api_cloudwatch.cert_file  = None log_opt_values /usr/local/lib/python2.7/dist-packages/oslo/config/cfg.py:2048
2014-10-20 14:29:17.713 15050 DEBUG heat-api-cfn [-] heat_api_cloudwatch.key_file   = None log_opt_values /usr/local/lib/python2.7/dist-packages/oslo/config/cfg.py:2048
2014-10-20 14:29:17.713 15050 DEBUG heat-api-cfn [-] heat_api_cloudwatch.max_header_line = 16384 log_opt_values /usr/local/lib/python2.7/dist-packages/oslo/config/cfg.py:2048
2014-10-20 14:29:17.713 15050 DEBUG heat-api-cfn [-] heat_api_cloudwatch.workers    = 0 log_opt_values /usr/local/lib/python2.7/dist-packages/oslo/config/cfg.py:2048
2014-10-20 14:29:17.713 15050 DEBUG heat-api-cfn [-] heat_api.backlog               = 4096 log_opt_values /usr/local/lib/python2.7/dist-packages/oslo/config/cfg.py:2048
2014-10-20 14:29:17.713 15050 DEBUG heat-api-cfn [-] heat_api.bind_host             = 0.0.0.0 log_opt_values /usr/local/lib/python2.7/dist-packages/oslo/config/cfg.py:2048
2014-10-20 14:29:17.714 15050 DEBUG heat-api-cfn [-] heat_api.bind_port             = 8004 log_opt_values /usr/local/lib/python2.7/dist-packages/oslo/config/cfg.py:2048
2014-10-20 14:29:17.714 15050 DEBUG heat-api-cfn [-] heat_api.cert_file             = None log_opt_values /usr/local/lib/python2.7/dist-packages/oslo/config/cfg.py:2048
2014-10-20 14:29:17.714 15050 DEBUG heat-api-cfn [-] heat_api.key_file              = None log_opt_values /usr/local/lib/python2.7/dist-packages/oslo/config/cfg.py:2048
2014-10-20 14:29:17.714 15050 DEBUG heat-api-cfn [-] heat_api.max_header_line       = 16384 log_opt_values /usr/local/lib/python2.7/dist-packages/oslo/config/cfg.py:2048
2014-10-20 14:29:17.715 15050 DEBUG heat-api-cfn [-] heat_api.workers               = 0 log_opt_values /usr/local/lib/python2.7/dist-packages/oslo/config/cfg.py:2048
2014-10-20 14:29:17.715 15050 DEBUG heat-api-cfn [-] heat_api_cfn.backlog           = 4096 log_opt_values /usr/local/lib/python2.7/dist-packages/oslo/config/cfg.py:2048
2014-10-20 14:29:17.715 15050 DEBUG heat-api-cfn [-] heat_api_cfn.bind_host         = 0.0.0.0 log_opt_values /usr/local/lib/python2.7/dist-packages/oslo/config/cfg.py:2048
2014-10-20 14:29:17.715 15050 DEBUG heat-api-cfn [-] heat_api_cfn.bind_port         = 8000 log_opt_values /usr/local/lib/python2.7/dist-packages/oslo/config/cfg.py:2048
2014-10-20 14:29:17.715 15050 DEBUG heat-api-cfn [-] heat_api_cfn.cert_file         = None log_opt_values /usr/local/lib/python2.7/dist-packages/oslo/config/cfg.py:2048
2014-10-20 14:29:17.715 15050 DEBUG heat-api-cfn [-] heat_api_cfn.key_file          = None log_opt_values /usr/local/lib/python2.7/dist-packages/oslo/config/cfg.py:2048
2014-10-20 14:29:17.716 15050 DEBUG heat-api-cfn [-] heat_api_cfn.max_header_line   = 16384 log_opt_values /usr/local/lib/python2.7/dist-packages/oslo/config/cfg.py:2048
2014-10-20 14:29:17.716 15050 DEBUG heat-api-cfn [-] heat_api_cfn.workers           = 0 log_opt_values /usr/local/lib/python2.7/dist-packages/oslo/config/cfg.py:2048
2014-10-20 14:29:17.716 15050 DEBUG heat-api-cfn [-] keystone_authtoken.admin_password = **** log_opt_values /usr/local/lib/python2.7/dist-packages/oslo/config/cfg.py:2048
2014-10-20 14:29:17.716 15050 DEBUG heat-api-cfn [-] keystone_authtoken.admin_tenant_name = service log_opt_values /usr/local/lib/python2.7/dist-packages/oslo/config/cfg.py:2048
2014-10-20 14:29:17.716 15050 DEBUG heat-api-cfn [-] keystone_authtoken.admin_token = **** log_opt_values /usr/local/lib/python2.7/dist-packages/oslo/config/cfg.py:2048
2014-10-20 14:29:17.717 15050 DEBUG heat-api-cfn [-] keystone_authtoken.admin_user  = heat log_opt_values /usr/local/lib/python2.7/dist-packages/oslo/config/cfg.py:2048
2014-10-20 14:29:17.717 15050 DEBUG heat-api-cfn [-] keystone_authtoken.auth_admin_prefix =  log_opt_values /usr/local/lib/python2.7/dist-packages/oslo/config/cfg.py:2048
2014-10-20 14:29:17.717 15050 DEBUG heat-api-cfn [-] keystone_authtoken.auth_host   = 10.0.2.32 log_opt_values /usr/local/lib/python2.7/dist-packages/oslo/config/cfg.py:2048
2014-10-20 14:29:17.717 15050 DEBUG heat-api-cfn [-] keystone_authtoken.auth_port   = 35357 log_opt_values /usr/local/lib/python2.7/dist-packages/oslo/config/cfg.py:2048
2014-10-20 14:29:17.717 15050 DEBUG heat-api-cfn [-] keystone_authtoken.auth_protocol = http log_opt_values /usr/local/lib/python2.7/dist-packages/oslo/config/cfg.py:2048
2014-10-20 14:29:17.717 15050 DEBUG heat-api-cfn [-] keystone_authtoken.auth_uri    = http://10.0.2.32:5000/v2.0 log_opt_values /usr/local/lib/python2.7/dist-packages/oslo/config/cfg.py:2048
2014-10-20 14:29:17.718 15050 DEBUG heat-api-cfn [-] keystone_authtoken.auth_version = None log_opt_values /usr/local/lib/python2.7/dist-packages/oslo/config/cfg.py:2048
2014-10-20 14:29:17.718 15050 DEBUG heat-api-cfn [-] keystone_authtoken.cache       = None log_opt_values /usr/local/lib/python2.7/dist-packages/oslo/config/cfg.py:2048
2014-10-20 14:29:17.718 15050 DEBUG heat-api-cfn [-] keystone_authtoken.cafile      =  log_opt_values /usr/local/lib/python2.7/dist-packages/oslo/config/cfg.py:2048
2014-10-20 14:29:17.718 15050 DEBUG heat-api-cfn [-] keystone_authtoken.certfile    = None log_opt_values /usr/local/lib/python2.7/dist-packages/oslo/config/cfg.py:2048
2014-10-20 14:29:17.718 15050 DEBUG heat-api-cfn [-] keystone_authtoken.check_revocations_for_cached = False log_opt_values /usr/local/lib/python2.7/dist-packages/oslo/config/cfg.py:2048
2014-10-20 14:29:17.718 15050 DEBUG heat-api-cfn [-] keystone_authtoken.delay_auth_decision = False log_opt_values /usr/local/lib/python2.7/dist-packages/oslo/config/cfg.py:2048
2014-10-20 14:29:17.719 15050 DEBUG heat-api-cfn [-] keystone_authtoken.enforce_token_bind = permissive log_opt_values /usr/local/lib/python2.7/dist-packages/oslo/config/cfg.py:2048
2014-10-20 14:29:17.719 15050 DEBUG heat-api-cfn [-] keystone_authtoken.hash_algorithms = ['md5'] log_opt_values /usr/local/lib/python2.7/dist-packages/oslo/config/cfg.py:2048
2014-10-20 14:29:17.719 15050 DEBUG heat-api-cfn [-] keystone_authtoken.http_connect_timeout = None log_opt_values /usr/local/lib/python2.7/dist-packages/oslo/config/cfg.py:2048
2014-10-20 14:29:17.719 15050 DEBUG heat-api-cfn [-] keystone_authtoken.http_request_max_retries = 3 log_opt_values /usr/local/lib/python2.7/dist-packages/oslo/config/cfg.py:2048
2014-10-20 14:29:17.719 15050 DEBUG heat-api-cfn [-] keystone_authtoken.identity_uri = None log_opt_values /usr/local/lib/python2.7/dist-packages/oslo/config/cfg.py:2048
2014-10-20 14:29:17.719 15050 DEBUG heat-api-cfn [-] keystone_authtoken.include_service_catalog = True log_opt_values /usr/local/lib/python2.7/dist-packages/oslo/config/cfg.py:2048
2014-10-20 14:29:17.719 15050 DEBUG heat-api-cfn [-] keystone_authtoken.insecure    = False log_opt_values /usr/local/lib/python2.7/dist-packages/oslo/config/cfg.py:2048
2014-10-20 14:29:17.719 15050 DEBUG heat-api-cfn [-] keystone_authtoken.keyfile     = None log_opt_values /usr/local/lib/python2.7/dist-packages/oslo/config/cfg.py:2048
2014-10-20 14:29:17.720 15050 DEBUG heat-api-cfn [-] keystone_authtoken.memcache_secret_key = **** log_opt_values /usr/local/lib/python2.7/dist-packages/oslo/config/cfg.py:2048
2014-10-20 14:29:17.720 15050 DEBUG heat-api-cfn [-] keystone_authtoken.memcache_security_strategy = None log_opt_values /usr/local/lib/python2.7/dist-packages/oslo/config/cfg.py:2048
2014-10-20 14:29:17.720 15050 DEBUG heat-api-cfn [-] keystone_authtoken.memcached_servers = None log_opt_values /usr/local/lib/python2.7/dist-packages/oslo/config/cfg.py:2048
2014-10-20 14:29:17.720 15050 DEBUG heat-api-cfn [-] keystone_authtoken.revocation_cache_time = 10 log_opt_values /usr/local/lib/python2.7/dist-packages/oslo/config/cfg.py:2048
2014-10-20 14:29:17.720 15050 DEBUG heat-api-cfn [-] keystone_authtoken.signing_dir = /var/cache/heat log_opt_values /usr/local/lib/python2.7/dist-packages/oslo/config/cfg.py:2048
2014-10-20 14:29:17.720 15050 DEBUG heat-api-cfn [-] keystone_authtoken.token_cache_time = 300 log_opt_values /usr/local/lib/python2.7/dist-packages/oslo/config/cfg.py:2048
2014-10-20 14:29:17.720 15050 DEBUG heat-api-cfn [-] auth_password.allowed_auth_uris = [] log_opt_values /usr/local/lib/python2.7/dist-packages/oslo/config/cfg.py:2048
2014-10-20 14:29:17.720 15050 DEBUG heat-api-cfn [-] auth_password.multi_cloud      = False log_opt_values /usr/local/lib/python2.7/dist-packages/oslo/config/cfg.py:2048
2014-10-20 14:29:17.721 15050 DEBUG heat-api-cfn [-] clients_keystone.ca_file       = None log_opt_values /usr/local/lib/python2.7/dist-packages/oslo/config/cfg.py:2048
2014-10-20 14:29:17.721 15050 DEBUG heat-api-cfn [-] clients_keystone.cert_file     = None log_opt_values /usr/local/lib/python2.7/dist-packages/oslo/config/cfg.py:2048
2014-10-20 14:29:17.721 15050 DEBUG heat-api-cfn [-] clients_keystone.endpoint_type = publicURL log_opt_values /usr/local/lib/python2.7/dist-packages/oslo/config/cfg.py:2048
2014-10-20 14:29:17.721 15050 DEBUG heat-api-cfn [-] clients_keystone.insecure      = False log_opt_values /usr/local/lib/python2.7/dist-packages/oslo/config/cfg.py:2048
2014-10-20 14:29:17.721 15050 DEBUG heat-api-cfn [-] clients_keystone.key_file      = None log_opt_values /usr/local/lib/python2.7/dist-packages/oslo/config/cfg.py:2048
2014-10-20 14:29:17.721 15050 DEBUG heat-api-cfn [-] revision.heat_revision         = unknown log_opt_values /usr/local/lib/python2.7/dist-packages/oslo/config/cfg.py:2048
2014-10-20 14:29:17.721 15050 DEBUG heat-api-cfn [-] ******************************************************************************** log_opt_values /usr/local/lib/python2.7/dist-packages/oslo/config/cfg.py:2050
2014-10-20 14:29:17.722 15050 INFO heat.api.cfn [-] Starting Heat API on 0.0.0.0:8000
/opt/stack/heat/bin/heat-api-cfn --config-file=/etc/heat/heat.conf
root@devstack:~# /opt/stack/heat/bin/heat-api-cfn --config-file=/etc/heat/heat.conf
No handlers could be found for logger "heat.common.config"
2014-10-20 14:34:46.287 2836 DEBUG routes.middleware [-] Initialized with method overriding = True, and path info altering = True __init__ /usr/local/lib/python2.7/dist-packages/routes/middleware.py:41
2014-10-20 14:34:46.324 2836 INFO keystoneclient.middleware.auth_token [-] Starting keystone auth_token middleware
2014-10-20 14:34:46.353 2836 WARNING keystoneclient.middleware.auth_token [-] This middleware module is deprecated as of v0.10.0 in favor of keystonemiddleware.auth_token - please update your WSGI pipeline to reference the new middleware package.
2014-10-20 14:34:46.369 2836 WARNING keystoneclient.middleware.auth_token [-] Configuring admin URI using auth fragments. This is deprecated, use 'identity_uri' instead.
2014-10-20 14:34:46.371 2836 INFO keystoneclient.middleware.auth_token [-] Using /var/cache/heat as cache directory for signing certificate
2014-10-20 14:34:46.372 2836 WARNING keystoneclient.middleware.auth_token [-] signing_dir is not owned by 0
2014-10-20 14:34:46.372 2836 WARNING keystoneclient.middleware.auth_token [-] signing_dir mode is 0755 instead of 0700
2014-10-20 14:34:46.373 2836 DEBUG heat-api-cfn [-] ******************************************************************************** log_opt_values /usr/local/lib/python2.7/dist-packages/oslo/config/cfg.py:2027
2014-10-20 14:34:46.375 2836 DEBUG heat-api-cfn [-] Configuration options gathered from: log_opt_values /usr/local/lib/python2.7/dist-packages/oslo/config/cfg.py:2028
2014-10-20 14:34:46.376 2836 DEBUG heat-api-cfn [-] command line args: ['--config-file=/etc/heat/heat.conf'] log_opt_values /usr/local/lib/python2.7/dist-packages/oslo/config/cfg.py:2029
2014-10-20 14:34:46.381 2836 DEBUG heat-api-cfn [-] config files: ['/etc/heat/heat.conf'] log_opt_values /usr/local/lib/python2.7/dist-packages/oslo/config/cfg.py:2030
2014-10-20 14:34:46.384 2836 DEBUG heat-api-cfn [-] ================================================================================ log_opt_values /usr/local/lib/python2.7/dist-packages/oslo/config/cfg.py:2031
2014-10-20 14:34:46.388 2836 DEBUG heat-api-cfn [-] allowed_rpc_exception_modules  = ['nova.exception', 'cinder.exception', 'exceptions', 'heat.common.exception'] log_opt_values /usr/local/lib/python2.7/dist-packages/oslo/config/cfg.py:2040
2014-10-20 14:34:46.388 2836 DEBUG heat-api-cfn [-] auth_encryption_key            = e78b74cf0540a76e52b34aa8aafb9cb8 log_opt_values /usr/local/lib/python2.7/dist-packages/oslo/config/cfg.py:2040
2014-10-20 14:34:46.388 2836 DEBUG heat-api-cfn [-] config_dir                     = None log_opt_values /usr/local/lib/python2.7/dist-packages/oslo/config/cfg.py:2040
2014-10-20 14:34:46.388 2836 DEBUG heat-api-cfn [-] config_file                    = ['/etc/heat/heat.conf'] log_opt_values /usr/local/lib/python2.7/dist-packages/oslo/config/cfg.py:2040
2014-10-20 14:34:46.393 2836 DEBUG heat-api-cfn [-] control_exchange               = heat log_opt_values /usr/local/lib/python2.7/dist-packages/oslo/config/cfg.py:2040
2014-10-20 14:34:46.393 2836 DEBUG heat-api-cfn [-] db_backend                     = sqlalchemy log_opt_values /usr/local/lib/python2.7/dist-packages/oslo/config/cfg.py:2040
2014-10-20 14:34:46.395 2836 DEBUG heat-api-cfn [-] debug                          = True log_opt_values /usr/local/lib/python2.7/dist-packages/oslo/config/cfg.py:2040
2014-10-20 14:34:46.396 2836 DEBUG heat-api-cfn [-] default_log_levels             = ['amqplib=WARN', 'qpid.messaging=INFO', 'keystone=INFO', 'eventlet.wsgi.server=WARN'] log_opt_values /usr/local/lib/python2.7/dist-packages/oslo/config/cfg.py:2040
2014-10-20 14:34:46.396 2836 DEBUG heat-api-cfn [-] deferred_auth_method           = trusts log_opt_values /usr/local/lib/python2.7/dist-packages/oslo/config/cfg.py:2040
2014-10-20 14:34:46.396 2836 DEBUG heat-api-cfn [-] engine_life_check_timeout      = 2 log_opt_values /usr/local/lib/python2.7/dist-packages/oslo/config/cfg.py:2040
2014-10-20 14:34:46.396 2836 DEBUG heat-api-cfn [-] environment_dir                = /etc/heat/environment.d log_opt_values /usr/local/lib/python2.7/dist-packages/oslo/config/cfg.py:2040
2014-10-20 14:34:46.396 2836 DEBUG heat-api-cfn [-] event_purge_batch_size         = 10 log_opt_values /usr/local/lib/python2.7/dist-packages/oslo/config/cfg.py:2040
2014-10-20 14:34:46.397 2836 DEBUG heat-api-cfn [-] fake_rabbit                    = False log_opt_values /usr/local/lib/python2.7/dist-packages/oslo/config/cfg.py:2040
2014-10-20 14:34:46.409 2836 DEBUG heat-api-cfn [-] fatal_deprecations             = False log_opt_values /usr/local/lib/python2.7/dist-packages/oslo/config/cfg.py:2040
2014-10-20 14:34:46.409 2836 DEBUG heat-api-cfn [-] heat_metadata_server_url       = http://10.0.2.32:8000 log_opt_values /usr/local/lib/python2.7/dist-packages/oslo/config/cfg.py:2040
2014-10-20 14:34:46.409 2836 DEBUG heat-api-cfn [-] heat_stack_user_role           = heat_stack_user log_opt_values /usr/local/lib/python2.7/dist-packages/oslo/config/cfg.py:2040
2014-10-20 14:34:46.419 2836 DEBUG heat-api-cfn [-] heat_waitcondition_server_url  = http://10.0.2.32:8000/v1/waitcondition log_opt_values /usr/local/lib/python2.7/dist-packages/oslo/config/cfg.py:2040
2014-10-20 14:34:46.419 2836 DEBUG heat-api-cfn [-] heat_watch_server_url          = http://10.0.2.32:8003 log_opt_values /usr/local/lib/python2.7/dist-packages/oslo/config/cfg.py:2040
2014-10-20 14:34:46.420 2836 DEBUG heat-api-cfn [-] host                           = devstack log_opt_values /usr/local/lib/python2.7/dist-packages/oslo/config/cfg.py:2040
2014-10-20 14:34:46.421 2836 DEBUG heat-api-cfn [-] instance_connection_https_validate_certificates = 1 log_opt_values /usr/local/lib/python2.7/dist-packages/oslo/config/cfg.py:2040
2014-10-20 14:34:46.424 2836 DEBUG heat-api-cfn [-] instance_connection_is_secure  = 0 log_opt_values /usr/local/lib/python2.7/dist-packages/oslo/config/cfg.py:2040
2014-10-20 14:34:46.425 2836 DEBUG heat-api-cfn [-] instance_driver                = heat.engine.nova log_opt_values /usr/local/lib/python2.7/dist-packages/oslo/config/cfg.py:2040
2014-10-20 14:34:46.425 2836 DEBUG heat-api-cfn [-] instance_format                = [instance: %(uuid)s]  log_opt_values /usr/local/lib/python2.7/dist-packages/oslo/config/cfg.py:2040
2014-10-20 14:34:46.431 2836 DEBUG heat-api-cfn [-] instance_user                  = ec2-user log_opt_values /usr/local/lib/python2.7/dist-packages/oslo/config/cfg.py:2040
2014-10-20 14:34:46.435 2836 DEBUG heat-api-cfn [-] instance_uuid_format           = [instance: %(uuid)s]  log_opt_values /usr/local/lib/python2.7/dist-packages/oslo/config/cfg.py:2040
2014-10-20 14:34:46.435 2836 DEBUG heat-api-cfn [-] log_config_append              = None log_opt_values /usr/local/lib/python2.7/dist-packages/oslo/config/cfg.py:2040
2014-10-20 14:34:46.436 2836 DEBUG heat-api-cfn [-] log_date_format                = %Y-%m-%d %H:%M:%S log_opt_values /usr/local/lib/python2.7/dist-packages/oslo/config/cfg.py:2040
2014-10-20 14:34:46.437 2836 DEBUG heat-api-cfn [-] log_dir                        = None log_opt_values /usr/local/lib/python2.7/dist-packages/oslo/config/cfg.py:2040
2014-10-20 14:34:46.441 2836 DEBUG heat-api-cfn [-] log_file                       = None log_opt_values /usr/local/lib/python2.7/dist-packages/oslo/config/cfg.py:2040
2014-10-20 14:34:46.441 2836 DEBUG heat-api-cfn [-] log_format                     = None log_opt_values /usr/local/lib/python2.7/dist-packages/oslo/config/cfg.py:2040
2014-10-20 14:34:46.448 2836 DEBUG heat-api-cfn [-] logging_context_format_string  = %(asctime)s.%(msecs)03d %(process)d %(levelname)s %(name)s [%(request_id)s %(user_identity)s] %(instance)s%(message)s log_opt_values /usr/local/lib/python2.7/dist-packages/oslo/config/cfg.py:2040
2014-10-20 14:34:46.448 2836 DEBUG heat-api-cfn [-] logging_debug_format_suffix    = %(funcName)s %(pathname)s:%(lineno)d log_opt_values /usr/local/lib/python2.7/dist-packages/oslo/config/cfg.py:2040
2014-10-20 14:34:46.459 2836 DEBUG heat-api-cfn [-] logging_default_format_string  = %(asctime)s.%(msecs)03d %(process)d %(levelname)s %(name)s [-] %(instance)s%(message)s log_opt_values /usr/local/lib/python2.7/dist-packages/oslo/config/cfg.py:2040
2014-10-20 14:34:46.462 2836 DEBUG heat-api-cfn [-] logging_exception_prefix       = %(asctime)s.%(msecs)03d %(process)d TRACE %(name)s %(instance)s log_opt_values /usr/local/lib/python2.7/dist-packages/oslo/config/cfg.py:2040
2014-10-20 14:34:46.472 2836 DEBUG heat-api-cfn [-] max_events_per_stack           = 1000 log_opt_values /usr/local/lib/python2.7/dist-packages/oslo/config/cfg.py:2040
2014-10-20 14:34:46.472 2836 DEBUG heat-api-cfn [-] max_json_body_size             = 1048576 log_opt_values /usr/local/lib/python2.7/dist-packages/oslo/config/cfg.py:2040
2014-10-20 14:34:46.507 2836 DEBUG heat-api-cfn [-] max_nested_stack_depth         = 3 log_opt_values /usr/local/lib/python2.7/dist-packages/oslo/config/cfg.py:2040
2014-10-20 14:34:46.519 2836 DEBUG heat-api-cfn [-] max_resources_per_stack        = 1000 log_opt_values /usr/local/lib/python2.7/dist-packages/oslo/config/cfg.py:2040
2014-10-20 14:34:46.520 2836 DEBUG heat-api-cfn [-] max_stacks_per_tenant          = 100 log_opt_values /usr/local/lib/python2.7/dist-packages/oslo/config/cfg.py:2040
2014-10-20 14:34:46.520 2836 DEBUG heat-api-cfn [-] max_template_size              = 524288 log_opt_values /usr/local/lib/python2.7/dist-packages/oslo/config/cfg.py:2040
2014-10-20 14:34:46.520 2836 DEBUG heat-api-cfn [-] memcached_servers              = None log_opt_values /usr/local/lib/python2.7/dist-packages/oslo/config/cfg.py:2040
2014-10-20 14:34:46.520 2836 DEBUG heat-api-cfn [-] onready                        = None log_opt_values /usr/local/lib/python2.7/dist-packages/oslo/config/cfg.py:2040
2014-10-20 14:34:46.521 2836 DEBUG heat-api-cfn [-] periodic_interval              = 60 log_opt_values /usr/local/lib/python2.7/dist-packages/oslo/config/cfg.py:2040
2014-10-20 14:34:46.521 2836 DEBUG heat-api-cfn [-] plugin_dirs                    = ['/usr/lib64/heat', '/usr/lib/heat'] log_opt_values /usr/local/lib/python2.7/dist-packages/oslo/config/cfg.py:2040
2014-10-20 14:34:46.521 2836 DEBUG heat-api-cfn [-] policy_default_rule            = default log_opt_values /usr/local/lib/python2.7/dist-packages/oslo/config/cfg.py:2040
2014-10-20 14:34:46.521 2836 DEBUG heat-api-cfn [-] policy_file                    = policy.json log_opt_values /usr/local/lib/python2.7/dist-packages/oslo/config/cfg.py:2040
2014-10-20 14:34:46.521 2836 DEBUG heat-api-cfn [-] publish_errors                 = False log_opt_values /usr/local/lib/python2.7/dist-packages/oslo/config/cfg.py:2040
2014-10-20 14:34:46.522 2836 DEBUG heat-api-cfn [-] region_name_for_services       = None log_opt_values /usr/local/lib/python2.7/dist-packages/oslo/config/cfg.py:2040
2014-10-20 14:34:46.535 2836 DEBUG heat-api-cfn [-] rpc_backend                    = heat.openstack.common.rpc.impl_kombu log_opt_values /usr/local/lib/python2.7/dist-packages/oslo/config/cfg.py:2040
2014-10-20 14:34:46.535 2836 DEBUG heat-api-cfn [-] rpc_cast_timeout               = 30 log_opt_values /usr/local/lib/python2.7/dist-packages/oslo/config/cfg.py:2040
2014-10-20 14:34:46.535 2836 DEBUG heat-api-cfn [-] rpc_conn_pool_size             = 30 log_opt_values /usr/local/lib/python2.7/dist-packages/oslo/config/cfg.py:2040
2014-10-20 14:34:46.535 2836 DEBUG heat-api-cfn [-] rpc_response_timeout           = 60 log_opt_values /usr/local/lib/python2.7/dist-packages/oslo/config/cfg.py:2040
2014-10-20 14:34:46.535 2836 DEBUG heat-api-cfn [-] rpc_thread_pool_size           = 64 log_opt_values /usr/local/lib/python2.7/dist-packages/oslo/config/cfg.py:2040
2014-10-20 14:34:46.536 2836 DEBUG heat-api-cfn [-] sqlite_db                      = heat.sqlite log_opt_values /usr/local/lib/python2.7/dist-packages/oslo/config/cfg.py:2040
2014-10-20 14:34:46.536 2836 DEBUG heat-api-cfn [-] sqlite_synchronous             = True log_opt_values /usr/local/lib/python2.7/dist-packages/oslo/config/cfg.py:2040
2014-10-20 14:34:46.536 2836 DEBUG heat-api-cfn [-] stack_action_timeout           = 3600 log_opt_values /usr/local/lib/python2.7/dist-packages/oslo/config/cfg.py:2040
2014-10-20 14:34:46.536 2836 DEBUG heat-api-cfn [-] stack_domain_admin             = heat_domain_admin log_opt_values /usr/local/lib/python2.7/dist-packages/oslo/config/cfg.py:2040
2014-10-20 14:34:46.536 2836 DEBUG heat-api-cfn [-] stack_domain_admin_password    = devstack log_opt_values /usr/local/lib/python2.7/dist-packages/oslo/config/cfg.py:2040
2014-10-20 14:34:46.536 2836 DEBUG heat-api-cfn [-] stack_user_domain              = 0852822bbae241468575e930cdc259f7 log_opt_values /usr/local/lib/python2.7/dist-packages/oslo/config/cfg.py:2040
2014-10-20 14:34:46.537 2836 DEBUG heat-api-cfn [-] syslog_log_facility            = LOG_USER log_opt_values /usr/local/lib/python2.7/dist-packages/oslo/config/cfg.py:2040
2014-10-20 14:34:46.537 2836 DEBUG heat-api-cfn [-] trusts_delegated_roles         = ['heat_stack_owner'] log_opt_values /usr/local/lib/python2.7/dist-packages/oslo/config/cfg.py:2040
2014-10-20 14:34:46.537 2836 DEBUG heat-api-cfn [-] use_stderr                     = True log_opt_values /usr/local/lib/python2.7/dist-packages/oslo/config/cfg.py:2040
2014-10-20 14:34:46.537 2836 DEBUG heat-api-cfn [-] use_syslog                     = False log_opt_values /usr/local/lib/python2.7/dist-packages/oslo/config/cfg.py:2040
2014-10-20 14:34:46.537 2836 DEBUG heat-api-cfn [-] verbose                        = False log_opt_values /usr/local/lib/python2.7/dist-packages/oslo/config/cfg.py:2040
2014-10-20 14:34:46.537 2836 DEBUG heat-api-cfn [-] clients_swift.ca_file          = None log_opt_values /usr/local/lib/python2.7/dist-packages/oslo/config/cfg.py:2048
2014-10-20 14:34:46.537 2836 DEBUG heat-api-cfn [-] clients_swift.cert_file        = None log_opt_values /usr/local/lib/python2.7/dist-packages/oslo/config/cfg.py:2048
2014-10-20 14:34:46.537 2836 DEBUG heat-api-cfn [-] clients_swift.endpoint_type    = publicURL log_opt_values /usr/local/lib/python2.7/dist-packages/oslo/config/cfg.py:2048
2014-10-20 14:34:46.537 2836 DEBUG heat-api-cfn [-] clients_swift.insecure         = False log_opt_values /usr/local/lib/python2.7/dist-packages/oslo/config/cfg.py:2048
2014-10-20 14:34:46.537 2836 DEBUG heat-api-cfn [-] clients_swift.key_file         = None log_opt_values /usr/local/lib/python2.7/dist-packages/oslo/config/cfg.py:2048
2014-10-20 14:34:46.537 2836 DEBUG heat-api-cfn [-] clients_neutron.ca_file        = None log_opt_values /usr/local/lib/python2.7/dist-packages/oslo/config/cfg.py:2048
2014-10-20 14:34:46.538 2836 DEBUG heat-api-cfn [-] clients_neutron.cert_file      = None log_opt_values /usr/local/lib/python2.7/dist-packages/oslo/config/cfg.py:2048
2014-10-20 14:34:46.539 2836 DEBUG heat-api-cfn [-] clients_neutron.endpoint_type  = publicURL log_opt_values /usr/local/lib/python2.7/dist-packages/oslo/config/cfg.py:2048
2014-10-20 14:34:46.539 2836 DEBUG heat-api-cfn [-] clients_neutron.insecure       = False log_opt_values /usr/local/lib/python2.7/dist-packages/oslo/config/cfg.py:2048
2014-10-20 14:34:46.539 2836 DEBUG heat-api-cfn [-] clients_neutron.key_file       = None log_opt_values /usr/local/lib/python2.7/dist-packages/oslo/config/cfg.py:2048
2014-10-20 14:34:46.540 2836 DEBUG heat-api-cfn [-] database.backend               = sqlalchemy log_opt_values /usr/local/lib/python2.7/dist-packages/oslo/config/cfg.py:2048
2014-10-20 14:34:46.540 2836 DEBUG heat-api-cfn [-] database.connection            = **** log_opt_values /usr/local/lib/python2.7/dist-packages/oslo/config/cfg.py:2048
2014-10-20 14:34:46.540 2836 DEBUG heat-api-cfn [-] database.connection_debug      = 0 log_opt_values /usr/local/lib/python2.7/dist-packages/oslo/config/cfg.py:2048
2014-10-20 14:34:46.540 2836 DEBUG heat-api-cfn [-] database.connection_trace      = False log_opt_values /usr/local/lib/python2.7/dist-packages/oslo/config/cfg.py:2048
2014-10-20 14:34:46.540 2836 DEBUG heat-api-cfn [-] database.idle_timeout          = 3600 log_opt_values /usr/local/lib/python2.7/dist-packages/oslo/config/cfg.py:2048
2014-10-20 14:34:46.540 2836 DEBUG heat-api-cfn [-] database.max_overflow          = None log_opt_values /usr/local/lib/python2.7/dist-packages/oslo/config/cfg.py:2048
2014-10-20 14:34:46.540 2836 DEBUG heat-api-cfn [-] database.max_pool_size         = None log_opt_values /usr/local/lib/python2.7/dist-packages/oslo/config/cfg.py:2048
2014-10-20 14:34:46.541 2836 DEBUG heat-api-cfn [-] database.max_retries           = 10 log_opt_values /usr/local/lib/python2.7/dist-packages/oslo/config/cfg.py:2048
2014-10-20 14:34:46.541 2836 DEBUG heat-api-cfn [-] database.min_pool_size         = 1 log_opt_values /usr/local/lib/python2.7/dist-packages/oslo/config/cfg.py:2048
2014-10-20 14:34:46.541 2836 DEBUG heat-api-cfn [-] database.pool_timeout          = None log_opt_values /usr/local/lib/python2.7/dist-packages/oslo/config/cfg.py:2048
2014-10-20 14:34:46.541 2836 DEBUG heat-api-cfn [-] database.retry_interval        = 10 log_opt_values /usr/local/lib/python2.7/dist-packages/oslo/config/cfg.py:2048
2014-10-20 14:34:46.541 2836 DEBUG heat-api-cfn [-] database.slave_connection      = **** log_opt_values /usr/local/lib/python2.7/dist-packages/oslo/config/cfg.py:2048
2014-10-20 14:34:46.541 2836 DEBUG heat-api-cfn [-] paste_deploy.api_paste_config  = api-paste.ini log_opt_values /usr/local/lib/python2.7/dist-packages/oslo/config/cfg.py:2048
2014-10-20 14:34:46.541 2836 DEBUG heat-api-cfn [-] paste_deploy.flavor            = None log_opt_values /usr/local/lib/python2.7/dist-packages/oslo/config/cfg.py:2048
2014-10-20 14:34:46.542 2836 DEBUG heat-api-cfn [-] clients_cinder.ca_file         = None log_opt_values /usr/local/lib/python2.7/dist-packages/oslo/config/cfg.py:2048
2014-10-20 14:34:46.549 2836 DEBUG heat-api-cfn [-] clients_cinder.cert_file       = None log_opt_values /usr/local/lib/python2.7/dist-packages/oslo/config/cfg.py:2048
2014-10-20 14:34:46.551 2836 DEBUG heat-api-cfn [-] clients_cinder.endpoint_type   = publicURL log_opt_values /usr/local/lib/python2.7/dist-packages/oslo/config/cfg.py:2048
2014-10-20 14:34:46.552 2836 DEBUG heat-api-cfn [-] clients_cinder.insecure        = False log_opt_values /usr/local/lib/python2.7/dist-packages/oslo/config/cfg.py:2048
2014-10-20 14:34:46.552 2836 DEBUG heat-api-cfn [-] clients_cinder.key_file        = None log_opt_values /usr/local/lib/python2.7/dist-packages/oslo/config/cfg.py:2048
2014-10-20 14:34:46.552 2836 DEBUG heat-api-cfn [-] clients.ca_file                = None log_opt_values /usr/local/lib/python2.7/dist-packages/oslo/config/cfg.py:2048
2014-10-20 14:34:46.553 2836 DEBUG heat-api-cfn [-] clients.cert_file              = None log_opt_values /usr/local/lib/python2.7/dist-packages/oslo/config/cfg.py:2048
2014-10-20 14:34:46.553 2836 DEBUG heat-api-cfn [-] clients.endpoint_type          = publicURL log_opt_values /usr/local/lib/python2.7/dist-packages/oslo/config/cfg.py:2048
2014-10-20 14:34:46.553 2836 DEBUG heat-api-cfn [-] clients.insecure               = False log_opt_values /usr/local/lib/python2.7/dist-packages/oslo/config/cfg.py:2048
2014-10-20 14:34:46.553 2836 DEBUG heat-api-cfn [-] clients.key_file               = None log_opt_values /usr/local/lib/python2.7/dist-packages/oslo/config/cfg.py:2048
2014-10-20 14:34:46.554 2836 DEBUG heat-api-cfn [-] clients_nova.ca_file           = None log_opt_values /usr/local/lib/python2.7/dist-packages/oslo/config/cfg.py:2048
2014-10-20 14:34:46.555 2836 DEBUG heat-api-cfn [-] clients_nova.cert_file         = None log_opt_values /usr/local/lib/python2.7/dist-packages/oslo/config/cfg.py:2048
2014-10-20 14:34:46.555 2836 DEBUG heat-api-cfn [-] clients_nova.endpoint_type     = publicURL log_opt_values /usr/local/lib/python2.7/dist-packages/oslo/config/cfg.py:2048
2014-10-20 14:34:46.555 2836 DEBUG heat-api-cfn [-] clients_nova.insecure          = False log_opt_values /usr/local/lib/python2.7/dist-packages/oslo/config/cfg.py:2048
2014-10-20 14:34:46.555 2836 DEBUG heat-api-cfn [-] clients_nova.key_file          = None log_opt_values /usr/local/lib/python2.7/dist-packages/oslo/config/cfg.py:2048
2014-10-20 14:34:46.556 2836 DEBUG heat-api-cfn [-] clients_ceilometer.ca_file     = None log_opt_values /usr/local/lib/python2.7/dist-packages/oslo/config/cfg.py:2048
2014-10-20 14:34:46.557 2836 DEBUG heat-api-cfn [-] clients_ceilometer.cert_file   = None log_opt_values /usr/local/lib/python2.7/dist-packages/oslo/config/cfg.py:2048
2014-10-20 14:34:46.559 2836 DEBUG heat-api-cfn [-] clients_ceilometer.endpoint_type = publicURL log_opt_values /usr/local/lib/python2.7/dist-packages/oslo/config/cfg.py:2048
2014-10-20 14:34:46.559 2836 DEBUG heat-api-cfn [-] clients_ceilometer.insecure    = False log_opt_values /usr/local/lib/python2.7/dist-packages/oslo/config/cfg.py:2048
2014-10-20 14:34:46.559 2836 DEBUG heat-api-cfn [-] clients_ceilometer.key_file    = None log_opt_values /usr/local/lib/python2.7/dist-packages/oslo/config/cfg.py:2048
2014-10-20 14:34:46.559 2836 DEBUG heat-api-cfn [-] clients_trove.ca_file          = None log_opt_values /usr/local/lib/python2.7/dist-packages/oslo/config/cfg.py:2048
2014-10-20 14:34:46.560 2836 DEBUG heat-api-cfn [-] clients_trove.cert_file        = None log_opt_values /usr/local/lib/python2.7/dist-packages/oslo/config/cfg.py:2048
2014-10-20 14:34:46.560 2836 DEBUG heat-api-cfn [-] clients_trove.endpoint_type    = publicURL log_opt_values /usr/local/lib/python2.7/dist-packages/oslo/config/cfg.py:2048
2014-10-20 14:34:46.560 2836 DEBUG heat-api-cfn [-] clients_trove.insecure         = False log_opt_values /usr/local/lib/python2.7/dist-packages/oslo/config/cfg.py:2048
2014-10-20 14:34:46.560 2836 DEBUG heat-api-cfn [-] clients_trove.key_file         = None log_opt_values /usr/local/lib/python2.7/dist-packages/oslo/config/cfg.py:2048
2014-10-20 14:34:46.561 2836 DEBUG heat-api-cfn [-] ec2authtoken.allowed_auth_uris = [] log_opt_values /usr/local/lib/python2.7/dist-packages/oslo/config/cfg.py:2048
2014-10-20 14:34:46.561 2836 DEBUG heat-api-cfn [-] ec2authtoken.auth_uri          = http://10.0.2.32:5000/v2.0 log_opt_values /usr/local/lib/python2.7/dist-packages/oslo/config/cfg.py:2048
2014-10-20 14:34:46.561 2836 DEBUG heat-api-cfn [-] ec2authtoken.multi_cloud       = False log_opt_values /usr/local/lib/python2.7/dist-packages/oslo/config/cfg.py:2048
2014-10-20 14:34:46.563 2836 DEBUG heat-api-cfn [-] clients_heat.ca_file           = None log_opt_values /usr/local/lib/python2.7/dist-packages/oslo/config/cfg.py:2048
2014-10-20 14:34:46.563 2836 DEBUG heat-api-cfn [-] clients_heat.cert_file         = None log_opt_values /usr/local/lib/python2.7/dist-packages/oslo/config/cfg.py:2048
2014-10-20 14:34:46.564 2836 DEBUG heat-api-cfn [-] clients_heat.endpoint_type     = publicURL log_opt_values /usr/local/lib/python2.7/dist-packages/oslo/config/cfg.py:2048
2014-10-20 14:34:46.564 2836 DEBUG heat-api-cfn [-] clients_heat.insecure          = False log_opt_values /usr/local/lib/python2.7/dist-packages/oslo/config/cfg.py:2048
2014-10-20 14:34:46.564 2836 DEBUG heat-api-cfn [-] clients_heat.key_file          = None log_opt_values /usr/local/lib/python2.7/dist-packages/oslo/config/cfg.py:2048
2014-10-20 14:34:46.565 2836 DEBUG heat-api-cfn [-] clients_heat.url               = None log_opt_values /usr/local/lib/python2.7/dist-packages/oslo/config/cfg.py:2048
2014-10-20 14:34:46.565 2836 DEBUG heat-api-cfn [-] heat_api_cloudwatch.backlog    = 4096 log_opt_values /usr/local/lib/python2.7/dist-packages/oslo/config/cfg.py:2048
2014-10-20 14:34:46.565 2836 DEBUG heat-api-cfn [-] heat_api_cloudwatch.bind_host  = 0.0.0.0 log_opt_values /usr/local/lib/python2.7/dist-packages/oslo/config/cfg.py:2048
2014-10-20 14:34:46.565 2836 DEBUG heat-api-cfn [-] heat_api_cloudwatch.bind_port  = 8003 log_opt_values /usr/local/lib/python2.7/dist-packages/oslo/config/cfg.py:2048
2014-10-20 14:34:46.566 2836 DEBUG heat-api-cfn [-] heat_api_cloudwatch.cert_file  = None log_opt_values /usr/local/lib/python2.7/dist-packages/oslo/config/cfg.py:2048
2014-10-20 14:34:46.566 2836 DEBUG heat-api-cfn [-] heat_api_cloudwatch.key_file   = None log_opt_values /usr/local/lib/python2.7/dist-packages/oslo/config/cfg.py:2048
2014-10-20 14:34:46.566 2836 DEBUG heat-api-cfn [-] heat_api_cloudwatch.max_header_line = 16384 log_opt_values /usr/local/lib/python2.7/dist-packages/oslo/config/cfg.py:2048
2014-10-20 14:34:46.566 2836 DEBUG heat-api-cfn [-] heat_api_cloudwatch.workers    = 0 log_opt_values /usr/local/lib/python2.7/dist-packages/oslo/config/cfg.py:2048
2014-10-20 14:34:46.566 2836 DEBUG heat-api-cfn [-] heat_api.backlog               = 4096 log_opt_values /usr/local/lib/python2.7/dist-packages/oslo/config/cfg.py:2048
2014-10-20 14:34:46.567 2836 DEBUG heat-api-cfn [-] heat_api.bind_host             = 0.0.0.0 log_opt_values /usr/local/lib/python2.7/dist-packages/oslo/config/cfg.py:2048
2014-10-20 14:34:46.567 2836 DEBUG heat-api-cfn [-] heat_api.bind_port             = 8004 log_opt_values /usr/local/lib/python2.7/dist-packages/oslo/config/cfg.py:2048
2014-10-20 14:34:46.567 2836 DEBUG heat-api-cfn [-] heat_api.cert_file             = None log_opt_values /usr/local/lib/python2.7/dist-packages/oslo/config/cfg.py:2048
2014-10-20 14:34:46.567 2836 DEBUG heat-api-cfn [-] heat_api.key_file              = None log_opt_values /usr/local/lib/python2.7/dist-packages/oslo/config/cfg.py:2048
2014-10-20 14:34:46.568 2836 DEBUG heat-api-cfn [-] heat_api.max_header_line       = 16384 log_opt_values /usr/local/lib/python2.7/dist-packages/oslo/config/cfg.py:2048
2014-10-20 14:34:46.568 2836 DEBUG heat-api-cfn [-] heat_api.workers               = 0 log_opt_values /usr/local/lib/python2.7/dist-packages/oslo/config/cfg.py:2048
2014-10-20 14:34:46.568 2836 DEBUG heat-api-cfn [-] heat_api_cfn.backlog           = 4096 log_opt_values /usr/local/lib/python2.7/dist-packages/oslo/config/cfg.py:2048
2014-10-20 14:34:46.568 2836 DEBUG heat-api-cfn [-] heat_api_cfn.bind_host         = 0.0.0.0 log_opt_values /usr/local/lib/python2.7/dist-packages/oslo/config/cfg.py:2048
2014-10-20 14:34:46.568 2836 DEBUG heat-api-cfn [-] heat_api_cfn.bind_port         = 8000 log_opt_values /usr/local/lib/python2.7/dist-packages/oslo/config/cfg.py:2048
2014-10-20 14:34:46.569 2836 DEBUG heat-api-cfn [-] heat_api_cfn.cert_file         = None log_opt_values /usr/local/lib/python2.7/dist-packages/oslo/config/cfg.py:2048
2014-10-20 14:34:46.569 2836 DEBUG heat-api-cfn [-] heat_api_cfn.key_file          = None log_opt_values /usr/local/lib/python2.7/dist-packages/oslo/config/cfg.py:2048
2014-10-20 14:34:46.569 2836 DEBUG heat-api-cfn [-] heat_api_cfn.max_header_line   = 16384 log_opt_values /usr/local/lib/python2.7/dist-packages/oslo/config/cfg.py:2048
2014-10-20 14:34:46.569 2836 DEBUG heat-api-cfn [-] heat_api_cfn.workers           = 0 log_opt_values /usr/local/lib/python2.7/dist-packages/oslo/config/cfg.py:2048
2014-10-20 14:34:46.571 2836 DEBUG heat-api-cfn [-] keystone_authtoken.admin_password = **** log_opt_values /usr/local/lib/python2.7/dist-packages/oslo/config/cfg.py:2048
2014-10-20 14:34:46.571 2836 DEBUG heat-api-cfn [-] keystone_authtoken.admin_tenant_name = service log_opt_values /usr/local/lib/python2.7/dist-packages/oslo/config/cfg.py:2048
2014-10-20 14:34:46.571 2836 DEBUG heat-api-cfn [-] keystone_authtoken.admin_token = **** log_opt_values /usr/local/lib/python2.7/dist-packages/oslo/config/cfg.py:2048
2014-10-20 14:34:46.571 2836 DEBUG heat-api-cfn [-] keystone_authtoken.admin_user  = heat log_opt_values /usr/local/lib/python2.7/dist-packages/oslo/config/cfg.py:2048
2014-10-20 14:34:46.571 2836 DEBUG heat-api-cfn [-] keystone_authtoken.auth_admin_prefix =  log_opt_values /usr/local/lib/python2.7/dist-packages/oslo/config/cfg.py:2048
2014-10-20 14:34:46.572 2836 DEBUG heat-api-cfn [-] keystone_authtoken.auth_host   = 10.0.2.32 log_opt_values /usr/local/lib/python2.7/dist-packages/oslo/config/cfg.py:2048
2014-10-20 14:34:46.572 2836 DEBUG heat-api-cfn [-] keystone_authtoken.auth_port   = 35357 log_opt_values /usr/local/lib/python2.7/dist-packages/oslo/config/cfg.py:2048
2014-10-20 14:34:46.572 2836 DEBUG heat-api-cfn [-] keystone_authtoken.auth_protocol = http log_opt_values /usr/local/lib/python2.7/dist-packages/oslo/config/cfg.py:2048
2014-10-20 14:34:46.572 2836 DEBUG heat-api-cfn [-] keystone_authtoken.auth_uri    = http://10.0.2.32:5000/v2.0 log_opt_values /usr/local/lib/python2.7/dist-packages/oslo/config/cfg.py:2048
2014-10-20 14:34:46.572 2836 DEBUG heat-api-cfn [-] keystone_authtoken.auth_version = None log_opt_values /usr/local/lib/python2.7/dist-packages/oslo/config/cfg.py:2048
2014-10-20 14:34:46.572 2836 DEBUG heat-api-cfn [-] keystone_authtoken.cache       = None log_opt_values /usr/local/lib/python2.7/dist-packages/oslo/config/cfg.py:2048
2014-10-20 14:34:46.573 2836 DEBUG heat-api-cfn [-] keystone_authtoken.cafile      =  log_opt_values /usr/local/lib/python2.7/dist-packages/oslo/config/cfg.py:2048
2014-10-20 14:34:46.573 2836 DEBUG heat-api-cfn [-] keystone_authtoken.certfile    = None log_opt_values /usr/local/lib/python2.7/dist-packages/oslo/config/cfg.py:2048
2014-10-20 14:34:46.573 2836 DEBUG heat-api-cfn [-] keystone_authtoken.check_revocations_for_cached = False log_opt_values /usr/local/lib/python2.7/dist-packages/oslo/config/cfg.py:2048
2014-10-20 14:34:46.573 2836 DEBUG heat-api-cfn [-] keystone_authtoken.delay_auth_decision = False log_opt_values /usr/local/lib/python2.7/dist-packages/oslo/config/cfg.py:2048
2014-10-20 14:34:46.573 2836 DEBUG heat-api-cfn [-] keystone_authtoken.enforce_token_bind = permissive log_opt_values /usr/local/lib/python2.7/dist-packages/oslo/config/cfg.py:2048
2014-10-20 14:34:46.575 2836 DEBUG heat-api-cfn [-] keystone_authtoken.hash_algorithms = ['md5'] log_opt_values /usr/local/lib/python2.7/dist-packages/oslo/config/cfg.py:2048
2014-10-20 14:34:46.575 2836 DEBUG heat-api-cfn [-] keystone_authtoken.http_connect_timeout = None log_opt_values /usr/local/lib/python2.7/dist-packages/oslo/config/cfg.py:2048
2014-10-20 14:34:46.575 2836 DEBUG heat-api-cfn [-] keystone_authtoken.http_request_max_retries = 3 log_opt_values /usr/local/lib/python2.7/dist-packages/oslo/config/cfg.py:2048
2014-10-20 14:34:46.575 2836 DEBUG heat-api-cfn [-] keystone_authtoken.identity_uri = None log_opt_values /usr/local/lib/python2.7/dist-packages/oslo/config/cfg.py:2048
2014-10-20 14:34:46.576 2836 DEBUG heat-api-cfn [-] keystone_authtoken.include_service_catalog = True log_opt_values /usr/local/lib/python2.7/dist-packages/oslo/config/cfg.py:2048
2014-10-20 14:34:46.576 2836 DEBUG heat-api-cfn [-] keystone_authtoken.insecure    = False log_opt_values /usr/local/lib/python2.7/dist-packages/oslo/config/cfg.py:2048
2014-10-20 14:34:46.576 2836 DEBUG heat-api-cfn [-] keystone_authtoken.keyfile     = None log_opt_values /usr/local/lib/python2.7/dist-packages/oslo/config/cfg.py:2048
2014-10-20 14:34:46.576 2836 DEBUG heat-api-cfn [-] keystone_authtoken.memcache_secret_key = **** log_opt_values /usr/local/lib/python2.7/dist-packages/oslo/config/cfg.py:2048
2014-10-20 14:34:46.577 2836 DEBUG heat-api-cfn [-] keystone_authtoken.memcache_security_strategy = None log_opt_values /usr/local/lib/python2.7/dist-packages/oslo/config/cfg.py:2048
2014-10-20 14:34:46.577 2836 DEBUG heat-api-cfn [-] keystone_authtoken.memcached_servers = None log_opt_values /usr/local/lib/python2.7/dist-packages/oslo/config/cfg.py:2048
2014-10-20 14:34:46.577 2836 DEBUG heat-api-cfn [-] keystone_authtoken.revocation_cache_time = 10 log_opt_values /usr/local/lib/python2.7/dist-packages/oslo/config/cfg.py:2048
2014-10-20 14:34:46.577 2836 DEBUG heat-api-cfn [-] keystone_authtoken.signing_dir = /var/cache/heat log_opt_values /usr/local/lib/python2.7/dist-packages/oslo/config/cfg.py:2048
2014-10-20 14:34:46.578 2836 DEBUG heat-api-cfn [-] keystone_authtoken.token_cache_time = 300 log_opt_values /usr/local/lib/python2.7/dist-packages/oslo/config/cfg.py:2048
2014-10-20 14:34:46.578 2836 DEBUG heat-api-cfn [-] auth_password.allowed_auth_uris = [] log_opt_values /usr/local/lib/python2.7/dist-packages/oslo/config/cfg.py:2048
2014-10-20 14:34:46.578 2836 DEBUG heat-api-cfn [-] auth_password.multi_cloud      = False log_opt_values /usr/local/lib/python2.7/dist-packages/oslo/config/cfg.py:2048
2014-10-20 14:34:46.578 2836 DEBUG heat-api-cfn [-] clients_keystone.ca_file       = None log_opt_values /usr/local/lib/python2.7/dist-packages/oslo/config/cfg.py:2048
2014-10-20 14:34:46.580 2836 DEBUG heat-api-cfn [-] clients_keystone.cert_file     = None log_opt_values /usr/local/lib/python2.7/dist-packages/oslo/config/cfg.py:2048
2014-10-20 14:34:46.580 2836 DEBUG heat-api-cfn [-] clients_keystone.endpoint_type = publicURL log_opt_values /usr/local/lib/python2.7/dist-packages/oslo/config/cfg.py:2048
2014-10-20 14:34:46.580 2836 DEBUG heat-api-cfn [-] clients_keystone.insecure      = False log_opt_values /usr/local/lib/python2.7/dist-packages/oslo/config/cfg.py:2048
2014-10-20 14:34:46.580 2836 DEBUG heat-api-cfn [-] clients_keystone.key_file      = None log_opt_values /usr/local/lib/python2.7/dist-packages/oslo/config/cfg.py:2048
2014-10-20 14:34:46.580 2836 DEBUG heat-api-cfn [-] revision.heat_revision         = unknown log_opt_values /usr/local/lib/python2.7/dist-packages/oslo/config/cfg.py:2048
2014-10-20 14:34:46.581 2836 DEBUG heat-api-cfn [-] ******************************************************************************** log_opt_values /usr/local/lib/python2.7/dist-packages/oslo/config/cfg.py:2050
2014-10-20 14:34:46.581 2836 INFO heat.api.cfn [-] Starting Heat API on 0.0.0.0:8000

Broadcast message from sysop@devstack
	(/dev/pts/28) at 14:50 ...

The system is going down for reboot NOW!
